0.0,2265
0.15,2263
9.58,2262
11.51,2261
16.5,2260
19.96,2259
26.22,2258
43.0,2257
46.81,2256
52.5,2255
52.72,2254
53.52,2253
56.61,2252
60.96,2251
65.5,2250
68.73,2249
69.14,2248
78.3,2247
86.54,2246
88.17,2245
88.83,2244
95.52,2243
101.19,2242
104.99,2241
107.14,2240
108.99,2239
114.56,2238
119.87,2237
137.53,2236
146.84,2235
147.65,2234
157.68,2233
166.37,2232
173.6,2231
180.33,2230
188.05,2229
189.94,2228
199.55,2227
206.21,2226
215.76,2225
231.71,2224
237.37,2223
249.58,2222
267.77,2221
269.16,2220
279.64,2219
280.82,2218
311.18,2217
328.04,2216
413.75,2215
437.25,2214
443.76,2213
520.04,2212
530.51,2211
548.53,2210
