0.0,2265
0.11,2263
6.4,2262
7.99,2261
16.95,2260
25.23,2259
29.99,2258
33.26,2257
38.02,2256
47.54,2255
48.01,2254
51.11,2253
56.22,2252
61.22,2251
63.09,2250
63.6,2249
71.41,2248
78.29,2247
80.13,2246
84.5,2245
85.24,2244
92.38,2243
97.41,2242
100.6,2241
102.71,2240
103.37,2239
106.83,2238
108.51,2237
109.72,2236
110.75,2235
116.23,2234
117.13,2233
130.82,2232
132.44,2231
136.5,2230
139.31,2229
142.47,2228
164.67,2227
185.63,2226
205.87,2225
230.76,2224
239.13,2223
245.84,2222
253.75,2221
253.98,2220
322.36,2219
330.53,2218
355.55,2217
361.92,2216
365.89,2215
404.42,2214
454.07,2213
539.07,2212
551.84,2211
560.22,2210
574.93,2209
578.93,2208
596.9,2207
