0.0,2265
0.07,2263
6.5,2262
13.07,2261
32.91,2260
34.95,2259
36.27,2258
39.25,2257
39.58,2256
39.95,2255
40.34,2254
46.62,2253
46.87,2252
48.34,2251
54.58,2250
62.42,2249
66.51,2248
67.55,2247
71.48,2246
81.42,2245
88.07,2244
92.45,2243
97.91,2242
102.08,2241
103.69,2240
109.81,2239
118.66,2238
122.16,2237
128.98,2236
146.49,2235
151.33,2234
154.28,2233
169.39,2232
173.04,2231
194.55,2230
199.06,2229
209.86,2228
210.0,2227
213.17,2226
221.71,2225
252.17,2224
252.37,2223
286.71,2222
306.24,2221
311.21,2220
316.8,2219
338.49,2218
354.1,2217
372.1,2216
418.11,2215
445.6,2214
494.23,2213
