0.0,2265
0.06,2263
22.52,2262
27.1,2261
27.54,2260
28.38,2259
29.97,2258
32.81,2257
33.23,2256
37.72,2255
38.18,2254
39.42,2253
42.68,2252
42.81,2251
47.76,2250
56.05,2249
59.01,2248
59.31,2247
62.4,2246
62.89,2245
73.34,2244
76.21,2243
95.53,2242
97.1,2241
102.32,2240
109.92,2239
117.12,2238
117.28,2237
117.89,2236
131.73,2235
133.03,2234
152.03,2233
156.58,2232
166.75,2231
170.91,2230
175.63,2229
200.52,2228
206.19,2227
212.59,2226
214.6,2225
227.28,2224
229.89,2223
282.34,2222
300.9,2221
304.34,2220
311.55,2219
315.08,2218
316.74,2217
328.05,2216
344.88,2215
351.35,2214
354.12,2213
360.14,2212
366.42,2211
421.54,2210
489.68,2209
575.43,2208
