0.0,2265
0.08,2263
4.14,2262
17.07,2261
22.89,2260
33.02,2259
33.77,2258
35.13,2257
36.47,2256
43.61,2255
45.0,2254
49.08,2253
50.19,2252
53.35,2251
64.33,2250
65.02,2249
78.51,2248
80.19,2247
83.87,2246
87.22,2245
89.66,2244
106.87,2243
119.81,2242
121.88,2241
122.32,2240
126.84,2239
127.67,2238
130.12,2237
150.88,2236
153.56,2235
156.31,2234
167.01,2233
180.86,2232
191.48,2231
198.32,2230
207.81,2229
209.16,2228
216.95,2227
236.93,2226
249.5,2225
249.57,2224
265.85,2223
279.14,2222
292.76,2221
294.18,2220
345.63,2219
358.3,2218
370.17,2217
387.78,2216
409.4,2215
449.83,2214
510.96,2213
529.55,2212
561.65,2211
