0.0,2265
0.1,2263
14.84,2262
27.82,2261
29.69,2260
33.02,2259
33.58,2258
38.55,2257
43.61,2256
51.52,2255
55.34,2254
55.94,2253
57.36,2252
58.7,2251
60.24,2250
62.63,2249
62.91,2248
70.33,2247
74.34,2246
83.22,2245
86.5,2244
87.39,2243
92.5,2242
94.63,2241
113.25,2240
115.84,2239
127.54,2238
132.2,2237
143.33,2236
151.99,2235
165.1,2234
167.34,2233
181.23,2232
182.18,2231
189.8,2230
190.76,2229
199.85,2228
206.98,2227
209.68,2226
211.43,2225
217.1,2224
232.61,2223
244.26,2222
253.41,2221
278.2,2220
289.14,2219
303.65,2218
452.74,2217
461.98,2216
468.24,2215
511.02,2214
530.89,2213
554.62,2212
594.75,2211
