0.013636112213134766,1
0.015143156051635742,2
0.016489267349243164,3
0.017748355865478516,4
0.019271135330200195,5
0.020513057708740234,6
0.02246236801147461,7
0.02399897575378418,8
0.025652170181274414,9
0.027295351028442383,10
0.029145240783691406,11
0.030724048614501953,12
0.03207230567932129,13
0.03333401679992676,14
0.03475022315979004,15
0.035948991775512695,16
0.03728508949279785,17
0.038967132568359375,18
0.04078102111816406,19
0.04288005828857422,20
0.04451727867126465,21
0.04616904258728027,22
0.0474390983581543,23
0.04887819290161133,24
0.05011105537414551,25
0.051229238510131836,26
0.052564382553100586,27
0.05420422554016113,28
0.055518150329589844,29
0.05692124366760254,30
0.0585939884185791,31
0.060108184814453125,32
0.06206512451171875,33
0.06365418434143066,34
0.06497621536254883,35
0.06609821319580078,36
0.06720995903015137,37
0.06863522529602051,38
0.07013916969299316,39
0.0719442367553711,40
0.07353901863098145,41
0.07474827766418457,42
0.07603716850280762,43
0.07775425910949707,44
0.0793912410736084,45
0.08062911033630371,46
0.08174824714660645,47
0.08308601379394531,48
0.08424901962280273,49
0.08540105819702148,50
0.08713603019714355,51
0.08841419219970703,52
0.08960318565368652,53
0.09125304222106934,54
0.0925130844116211,55
0.09408211708068848,56
0.09531211853027344,57
0.09677410125732422,58
0.0979912281036377,59
0.09936118125915527,60
0.1005859375,61
0.10208511352539062,62
0.1036381721496582,63
0.10499310493469238,64
0.10627913475036621,65
0.10753726959228516,66
0.10917305946350098,67
0.11083531379699707,68
0.11226010322570801,69
0.11355113983154297,70
0.11507415771484375,71
0.11674714088439941,72
0.11867618560791016,73
0.12009525299072266,74
0.12156534194946289,75
0.12289094924926758,76
0.12432622909545898,77
0.12564611434936523,78
0.1275472640991211,79
0.12976622581481934,80
0.13148021697998047,81
0.1330091953277588,82
0.13446712493896484,83
0.1360480785369873,84
0.13721227645874023,85
0.13859128952026367,86
0.13997793197631836,87
0.14131402969360352,88
0.14355921745300293,89
0.14532828330993652,90
0.14677929878234863,91
0.1479511260986328,92
0.14978814125061035,93
0.1510930061340332,94
0.15279936790466309,95
0.15442824363708496,96
0.1560370922088623,97
0.1574420928955078,98
0.15917325019836426,99
0.16077113151550293,100
0.16225314140319824,101
0.16347122192382812,102
0.16460800170898438,103
0.16609525680541992,104
0.16786408424377441,105
0.1697542667388916,106
0.17170214653015137,107
0.17322516441345215,108
0.17471098899841309,109
0.17631220817565918,110
0.17791104316711426,111
0.1792130470275879,112
0.180436372756958,113
0.18169212341308594,114
0.1835923194885254,115
0.1851670742034912,116
0.18661117553710938,117
0.1880481243133545,118
0.18946623802185059,119
0.1910390853881836,120
0.19259309768676758,121
0.19411826133728027,122
0.1954202651977539,123
0.19662714004516602,124
0.19777417182922363,125
0.1994171142578125,126
0.20055413246154785,127
0.20166707038879395,128
0.2030782699584961,129
0.20435094833374023,130
0.20569705963134766,131
0.20718717575073242,132
0.20865201950073242,133
0.21003127098083496,134
0.2113499641418457,135
0.21266722679138184,136
0.21411418914794922,137
0.21526122093200684,138
0.21637296676635742,139
0.2174670696258545,140
0.2189490795135498,141
0.22012805938720703,142
0.22144818305969238,143
0.22302913665771484,144
0.2242891788482666,145
0.22587800025939941,146
0.22713494300842285,147
0.22840595245361328,148
0.22975611686706543,149
0.23088526725769043,150
0.23232221603393555,151
0.23375630378723145,152
0.23492717742919922,153
0.23610520362854004,154
0.2375180721282959,155
0.2388310432434082,156
0.23995709419250488,157
0.24126720428466797,158
0.24269318580627441,159
0.24475693702697754,160
0.2461869716644287,161
0.24734830856323242,162
0.24878311157226562,163
0.2499861717224121,164
0.25128602981567383,165
0.2526111602783203,166
0.2539052963256836,167
0.2554280757904053,168
0.25695013999938965,169
0.25845813751220703,170
0.2602880001068115,171
0.2616109848022461,172
0.26303529739379883,173
0.26432013511657715,174
0.2655012607574463,175
0.2668430805206299,176
0.2680981159210205,177
0.26938414573669434,178
0.270550012588501,179
0.2717151641845703,180
0.2730131149291992,181
0.2741413116455078,182
0.2752413749694824,183
0.27643418312072754,184
0.27756428718566895,185
0.27884912490844727,186
0.2799642086029053,187
0.28107213973999023,188
0.28258419036865234,189
0.283710241317749,190
0.28482818603515625,191
0.2859320640563965,192
0.28705406188964844,193
0.28827428817749023,194
0.2895641326904297,195
0.2907121181488037,196
0.29181909561157227,197
0.2931361198425293,198
0.2942640781402588,199
0.29537200927734375,200
0.296497106552124,201
0.29761505126953125,202
0.2988002300262451,203
0.2999081611633301,204
0.30100512504577637,205
0.30211400985717773,206
0.3032262325286865,207
0.30468130111694336,208
0.30584025382995605,209
0.30695509910583496,210
0.30807924270629883,211
0.30923914909362793,212
0.3103780746459961,213
0.31166625022888184,214
0.31288814544677734,215
0.3140110969543457,216
0.315169095993042,217
0.3163011074066162,218
0.31740903854370117,219
0.3186991214752197,220
0.31987714767456055,221
0.32097315788269043,222
0.3220841884613037,223
0.32322096824645996,224
0.32432007789611816,225
0.32541728019714355,226
0.32657504081726074,227
0.32769107818603516,228
0.3289070129394531,229
0.3300161361694336,230
0.3311500549316406,231
0.33235931396484375,232
0.3334650993347168,233
0.33466005325317383,234
0.3358042240142822,235
0.3370492458343506,236
0.3383641242980957,237
0.3395872116088867,238
0.3406860828399658,239
0.34182119369506836,240
0.3430290222167969,241
0.34436726570129395,242
0.34561729431152344,243
0.346743106842041,244
0.3478841781616211,245
0.34943509101867676,246
0.35084009170532227,247
0.3520541191101074,248
0.35338807106018066,249
0.3545200824737549,250
0.35561609268188477,251
0.3570821285247803,252
0.35831332206726074,253
0.35959720611572266,254
0.36107635498046875,255
0.36240410804748535,256
0.36386609077453613,257
0.365070104598999,258
0.36618709564208984,259
0.3672950267791748,260
0.36868810653686523,261
0.3698842525482178,262
0.3713850975036621,263
0.3727531433105469,264
0.3739650249481201,265
0.3751811981201172,266
0.37632012367248535,267
0.3776850700378418,268
0.37908411026000977,269
0.3802652359008789,270
0.3814730644226074,271
0.38297224044799805,272
0.38417816162109375,273
0.3855140209197998,274
0.38692307472229004,275
0.388214111328125,276
0.38944411277770996,277
0.39066219329833984,278
0.39234113693237305,279
0.39408302307128906,280
0.3952629566192627,281
0.39676427841186523,282
0.3979921340942383,283
0.3993721008300781,284
0.4010050296783447,285
0.4025232791900635,286
0.4037151336669922,287
0.4048492908477783,288
0.40607619285583496,289
0.4072110652923584,290
0.4088001251220703,291
0.4101860523223877,292
0.41133809089660645,293
0.4125969409942627,294
0.4139282703399658,295
0.41509294509887695,296
0.4166572093963623,297
0.41781115531921387,298
0.4192330837249756,299
0.4204683303833008,300
0.42157912254333496,301
0.42286205291748047,302
0.4244532585144043,303
0.4257471561431885,304
0.4274170398712158,305
0.4287562370300293,306
0.4299430847167969,307
0.4310891628265381,308
0.4326813220977783,309
0.433974027633667,310
0.435183048248291,311
0.4363100528717041,312
0.4376082420349121,313
0.4389340877532959,314
0.44032931327819824,315
0.44190311431884766,316
0.44327712059020996,317
0.4447202682495117,318
0.44647908210754395,319
0.44763803482055664,320
0.4491431713104248,321
0.450423002243042,322
0.45164918899536133,323
0.45296716690063477,324
0.45435214042663574,325
0.45547008514404297,326
0.4570581912994385,327
0.45858216285705566,328
0.46006321907043457,329
0.46161317825317383,330
0.4629323482513428,331
0.4640522003173828,332
0.46574831008911133,333
0.4669532775878906,334
0.4681272506713867,335
0.4694540500640869,336
0.47060418128967285,337
0.4717092514038086,338
0.47351908683776855,339
0.47468018531799316,340
0.47591114044189453,341
0.4773139953613281,342
0.4786062240600586,343
0.47977113723754883,344
0.4813990592956543,345
0.4826653003692627,346
0.4841611385345459,347
0.4853670597076416,348
0.4864661693572998,349
0.48758912086486816,350
0.48928403854370117,351
0.4907712936401367,352
0.4922659397125244,353
0.4935111999511719,354
0.49485015869140625,355
0.49607324600219727,356
0.4977762699127197,357
0.49935221672058105,358
0.5005002021789551,359
0.5016381740570068,360
0.5029480457305908,361
0.5042800903320312,362
0.5057132244110107,363
0.5072121620178223,364
0.5088241100311279,365
0.5116891860961914,366
0.5138113498687744,367
0.5152502059936523,368
0.516686201095581,369
0.5181841850280762,370
0.5196731090545654,371
0.5218422412872314,372
0.523428201675415,373
0.5247941017150879,374
0.526132345199585,375
0.5280640125274658,376
0.5298013687133789,377
0.5313270092010498,378
0.5327370166778564,379
0.5340192317962646,380
0.5351881980895996,381
0.5364589691162109,382
0.538114070892334,383
0.5396792888641357,384
0.5412371158599854,385
0.5428972244262695,386
0.5449020862579346,387
0.546729326248169,388
0.5480382442474365,389
0.5494482517242432,390
0.5506291389465332,391
0.5518851280212402,392
0.5532412528991699,393
0.5544419288635254,394
0.5556471347808838,395
0.5570170879364014,396
0.5586421489715576,397
0.5604021549224854,398
0.5617940425872803,399
0.5632011890411377,400
0.5644381046295166,401
0.5658261775970459,402
0.5680181980133057,403
0.5697081089019775,404
0.5712511539459229,405
0.5727641582489014,406
0.5744953155517578,407
0.5756752490997314,408
0.5774803161621094,409
0.5787701606750488,410
0.580186128616333,411
0.5822100639343262,412
0.5835089683532715,413
0.5847651958465576,414
0.5860080718994141,415
0.5871531963348389,416
0.5883371829986572,417
0.5897791385650635,418
0.5910682678222656,419
0.5923671722412109,420
0.5942702293395996,421
0.5954861640930176,422
0.5968701839447021,423
0.5980453491210938,424
0.5992391109466553,425
0.6004452705383301,426
0.6015481948852539,427
0.6027932167053223,428
0.6043591499328613,429
0.605614185333252,430
0.6067662239074707,431
0.607985258102417,432
0.6093852519989014,433
0.6113121509552002,434
0.6135241985321045,435
0.6147251129150391,436
0.6159422397613525,437
0.617138147354126,438
0.6184420585632324,439
0.6197292804718018,440
0.6209862232208252,441
0.6222782135009766,442
0.6238791942596436,443
0.6251382827758789,444
0.6266710758209229,445
0.6279711723327637,446
0.6292831897735596,447
0.6304681301116943,448
0.6316070556640625,449
0.6328561305999756,450
0.6341722011566162,451
0.6352932453155518,452
0.6366322040557861,453
0.6380043029785156,454
0.6393461227416992,455
0.64068603515625,456
0.6423811912536621,457
0.6438000202178955,458
0.64499831199646,459
0.6462142467498779,460
0.6474449634552002,461
0.648963212966919,462
0.6502301692962646,463
0.6513841152191162,464
0.6527140140533447,465
0.6538710594177246,466
0.6550819873809814,467
0.6563572883605957,468
0.6577410697937012,469
0.6591951847076416,470
0.6607131958007812,471
0.6619629859924316,472
0.6633772850036621,473
0.6646771430969238,474
0.6658222675323486,475
0.6670839786529541,476
0.6684091091156006,477
0.6695070266723633,478
0.6709392070770264,479
0.6725592613220215,480
0.6740579605102539,481
0.6760740280151367,482
0.6774721145629883,483
0.6789860725402832,484
0.6801762580871582,485
0.681373119354248,486
0.6826832294464111,487
0.683922290802002,488
0.6851301193237305,489
0.6863412857055664,490
0.6874911785125732,491
0.6887233257293701,492
0.6898260116577148,493
0.6912970542907715,494
0.6927151679992676,495
0.6946182250976562,496
0.6958572864532471,497
0.6972379684448242,498
0.6986610889434814,499
0.6997439861297607,500
0.7008571624755859,501
0.7023360729217529,502
0.7037801742553711,503
0.7050991058349609,504
0.7063851356506348,505
0.7078609466552734,506
0.7097952365875244,507
0.7112832069396973,508
0.7135133743286133,509
0.7147071361541748,510
0.7158970832824707,511
0.7171502113342285,512
0.7183332443237305,513
0.7194480895996094,514
0.7206301689147949,515
0.7217152118682861,516
0.722905158996582,517
0.7244021892547607,518
0.7255861759185791,519
0.7269711494445801,520
0.7283811569213867,521
0.7296402454376221,522
0.7308809757232666,523
0.732234001159668,524
0.7334022521972656,525
0.7345089912414551,526
0.7357461452484131,527
0.7368431091308594,528
0.7379741668701172,529
0.7393641471862793,530
0.7407653331756592,531
0.7419331073760986,532
0.7433719635009766,533
0.7446272373199463,534
0.7457840442657471,535
0.7472000122070312,536
0.7484772205352783,537
0.7495882511138916,538
0.750730037689209,539
0.7517859935760498,540
0.753061056137085,541
0.7543971538543701,542
0.7555751800537109,543
0.756669282913208,544
0.7581360340118408,545
0.7597770690917969,546
0.7613351345062256,547
0.7626962661743164,548
0.7638261318206787,549
0.7650511264801025,550
0.7662231922149658,551
0.7673070430755615,552
0.7685470581054688,553
0.7698631286621094,554
0.7711160182952881,555
0.7724442481994629,556
0.7740390300750732,557
0.7751951217651367,558
0.7766499519348145,559
0.7780232429504395,560
0.7794232368469238,561
0.7808451652526855,562
0.7823989391326904,563
0.784083366394043,564
0.7854161262512207,565
0.7866551876068115,566
0.7879581451416016,567
0.7893161773681641,568
0.7908532619476318,569
0.792320966720581,570
0.793856143951416,571
0.7953662872314453,572
0.7965941429138184,573
0.7977163791656494,574
0.7990632057189941,575
0.8004269599914551,576
0.8015379905700684,577
0.8028721809387207,578
0.8040721416473389,579
0.8051681518554688,580
0.8066802024841309,581
0.8080120086669922,582
0.8094232082366943,583
0.8110499382019043,584
0.812514066696167,585
0.8139183521270752,586
0.8151211738586426,587
0.8162622451782227,588
0.8175551891326904,589
0.8189160823822021,590
0.820087194442749,591
0.8213009834289551,592
0.8227813243865967,593
0.8241162300109863,594
0.8252921104431152,595
0.8265912532806396,596
0.8281021118164062,597
0.8295071125030518,598
0.830718994140625,599
0.8318171501159668,600
0.8333580493927002,601
0.8345060348510742,602
0.8356530666351318,603
0.8370161056518555,604
0.8383872509002686,605
0.8395712375640869,606
0.841069221496582,607
0.8423452377319336,608
0.8438930511474609,609
0.845224142074585,610
0.846426248550415,611
0.847628116607666,612
0.848926305770874,613
0.8501701354980469,614
0.8513422012329102,615
0.8526551723480225,616
0.8538041114807129,617
0.854957103729248,618
0.8562991619110107,619
0.8577060699462891,620
0.8591341972351074,621
0.8607680797576904,622
0.8620271682739258,623
0.8634271621704102,624
0.8645551204681396,625
0.8658742904663086,626
0.867171049118042,627
0.8684301376342773,628
0.8696413040161133,629
0.8709371089935303,630
0.8722281455993652,631
0.8738622665405273,632
0.8750710487365723,633
0.8764691352844238,634
0.8778150081634521,635
0.8790981769561768,636
0.8802680969238281,637
0.8815271854400635,638
0.8828310966491699,639
0.8840670585632324,640
0.8854122161865234,641
0.8865721225738525,642
0.8877401351928711,643
0.8891971111297607,644
0.8904612064361572,645
0.891944169998169,646
0.8935251235961914,647
0.8947010040283203,648
0.8960251808166504,649
0.8972532749176025,650
0.898529052734375,651
0.8998441696166992,652
0.901216983795166,653
0.9024813175201416,654
0.9041593074798584,655
0.9053082466125488,656
0.9066359996795654,657
0.9084672927856445,658
0.909736156463623,659
0.911221981048584,660
0.9125771522521973,661
0.9137930870056152,662
0.9150340557098389,663
0.9167139530181885,664
0.9178521633148193,665
0.9193902015686035,666
0.9205613136291504,667
0.9216680526733398,668
0.9230573177337646,669
0.9248991012573242,670
0.9262120723724365,671
0.9276461601257324,672
0.9288160800933838,673
0.9301550388336182,674
0.931279182434082,675
0.9329071044921875,676
0.934354305267334,677
0.9356060028076172,678
0.9368221759796143,679
0.9380552768707275,680
0.9393191337585449,681
0.9411072731018066,682
0.9428231716156006,683
0.9443299770355225,684
0.9456193447113037,685
0.9470062255859375,686
0.9493203163146973,687
0.9518110752105713,688
0.9539251327514648,689
0.9552371501922607,690
0.9573450088500977,691
0.9587821960449219,692
0.9602880477905273,693
0.9615521430969238,694
0.9631562232971191,695
0.9650790691375732,696
0.9662892818450928,697
0.967461109161377,698
0.9688522815704346,699
0.970130205154419,700
0.9715061187744141,701
0.9734251499176025,702
0.9747512340545654,703
0.9761431217193604,704
0.9776670932769775,705
0.9791610240936279,706
0.980816125869751,707
0.9821381568908691,708
0.983410120010376,709
0.9848141670227051,710
0.9859850406646729,711
0.9872362613677979,712
0.9888391494750977,713
0.9904210567474365,714
0.9918382167816162,715
0.9932081699371338,716
0.9946973323822021,717
0.9959652423858643,718
0.9975171089172363,719
0.9989533424377441,720
1.0001683235168457,721
1.0014960765838623,722
1.002838134765625,723
1.0040321350097656,724
1.0056712627410889,725
1.0068531036376953,726
1.0082871913909912,727
1.0101251602172852,728
1.0114569664001465,729
1.0131561756134033,730
1.0143661499023438,731
1.015526294708252,732
1.016834020614624,733
1.0179851055145264,734
1.0192623138427734,735
1.0207421779632568,736
1.0223591327667236,737
1.0236620903015137,738
1.0251660346984863,739
1.0266642570495605,740
1.0282621383666992,741
1.0300562381744385,742
1.0313982963562012,743
1.032738208770752,744
1.0340452194213867,745
1.035238265991211,746
1.0369391441345215,747
1.0382070541381836,748
1.0396790504455566,749
1.040959119796753,750
1.042403221130371,751
1.04422926902771,752
1.0459771156311035,753
1.0472960472106934,754
1.048614263534546,755
1.0499670505523682,756
1.0511741638183594,757
1.052605152130127,758
1.0546202659606934,759
1.0560181140899658,760
1.0572431087493896,761
1.058985948562622,762
1.0606791973114014,763
1.062864065170288,764
1.0641090869903564,765
1.0653202533721924,766
1.0666041374206543,767
1.0677192211151123,768
1.0695061683654785,769
1.0712790489196777,770
1.0728020668029785,771
1.074315071105957,772
1.0754680633544922,773
1.0772662162780762,774
1.0790352821350098,775
1.0802762508392334,776
1.08144211769104,777
1.0827581882476807,778
1.0839900970458984,779
1.0854451656341553,780
1.0866401195526123,781
1.08784818649292,782
1.089353322982788,783
1.0907771587371826,784
1.0921640396118164,785
1.0940589904785156,786
1.095304250717163,787
1.096473217010498,788
1.0975620746612549,789
1.099053144454956,790
1.1002542972564697,791
1.1018810272216797,792
1.1037681102752686,793
1.1054372787475586,794
1.1069512367248535,795
1.1089000701904297,796
1.1108012199401855,797
1.1120021343231201,798
1.1133003234863281,799
1.114631175994873,800
1.1157422065734863,801
1.1169121265411377,802
1.1184282302856445,803
1.1195859909057617,804
1.1210081577301025,805
1.1224980354309082,806
1.1242802143096924,807
1.1262362003326416,808
1.1279361248016357,809
1.1294372081756592,810
1.1306061744689941,811
1.131965160369873,812
1.1336650848388672,813
1.1349241733551025,814
1.1361641883850098,815
1.1373932361602783,816
1.1385860443115234,817
1.139693021774292,818
1.1413230895996094,819
1.1430001258850098,820
1.144712209701538,821
1.1459052562713623,822
1.1472141742706299,823
1.1486241817474365,824
1.1503441333770752,825
1.1516599655151367,826
1.1529102325439453,827
1.1540930271148682,828
1.1553611755371094,829
1.156487226486206,830
1.1578443050384521,831
1.159407138824463,832
1.160893201828003,833
1.1622121334075928,834
1.1636159420013428,835
1.1648991107940674,836
1.1661150455474854,837
1.167330026626587,838
1.1685941219329834,839
1.1699771881103516,840
1.1711421012878418,841
1.172375202178955,842
1.173922061920166,843
1.1753771305084229,844
1.1770312786102295,845
1.1785011291503906,846
1.1797213554382324,847
1.1810402870178223,848
1.1826722621917725,849
1.1840121746063232,850
1.1854043006896973,851
1.1869311332702637,852
1.1885550022125244,853
1.1903762817382812,854
1.1925160884857178,855
1.1951701641082764,856
1.1971650123596191,857
1.1992461681365967,858
1.2013659477233887,859
1.2033021450042725,860
1.2051231861114502,861
1.2066051959991455,862
1.2086100578308105,863
1.21044921875,864
1.2125701904296875,865
1.2140202522277832,866
1.2156851291656494,867
1.217698097229004,868
1.2191662788391113,869
1.2203261852264404,870
1.2214372158050537,871
1.222776174545288,872
1.2241840362548828,873
1.2255241870880127,874
1.2271852493286133,875
1.2284982204437256,876
1.2298212051391602,877
1.2310080528259277,878
1.232262134552002,879
1.2334342002868652,880
1.2347619533538818,881
1.2359051704406738,882
1.2372021675109863,883
1.23860502243042,884
1.2399811744689941,885
1.241429090499878,886
1.2429113388061523,887
1.244312047958374,888
1.2455720901489258,889
1.2466742992401123,890
1.2477571964263916,891
1.2490003108978271,892
1.250164270401001,893
1.2513141632080078,894
1.2525160312652588,895
1.2537710666656494,896
1.255028247833252,897
1.2563519477844238,898
1.2579481601715088,899
1.2593820095062256,900
1.2609820365905762,901
1.2622740268707275,902
1.2634880542755127,903
1.264707088470459,904
1.2658162117004395,905
1.2669072151184082,906
1.2682433128356934,907
1.2694132328033447,908
1.270564079284668,909
1.2719242572784424,910
1.2732961177825928,911
1.2748301029205322,912
1.2761430740356445,913
1.2775921821594238,914
1.2791070938110352,915
1.2802422046661377,916
1.281426191329956,917
1.282846212387085,918
1.2840771675109863,919
1.285407304763794,920
1.286750316619873,921
1.287851095199585,922
1.2891292572021484,923
1.2904341220855713,924
1.2916312217712402,925
1.2931272983551025,926
1.2946290969848633,927
1.295774221420288,928
1.2969772815704346,929
1.2984790802001953,930
1.2996082305908203,931
1.3007500171661377,932
1.302220106124878,933
1.3036091327667236,934
1.3047962188720703,935
1.3060362339019775,936
1.307422161102295,937
1.3090531826019287,938
1.3105552196502686,939
1.311716079711914,940
1.313094139099121,941
1.3142881393432617,942
1.315392017364502,943
1.3167469501495361,944
1.3179409503936768,945
1.3192310333251953,946
1.3205182552337646,947
1.3216722011566162,948
1.3229341506958008,949
1.3247361183166504,950
1.3260149955749512,951
1.3273839950561523,952
1.3286583423614502,953
1.3299062252044678,954
1.3310461044311523,955
1.3324520587921143,956
1.3335731029510498,957
1.3347172737121582,958
1.335954189300537,959
1.3371052742004395,960
1.3383831977844238,961
1.3397202491760254,962
1.3409671783447266,963
1.3426899909973145,964
1.3447563648223877,965
1.3460910320281982,966
1.3473751544952393,967
1.3486132621765137,968
1.349687099456787,969
1.350823163986206,970
1.35215425491333,971
1.3535122871398926,972
1.3547251224517822,973
1.3559260368347168,974
1.3571162223815918,975
1.3586502075195312,976
1.3600091934204102,977
1.3615460395812988,978
1.3630850315093994,979
1.3643262386322021,980
1.3655040264129639,981
1.3665871620178223,982
1.3676652908325195,983
1.3690211772918701,984
1.37046217918396,985
1.3715851306915283,986
1.3730480670928955,987
1.3743011951446533,988
1.3754942417144775,989
1.37701416015625,990
1.3784723281860352,991
1.3796851634979248,992
1.3808293342590332,993
1.3819692134857178,994
1.3831491470336914,995
1.3842980861663818,996
1.3853912353515625,997
1.386470079421997,998
1.3875482082366943,999
1.3888041973114014,1000
1.3901009559631348,1001
1.3911993503570557,1002
1.3923840522766113,1003
1.3935191631317139,1004
1.3947350978851318,1005
1.3959321975708008,1006
1.3970201015472412,1007
1.398118257522583,1008
1.3994932174682617,1009
1.40077805519104,1010
1.4019410610198975,1011
1.4032142162322998,1012
1.4043502807617188,1013
1.4054481983184814,1014
1.4066691398620605,1015
1.407811164855957,1016
1.409022331237793,1017
1.4101550579071045,1018
1.4117250442504883,1019
1.4130141735076904,1020
1.414581060409546,1021
1.415830135345459,1022
1.4169542789459229,1023
1.418067216873169,1024
1.419267177581787,1025
1.4203581809997559,1026
1.4214401245117188,1027
1.4226741790771484,1028
1.4237592220306396,1029
1.4248461723327637,1030
1.4259283542633057,1031
1.4270122051239014,1032
1.4282350540161133,1033
1.4296109676361084,1034
1.4307081699371338,1035
1.4318201541900635,1036
1.4330339431762695,1037
1.4342691898345947,1038
1.4353721141815186,1039
1.4365932941436768,1040
1.4377450942993164,1041
1.43898606300354,1042
1.4400770664215088,1043
1.4412243366241455,1044
1.44246506690979,1045
1.4437131881713867,1046
1.4449541568756104,1047
1.4461722373962402,1048
1.4472792148590088,1049
1.4486491680145264,1050
1.450059175491333,1051
1.4512152671813965,1052
1.4524061679840088,1053
1.4535040855407715,1054
1.454679012298584,1055
1.4559202194213867,1056
1.457010269165039,1057
1.4580881595611572,1058
1.4598252773284912,1059
1.4611232280731201,1060
1.4624321460723877,1061
1.463571310043335,1062
1.4646801948547363,1063
1.4660279750823975,1064
1.4672822952270508,1065
1.4685029983520508,1066
1.469604253768921,1067
1.4709081649780273,1068
1.4721240997314453,1069
1.473299264907837,1070
1.4745972156524658,1071
1.4757091999053955,1072
1.4770190715789795,1073
1.4783332347869873,1074
1.4794752597808838,1075
1.4805700778961182,1076
1.4820241928100586,1077
1.4831762313842773,1078
1.4842581748962402,1079
1.4854371547698975,1080
1.4866082668304443,1081
1.4879631996154785,1082
1.4892370700836182,1083
1.4904460906982422,1084
1.4915311336517334,1085
1.4929699897766113,1086
1.4942212104797363,1087
1.4953351020812988,1088
1.4966771602630615,1089
1.4978561401367188,1090
1.4991259574890137,1091
1.5005559921264648,1092
1.501737356185913,1093
1.5031311511993408,1094
1.50453519821167,1095
1.505688190460205,1096
1.5067782402038574,1097
1.507863998413086,1098
1.5091760158538818,1099
1.5105290412902832,1100
1.5117931365966797,1101
1.513322114944458,1102
1.514707326889038,1103
1.5159292221069336,1104
1.5171561241149902,1105
1.5183873176574707,1106
1.5196940898895264,1107
1.5208680629730225,1108
1.522062063217163,1109
1.5234019756317139,1110
1.5245471000671387,1111
1.5257201194763184,1112
1.5270261764526367,1113
1.5281929969787598,1114
1.5293350219726562,1115
1.5305571556091309,1116
1.5316481590270996,1117
1.5328612327575684,1118
1.5341901779174805,1119
1.5353081226348877,1120
1.5365362167358398,1121
1.5377020835876465,1122
1.538891077041626,1123
1.5400052070617676,1124
1.5411629676818848,1125
1.5424351692199707,1126
1.543713092803955,1127
1.5449180603027344,1128
1.5461301803588867,1129
1.5472772121429443,1130
1.5485281944274902,1131
1.5498631000518799,1132
1.551025152206421,1133
1.5522561073303223,1134
1.553551197052002,1135
1.55472993850708,1136
1.5558702945709229,1137
1.5571181774139404,1138
1.558408260345459,1139
1.559589147567749,1140
1.5608341693878174,1141
1.5620882511138916,1142
1.5634770393371582,1143
1.5648219585418701,1144
1.5659210681915283,1145
1.5670101642608643,1146
1.5683090686798096,1147
1.569615125656128,1148
1.5709261894226074,1149
1.5723021030426025,1150
1.573432207107544,1151
1.5748050212860107,1152
1.5760471820831299,1153
1.577165126800537,1154
1.5785861015319824,1155
1.5799360275268555,1156
1.5810532569885254,1157
1.5823543071746826,1158
1.583510160446167,1159
1.5849461555480957,1160
1.5861330032348633,1161
1.5874412059783936,1162
1.5886609554290771,1163
1.5897929668426514,1164
1.5911962985992432,1165
1.592456340789795,1166
1.5939702987670898,1167
1.595156192779541,1168
1.5965831279754639,1169
1.5977389812469482,1170
1.5990042686462402,1171
1.6001121997833252,1172
1.6014461517333984,1173
1.6027350425720215,1174
1.603896141052246,1175
1.604985237121582,1176
1.6062562465667725,1177
1.6073760986328125,1178
1.6088371276855469,1179
1.6101329326629639,1180
1.611910104751587,1181
1.6135883331298828,1182
1.6149711608886719,1183
1.616509199142456,1184
1.6177592277526855,1185
1.6189711093902588,1186
1.6201472282409668,1187
1.6214301586151123,1188
1.6226952075958252,1189
1.6239349842071533,1190
1.6250553131103516,1191
1.6261260509490967,1192
1.627500057220459,1193
1.6287343502044678,1194
1.629885196685791,1195
1.6310551166534424,1196
1.632411241531372,1197
1.6335773468017578,1198
1.634964942932129,1199
1.6361331939697266,1200
1.6374530792236328,1201
1.6388921737670898,1202
1.640139102935791,1203
1.6412911415100098,1204
1.6425132751464844,1205
1.6437370777130127,1206
1.6449551582336426,1207
1.6461002826690674,1208
1.6472692489624023,1209
1.6484050750732422,1210
1.6495471000671387,1211
1.6506743431091309,1212
1.6517391204833984,1213
1.6529490947723389,1214
1.6542682647705078,1215
1.6553289890289307,1216
1.6565370559692383,1217
1.658022165298462,1218
1.659264087677002,1219
1.6606781482696533,1220
1.6620380878448486,1221
1.663224220275879,1222
1.6644411087036133,1223
1.6656780242919922,1224
1.6669821739196777,1225
1.668276309967041,1226
1.6697170734405518,1227
1.6710021495819092,1228
1.6723251342773438,1229
1.6736671924591064,1230
1.6747660636901855,1231
1.6759281158447266,1232
1.6773571968078613,1233
1.6785321235656738,1234
1.6796369552612305,1235
1.6807920932769775,1236
1.681908369064331,1237
1.6831762790679932,1238
1.6843950748443604,1239
1.685600996017456,1240
1.6867272853851318,1241
1.6878960132598877,1242
1.689171314239502,1243
1.6905241012573242,1244
1.6920733451843262,1245
1.6932389736175537,1246
1.6946020126342773,1247
1.6958332061767578,1248
1.696913242340088,1249
1.6980469226837158,1250
1.6994743347167969,1251
1.7005860805511475,1252
1.7020022869110107,1253
1.7035250663757324,1254
1.7051739692687988,1255
1.7065742015838623,1256
1.7077412605285645,1257
1.7089860439300537,1258
1.7103242874145508,1259
1.7115082740783691,1260
1.71272611618042,1261
1.7140862941741943,1262
1.7153620719909668,1263
1.7165303230285645,1264
1.7177281379699707,1265
1.7191722393035889,1266
1.7205512523651123,1267
1.722257137298584,1268
1.7234432697296143,1269
1.724595308303833,1270
1.7257542610168457,1271
1.7271249294281006,1272
1.7284960746765137,1273
1.7298340797424316,1274
1.7309560775756836,1275
1.7323601245880127,1276
1.7336061000823975,1277
1.7347021102905273,1278
1.7358131408691406,1279
1.737044334411621,1280
1.7383701801300049,1281
1.7394752502441406,1282
1.740584135055542,1283
1.7416512966156006,1284
1.7433011531829834,1285
1.7446041107177734,1286
1.7458600997924805,1287
1.747016191482544,1288
1.7483971118927002,1289
1.7497200965881348,1290
1.7510251998901367,1291
1.752378225326538,1292
1.7536430358886719,1293
1.7553291320800781,1294
1.756761074066162,1295
1.7579891681671143,1296
1.7596700191497803,1297
1.7610571384429932,1298
1.7623002529144287,1299
1.7635340690612793,1300
1.7646729946136475,1301
1.7658259868621826,1302
1.7671151161193848,1303
1.7683391571044922,1304
1.7694311141967773,1305
1.770916223526001,1306
1.7721741199493408,1307
1.7733831405639648,1308
1.7746150493621826,1309
1.775726079940796,1310
1.7769489288330078,1311
1.7782609462738037,1312
1.7793700695037842,1313
1.7804551124572754,1314
1.78183913230896,1315
1.7832529544830322,1316
1.7843410968780518,1317
1.7855732440948486,1318
1.7867021560668945,1319
1.7877790927886963,1320
1.7891592979431152,1321
1.7904140949249268,1322
1.7916059494018555,1323
1.7931361198425293,1324
1.7943620681762695,1325
1.7954812049865723,1326
1.796727180480957,1327
1.7978260517120361,1328
1.7989981174468994,1329
1.8002071380615234,1330
1.8013241291046143,1331
1.8025941848754883,1332
1.8040270805358887,1333
1.805130958557129,1334
1.806206226348877,1335
1.8073101043701172,1336
1.8085970878601074,1337
1.809692144393921,1338
1.8110709190368652,1339
1.8125340938568115,1340
1.8137080669403076,1341
1.8149371147155762,1342
1.8161091804504395,1343
1.8171961307525635,1344
1.8184692859649658,1345
1.8197062015533447,1346
1.8208420276641846,1347
1.8219749927520752,1348
1.8232262134552002,1349
1.8245539665222168,1350
1.8259201049804688,1351
1.8272240161895752,1352
1.8284461498260498,1353
1.8295631408691406,1354
1.8307671546936035,1355
1.8318703174591064,1356
1.8331971168518066,1357
1.8345263004302979,1358
1.8356153964996338,1359
1.8369693756103516,1360
1.8382272720336914,1361
1.8393919467926025,1362
1.8405230045318604,1363
1.8420259952545166,1364
1.8432960510253906,1365
1.8444740772247314,1366
1.845705270767212,1367
1.846872091293335,1368
1.8479821681976318,1369
1.8493711948394775,1370
1.8505222797393799,1371
1.8517651557922363,1372
1.8530659675598145,1373
1.8542101383209229,1374
1.855288028717041,1375
1.8566551208496094,1376
1.8578181266784668,1377
1.859248161315918,1378
1.860483169555664,1379
1.86173415184021,1380
1.863023042678833,1381
1.8643062114715576,1382
1.86539626121521,1383
1.8664722442626953,1384
1.8675923347473145,1385
1.8689699172973633,1386
1.8700931072235107,1387
1.871286153793335,1388
1.872607946395874,1389
1.8739891052246094,1390
1.875204086303711,1391
1.8763372898101807,1392
1.87770414352417,1393
1.8791663646697998,1394
1.8804092407226562,1395
1.881525993347168,1396
1.8828883171081543,1397
1.8840792179107666,1398
1.8854432106018066,1399
1.8867292404174805,1400
1.8878860473632812,1401
1.8891561031341553,1402
1.890329122543335,1403
1.8920419216156006,1404
1.8935680389404297,1405
1.894822120666504,1406
1.8959832191467285,1407
1.8970580101013184,1408
1.8983571529388428,1409
1.8999910354614258,1410
1.9012072086334229,1411
1.902611255645752,1412
1.904015064239502,1413
1.9051892757415771,1414
1.9063620567321777,1415
1.9075751304626465,1416
1.9088780879974365,1417
1.9101150035858154,1418
1.9115221500396729,1419
1.9128310680389404,1420
1.9139912128448486,1421
1.9152603149414062,1422
1.9165842533111572,1423
1.9177253246307373,1424
1.9189302921295166,1425
1.9201252460479736,1426
1.9213101863861084,1427
1.9225389957427979,1428
1.92399001121521,1429
1.9250941276550293,1430
1.9263570308685303,1431
1.927605152130127,1432
1.9289300441741943,1433
1.9300792217254639,1434
1.9317412376403809,1435
1.933171272277832,1436
1.9343061447143555,1437
1.935549259185791,1438
1.936638355255127,1439
1.9377169609069824,1440
1.939256191253662,1441
1.9407141208648682,1442
1.9419572353363037,1443
1.9433600902557373,1444
1.9446210861206055,1445
1.9460322856903076,1446
1.947763204574585,1447
1.9489951133728027,1448
1.9501852989196777,1449
1.9512660503387451,1450
1.9532160758972168,1451
1.9557101726531982,1452
1.958069086074829,1453
1.9604792594909668,1454
1.9626171588897705,1455
1.9639811515808105,1456
1.965165138244629,1457
1.966318130493164,1458
1.9673912525177002,1459
1.9685571193695068,1460
1.9697070121765137,1461
1.9708809852600098,1462
1.9722139835357666,1463
1.9735469818115234,1464
1.9746952056884766,1465
1.9758450984954834,1466
1.9773120880126953,1467
1.9785802364349365,1468
1.980102300643921,1469
1.9814951419830322,1470
1.982950210571289,1471
1.9843041896820068,1472
1.9854001998901367,1473
1.986471176147461,1474
1.9877760410308838,1475
1.9892489910125732,1476
1.9903771877288818,1477
1.9916882514953613,1478
1.993166208267212,1479
1.994347095489502,1480
1.9958961009979248,1481
1.997056007385254,1482
1.9983882904052734,1483
1.999643087387085,1484
2.0007669925689697,1485
2.001857042312622,1486
2.0032010078430176,1487
2.0047922134399414,1488
2.005995035171509,1489
2.0072882175445557,1490
2.0087060928344727,1491
2.01045823097229,1492
2.0119452476501465,1493
2.0132720470428467,1494
2.014580249786377,1495
2.015714168548584,1496
2.0168020725250244,1497
2.017867088317871,1498
2.019132137298584,1499
2.0210020542144775,1500
2.0226480960845947,1501
2.0238070487976074,1502
2.024994134902954,1503
2.0263631343841553,1504
2.0279202461242676,1505
2.0295443534851074,1506
2.0306711196899414,1507
2.0319180488586426,1508
2.03326416015625,1509
2.034365177154541,1510
2.0356080532073975,1511
2.0371592044830322,1512
2.0383872985839844,1513
2.0395572185516357,1514
2.040735960006714,1515
2.0418431758880615,1516
2.043145179748535,1517
2.04457426071167,1518
2.045720100402832,1519
2.0468573570251465,1520
2.0482192039489746,1521
2.049382209777832,1522
2.050457239151001,1523
2.051758050918579,1524
2.053110122680664,1525
2.05427622795105,1526
2.055408239364624,1527
2.0565502643585205,1528
2.0577571392059326,1529
2.0590829849243164,1530
2.0606393814086914,1531
2.062249183654785,1532
2.063620090484619,1533
2.0649361610412598,1534
2.0661771297454834,1535
2.0675761699676514,1536
2.0693130493164062,1537
2.070573091506958,1538
2.0716781616210938,1539
2.072845220565796,1540
2.0742080211639404,1541
2.0753672122955322,1542
2.0769340991973877,1543
2.0783002376556396,1544
2.0795130729675293,1545
2.080646276473999,1546
2.081853151321411,1547
2.0831141471862793,1548
2.0846052169799805,1549
2.0859739780426025,1550
2.0871243476867676,1551
2.0883703231811523,1552
2.089616060256958,1553
2.0907020568847656,1554
2.091773271560669,1555
2.093428373336792,1556
2.094564199447632,1557
2.095747232437134,1558
2.096973180770874,1559
2.098065137863159,1560
2.0992822647094727,1561
2.100682020187378,1562
2.1019341945648193,1563
2.103398084640503,1564
2.1048240661621094,1565
2.106074094772339,1566
2.107156276702881,1567
2.1085643768310547,1568
2.1101601123809814,1569
2.111586093902588,1570
2.1129913330078125,1571
2.114183187484741,1572
2.1153531074523926,1573
2.116643190383911,1574
2.117983341217041,1575
2.1194863319396973,1576
2.1205990314483643,1577
2.121673345565796,1578
2.123056173324585,1579
2.124291181564331,1580
2.125842332839966,1581
2.1272242069244385,1582
2.128655195236206,1583
2.1297671794891357,1584
2.1309220790863037,1585
2.1320650577545166,1586
2.1337461471557617,1587
2.135136127471924,1588
2.136359214782715,1589
2.1374430656433105,1590
2.1388401985168457,1591
2.139998197555542,1592
2.1416492462158203,1593
2.1429362297058105,1594
2.1442999839782715,1595
2.145522117614746,1596
2.146700143814087,1597
2.1477880477905273,1598
2.1495602130889893,1599
2.150700092315674,1600
2.1518702507019043,1601
2.1532061100006104,1602
2.154466152191162,1603
2.1555521488189697,1604
2.1569571495056152,1605
2.158093214035034,1606
2.159365177154541,1607
2.161022186279297,1608
2.162351131439209,1609
2.1635231971740723,1610
2.1649351119995117,1611
2.166344165802002,1612
2.167539358139038,1613
2.1688060760498047,1614
2.1700751781463623,1615
2.1713972091674805,1616
2.172851324081421,1617
2.1740243434906006,1618
2.1752381324768066,1619
2.176547050476074,1620
2.1776540279388428,1621
2.178913116455078,1622
2.1801059246063232,1623
2.1815531253814697,1624
2.182965040206909,1625
2.1841001510620117,1626
2.18522310256958,1627
2.186366319656372,1628
2.1874732971191406,1629
2.188599109649658,1630
2.1902811527252197,1631
2.1913793087005615,1632
2.1927711963653564,1633
2.1941990852355957,1634
2.1955273151397705,1635
2.196690320968628,1636
2.197981119155884,1637
2.1992082595825195,1638
2.2003021240234375,1639
2.201658248901367,1640
2.2028541564941406,1641
2.2039730548858643,1642
2.2052133083343506,1643
2.2062950134277344,1644
2.2074360847473145,1645
2.208653211593628,1646
2.2100181579589844,1647
2.2111082077026367,1648
2.212383270263672,1649
2.2137300968170166,1650
2.2148232460021973,1651
2.215898275375366,1652
2.2171730995178223,1653
2.2184362411499023,1654
2.219888210296631,1655
2.221130132675171,1656
2.2223610877990723,1657
2.223459005355835,1658
2.2249410152435303,1659
2.2260241508483887,1660
2.2271361351013184,1661
2.228325128555298,1662
2.229541063308716,1663
2.2306292057037354,1664
2.2317113876342773,1665
2.232788324356079,1666
2.233853340148926,1667
2.234921932220459,1668
2.235990047454834,1669
2.2370710372924805,1670
2.2383720874786377,1671
2.239593267440796,1672
2.240687131881714,1673
2.241765260696411,1674
2.2432801723480225,1675
2.2447071075439453,1676
2.246089220046997,1677
2.247462272644043,1678
2.248692274093628,1679
2.249782085418701,1680
2.2509021759033203,1681
2.2522659301757812,1682
2.253659248352051,1683
2.2549102306365967,1684
2.25600528717041,1685
2.2571051120758057,1686
2.2583563327789307,1687
2.259413003921509,1688
2.260617256164551,1689
2.262176036834717,1690
2.2638652324676514,1691
2.2653350830078125,1692
2.2666869163513184,1693
2.2678141593933105,1694
2.2694311141967773,1695
2.270625114440918,1696
2.2717220783233643,1697
2.273074150085449,1698
2.2743353843688965,1699
2.275491237640381,1700
2.276948928833008,1701
2.2784130573272705,1702
2.279632091522217,1703
2.2807910442352295,1704
2.281881093978882,1705
2.283186197280884,1706
2.2845330238342285,1707
2.2859089374542236,1708
2.2871742248535156,1709
2.2885513305664062,1710
2.289666175842285,1711
2.2907960414886475,1712
2.2923381328582764,1713
2.293671131134033,1714
2.294936180114746,1715
2.2961950302124023,1716
2.2974531650543213,1717
2.298692226409912,1718
2.29994797706604,1719
2.301077127456665,1720
2.302286148071289,1721
2.303896188735962,1722
2.305047035217285,1723
2.30646014213562,1724
2.3076910972595215,1725
2.30892014503479,1726
2.310242176055908,1727
2.3115081787109375,1728
2.312753200531006,1729
2.3141770362854004,1730
2.3153252601623535,1731
2.316418170928955,1732
2.3176581859588623,1733
2.3191070556640625,1734
2.320268154144287,1735
2.3216419219970703,1736
2.3228261470794678,1737
2.32391619682312,1738
2.3250222206115723,1739
2.3265442848205566,1740
2.327672004699707,1741
2.329029083251953,1742
2.3304450511932373,1743
2.3316571712493896,1744
2.3329501152038574,1745
2.334304094314575,1746
2.335771083831787,1747
2.3370532989501953,1748
2.3382389545440674,1749
2.3393661975860596,1750
2.3405323028564453,1751
2.3416240215301514,1752
2.343126058578491,1753
2.3445749282836914,1754
2.345780372619629,1755
2.3473641872406006,1756
2.3486850261688232,1757
2.3498411178588867,1758
2.3513951301574707,1759
2.3528130054473877,1760
2.3540751934051514,1761
2.355313301086426,1762
2.3564352989196777,1763
2.357501268386841,1764
2.3589539527893066,1765
2.360304117202759,1766
2.361470937728882,1767
2.3627703189849854,1768
2.3638992309570312,1769
2.3650131225585938,1770
2.3664093017578125,1771
2.367833137512207,1772
2.3690531253814697,1773
2.370427131652832,1774
2.3716652393341064,1775
2.3730931282043457,1776
2.374638080596924,1777
2.375765085220337,1778
2.3771140575408936,1779
2.3783421516418457,1780
2.3795440196990967,1781
2.380667209625244,1782
2.381897211074829,1783
2.383268117904663,1784
2.3843860626220703,1785
2.3857641220092773,1786
2.386930227279663,1787
2.388031005859375,1788
2.3893871307373047,1789
2.3908491134643555,1790
2.3920581340789795,1791
2.393371105194092,1792
2.394487142562866,1793
2.3956050872802734,1794
2.396994113922119,1795
2.398106098175049,1796
2.3998191356658936,1797
2.4010303020477295,1798
2.402517080307007,1799
2.4038772583007812,1800
2.4050521850585938,1801
2.406123161315918,1802
2.4074480533599854,1803
2.4088540077209473,1804
2.4101171493530273,1805
2.4114322662353516,1806
2.4128382205963135,1807
2.4139649868011475,1808
2.4152801036834717,1809
2.416377067565918,1810
2.417443037033081,1811
2.418973207473755,1812
2.420159101486206,1813
2.421247959136963,1814
2.42263126373291,1815
2.424145221710205,1816
2.425676107406616,1817
2.427098274230957,1818
2.428321123123169,1819
2.4294190406799316,1820
2.4307620525360107,1821
2.4320130348205566,1822
2.4332451820373535,1823
2.4345321655273438,1824
2.4356112480163574,1825
2.4367990493774414,1826
2.4378769397735596,1827
2.439354181289673,1828
2.4404783248901367,1829
2.4417762756347656,1830
2.4432811737060547,1831
2.4444751739501953,1832
2.4458391666412354,1833
2.4475061893463135,1834
2.449104070663452,1835
2.4503071308135986,1836
2.451724052429199,1837
2.4536921977996826,1838
2.455397129058838,1839
2.456770181655884,1840
2.457923173904419,1841
2.4592790603637695,1842
2.46052622795105,1843
2.4616501331329346,1844
2.4634339809417725,1845
2.464890241622925,1846
2.4660961627960205,1847
2.4679453372955322,1848
2.469555139541626,1849
2.4708662033081055,1850
2.4726781845092773,1851
2.4737939834594727,1852
2.474882125854492,1853
2.4760570526123047,1854
2.477384328842163,1855
2.478595018386841,1856
2.480093240737915,1857
2.481311321258545,1858
2.4827330112457275,1859
2.483945369720459,1860
2.4850680828094482,1861
2.4862163066864014,1862
2.4875833988189697,1863
2.4887630939483643,1864
2.489851236343384,1865
2.4910199642181396,1866
2.4921491146087646,1867
2.4934041500091553,1868
2.4947309494018555,1869
2.496016263961792,1870
2.497096300125122,1871
2.4983432292938232,1872
2.499458074569702,1873
2.500526189804077,1874
2.5018081665039062,1875
2.503411293029785,1876
2.5046281814575195,1877
2.505803108215332,1878
2.506955146789551,1879
2.5082013607025146,1880
2.5099661350250244,1881
2.511326313018799,1882
2.5129852294921875,1883
2.5141329765319824,1884
2.5153300762176514,1885
2.5166540145874023,1886
2.517778158187866,1887
2.5190742015838623,1888
2.5204720497131348,1889
2.5217390060424805,1890
2.5229649543762207,1891
2.5242841243743896,1892
2.5253710746765137,1893
2.52646803855896,1894
2.5283219814300537,1895
2.5294482707977295,1896
2.530797004699707,1897
2.5327250957489014,1898
2.5339319705963135,1899
2.5351011753082275,1900
2.536661148071289,1901
2.5379581451416016,1902
2.539330005645752,1903
2.540440082550049,1904
2.5415260791778564,1905
2.542833089828491,1906
2.544562339782715,1907
2.5457379817962646,1908
2.547025203704834,1909
2.5482852458953857,1910
2.5495150089263916,1911
2.5506391525268555,1912
2.5519800186157227,1913
2.5531792640686035,1914
2.554596185684204,1915
2.555692195892334,1916
2.5567731857299805,1917
2.557847023010254,1918
2.559171199798584,1919
2.5606462955474854,1920
2.5620431900024414,1921
2.56337833404541,1922
2.564643144607544,1923
2.5657882690429688,1924
2.5669331550598145,1925
2.5682151317596436,1926
2.5698280334472656,1927
2.570972204208374,1928
2.5721871852874756,1929
2.5733680725097656,1930
2.574477195739746,1931
2.575852155685425,1932
2.577287197113037,1933
2.5785069465637207,1934
2.57963228225708,1935
2.580820322036743,1936
2.5819191932678223,1937
2.5832021236419678,1938
2.5851311683654785,1939
2.586726188659668,1940
2.5880849361419678,1941
2.5893590450286865,1942
2.5904760360717773,1943
2.591628074645996,1944
2.5929830074310303,1945
2.594332218170166,1946
2.595574140548706,1947
2.5967459678649902,1948
2.5978281497955322,1949
2.599205255508423,1950
2.6005592346191406,1951
2.6016900539398193,1952
2.603008985519409,1953
2.6041452884674072,1954
2.6052510738372803,1955
2.606580972671509,1956
2.6078929901123047,1957
2.6091372966766357,1958
2.6108763217926025,1959
2.6123011112213135,1960
2.6135029792785645,1961
2.6147220134735107,1962
2.61582612991333,1963
2.617110013961792,1964
2.618434190750122,1965
2.619610071182251,1966
2.620803117752075,1967
2.6223511695861816,1968
2.62404203414917,1969
2.62556529045105,1970
2.6267662048339844,1971
2.628305196762085,1972
2.630378007888794,1973
2.631519317626953,1974
2.632884979248047,1975
2.6342251300811768,1976
2.636043071746826,1977
2.638033151626587,1978
2.6396002769470215,1979
2.6409683227539062,1980
2.6421732902526855,1981
2.6440491676330566,1982
2.6452579498291016,1983
2.6467959880828857,1984
2.6482880115509033,1985
2.649477243423462,1986
2.6507980823516846,1987
2.652125120162964,1988
2.6533329486846924,1989
2.654567241668701,1990
2.65574312210083,1991
2.657189130783081,1992
2.6589701175689697,1993
2.6607131958007812,1994
2.661851167678833,1995
2.6633729934692383,1996
2.664701223373413,1997
2.6659812927246094,1998
2.6672351360321045,1999
2.66849422454834,2000
2.6695921421051025,2001
2.670851230621338,2002
2.672518253326416,2003
2.674389123916626,2004
2.6755292415618896,2005
2.6769752502441406,2006
2.678352117538452,2007
2.6797759532928467,2008
2.681096315383911,2009
2.682497024536133,2010
2.683638095855713,2011
2.6850333213806152,2012
2.686251163482666,2013
2.6873421669006348,2014
2.6887872219085693,2015
2.690216302871704,2016
2.691397190093994,2017
2.6926000118255615,2018
2.6941230297088623,2019
2.6952850818634033,2020
2.6965582370758057,2021
2.697869062423706,2022
2.699287176132202,2023
2.7004892826080322,2024
2.70162034034729,2025
2.703076124191284,2026
2.7046730518341064,2027
2.7058191299438477,2028
2.7068941593170166,2029
2.7080512046813965,2030
2.709193229675293,2031
2.71067214012146,2032
2.7121431827545166,2033
2.7134780883789062,2034
2.714761972427368,2035
2.7159411907196045,2036
2.7170093059539795,2037
2.7180700302124023,2038
2.7193410396575928,2039
2.7204971313476562,2040
2.7220280170440674,2041
2.7233641147613525,2042
2.7244842052459717,2043
2.7256293296813965,2044
2.7271039485931396,2045
2.728523015975952,2046
2.730095148086548,2047
2.731342077255249,2048
2.7327051162719727,2049
2.734236240386963,2050
2.735462188720703,2051
2.7365522384643555,2052
2.7377431392669678,2053
2.7390482425689697,2054
2.74023699760437,2055
2.741694211959839,2056
2.7434229850769043,2057
2.7446701526641846,2058
2.746225118637085,2059
2.7475922107696533,2060
2.7490479946136475,2061
2.750286102294922,2062
2.751361131668091,2063
2.7525651454925537,2064
2.7543160915374756,2065
2.7555291652679443,2066
2.7567663192749023,2067
2.7578492164611816,2068
2.759139060974121,2069
2.760568141937256,2070
2.761916160583496,2071
2.763327121734619,2072
2.7648391723632812,2073
2.7659521102905273,2074
2.7670602798461914,2075
2.7685182094573975,2076
2.7699151039123535,2077
2.7710211277008057,2078
2.7724411487579346,2079
2.7735910415649414,2080
2.774754047393799,2081
2.7759222984313965,2082
2.777398109436035,2083
2.7790820598602295,2084
2.780261278152466,2085
2.7813611030578613,2086
2.7827320098876953,2087
2.783820152282715,2088
2.785344123840332,2089
2.7867860794067383,2090
2.7882442474365234,2091
2.789376974105835,2092
2.790501117706299,2093
2.791593313217163,2094
2.792896032333374,2095
2.794534206390381,2096
2.7957491874694824,2097
2.796833038330078,2098
2.79799222946167,2099
2.7994251251220703,2100
2.8005239963531494,2101
2.802030086517334,2102
2.803208351135254,2103
2.804511308670044,2104
2.8057501316070557,2105
2.806835174560547,2106
2.808140993118286,2107
2.8102200031280518,2108
2.8113691806793213,2109
2.8126962184906006,2110
2.813779354095459,2111
2.8151352405548096,2112
2.8163352012634277,2113
2.8174421787261963,2114
2.8187639713287354,2115
2.820211172103882,2116
2.821516990661621,2117
2.822780132293701,2118
2.823883056640625,2119
2.824982166290283,2120
2.8263370990753174,2121
2.827428102493286,2122
2.8285582065582275,2123
2.8296310901641846,2124
2.8307392597198486,2125
2.8321373462677,2126
2.8332512378692627,2127
2.834313154220581,2128
2.8355090618133545,2129
2.836773157119751,2130
2.8378920555114746,2131
2.839217185974121,2132
2.8402891159057617,2133
2.841383218765259,2134
2.8429181575775146,2135
2.844006299972534,2136
2.8450820446014404,2137
2.8461391925811768,2138
2.84720516204834,2139
2.8483829498291016,2140
2.849968194961548,2141
2.8511033058166504,2142
2.8522632122039795,2143
2.853346109390259,2144
2.854612350463867,2145
2.8556761741638184,2146
2.856732130050659,2147
2.8580002784729004,2148
2.8593921661376953,2149
2.860762119293213,2150
2.8618791103363037,2151
2.8630499839782715,2152
2.8641252517700195,2153
2.8652522563934326,2154
2.8665931224823,2155
2.8677852153778076,2156
2.869338274002075,2157
2.8704922199249268,2158
2.871572256088257,2159
2.8727681636810303,2160
2.8741302490234375,2161
2.875427007675171,2162
2.87686824798584,2163
2.877977132797241,2164
2.8792221546173096,2165
2.8804421424865723,2166
2.881545305252075,2167
2.882966995239258,2168
2.8843531608581543,2169
2.885538101196289,2170
2.8867950439453125,2171
2.88791823387146,2172
2.889162063598633,2173
2.890763998031616,2174
2.8922061920166016,2175
2.893432140350342,2176
2.8947641849517822,2177
2.8959732055664062,2178
2.897451162338257,2179
2.8990960121154785,2180
2.900231122970581,2181
2.901337146759033,2182
2.9027912616729736,2183
2.904003143310547,2184
2.905092239379883,2185
2.906697988510132,2186
2.907809019088745,2187
2.9090559482574463,2188
2.9105472564697266,2189
2.9117021560668945,2190
2.913180112838745,2191
2.914778232574463,2192
2.915925979614258,2193
2.917020320892334,2194
2.918501138687134,2195
2.919614315032959,2196
2.920866012573242,2197
2.9223060607910156,2198
2.92362117767334,2199
2.924786329269409,2200
2.926262140274048,2201
2.927371025085449,2202
2.928765296936035,2203
2.929959297180176,2204
2.9312000274658203,2205
2.9324722290039062,2206
2.933711051940918,2207
2.9350881576538086,2208
2.9362261295318604,2209
2.937462091445923,2210
2.938756227493286,2211
2.9400582313537598,2212
2.9411702156066895,2213
2.9424941539764404,2214
2.9437811374664307,2215
2.945244312286377,2216
2.946829080581665,2217
2.947968006134033,2218
2.9492123126983643,2219
2.950512170791626,2220
2.952085018157959,2221
2.9532310962677,2222
2.9545483589172363,2223
2.9557411670684814,2224
2.9576382637023926,2225
2.9600512981414795,2226
2.9625511169433594,2227
2.9648451805114746,2228
2.966055154800415,2229
2.9673001766204834,2230
2.9685091972351074,2231
2.9699032306671143,2232
2.971524238586426,2233
2.9733481407165527,2234
2.97479510307312,2235
2.9759092330932617,2236
2.9773001670837402,2237
2.9791431427001953,2238
2.9803030490875244,2239
2.9816110134124756,2240
2.982814311981201,2241
2.9839441776275635,2242
2.9850881099700928,2243
2.986192226409912,2244
2.987697124481201,2245
2.989075183868408,2246
2.99017596244812,2247
2.9913110733032227,2248
2.9925360679626465,2249
2.9939582347869873,2250
2.9951882362365723,2251
2.996422290802002,2252
2.9975321292877197,2253
2.9986941814422607,2254
2.999847173690796,2255
3.0010361671447754,2256
3.0022361278533936,2257
3.003624200820923,2258
3.0048980712890625,2259
3.00602126121521,2260
3.007073163986206,2261
3.008423328399658,2262
3.009667158126831,2263
3.0110530853271484,2264
3.0125231742858887,2265
3.0136470794677734,2266
3.0147271156311035,2267
3.015876054763794,2268
3.0169363021850586,2269
3.0179901123046875,2270
3.0194880962371826,2271
3.0205812454223633,2272
3.02168607711792,2273
3.0229501724243164,2274
3.024057149887085,2275
3.025132179260254,2276
3.026186943054199,2277
3.0277860164642334,2278
3.029039144515991,2279
3.0304629802703857,2280
3.031553030014038,2281
3.0328381061553955,2282
3.033992290496826,2283
3.035743236541748,2284
3.0370402336120605,2285
3.038520097732544,2286
3.039661169052124,2287
3.0407700538635254,2288
3.0419912338256836,2289
3.043736219406128,2290
3.045128345489502,2291
3.0462660789489746,2292
3.0473551750183105,2293
3.048840284347534,2294
3.0502240657806396,2295
3.052110195159912,2296
3.053441047668457,2297
3.054823160171509,2298
3.056028127670288,2299
3.0572731494903564,2300
3.0584681034088135,2301
3.0599591732025146,2302
3.061244249343872,2303
3.0625452995300293,2304
3.063707113265991,2305
3.065009117126465,2306
3.066333293914795,2307
3.06754207611084,2308
3.0688252449035645,2309
3.07007098197937,2310
3.0711920261383057,2311
3.0725390911102295,2312
3.073620319366455,2313
3.0748562812805176,2314
3.0763299465179443,2315
3.0780301094055176,2316
3.079529285430908,2317
3.0806431770324707,2318
3.0820021629333496,2319
3.0832231044769287,2320
3.0845019817352295,2321
3.0857532024383545,2322
3.0870792865753174,2323
3.0883121490478516,2324
3.0894861221313477,2325
3.0906431674957275,2326
3.0920262336730957,2327
3.0933611392974854,2328
3.094676971435547,2329
3.09578800201416,2330
3.0968832969665527,2331
3.098374128341675,2332
3.099522113800049,2333
3.1008121967315674,2334
3.1021549701690674,2335
3.103515148162842,2336
3.1046271324157715,2337
3.105807065963745,2338
3.106877326965332,2339
3.108391284942627,2340
3.1100831031799316,2341
3.1112141609191895,2342
3.112593173980713,2343
3.1139001846313477,2344
3.1149961948394775,2345
3.116321086883545,2346
3.117521286010742,2347
3.1187140941619873,2348
3.1200361251831055,2349
3.1213390827178955,2350
3.1225032806396484,2351
3.1238291263580322,2352
3.1252973079681396,2353
3.126735210418701,2354
3.1278812885284424,2355
3.129163980484009,2356
3.1303212642669678,2357
3.1319222450256348,2358
3.1331751346588135,2359
3.134268283843994,2360
3.1356232166290283,2361
3.137019157409668,2362
3.1382110118865967,2363
3.140305280685425,2364
3.1416943073272705,2365
3.14327335357666,2366
3.1443939208984375,2367
3.145599126815796,2368
3.1469860076904297,2369
3.148301124572754,2370
3.1494131088256836,2371
3.1507391929626465,2372
3.1519222259521484,2373
3.1532490253448486,2374
3.154637098312378,2375
3.156052350997925,2376
3.1573421955108643,2377
3.1586802005767822,2378
3.1602890491485596,2379
3.161832332611084,2380
3.1631290912628174,2381
3.1645700931549072,2382
3.1658411026000977,2383
3.1671011447906494,2384
3.168372392654419,2385
3.1698381900787354,2386
3.170962333679199,2387
3.172502040863037,2388
3.1737372875213623,2389
3.1751551628112793,2390
3.1764962673187256,2391
3.17771315574646,2392
3.1790173053741455,2393
3.180610179901123,2394
3.181720018386841,2395
3.182964324951172,2396
3.1842880249023438,2397
3.1855270862579346,2398
3.1866202354431152,2399
3.187692165374756,2400
3.188995122909546,2401
3.190406084060669,2402
3.1917531490325928,2403
3.1929919719696045,2404
3.194293975830078,2405
3.1957969665527344,2406
3.1971211433410645,2407
3.1983931064605713,2408
3.199693202972412,2409
3.200944185256958,2410
3.202134132385254,2411
3.203359365463257,2412
3.204543113708496,2413
3.206162214279175,2414
3.2073819637298584,2415
3.2086222171783447,2416
3.209766149520874,2417
3.2111520767211914,2418
3.212590217590332,2419
3.21419620513916,2420
3.215447187423706,2421
3.216616153717041,2422
3.217996120452881,2423
3.2191731929779053,2424
3.220492124557495,2425
3.221846103668213,2426
3.22339129447937,2427
3.2245140075683594,2428
3.2257862091064453,2429
3.2270100116729736,2430
3.228285312652588,2431
3.2294631004333496,2432
3.2309539318084717,2433
3.232171058654785,2434
3.23340106010437,2435
3.2344751358032227,2436
3.235764980316162,2437
3.2370550632476807,2438
3.2383360862731934,2439
3.239593982696533,2440
3.240802049636841,2441
3.2418789863586426,2442
3.2434651851654053,2443
3.24471116065979,2444
3.245788097381592,2445
3.2473132610321045,2446
3.2486112117767334,2447
3.249713182449341,2448
3.251572370529175,2449
3.2529211044311523,2450
3.254556179046631,2451
3.2558913230895996,2452
3.257171154022217,2453
3.258635997772217,2454
3.2603561878204346,2455
3.261658191680908,2456
3.263463258743286,2457
3.264587163925171,2458
3.265925168991089,2459
3.267137050628662,2460
3.2683751583099365,2461
3.2694592475891113,2462
3.270726203918457,2463
3.2724032402038574,2464
3.2736120223999023,2465
3.274933099746704,2466
3.276003122329712,2467
3.2772891521453857,2468
3.278536319732666,2469
3.2800650596618652,2470
3.2813963890075684,2471
3.2826952934265137,2472
3.2837860584259033,2473
3.284848213195801,2474
3.2860891819000244,2475
3.2873241901397705,2476
3.289133071899414,2477
3.290241003036499,2478
3.2913222312927246,2479
3.29278826713562,2480
3.2941901683807373,2481
3.2955000400543213,2482
3.2972640991210938,2483
3.298711061477661,2484
3.2999861240386963,2485
3.301147222518921,2486
3.3025310039520264,2487
3.3040881156921387,2488
3.305241107940674,2489
3.306378126144409,2490
3.3074371814727783,2491
3.308803081512451,2492
3.309903144836426,2493
3.311220169067383,2494
3.312878131866455,2495
3.3140270709991455,2496
3.315235137939453,2497
3.316610097885132,2498
3.3177170753479004,2499
3.318983316421509,2500
3.3205411434173584,2501
3.321657180786133,2502
3.322965145111084,2503
3.3240482807159424,2504
3.3253591060638428,2505
3.326815366744995,2506
3.328451156616211,2507
3.3295700550079346,2508
3.330878257751465,2509
3.332165241241455,2510
3.3333511352539062,2511
3.334562063217163,2512
3.3357162475585938,2513
3.3373031616210938,2514
3.338630199432373,2515
3.3397231101989746,2516
3.340818166732788,2517
3.342250108718872,2518
3.3433520793914795,2519
3.3447961807250977,2520
3.3459932804107666,2521
3.3472511768341064,2522
3.348558187484741,2523
3.349825143814087,2524
3.3509061336517334,2525
3.352046012878418,2526
3.35351824760437,2527
3.354633331298828,2528
3.3559720516204834,2529
3.3571300506591797,2530
3.3584132194519043,2531
3.3595833778381348,2532
3.360957145690918,2533
3.362164258956909,2534
3.363441228866577,2535
3.364706039428711,2536
3.3657803535461426,2537
3.3668370246887207,2538
3.36794114112854,2539
3.36960506439209,2540
3.3708090782165527,2541
3.3722920417785645,2542
3.3734099864959717,2543
3.374561071395874,2544
3.3757271766662598,2545
3.377235174179077,2546
3.378472328186035,2547
3.3797340393066406,2548
3.380887031555176,2549
3.382077217102051,2550
3.383287191390991,2551
3.384550094604492,2552
3.3858213424682617,2553
3.387064218521118,2554
3.388139009475708,2555
3.389308214187622,2556
3.390486001968384,2557
3.391773223876953,2558
3.3932411670684814,2559
3.3946030139923096,2560
3.3957152366638184,2561
3.3968281745910645,2562
3.3979251384735107,2563
3.3991942405700684,2564
3.400320053100586,2565
3.401848077774048,2566
3.403134346008301,2567
3.4043760299682617,2568
3.4055140018463135,2569
3.4065802097320557,2570
3.4077651500701904,2571
3.4093501567840576,2572
3.410518169403076,2573
3.4116761684417725,2574
3.412971019744873,2575
3.4140830039978027,2576
3.4152309894561768,2577
3.4168922901153564,2578
3.418057918548584,2579
3.4193482398986816,2580
3.4205660820007324,2581
3.421701192855835,2582
3.4229331016540527,2583
3.424363136291504,2584
3.4255411624908447,2585
3.4269282817840576,2586
3.4281373023986816,2587
3.4293341636657715,2588
3.4304020404815674,2589
3.431818962097168,2590
3.4342041015625,2591
3.435577154159546,2592
3.4369091987609863,2593
3.4380342960357666,2594
3.439422369003296,2595
3.4405031204223633,2596
3.4418091773986816,2597
3.4431469440460205,2598
3.444451093673706,2599
3.4456582069396973,2600
3.4470221996307373,2601
3.448235034942627,2602
3.4495930671691895,2603
3.4511971473693848,2604
3.4524741172790527,2605
3.453662157058716,2606
3.45485520362854,2607
3.456240177154541,2608
3.4575212001800537,2609
3.4590342044830322,2610
3.460529088973999,2611
3.461958169937134,2612
3.463203191757202,2613
3.46431827545166,2614
3.4657599925994873,2615
3.467050075531006,2616
3.4682302474975586,2617
3.469547986984253,2618
3.470670223236084,2619
3.471773147583008,2620
3.473365068435669,2621
3.47483229637146,2622
3.4761903285980225,2623
3.4775822162628174,2624
3.478936195373535,2625
3.4801740646362305,2626
3.4814231395721436,2627
3.4826722145080566,2628
3.4839911460876465,2629
3.4851293563842773,2630
3.486192226409912,2631
3.4872450828552246,2632
3.4885661602020264,2633
3.489708185195923,2634
3.4910032749176025,2635
3.4923603534698486,2636
3.4937031269073486,2637
3.494920253753662,2638
3.4961352348327637,2639
3.4974262714385986,2640
3.4986412525177,2641
3.4999029636383057,2642
3.500969171524048,2643
3.5021121501922607,2644
3.503497362136841,2645
3.5048329830169678,2646
3.505998134613037,2647
3.5071921348571777,2648
3.508406162261963,2649
3.509596109390259,2650
3.5108370780944824,2651
3.5120623111724854,2652
3.513329267501831,2653
3.5149261951446533,2654
3.5161941051483154,2655
3.517259120941162,2656
3.518498182296753,2657
3.5196430683135986,2658
3.52085018157959,2659
3.522369146347046,2660
3.5234873294830322,2661
3.5245912075042725,2662
3.525733232498169,2663
3.526984214782715,2664
3.528308391571045,2665
3.529844284057617,2666
3.531022071838379,2667
3.532304286956787,2668
3.5335030555725098,2669
3.5345730781555176,2670
3.5357301235198975,2671
3.53688907623291,2672
3.538234233856201,2673
3.539371967315674,2674
3.540548086166382,2675
3.541620969772339,2676
3.542825222015381,2677
3.544365167617798,2678
3.5459072589874268,2679
3.547002077102661,2680
3.5483310222625732,2681
3.5494372844696045,2682
3.5504953861236572,2683
3.551762342453003,2684
3.552999258041382,2685
3.554288148880005,2686
3.5554091930389404,2687
3.556551218032837,2688
3.557725191116333,2689
3.559169054031372,2690
3.5604300498962402,2691
3.5620501041412354,2692
3.563714027404785,2693
3.5649170875549316,2694
3.56644606590271,2695
3.5675833225250244,2696
3.5690762996673584,2697
3.5707712173461914,2698
3.571995258331299,2699
3.573200225830078,2700
3.574774980545044,2701
3.575944185256958,2702
3.5770890712738037,2703
3.578853130340576,2704
3.580778121948242,2705
3.582221031188965,2706
3.5833473205566406,2707
3.5845181941986084,2708
3.5856523513793945,2709
3.5872621536254883,2710
3.588705062866211,2711
3.589996099472046,2712
3.5910720825195312,2713
3.592313051223755,2714
3.593679189682007,2715
3.5950241088867188,2716
3.596703290939331,2717
3.598074197769165,2718
3.59930419921875,2719
3.600682020187378,2720
3.601781129837036,2721
3.603452205657959,2722
3.6047003269195557,2723
3.605855941772461,2724
3.606992244720459,2725
3.608314275741577,2726
3.609551191329956,2727
3.6109843254089355,2728
3.6127359867095947,2729
3.6141700744628906,2730
3.615497350692749,2731
3.61663818359375,2732
3.617709159851074,2733
3.6193761825561523,2734
3.6205103397369385,2735
3.621629238128662,2736
3.622847080230713,2737
3.624246120452881,2738
3.6257903575897217,2739
3.6273059844970703,2740
3.6286730766296387,2741
3.630305051803589,2742
3.6314523220062256,2743
3.6327133178710938,2744
3.63395619392395,2745
3.6356542110443115,2746
3.6369152069091797,2747
3.6381702423095703,2748
3.639456033706665,2749
3.6407370567321777,2750
3.6423521041870117,2751
3.644453287124634,2752
3.646028995513916,2753
3.647413969039917,2754
3.648731231689453,2755
3.650203227996826,2756
3.652132034301758,2757
3.653545379638672,2758
3.6546831130981445,2759
3.6557672023773193,2760
3.65704607963562,2761
3.6582682132720947,2762
3.6594653129577637,2763
3.6609270572662354,2764
3.662217378616333,2765
3.6638593673706055,2766
3.665004014968872,2767
3.6660900115966797,2768
3.667241334915161,2769
3.668400287628174,2770
3.6694860458374023,2771
3.6705620288848877,2772
3.6716532707214355,2773
3.6729142665863037,2774
3.673983097076416,2775
3.675171136856079,2776
3.6762449741363525,2777
3.677449941635132,2778
3.6787612438201904,2779
3.6800732612609863,2780
3.6814610958099365,2781
3.682889223098755,2782
3.6839780807495117,2783
3.6850922107696533,2784
3.6862521171569824,2785
3.6873152256011963,2786
3.6884751319885254,2787
3.6897809505462646,2788
3.6910860538482666,2789
3.69248104095459,2790
3.693981170654297,2791
3.6952450275421143,2792
3.696413278579712,2793
3.6974880695343018,2794
3.698596239089966,2795
3.6997241973876953,2796
3.700792074203491,2797
3.701885223388672,2798
3.7031352519989014,2799
3.704404354095459,2800
3.7056751251220703,2801
3.706782341003418,2802
3.7079851627349854,2803
3.7093842029571533,2804
3.711177349090576,2805
3.7127232551574707,2806
3.714067220687866,2807
3.71565318107605,2808
3.7169179916381836,2809
3.718128204345703,2810
3.7192740440368652,2811
3.7205700874328613,2812
3.721801280975342,2813
3.7230782508850098,2814
3.7243850231170654,2815
3.7256760597229004,2816
3.726929187774658,2817
3.728469133377075,2818
3.7298333644866943,2819
3.7311511039733887,2820
3.73250412940979,2821
3.7335522174835205,2822
3.734584093093872,2823
3.7358310222625732,2824
3.7370591163635254,2825
3.738354206085205,2826
3.739786148071289,2827
3.741028070449829,2828
3.7424733638763428,2829
3.743746042251587,2830
3.745054244995117,2831
3.7463901042938232,2832
3.7476589679718018,2833
3.7490291595458984,2834
3.750143051147461,2835
3.751310110092163,2836
3.752545118331909,2837
3.753847122192383,2838
3.7551653385162354,2839
3.756425380706787,2840
3.7576351165771484,2841
3.7589001655578613,2842
3.760132074356079,2843
3.7614691257476807,2844
3.763437032699585,2845
3.7649261951446533,2846
3.766153335571289,2847
3.7673583030700684,2848
3.7688682079315186,2849
3.7702221870422363,2850
3.7714741230010986,2851
3.772923231124878,2852
3.774085283279419,2853
3.7752230167388916,2854
3.7764742374420166,2855
3.777614116668701,2856
3.7788491249084473,2857
3.7800331115722656,2858
3.7815182209014893,2859
3.78275203704834,2860
3.7839231491088867,2861
3.7851271629333496,2862
3.786194324493408,2863
3.787583112716675,2864
3.7890963554382324,2865
3.7902300357818604,2866
3.791476249694824,2867
3.7928950786590576,2868
3.794044256210327,2869
3.795164108276367,2870
3.796618938446045,2871
3.7977261543273926,2872
3.799072027206421,2873
3.8001673221588135,2874
3.8012280464172363,2875
3.802457094192505,2876
3.8038389682769775,2877
3.8049871921539307,2878
3.8062431812286377,2879
3.807435989379883,2880
3.808795213699341,2881
3.8102211952209473,2882
3.8114371299743652,2883
3.8128721714019775,2884
3.8142282962799072,2885
3.815317153930664,2886
3.816387176513672,2887
3.81760311126709,2888
3.8188090324401855,2889
3.820303201675415,2890
3.821575164794922,2891
3.8228721618652344,2892
3.8239662647247314,2893
3.825031280517578,2894
3.8264880180358887,2895
3.8276422023773193,2896
3.8292782306671143,2897
3.8304202556610107,2898
3.8315072059631348,2899
3.8327460289001465,2900
3.8338942527770996,2901
3.834954023361206,2902
3.836334228515625,2903
3.8379530906677246,2904
3.839215040206909,2905
3.8405301570892334,2906
3.841660261154175,2907
3.843168020248413,2908
3.8446130752563477,2909
3.845824956893921,2910
3.8472321033477783,2911
3.8487491607666016,2912
3.8500821590423584,2913
3.85127329826355,2914
3.852659225463867,2915
3.8541061878204346,2916
3.855394124984741,2917
3.8564841747283936,2918
3.8575541973114014,2919
3.858804225921631,2920
3.8602020740509033,2921
3.861300230026245,2922
3.8627970218658447,2923
3.8640191555023193,2924
3.8652212619781494,2925
3.8665010929107666,2926
3.8676352500915527,2927
3.8688111305236816,2928
3.8701071739196777,2929
3.8713841438293457,2930
3.872720241546631,2931
3.873988151550293,2932
3.875101327896118,2933
3.8763232231140137,2934
3.87770414352417,2935
3.879326343536377,2936
3.8804543018341064,2937
3.881998062133789,2938
3.8832802772521973,2939
3.8843772411346436,2940
3.8855552673339844,2941
3.8868589401245117,2942
3.8879611492156982,2943
3.8892641067504883,2944
3.890432119369507,2945
3.891524076461792,2946
3.8927950859069824,2947
3.894108295440674,2948
3.8953142166137695,2949
3.896580219268799,2950
3.8977882862091064,2951
3.899078130722046,2952
3.900320053100586,2953
3.9015259742736816,2954
3.903059244155884,2955
3.904531240463257,2956
3.9056761264801025,2957
3.9067492485046387,2958
3.907832145690918,2959
3.909058094024658,2960
3.9103243350982666,2961
3.9117612838745117,2962
3.913072109222412,2963
3.9142870903015137,2964
3.915464162826538,2965
3.916588068008423,2966
3.917689085006714,2967
3.919086217880249,2968
3.9202771186828613,2969
3.9213480949401855,2970
3.922538995742798,2971
3.9237732887268066,2972
3.92492413520813,2973
3.926300287246704,2974
3.927856206893921,2975
3.9291491508483887,2976
3.930551052093506,2977
3.9316699504852295,2978
3.9329280853271484,2979
3.934324264526367,2980
3.9357759952545166,2981
3.9371871948242188,2982
3.9386091232299805,2983
3.939728260040283,2984
3.940906047821045,2985
3.942575216293335,2986
3.9438252449035645,2987
3.944932222366333,2988
3.9462201595306396,2989
3.9473981857299805,2990
3.948698043823242,2991
3.9503910541534424,2992
3.9515771865844727,2993
3.952831983566284,2994
3.954012155532837,2995
3.9550652503967285,2996
3.9563071727752686,2997
3.957498073577881,2998
3.9586522579193115,2999
3.9599721431732178,3000
3.9613680839538574,3001
3.9628260135650635,3002
3.9641871452331543,3003
3.9656240940093994,3004
3.9668002128601074,3005
3.967996120452881,3006
3.969351291656494,3007
3.9704701900482178,3008
3.971668243408203,3009
3.972898006439209,3010
3.9741220474243164,3011
3.975206136703491,3012
3.9766592979431152,3013
3.977785110473633,3014
3.979173183441162,3015
3.9803309440612793,3016
3.981511116027832,3017
3.9829142093658447,3018
3.9841389656066895,3019
3.985401153564453,3020
3.9867141246795654,3021
3.987797975540161,3022
3.988929033279419,3023
3.9903249740600586,3024
3.9914591312408447,3025
3.9926440715789795,3026
3.994188070297241,3027
3.995283365249634,3028
3.9964489936828613,3029
3.9975101947784424,3030
3.998861074447632,3031
3.999974250793457,3032
4.001410007476807,3033
4.002639055252075,3034
4.003753185272217,3035
4.004825115203857,3036
4.005876302719116,3037
4.007049322128296,3038
4.00862717628479,3039
4.009918928146362,3040
4.011047124862671,3041
4.012328147888184,3042
4.013548135757446,3043
4.014682054519653,3044
4.015777111053467,3045
4.017181158065796,3046
4.01867413520813,3047
4.0198142528533936,3048
4.020960092544556,3049
4.0221781730651855,3050
4.023678302764893,3051
4.024988174438477,3052
4.026085138320923,3053
4.027318000793457,3054
4.0288121700286865,3055
4.029959201812744,3056
4.031433343887329,3057
4.032778024673462,3058
4.034409999847412,3059
4.0357842445373535,3060
4.036920070648193,3061
4.03803014755249,3062
4.039387226104736,3063
4.040768146514893,3064
4.041852235794067,3065
4.043137073516846,3066
4.044454097747803,3067
4.045560121536255,3068
4.047047138214111,3069
4.048131227493286,3070
4.049255132675171,3071
4.0506041049957275,3072
4.051684141159058,3073
4.052927017211914,3074
4.054582118988037,3075
4.055749177932739,3076
4.05699610710144,3077
4.0583882331848145,3078
4.0596160888671875,3079
4.060826063156128,3080
4.062639236450195,3081
4.0643110275268555,3082
4.066097259521484,3083
4.067325115203857,3084
4.068608999252319,3085
4.069941997528076,3086
4.071483135223389,3087
4.072847127914429,3088
4.074024200439453,3089
4.0751261711120605,3090
4.076382160186768,3091
4.077492952346802,3092
4.079294919967651,3093
4.080915212631226,3094
4.082334280014038,3095
4.083524227142334,3096
4.0848000049591064,3097
4.086015939712524,3098
4.0876171588897705,3099
4.08899712562561,3100
4.0901501178741455,3101
4.091307163238525,3102
4.09257698059082,3103
4.093717098236084,3104
4.095263957977295,3105
4.09649920463562,3106
4.097626209259033,3107
4.098907232284546,3108
4.100030183792114,3109
4.101487159729004,3110
4.103237152099609,3111
4.10442328453064,3112
4.105561256408691,3113
4.106821060180664,3114
4.108049154281616,3115
4.109262228012085,3116
4.110556125640869,3117
4.111999034881592,3118
4.113345146179199,3119
4.114710092544556,3120
4.115803241729736,3121
4.11696720123291,3122
4.118224143981934,3123
4.119477033615112,3124
4.120744228363037,3125
4.122092008590698,3126
4.123434066772461,3127
4.124611139297485,3128
4.125757217407227,3129
4.126874208450317,3130
4.128075122833252,3131
4.1297972202301025,3132
4.131062984466553,3133
4.132361173629761,3134
4.13347315788269,3135
4.134735107421875,3136
4.13639235496521,3137
4.1375732421875,3138
4.138843297958374,3139
4.14016318321228,3140
4.141334056854248,3141
4.1427321434021,3142
4.144201993942261,3143
4.145601987838745,3144
4.14703106880188,3145
4.148344039916992,3146
4.149453163146973,3147
4.150559186935425,3148
4.152175188064575,3149
4.1534950733184814,3150
4.1546502113342285,3151
4.1558263301849365,3152
4.15698504447937,3153
4.158201217651367,3154
4.1600072383880615,3155
4.1617820262908936,3156
4.163514137268066,3157
4.164762258529663,3158
4.165977239608765,3159
4.167368173599243,3160
4.1687562465667725,3161
4.170227289199829,3162
4.171355247497559,3163
4.172633171081543,3164
4.173830270767212,3165
4.174988031387329,3166
4.176058053970337,3167
4.177343130111694,3168
4.178832292556763,3169
4.180324077606201,3170
4.181815147399902,3171
4.183200120925903,3172
4.184329986572266,3173
4.185704231262207,3174
4.186803340911865,3175
4.187871932983398,3176
4.189218044281006,3177
4.190349102020264,3178
4.1916279792785645,3179
4.192909002304077,3180
4.194310188293457,3181
4.19539213180542,3182
4.19665002822876,3183
4.197784185409546,3184
4.198963165283203,3185
4.20008111000061,3186
4.20139217376709,3187
4.202567100524902,3188
4.203850030899048,3189
4.204971075057983,3190
4.206102132797241,3191
4.207173109054565,3192
4.20859694480896,3193
4.209798097610474,3194
4.211042165756226,3195
4.212553977966309,3196
4.213783025741577,3197
4.214856147766113,3198
4.215996265411377,3199
4.217152118682861,3200
4.218322277069092,3201
4.219568252563477,3202
4.2207090854644775,3203
4.221769332885742,3204
4.223177194595337,3205
4.224308252334595,3206
4.225424289703369,3207
4.226941347122192,3208
4.228038311004639,3209
4.229246139526367,3210
4.230300188064575,3211
4.231436014175415,3212
4.232784271240234,3213
4.234244108200073,3214
4.2354652881622314,3215
4.236574172973633,3216
4.237680196762085,3217
4.239150047302246,3218
4.240424156188965,3219
4.2418012619018555,3220
4.243195295333862,3221
4.244453191757202,3222
4.2456700801849365,3223
4.246752023696899,3224
4.247870922088623,3225
4.2493531703948975,3226
4.250492095947266,3227
4.251574993133545,3228
4.2528393268585205,3229
4.253941059112549,3230
4.255058288574219,3231
4.256150007247925,3232
4.257522344589233,3233
4.2586891651153564,3234
4.259948015213013,3235
4.261177062988281,3236
4.262503147125244,3237
4.2637412548065186,3238
4.265048027038574,3239
4.266256093978882,3240
4.267362117767334,3241
4.268571138381958,3242
4.269644021987915,3243
4.270776033401489,3244
4.2722392082214355,3245
4.273493051528931,3246
4.2746641635894775,3247
4.275818109512329,3248
4.276976108551025,3249
4.278089284896851,3250
4.279461145401001,3251
4.280695199966431,3252
4.281773090362549,3253
4.283043146133423,3254
4.284127235412598,3255
4.2852301597595215,3256
4.286418199539185,3257
4.287560224533081,3258
4.288938045501709,3259
4.290063142776489,3260
4.291185140609741,3261
4.292359113693237,3262
4.293560028076172,3263
4.294845342636108,3264
4.295904159545898,3265
4.296972036361694,3266
4.298157215118408,3267
4.299485206604004,3268
4.300546169281006,3269
4.301731109619141,3270
4.303022146224976,3271
4.304103136062622,3272
4.3053460121154785,3273
4.306473970413208,3274
4.307573080062866,3275
4.3089070320129395,3276
4.31026029586792,3277
4.311342239379883,3278
4.312556028366089,3279
4.3137640953063965,3280
4.314864158630371,3281
4.316038131713867,3282
4.317272186279297,3283
4.318463087081909,3284
4.319551944732666,3285
4.320897102355957,3286
4.322079181671143,3287
4.323282241821289,3288
4.32445216178894,3289
4.325616121292114,3290
4.326866149902344,3291
4.328176259994507,3292
4.329524278640747,3293
4.330672264099121,3294
4.331891298294067,3295
4.333064317703247,3296
4.334168195724487,3297
4.335297107696533,3298
4.336405992507935,3299
4.337505102157593,3300
4.338943004608154,3301
4.341231107711792,3302
4.342774152755737,3303
4.34403920173645,3304
4.345515012741089,3305
4.346768140792847,3306
4.347844123840332,3307
4.3490612506866455,3308
4.350179195404053,3309
4.351272344589233,3310
4.35242223739624,3311
4.354161262512207,3312
