0.0005791187286376953,1
0.0006327629089355469,2
0.0006859302520751953,3
0.0007390975952148438,4
0.0008037090301513672,5
0.0008528232574462891,6
0.0009038448333740234,7
0.0009527206420898438,8
0.0010030269622802734,9
0.0010519027709960938,10
0.0011010169982910156,11
0.0011508464813232422,12
0.0011997222900390625,13
0.0012700557708740234,14
0.0013339519500732422,15
0.0013828277587890625,16
0.0014338493347167969,17
0.0014829635620117188,18
0.001531839370727539,19
0.001580953598022461,20
0.0016329288482666016,21
0.0016818046569824219,22
0.0017309188842773438,23
0.001779794692993164,24
0.001828908920288086,25
0.001878976821899414,26
0.0019278526306152344,27
0.0019767284393310547,28
0.0020258426666259766,29
0.002074718475341797,30
0.0021250247955322266,31
0.002173900604248047,32
0.002222776412963867,33
0.002271890640258789,34
0.002321958541870117,35
0.0023717880249023438,36
0.002421855926513672,37
0.002470731735229492,38
0.0025200843811035156,39
0.002569913864135742,40
0.0026187896728515625,41
0.002669095993041992,42
0.0027189254760742188,43
0.002767801284790039,44
0.002817869186401367,45
0.002866983413696289,46
0.0029168128967285156,47
0.0029659271240234375,48
0.003015756607055664,49
0.003065824508666992,50
0.0031158924102783203,51
0.0031659603118896484,52
0.0032148361206054688,53
0.003324747085571289,54
0.0033979415893554688,55
0.0034487247467041016,56
0.0034978389739990234,57
0.0035479068756103516,58
0.0035986900329589844,59
0.0036678314208984375,60
0.0037338733673095703,61
0.0037839412689208984,62
0.0038328170776367188,63
0.003882884979248047,64
0.003932952880859375,65
0.004002094268798828,66
0.004055023193359375,67
0.004106998443603516,68
0.004170894622802734,69
0.004254817962646484,70
0.004361867904663086,71
0.004433870315551758,72
0.004498958587646484,73
0.004545927047729492,74
0.0045928955078125,75
0.0046389102935791016,76
0.004684925079345703,77
0.004730701446533203,78
0.0047779083251953125,79
0.004823923110961914,80
0.004870891571044922,81
0.00491786003112793,82
0.004963874816894531,83
0.005009889602661133,84
0.005056858062744141,85
0.005102872848510742,86
0.00514984130859375,87
0.005215883255004883,88
0.005264759063720703,89
0.005313873291015625,90
0.005361795425415039,91
0.005410909652709961,92
0.005458831787109375,93
0.005507707595825195,94
0.005556821823120117,95
0.005605936050415039,96
0.005655050277709961,97
0.0057027339935302734,98
0.005752086639404297,99
0.005799770355224609,100
0.005849123001098633,101
0.005934715270996094,102
0.006014823913574219,103
0.006065845489501953,104
0.00611567497253418,105
0.006165981292724609,106
0.006215810775756836,107
0.006265878677368164,108
0.006315946578979492,109
0.006365776062011719,110
0.006415843963623047,111
0.00648808479309082,112
0.006538867950439453,113
0.0065898895263671875,114
0.006641864776611328,115
0.006693840026855469,116
0.006745815277099609,117
0.006797075271606445,118
0.006847858428955078,119
0.006897926330566406,120
0.006948709487915039,121
0.006999969482421875,122
0.007050991058349609,123
0.007101774215698242,124
0.0071527957916259766,125
0.007203817367553711,126
0.007256031036376953,127
0.007308006286621094,128
0.007359027862548828,129
0.007410764694213867,130
0.007462739944458008,131
0.007530927658081055,132
0.007586002349853516,133
0.007662057876586914,134
0.007732868194580078,135
0.007788896560668945,136
0.007843017578125,137
0.007897138595581055,138
0.007950782775878906,139
0.008027791976928711,140
0.008088111877441406,141
0.008142709732055664,142
0.008196830749511719,143
0.008250713348388672,144
0.008304834365844727,145
0.008358955383300781,146
0.008412837982177734,147
0.008478879928588867,148
0.008531808853149414,149
0.008582830429077148,150
0.008634805679321289,151
0.008686065673828125,152
0.008736848831176758,153
0.008790969848632812,154
0.00886082649230957,155
0.008919000625610352,156
0.008971929550170898,157
0.009023904800415039,158
0.00908803939819336,159
0.009140968322753906,160
0.00919198989868164,161
0.009248971939086914,162
0.009300947189331055,163
0.009357929229736328,164
0.009411811828613281,165
0.009492874145507812,166
0.009579896926879883,167
0.009633064270019531,168
0.009685039520263672,169
0.009769916534423828,170
0.009855031967163086,171
0.009939908981323242,172
0.009992837905883789,173
0.01007986068725586,174
0.010133981704711914,175
0.01021885871887207,176
0.010304927825927734,177
0.010369062423706055,178
0.010419845581054688,179
0.010469913482666016,180
0.010519981384277344,181
0.01056981086730957,182
0.010619878768920898,183
0.010669946670532227,184
0.010720968246459961,185
0.010770797729492188,186
0.010821819305419922,187
0.01087188720703125,188
0.010921955108642578,189
0.010971784591674805,190
0.011022090911865234,191
0.011072874069213867,192
0.011176824569702148,193
0.01124882698059082,194
0.011300802230834961,195
0.011352062225341797,196
0.011401891708374023,197
0.011459112167358398,198
0.011543035507202148,199
0.011592864990234375,200
0.01164388656616211,201
0.011694669723510742,202
0.011745929718017578,203
0.011795997619628906,204
0.011845827102661133,205
0.011896848678588867,206
0.011946916580200195,207
0.01199793815612793,208
0.012047767639160156,209
0.012098073959350586,210
0.012147903442382812,211
0.012198925018310547,212
0.012280702590942383,213
0.012331008911132812,214
0.012381792068481445,215
0.01243281364440918,216
0.01248311996459961,217
0.012533903121948242,218
0.012584924697875977,219
0.012634754180908203,220
0.012686014175415039,221
0.012735843658447266,222
0.012786865234375,223
0.012836694717407227,224
0.012887954711914062,225
0.012938976287841797,226
0.012988805770874023,227
0.013039827346801758,228
0.013089895248413086,229
0.01314091682434082,230
0.013191938400268555,231
0.013242721557617188,232
0.013295888900756836,233
0.013397932052612305,234
0.013484954833984375,235
0.013550758361816406,236
0.013601064682006836,237
0.013651847839355469,238
0.013702869415283203,239
0.01375269889831543,240
0.013803958892822266,241
0.01385498046875,242
0.013904809951782227,243
0.013955831527709961,244
0.014007091522216797,245
0.014056921005249023,246
0.014107942581176758,247
0.014158010482788086,248
0.014264822006225586,249
0.014365911483764648,250
0.014451980590820312,251
0.014501810073852539,252
0.014576911926269531,253
0.014651775360107422,254
0.014702796936035156,255
0.014752864837646484,256
0.014803886413574219,257
0.014854907989501953,258
0.0149078369140625,259
0.01499176025390625,260
0.01504373550415039,261
0.015094995498657227,262
0.015146017074584961,263
0.015195846557617188,264
0.015246868133544922,265
0.01529693603515625,266
0.015347957611083984,267
0.015398740768432617,268
0.015449047088623047,269
0.015501022338867188,270
0.015552043914794922,271
0.015601873397827148,272
0.015652894973754883,273
0.01570582389831543,274
0.015757083892822266,275
0.0158078670501709,276
0.015858888626098633,277
0.015993833541870117,278
0.01604604721069336,279
0.016095876693725586,280
0.01614689826965332,281
0.016197919845581055,282
0.016248703002929688,283
0.016299962997436523,284
0.01634979248046875,285
0.01640176773071289,286
0.016452789306640625,287
0.01650404930114746,288
0.016553878784179688,289
0.016604900360107422,290
0.016655921936035156,291
0.016705989837646484,292
0.01675701141357422,293
0.01680898666381836,294
0.016859769821166992,295
0.016910791397094727,296
0.016962051391601562,297
0.017012834548950195,298
0.01706385612487793,299
0.017114877700805664,300
0.017166852951049805,301
0.017216920852661133,302
0.017267942428588867,303
0.0173189640045166,304
0.01737070083618164,305
0.01742100715637207,306
0.017472028732299805,307
0.017522811889648438,308
0.017573833465576172,309
0.01762676239013672,310
0.01767873764038086,311
0.017729997634887695,312
0.01778101921081543,313
0.017831802368164062,314
0.017885923385620117,315
0.017937898635864258,316
0.018022775650024414,317
0.01807880401611328,318
0.018133878707885742,319
0.018199920654296875,320
0.018249988555908203,321
0.01829981803894043,322
0.01835012435913086,323
0.018402099609375,324
0.018451929092407227,325
0.018501758575439453,326
0.018552064895629883,327
0.01860189437866211,328
0.0186917781829834,329
0.01877593994140625,330
0.018834829330444336,331
0.018942832946777344,332
0.01902484893798828,333
0.019077777862548828,334
0.019128084182739258,335
0.019177913665771484,336
0.01922774314880371,337
0.01927804946899414,338
0.019329071044921875,339
0.0193789005279541,340
0.019428730010986328,341
0.019500017166137695,342
0.019566059112548828,343
0.019615888595581055,344
0.019665956497192383,345
0.01971578598022461,346
0.01976490020751953,347
0.01981496810913086,348
0.019865036010742188,349
0.019914865493774414,350
0.019963741302490234,351
0.020014047622680664,352
0.02006387710571289,353
0.02011394500732422,354
0.02016592025756836,355
0.020215988159179688,356
0.020265817642211914,357
0.020374059677124023,358
0.020485877990722656,359
0.020572900772094727,360
0.020659923553466797,361
0.020744800567626953,362
0.020834922790527344,363
0.020892858505249023,364
0.02095794677734375,365
0.021007776260375977,366
0.021058082580566406,367
0.021110057830810547,368
0.021159887313842773,369
0.021209716796875,370
0.021258831024169922,371
0.02130889892578125,372
0.021358728408813477,373
0.02141094207763672,374
0.021461009979248047,375
0.021510839462280273,376
0.0215606689453125,377
0.021611928939819336,378
0.021712779998779297,379
0.021770000457763672,380
0.021820783615112305,381
0.021870851516723633,382
0.02192091941833496,383
0.021986007690429688,384
0.022037029266357422,385
0.022087812423706055,386
0.022143840789794922,387
0.022195816040039062,388
0.022246837615966797,389
0.02229785919189453,390
0.022350072860717773,391
0.022400856018066406,392
0.02245187759399414,393
0.02250385284423828,394
0.022554874420166016,395
0.02260613441467285,396
0.02265787124633789,397
0.022708892822265625,398
0.022760868072509766,399
0.0228118896484375,400
0.022862672805786133,401
0.022915124893188477,402
0.02296590805053711,403
0.02301788330078125,404
0.023068904876708984,405
0.023122787475585938,406
0.023174762725830078,407
0.023225784301757812,408
0.023277997970581055,409
0.02332901954650879,410
0.02338099479675293,411
0.023431777954101562,412
0.023483753204345703,413
0.023534774780273438,414
0.02358698844909668,415
0.023638010025024414,416
0.023689985275268555,417
0.023740768432617188,418
0.023792743682861328,419
0.023843765258789062,420
0.0238950252532959,421
0.02394700050354004,422
0.023997783660888672,423
0.024048805236816406,424
0.02409982681274414,425
0.024151086807250977,426
0.024204015731811523,427
0.024333953857421875,428
0.02444005012512207,429
0.02452683448791504,430
0.02461385726928711,431
0.024679899215698242,432
0.024731874465942383,433
0.024782896041870117,434
0.02483391761779785,435
0.024884939193725586,436
0.02493596076965332,437
0.024986743927001953,438
0.025043964385986328,439
0.02509474754333496,440
0.025145769119262695,441
0.02519702911376953,442
0.025248050689697266,443
0.0252988338470459,444
0.025349855422973633,445
0.02539992332458496,446
0.0254518985748291,447
0.025502920150756836,448
0.02555394172668457,449
0.025606870651245117,450
0.02565789222717285,451
0.025708913803100586,452
0.02575993537902832,453
0.025810956954956055,454
0.025861740112304688,455
0.02591681480407715,456
0.025967836380004883,457
0.02601909637451172,458
0.02606987953186035,459
0.026120901107788086,460
0.02617192268371582,461
0.026222705841064453,462
0.026276826858520508,463
0.02632904052734375,464
0.026380062103271484,465
0.026430845260620117,466
0.02648186683654785,467
0.026532888412475586,468
0.02658390998840332,469
0.026634931564331055,470
0.02668595314025879,471
0.026736736297607422,472
0.026787757873535156,473
0.026839017868041992,474
0.026890039443969727,475
0.02694082260131836,476
0.026991844177246094,477
0.02704310417175293,478
0.027093887329101562,479
0.027144908905029297,480
0.027194738388061523,481
0.02724599838256836,482
0.027297019958496094,483
0.027347803115844727,484
0.02739882469177246,485
0.027449846267700195,486
0.02750110626220703,487
0.027550935745239258,488
0.027601957321166992,489
0.027653932571411133,490
0.027704715728759766,491
0.0277559757232666,492
0.027806997299194336,493
0.02785778045654297,494
0.027908802032470703,495
0.02796006202697754,496
0.02803778648376465,497
0.028096914291381836,498
0.0281527042388916,499
0.028203964233398438,500
0.028255939483642578,501
0.028305768966674805,502
0.028360843658447266,503
0.028411865234375,504
0.028461933135986328,505
0.028512954711914062,506
0.02856278419494629,507
0.028613805770874023,508
0.028664112091064453,509
0.028714895248413086,510
0.02876591682434082,511
0.028816938400268555,512
0.0288698673248291,513
0.028920650482177734,514
0.028970956802368164,515
0.02902388572692871,516
0.029074907302856445,517
0.029126882553100586,518
0.029188871383666992,519
0.029254913330078125,520
0.029361963272094727,521
0.029430866241455078,522
0.029481887817382812,523
0.029532909393310547,524
0.02958369255065918,525
0.02963399887084961,526
0.029689788818359375,527
0.029742002487182617,528
0.029791831970214844,529
0.029842853546142578,530
0.029939889907836914,531
0.030046939849853516,532
0.030115127563476562,533
0.030215978622436523,534
0.030310869216918945,535
0.030415773391723633,536
0.03048086166381836,537
0.030531883239746094,538
0.030581951141357422,539
0.03063178062438965,540
0.030682802200317383,541
0.030733108520507812,542
0.03078293800354004,543
0.030832767486572266,544
0.030883073806762695,545
0.030932903289794922,546
0.03098273277282715,547
0.031033754348754883,548
0.031082868576049805,549
0.03113389015197754,550
0.031183719635009766,551
0.031234025955200195,552
0.03128385543823242,553
0.03133392333984375,554
0.03138399124145508,555
0.031436920166015625,556
0.031491756439208984,557
0.03155088424682617,558
0.03160881996154785,559
0.03166007995605469,560
0.031709909439086914,561
0.03175973892211914,562
0.03181099891662598,563
0.0318598747253418,564
0.031909942626953125,565
0.03196001052856445,566
0.03200984001159668,567
0.03205990791320801,568
0.032109975814819336,569
0.032160043716430664,570
0.03220987319946289,571
0.03225970268249512,572
0.03231000900268555,573
0.03235983848571777,574
0.0324099063873291,575
0.03245902061462402,576
0.03250885009765625,577
0.03255867958068848,578
0.032608985900878906,579
0.03265881538391113,580
0.03270888328552246,581
0.03275799751281738,582
0.03280782699584961,583
0.03285789489746094,584
0.032907962799072266,585
0.032956838607788086,586
0.03300666809082031,587
0.03305697441101074,588
0.03310680389404297,589
0.03315567970275879,590
0.03320503234863281,591
0.03325486183166504,592
0.03330492973327637,593
0.033354997634887695,594
0.033403873443603516,595
0.033453941345214844,596
0.033502817153930664,597
0.03355288505554199,598
0.03360295295715332,599
0.03365302085876465,600
0.033702850341796875,601
0.0337519645690918,602
0.03380084037780762,603
0.03384971618652344,604
0.03390192985534668,605
0.03395199775695801,606
0.034001827239990234,607
0.03405189514160156,608
0.034101009368896484,609
0.034149885177612305,610
0.03420090675354004,611
0.03425097465515137,612
0.03438282012939453,613
0.034455060958862305,614
0.03450489044189453,615
0.03455376625061035,616
0.03460407257080078,617
0.0346529483795166,618
0.03470206260681152,619
0.034750938415527344,620
0.034799814224243164,621
0.034848928451538086,622
0.034898996353149414,623
0.034947872161865234,624
0.034996986389160156,625
0.03504586219787598,626
0.0350949764251709,627
0.03514385223388672,628
0.03519272804260254,629
0.03524184226989746,630
0.03529071807861328,631
0.035340070724487305,632
0.035388946533203125,633
0.03548598289489746,634
0.035547733306884766,635
0.035626888275146484,636
0.03575587272644043,637
0.035811662673950195,638
0.03586292266845703,639
0.03594684600830078,640
0.0359959602355957,641
0.036045074462890625,642
0.036093950271606445,643
0.036142826080322266,644
0.03619194030761719,645
0.0362398624420166,646
0.03628897666931152,647
0.036337852478027344,648
0.036386966705322266,649
0.036435842514038086,650
0.036484718322753906,651
0.03653407096862793,652
0.03658294677734375,653
0.03663206100463867,654
0.03668093681335449,655
0.03672981262207031,656
0.036778926849365234,657
0.03682875633239746,658
0.03687691688537598,659
0.0369257926940918,660
0.03697466850280762,661
0.03702402114868164,662
0.03707289695739746,663
0.0371248722076416,664
0.037233829498291016,665
0.03728890419006348,666
0.0373387336730957,667
0.03738808631896973,668
0.03743696212768555,669
0.03748774528503418,670
0.037570953369140625,671
0.03761887550354004,672
0.03766775131225586,673
0.03771805763244629,674
0.0377657413482666,675
0.037815093994140625,676
0.037863969802856445,677
0.03791308403015137,678
0.03796505928039551,679
0.038014888763427734,680
0.03806591033935547,681
0.038150787353515625,682
0.03819990158081055,683
0.03824901580810547,684
0.03829789161682129,685
0.03834700584411621,686
0.03839588165283203,687
0.03844499588012695,688
0.03849387168884277,689
0.03854203224182129,690
0.03859090805053711,691
0.03863978385925293,692
0.038687944412231445,693
0.038736820220947266,694
0.03878593444824219,695
0.03883481025695801,696
0.03888368606567383,697
0.03893303871154785,698
0.038980722427368164,699
0.039031028747558594,700
0.039079904556274414,701
0.039129018783569336,702
0.039177894592285156,703
0.03922581672668457,704
0.03927493095397949,705
0.03932380676269531,706
0.03937196731567383,707
0.03942084312438965,708
0.0394749641418457,709
0.03952383995056152,710
0.039572954177856445,711
0.03962087631225586,712
0.03966999053955078,713
0.0397188663482666,714
0.03976798057556152,715
0.039816856384277344,716
0.039865732192993164,717
0.039914846420288086,718
0.039964914321899414,719
0.04001474380493164,720
0.04006385803222656,721
0.04011273384094238,722
0.0401608943939209,723
0.04020977020263672,724
0.04025912284851074,725
0.04030799865722656,726
0.04035687446594238,727
0.040405988693237305,728
0.040454864501953125,729
0.04050397872924805,730
0.04055285453796387,731
0.04060173034667969,732
0.04065084457397461,733
0.04069995880126953,734
0.04074907302856445,735
0.04079794883728027,736
0.040846824645996094,737
0.040895938873291016,738
0.040944814682006836,739
0.04099678993225098,740
