0.0,615
0.77,614
0.86,613
0.97,612
1.11,611
2.52,610
3.82,609
3.86,608
4.31,607
4.58,606
4.83,605
5.0,604
5.32,598
7.34,597
8.11,596
19.22,595
20.93,594
24.82,593
27.36,592
32.61,588
35.74,587
41.39,580
52.03,575
55.83,571
60.3,551
60.99,545
62.45,530
64.15,525
65.37,518
65.76,516
66.21,513
66.95,504
67.79,502
68.25,496
68.97,494
72.38,492
72.41,472
72.72,464
74.21,460
76.25,459
77.28,453
78.42,445
78.58,437
78.62,433
78.99,432
79.1,425
79.62,418
79.69,408
80.58,406
81.49,402
81.77,399
82.29,394
82.67,385
82.8,382
83.7,380
83.83,379
84.12,378
85.66,377
86.09,369
86.17,362
86.32,359
86.86,349
87.83,346
87.91,345
88.28,342
88.45,337
88.58,329
88.92,322
90.1,320
90.12,318
90.21,314
90.82,307
92.0,294
92.03,291
92.24,290
92.4,286
92.56,279
92.71,278
93.22,275
93.32,267
93.63,266
93.93,265
94.65,264
94.9,257
95.01,254
96.27,250
97.15,249
97.21,246
97.34,244
97.75,242
98.05,241
99.02,238
99.41,231
99.95,228
100.12,225
100.49,224
100.86,215
101.19,210
101.26,206
101.72,199
101.84,198
102.31,197
103.49,196
107.95,192
108.41,187
109.25,179
111.05,174
111.45,172
111.64,170
112.7,164
113.05,163
113.32,160
114.52,157
115.17,155
115.49,154
118.54,153
119.48,152
119.8,149
121.56,143
121.94,141
121.98,134
130.03,133
130.27,131
131.39,124
131.83,123
131.98,115
132.07,113
135.95,112
136.07,111
136.96,110
139.11,106
140.36,103
141.1,102
141.15,97
142.12,96
142.18,94
142.45,92
143.52,90
143.94,87
144.24,82
144.48,79
146.28,78
155.73,77
159.89,76
161.05,73
161.78,70
161.8,68
164.45,66
165.42,64
165.46,62
166.24,54
166.7,51
167.71,50
169.35,49
173.33,48
173.56,47
173.63,43
175.39,41
176.73,40
178.18,36
178.6,35
179.13,30
180.51,28
181.44,27
181.69,26
183.09,24
183.51,15
183.62,12
184.01,10
185.49,9
186.31,8
189.3,7
190.39,4
192.26,1
195.15,0
195.34,-5
195.77,-6
208.68,-8
209.55,-14
213.62,-17
229.16,-18
231.55,-21
236.32,-23
