0.0006480216979980469,1
0.0007071495056152344,2
0.0007650852203369141,3
0.0008211135864257812,4
0.0008780956268310547,5
0.0009679794311523438,6
0.0010700225830078125,7
0.0011761188507080078,8
0.001252889633178711,9
0.001310110092163086,10
0.0013661384582519531,11
0.001422882080078125,12
0.0014789104461669922,13
0.0015361309051513672,14
0.001592874526977539,15
0.0016489028930664062,16
0.0017061233520507812,17
0.0017621517181396484,18
0.0018188953399658203,19
0.001878976821899414,20
0.0019350051879882812,21
0.0019919872283935547,22
0.002048969268798828,23
0.0021047592163085938,24
0.0021619796752929688,25
0.002218961715698242,26
0.0022759437561035156,27
0.002331972122192383,28
0.00238800048828125,29
0.002444028854370117,30
0.0025010108947753906,31
0.002557992935180664,32
0.0026140213012695312,33
0.0026700496673583984,34
0.002725839614868164,35
0.002782106399536133,36
0.0028390884399414062,37
0.002895832061767578,38
0.002953052520751953,39
0.0030090808868408203,40
0.003065824508666992,41
0.0031218528747558594,42
0.0031800270080566406,43
0.003237009048461914,44
0.003341197967529297,45
0.0034160614013671875,46
0.003471851348876953,47
0.0035278797149658203,48
0.003584146499633789,49
0.003643035888671875,50
0.003734111785888672,51
0.003790140151977539,52
0.003846883773803711,53
0.003901958465576172,54
0.003981113433837891,55
0.004051923751831055,56
0.0041081905364990234,57
0.004164934158325195,58
0.004221916198730469,59
0.004302978515625,60
0.00437617301940918,61
0.0044329166412353516,62
0.004491090774536133,63
0.004547834396362305,64
0.004641056060791016,65
0.004697084426879883,66
0.0047528743743896484,67
0.0048100948333740234,68
0.0048677921295166016,69
0.00492405891418457,70
0.0049800872802734375,71
0.005037069320678711,72
0.005093812942504883,73
0.005151987075805664,74
0.005208015441894531,75
0.005269050598144531,76
0.005374908447265625,77
0.005469083786010742,78
0.005563020706176758,79
0.005666017532348633,80
0.005773067474365234,81
0.0058591365814208984,82
0.00595402717590332,83
0.006011009216308594,84
0.006067037582397461,85
0.006123065948486328,86
0.006179094314575195,87
0.006234884262084961,88
0.006293058395385742,89
0.006350040435791016,90
0.006407022476196289,91
0.0064640045166015625,92
0.0065190792083740234,93
0.006575822830200195,94
0.0066530704498291016,95
0.0067310333251953125,96
0.006824970245361328,97
0.006939888000488281,98
0.007036924362182617,99
0.0070950984954833984,100
0.007154941558837891,101
0.0072460174560546875,102
0.007302045822143555,103
0.007359027862548828,104
0.007415056228637695,105
0.007472991943359375,106
0.0075321197509765625,107
0.007646083831787109,108
0.007766008377075195,109
0.007849931716918945,110
0.007925987243652344,111
0.008024215698242188,112
0.008098125457763672,113
0.008154869079589844,114
0.008212089538574219,115
0.008270025253295898,116
0.008327007293701172,117
0.008382081985473633,118
0.008440017700195312,119
0.008495807647705078,120
0.00855398178100586,121
0.008610010147094727,122
0.0086669921875,123
0.00872492790222168,124
0.008782148361206055,125
0.008838891983032227,126
0.008952856063842773,127
0.009015083312988281,128
0.009088993072509766,129
0.009145975112915039,130
0.009202003479003906,131
0.00925898551940918,132
0.009315967559814453,133
0.009373903274536133,134
0.009431123733520508,135
0.00948786735534668,136
0.009543895721435547,137
0.009602069854736328,138
0.0096588134765625,139
0.009715080261230469,140
0.009772062301635742,141
0.009828805923461914,142
0.009885072708129883,143
0.009942054748535156,144
0.009999990463256836,145
0.010056018829345703,146
0.010113000869750977,147
0.01023101806640625,148
0.010330915451049805,149
0.010404825210571289,150
0.010462045669555664,151
0.010518074035644531,152
0.010574817657470703,153
0.01063084602355957,154
0.010688066482543945,155
0.010744810104370117,156
0.010802030563354492,157
0.010859012603759766,158
0.010915994644165039,159
0.010973930358886719,160
0.011056900024414062,161
0.011182069778442383,162
0.011260986328125,163
0.011338949203491211,164
0.011430025100708008,165
0.011487007141113281,166
0.011543035507202148,167
0.011600017547607422,168
0.011656045913696289,169
0.011713027954101562,170
0.011770009994506836,171
0.011826038360595703,172
0.011883974075317383,173
0.011940956115722656,174
0.012000083923339844,175
0.012056112289428711,176
0.012135028839111328,177
0.012206792831420898,178
0.012263059616088867,179
0.012378931045532227,180
0.012462854385375977,181
0.012521982192993164,182
0.012579202651977539,183
0.012634992599487305,184
0.012692928314208984,185
0.012749195098876953,186
0.012853145599365234,187
0.012916088104248047,188
0.012974977493286133,189
0.013031959533691406,190
0.013089179992675781,191
0.013145923614501953,192
0.01320195198059082,193
0.013258934020996094,194
0.013315916061401367,195
0.013374090194702148,196
0.013432025909423828,197
0.013489007949829102,198
0.013546943664550781,199
0.013603925704956055,200
0.013660907745361328,201
0.01371908187866211,202
0.013777017593383789,203
0.013834953308105469,204
0.013891935348510742,205
0.014013051986694336,206
0.014086008071899414,207
0.014142990112304688,208
0.014222860336303711,209
0.014297962188720703,210
0.014354944229125977,211
0.014410972595214844,212
0.014467954635620117,213
0.014523983001708984,214
0.014582157135009766,215
0.014638900756835938,216
0.01475214958190918,217
0.014815092086791992,218
0.014873027801513672,219
0.014930963516235352,220
0.014988183975219727,221
0.015079975128173828,222
0.0151519775390625,223
0.015208959579467773,224
0.01526498794555664,225
0.01532292366027832,226
0.015379905700683594,227
0.015437126159667969,228
0.015492916107177734,229
0.015549898147583008,230
0.015607118606567383,231
0.015663862228393555,232
0.015719890594482422,233
0.015777111053466797,234
0.015834808349609375,235
0.015892982482910156,236
0.01595020294189453,237
0.016006946563720703,238
0.016063928604125977,239
0.01612091064453125,240
0.016177892684936523,241
0.0162351131439209,242
0.016291141510009766,243
0.01635003089904785,244
0.01640605926513672,245
0.0164639949798584,246
0.016520977020263672,247
0.016578197479248047,248
0.01663494110107422,249
0.016691923141479492,250
0.016770124435424805,251
0.016826868057250977,252
0.01688408851623535,253
0.01694202423095703,254
0.016997814178466797,255
0.017055034637451172,256
0.01711106300354004,257
0.017203092575073242,258
0.017261028289794922,259
0.0173189640045166,260
0.017375946044921875,261
0.01743316650390625,262
0.017489910125732422,263
0.017547130584716797,264
0.01760387420654297,265
0.017660856246948242,266
0.017718076705932617,267
0.01777482032775879,268
0.017832040786743164,269
0.017889976501464844,270
0.017947912216186523,271
0.018027067184448242,272
0.018118858337402344,273
0.018198013305664062,274
0.018280982971191406,275
0.01835489273071289,276
0.018412113189697266,277
0.01848888397216797,278
0.018561124801635742,279
0.018616914749145508,280
0.01867508888244629,281
0.018732070922851562,282
0.018787860870361328,283
0.01884603500366211,284
0.018903017044067383,285
0.018959999084472656,286
0.019017934799194336,287
0.019074201583862305,288
0.01913285255432129,289
0.019190073013305664,290
0.019246816635131836,291
0.019304990768432617,292
0.01936197280883789,293
0.019418954849243164,294
0.019477128982543945,295
0.01953411102294922,296
0.019611835479736328,297
0.019685983657836914,298
0.019744157791137695,299
0.019801855087280273,300
0.01985788345336914,301
0.019915103912353516,302
0.019971847534179688,303
0.02003002166748047,304
0.020087003707885742,305
0.020228862762451172,306
0.020308971405029297,307
0.02039813995361328,308
0.020474910736083984,309
0.020534038543701172,310
0.020590782165527344,311
0.02064800262451172,312
0.020704030990600586,313
0.02076101303100586,314
0.020817041397094727,315
0.020874977111816406,316
0.02093195915222168,317
0.020987987518310547,318
0.021046161651611328,319
0.021102190017700195,320
0.021158933639526367,321
0.02121710777282715,322
0.02127385139465332,323
0.021331071853637695,324
0.021387100219726562,325
0.021443843841552734,326
0.02150106430053711,327
0.021558046340942383,328
0.021614789962768555,329
0.02167201042175293,330
0.021728992462158203,331
0.021786928176879883,332
0.02184295654296875,333
0.021900177001953125,334
0.021957874298095703,335
0.02201390266418457,336
0.02207207679748535,337
0.022128820419311523,338
0.0221860408782959,339
0.022243022918701172,340
0.022352933883666992,341
0.022409915924072266,342
0.022467851638793945,343
0.022523880004882812,344
0.022581100463867188,345
0.022670984268188477,346
0.02272796630859375,347
0.022783994674682617,348
0.022840023040771484,349
0.022897005081176758,350
0.022953033447265625,351
0.0230100154876709,352
0.023066997528076172,353
0.02312302589416504,354
0.023180007934570312,355
0.023236989974975586,356
0.02329397201538086,357
0.023351192474365234,358
0.023407936096191406,359
0.023463964462280273,360
0.023520946502685547,361
0.023577213287353516,362
0.02363300323486328,363
0.023710012435913086,364
0.02378082275390625,365
0.023836851119995117,366
0.02392888069152832,367
0.024044036865234375,368
0.02410292625427246,369
0.024160146713256836,370
0.024240970611572266,371
0.024306058883666992,372
0.02436995506286621,373
0.02446293830871582,374
0.02452993392944336,375
0.024609088897705078,376
0.02466583251953125,377
0.024721860885620117,378
0.024778127670288086,379
0.024834156036376953,380
0.024890899658203125,381
0.024949073791503906,382
0.025005102157592773,383
0.025061845779418945,384
0.02511906623840332,385
0.025176048278808594,386
0.025233030319213867,387
0.025289058685302734,388
0.025346040725708008,389
0.025403976440429688,390
0.025460004806518555,391
0.025518178939819336,392
0.02559494972229004,393
0.02568984031677246,394
0.025761127471923828,395
0.025870084762573242,396
0.02594590187072754,397
0.026001930236816406,398
0.02605915069580078,399
0.026115894317626953,400
0.02617812156677246,401
0.026266813278198242,402
0.026321887969970703,403
0.02637791633605957,404
0.026435136795043945,405
0.026493072509765625,406
0.0265500545501709,407
0.02660679817199707,408
0.02666306495666504,409
0.026720046997070312,410
0.026775121688842773,411
0.02683091163635254,412
0.026886940002441406,413
0.026942014694213867,414
0.02700018882751465,415
0.02705693244934082,416
0.027133941650390625,417
0.027203798294067383,418
0.02725982666015625,419
0.02731800079345703,420
0.0273740291595459,421
0.027429819107055664,422
0.027484893798828125,423
0.027540922164916992,424
0.02759718894958496,425
0.027653932571411133,426
0.0277099609375,427
0.027765989303588867,428
0.02782297134399414,429
0.027924060821533203,430
0.027987003326416016,431
0.028045177459716797,432
0.028100967407226562,433
0.02815699577331543,434
0.02821207046508789,435
0.028268098831176758,436
0.028323888778686523,437
0.02837991714477539,438
0.028437137603759766,439
0.028493165969848633,440
0.02854776382446289,441
0.02860283851623535,442
0.028660058975219727,443
0.028716087341308594,444
0.02877187728881836,445
0.028827905654907227,446
0.02888202667236328,447
0.028939008712768555,448
0.028994083404541016,449
0.02904987335205078,450
0.02910590171813965,451
0.029161930084228516,452
0.029217004776000977,453
0.029273033142089844,454
0.029366016387939453,455
0.02942490577697754,456
0.029529094696044922,457
0.029612064361572266,458
0.029783010482788086,459
0.029838085174560547,460
0.029892921447753906,461
0.029948949813842773,462
0.03000617027282715,463
0.030062198638916016,464
0.030116796493530273,465
0.030226945877075195,466
0.030306100845336914,467
0.03036189079284668,468
0.03041696548461914,469
0.030470848083496094,470
0.030525922775268555,471
0.030580997467041016,472
0.030636072158813477,473
0.030691146850585938,474
0.030745983123779297,475
0.03079986572265625,476
0.03085494041442871,477
0.030909061431884766,478
0.030963897705078125,479
0.031018972396850586,480
0.031074047088623047,481
0.031129121780395508,482
0.03118300437927246,483
0.03123784065246582,484
0.031291961669921875,485
0.03134584426879883,486
0.0314021110534668,487
0.03145599365234375,488
0.03151106834411621,489
0.03156614303588867,490
0.03162097930908203,491
0.031674861907958984,492
0.03173089027404785,493
0.031785011291503906,494
0.03183913230895996,495
0.031893014907836914,496
0.03197598457336426,497
0.03204607963562012,498
0.03209996223449707,499
0.03215384483337402,500
0.03220796585083008,501
0.03226184844970703,502
0.03231692314147949,503
0.03237104415893555,504
0.0324249267578125,505
0.03248000144958496,506
0.03253507614135742,507
0.03258800506591797,508
0.03264212608337402,509
0.03269505500793457,510
0.032749176025390625,511
0.03280305862426758,512
0.03285717964172363,513
0.032910823822021484,514
0.03296494483947754,515
0.033017873764038086,516
0.03307199478149414,517
0.03312492370605469,518
0.033177852630615234,519
0.0332338809967041,520
0.033288002014160156,521
0.0333409309387207,522
0.033396005630493164,523
0.033451080322265625,524
0.03352999687194824,525
0.0336000919342041,526
0.03365612030029297,527
0.03371000289916992,528
0.03376483917236328,529
0.03381991386413574,530
0.03394317626953125,531
0.0340731143951416,532
0.0341341495513916,533
0.03418707847595215,534
0.0342409610748291,535
0.03431510925292969,536
0.03438401222229004,537
0.034436941146850586,538
0.03448891639709473,539
0.034564971923828125,540
0.03461790084838867,541
0.03467202186584473,542
0.03472590446472168,543
0.03477883338928223,544
0.03483295440673828,545
0.034886837005615234,546
0.03494000434875488,547
0.034993886947631836,548
0.0350489616394043,549
0.03510308265686035,550
0.0351560115814209,551
0.03521108627319336,552
0.03526496887207031,553
0.03531908988952637,554
0.03537416458129883,555
0.035429954528808594,556
0.035485029220581055,557
0.035540103912353516,558
0.03559303283691406,559
0.035646915435791016,560
0.035700082778930664,561
0.035755157470703125,562
0.03580904006958008,563
0.03586316108703613,564
0.035917043685913086,565
0.03597116470336914,566
0.03602480888366699,567
0.03607988357543945,568
0.03613400459289551,569
0.03618907928466797,570
0.03624391555786133,571
0.03629803657531738,572
0.03635215759277344,573
0.0364069938659668,574
0.03646111488342285,575
0.036514997482299805,576
0.036576032638549805,577
0.036631107330322266,578
0.03668498992919922,579
0.03673911094665527,580
0.03679203987121582,581
0.036846160888671875,582
0.03689980506896973,583
0.03695487976074219,584
0.03700900077819824,585
0.0370640754699707,586
0.037117958068847656,587
0.03717207908630371,588
0.037326812744140625,589
0.03740191459655762,590
0.03745698928833008,591
0.03751206398010254,592
0.03759908676147461,593
0.03765416145324707,594
0.03770804405212402,595
0.03776216506958008,596
0.03781604766845703,597
0.037870168685913086,598
0.037925004959106445,599
0.037979841232299805,600
0.03803396224975586,601
0.03808903694152832,602
0.03814291954040527,603
0.03819704055786133,604
0.03825116157531738,605
