6.723403930664062e-05,1
7.700920104980469e-05,2
8.511543273925781e-05,3
9.298324584960938e-05,4
0.00010085105895996094,5
0.00010919570922851562,6
0.00011706352233886719,7
0.00012493133544921875,8
0.00013303756713867188,9
0.000141143798828125,10
0.00014901161193847656,11
0.0001571178436279297,12
0.00016498565673828125,13
0.00017309188842773438,14
0.0001800060272216797,15
0.00018787384033203125,16
0.00019598007202148438,17
0.0002040863037109375,18
0.00021195411682128906,19
0.0002200603485107422,20
0.0002300739288330078,21
0.00023818016052246094,22
0.0002460479736328125,23
0.00025391578674316406,24
0.0002620220184326172,25
0.0002701282501220703,26
0.0002779960632324219,27
0.000286102294921875,28
0.00029397010803222656,29
0.0003020763397216797,30
0.0003101825714111328,31
0.0003180503845214844,32
0.00032591819763183594,33
0.0003342628479003906,34
0.0003421306610107422,35
0.00034999847412109375,36
0.0003578662872314453,37
0.0003662109375,38
0.00037407875061035156,39
0.0003819465637207031,40
0.00039005279541015625,41
0.00039887428283691406,42
0.00040721893310546875,43
0.0004150867462158203,44
0.0004229545593261719,45
0.00043082237243652344,46
0.0004391670227050781,47
0.0004470348358154297,48
0.00045490264892578125,49
0.0004639625549316406,50
0.00047206878662109375,51
0.0004801750183105469,52
0.00048804283142089844,53
0.00049591064453125,54
0.0005042552947998047,55
0.0005121231079101562,56
0.0005199909210205078,57
0.0005278587341308594,58
0.0005369186401367188,59
0.0005450248718261719,60
0.000553131103515625,61
0.0005619525909423828,62
0.0005698204040527344,63
0.0005781650543212891,64
0.0005860328674316406,65
0.0005939006805419922,66
0.0006020069122314453,67
0.0006101131439208984,68
0.00061798095703125,69
0.0006260871887207031,70
0.00063323974609375,71
0.0006411075592041016,72
0.0006530284881591797,73
0.0006611347198486328,74
0.0006690025329589844,75
0.0006768703460693359,76
0.0006852149963378906,77
0.0006921291351318359,78
0.0006999969482421875,79
0.0007078647613525391,80
0.0007162094116210938,81
0.0007240772247314453,82
0.0007319450378417969,83
0.0007390975952148438,84
0.0007469654083251953,85
0.0007550716400146484,86
0.000762939453125,87
0.0007700920104980469,88
0.0007791519165039062,89
0.0007870197296142578,90
0.0007948875427246094,91
0.0008020401000976562,92
0.0008101463317871094,93
0.0008180141448974609,94
0.0008251667022705078,95
0.0008330345153808594,96
