0.0035829544067382812,1
0.0039751529693603516,2
0.0046880245208740234,3
0.0054168701171875,4
0.005946159362792969,5
0.006343841552734375,6
0.0068569183349609375,7
0.007318019866943359,8
0.00775909423828125,9
0.008147001266479492,10
0.008533000946044922,11
0.009154081344604492,12
0.009586811065673828,13
0.009983062744140625,14
0.010370016098022461,15
0.01075601577758789,16
0.011143207550048828,17
0.011530876159667969,18
0.011914968490600586,19
0.012352943420410156,20
0.013116121292114258,21
0.013868093490600586,22
0.014365911483764648,23
0.014755964279174805,24
0.015282869338989258,25
0.015678882598876953,26
0.01606607437133789,27
0.016453027725219727,28
0.016839981079101562,29
0.017826080322265625,30
0.01872110366821289,31
0.019407033920288086,32
0.020500898361206055,33
0.02104496955871582,34
0.021455049514770508,35
0.021843910217285156,36
0.022231101989746094,37
0.02261805534362793,38
0.02300405502319336,39
0.023398160934448242,40
0.023791074752807617,41
0.02435612678527832,42
0.024785995483398438,43
0.02532815933227539,44
0.025724172592163086,45
0.02611088752746582,46
0.026506900787353516,47
0.02689194679260254,48
0.027311086654663086,49
0.02774810791015625,50
0.028506994247436523,51
0.029172897338867188,52
0.02958202362060547,53
0.029973983764648438,54
0.030560016632080078,55
0.030957937240600586,56
0.031347036361694336,57
0.03173494338989258,58
0.0322108268737793,59
0.032633066177368164,60
0.03301811218261719,61
0.033406972885131836,62
0.03379392623901367,63
0.03418302536010742,64
0.034570932388305664,65
0.0350799560546875,66
0.03564000129699707,67
0.03633308410644531,68
0.036926984786987305,69
0.03738808631896973,70
0.03777599334716797,71
0.03816390037536621,72
0.038552045822143555,73
0.03913283348083496,74
0.039572954177856445,75
0.03996014595031738,76
0.040344953536987305,77
0.040764808654785156,78
0.041152000427246094,79
0.04153895378112793,80
0.04192614555358887,81
0.04234600067138672,82
0.042732954025268555,83
0.04326200485229492,84
0.04365682601928711,85
0.04404711723327637,86
0.04470396041870117,87
0.04535794258117676,88
0.045786142349243164,89
0.046176910400390625,90
0.04664015769958496,91
0.04706597328186035,92
0.04745221138000488,93
0.0478360652923584,94
0.04822182655334473,95
0.04860687255859375,96
0.049094200134277344,97
0.04948902130126953,98
0.04991888999938965,99
0.050343990325927734,100
0.05079793930053711,101
0.05118417739868164,102
0.051570892333984375,103
0.05195808410644531,104
0.052802085876464844,105
0.05346393585205078,106
0.05400705337524414,107
0.05442619323730469,108
0.05502009391784668,109
0.05547690391540527,110
0.05586886405944824,111
0.05630612373352051,112
0.056691884994506836,113
0.05711793899536133,114
0.05756115913391113,115
0.05810809135437012,116
0.058548927307128906,117
0.05910181999206543,118
0.05965304374694824,119
0.06033205986022949,120
0.06157803535461426,121
0.06228494644165039,122
0.06289100646972656,123
0.06343388557434082,124
0.0640110969543457,125
0.06440997123718262,126
0.06483697891235352,127
0.06566500663757324,128
0.06624507904052734,129
0.0668330192565918,130
0.06741714477539062,131
0.06781315803527832,132
0.06820201873779297,133
0.06904006004333496,134
0.06970691680908203,135
0.07014083862304688,136
0.07052993774414062,137
0.07095599174499512,138
0.07134318351745605,139
0.07173013687133789,140
0.07214784622192383,141
0.07264518737792969,142
0.07309317588806152,143
0.07355904579162598,144
0.07398200035095215,145
0.0744009017944336,146
0.07478904724121094,147
0.07524704933166504,148
0.07564306259155273,149
0.07602882385253906,150
0.0764780044555664,151
0.07718610763549805,152
0.07770800590515137,153
0.07810306549072266,154
0.07849001884460449,155
0.0791170597076416,156
0.07952308654785156,157
0.08012700080871582,158
0.08098602294921875,159
0.08156204223632812,160
0.08196306228637695,161
0.08242607116699219,162
0.08281493186950684,163
0.0832061767578125,164
0.08363008499145508,165
0.08408999443054199,166
0.08453011512756348,167
0.08521103858947754,168
0.08587503433227539,169
0.08643102645874023,170
0.08691906929016113,171
0.08743810653686523,172
0.08796501159667969,173
0.08855199813842773,174
0.0891718864440918,175
0.08961105346679688,176
0.09003996849060059,177
0.09058809280395508,178
0.09110283851623535,179
0.09163808822631836,180
0.09208798408508301,181
0.09260892868041992,182
0.09332799911499023,183
0.09377598762512207,184
0.09421110153198242,185
0.09464120864868164,186
0.09530305862426758,187
0.0959630012512207,188
0.0966792106628418,189
0.09710001945495605,190
0.09755587577819824,191
0.09808897972106934,192
0.09848213195800781,193
0.09889006614685059,194
0.09929299354553223,195
0.09968900680541992,196
0.10007691383361816,197
0.10046696662902832,198
0.10107707977294922,199
0.10161900520324707,200
0.1020669937133789,201
0.10271906852722168,202
0.1032869815826416,203
0.10373592376708984,204
0.10418891906738281,205
0.10462212562561035,206
0.1052401065826416,207
0.1057898998260498,208
0.10632705688476562,209
0.10689306259155273,210
0.10728693008422852,211
0.10767507553100586,212
0.1080629825592041,213
0.10845422744750977,214
0.1090691089630127,215
0.10966610908508301,216
0.11014699935913086,217
0.11064291000366211,218
0.11105608940124512,219
0.11144590377807617,220
0.11190199851989746,221
0.11244797706604004,222
0.11283612251281738,223
0.11322212219238281,224
0.11361098289489746,225
0.1139991283416748,226
0.11441302299499512,227
0.11481404304504395,228
0.11530709266662598,229
0.1157081127166748,230
0.11609506607055664,231
0.11648201942443848,232
0.11701393127441406,233
0.11768913269042969,234
0.11818790435791016,235
0.11858415603637695,236
0.1191558837890625,237
0.11961913108825684,238
0.12021613121032715,239
0.12062621116638184,240
0.12102198600769043,241
0.12147903442382812,242
0.12187004089355469,243
0.12225794792175293,244
0.12264490127563477,245
0.12314701080322266,246
0.12355613708496094,247
0.12394499778747559,248
0.12445306777954102,249
0.12525010108947754,250
0.12596821784973145,251
0.12653899192810059,252
0.1270589828491211,253
0.12768197059631348,254
0.1281719207763672,255
0.12871384620666504,256
0.12924909591674805,257
0.12970399856567383,258
0.13011980056762695,259
0.13053202629089355,260
0.1309208869934082,261
0.13130903244018555,262
0.1316981315612793,263
0.13209104537963867,264
0.13248109817504883,265
0.13291597366333008,266
0.1336660385131836,267
0.1341869831085205,268
0.1346590518951416,269
0.13523292541503906,270
0.1356830596923828,271
0.13611102104187012,272
0.136505126953125,273
0.1370401382446289,274
0.1374368667602539,275
0.13790202140808105,276
0.1382908821105957,277
0.13872623443603516,278
0.13920211791992188,279
0.13964104652404785,280
0.1400308609008789,281
0.14049601554870605,282
0.14107489585876465,283
0.1416921615600586,284
0.1421511173248291,285
0.14254307746887207,286
0.1429297924041748,287
0.14331793785095215,288
0.14370512962341309,289
0.14409279823303223,290
0.14447999000549316,291
0.1448991298675537,292
0.14537811279296875,293
0.14583706855773926,294
0.14622783660888672,295
0.14661717414855957,296
0.14700603485107422,297
0.14739513397216797,298
0.14778399467468262,299
0.1481778621673584,300
0.14856505393981934,301
0.14912724494934082,302
0.14975690841674805,303
0.15022516250610352,304
0.15061593055725098,305
0.15101003646850586,306
0.15140104293823242,307
0.15178894996643066,308
0.15221190452575684,309
0.1526188850402832,310
0.15317702293395996,311
0.15386319160461426,312
0.15448284149169922,313
0.1552109718322754,314
0.1557939052581787,315
0.15630412101745605,316
0.15669798851013184,317
0.15723705291748047,318
0.15787100791931152,319
0.1583118438720703,320
0.1587820053100586,321
0.1592860221862793,322
0.15975594520568848,323
0.16014695167541504,324
0.1605360507965088,325
0.16105294227600098,326
0.16144609451293945,327
0.1618359088897705,328
0.16242599487304688,329
0.1629490852355957,330
0.16340923309326172,331
0.1638040542602539,332
0.16419410705566406,333
0.16458487510681152,334
0.16513705253601074,335
0.1658179759979248,336
0.16634011268615723,337
0.16673517227172852,338
0.1672041416168213,339
0.1676170825958252,340
0.1680140495300293,341
0.16840600967407227,342
0.16888999938964844,343
0.1694021224975586,344
0.16988420486450195,345
0.17027997970581055,346
0.17072296142578125,347
0.171173095703125,348
0.1715681552886963,349
0.17195892333984375,350
0.17250704765319824,351
0.1729440689086914,352
0.17367815971374512,353
0.1742539405822754,354
0.1747739315032959,355
0.1752769947052002,356
0.17566895484924316,357
0.17605805397033691,358
0.17644500732421875,359
0.1768341064453125,360
0.17724990844726562,361
0.1777629852294922,362
0.1782689094543457,363
0.1787109375,364
0.17918682098388672,365
0.17958593368530273,366
0.1799759864807129,367
0.18053507804870605,368
0.18093585968017578,369
0.18165922164916992,370
0.18218588829040527,371
0.18263912200927734,372
0.1830289363861084,373
0.18341708183288574,374
0.1838068962097168,375
0.18423795700073242,376
0.1846311092376709,377
0.1853489875793457,378
0.18590402603149414,379
0.18642878532409668,380
0.18683314323425293,381
0.18736791610717773,382
0.18776607513427734,383
0.1881580352783203,384
0.18854594230651855,385
0.18912887573242188,386
0.18987321853637695,387
0.1904749870300293,388
0.1908740997314453,389
0.19127202033996582,390
0.19165897369384766,391
0.1920461654663086,392
0.19247007369995117,393
0.19285798072814941,394
0.19331979751586914,395
0.19375300407409668,396
0.19414305686950684,397
0.19453215599060059,398
0.1949930191040039,399
0.19541716575622559,400
0.19588494300842285,401
0.19627594947814941,402
0.19672799110412598,403
0.19716191291809082,404
0.19779706001281738,405
0.19849300384521484,406
0.19897007942199707,407
0.1993851661682129,408
0.1999061107635498,409
0.2004239559173584,410
0.20089221000671387,411
0.20128202438354492,412
0.20167016983032227,413
0.20220685005187988,414
0.20276188850402832,415
0.20324492454528809,416
0.20363688468933105,417
0.2040271759033203,418
0.20445704460144043,419
0.20496797561645508,420
0.2053968906402588,421
0.2061302661895752,422
0.2067890167236328,423
0.20733213424682617,424
0.20773100852966309,425
0.2082521915435791,426
0.20874691009521484,427
0.20920705795288086,428
0.20964407920837402,429
0.210036039352417,430
0.21046710014343262,431
0.21085906028747559,432
0.21125006675720215,433
0.2116401195526123,434
0.21214699745178223,435
0.2128281593322754,436
0.2134408950805664,437
0.21393609046936035,438
0.21432900428771973,439
0.21475720405578613,440
0.21524596214294434,441
0.21572089195251465,442
0.21619510650634766,443
0.21659207344055176,444
0.2169818878173828,445
0.2174539566040039,446
0.21798396110534668,447
0.2184000015258789,448
0.21888518333435059,449
0.21947693824768066,450
0.22009897232055664,451
0.22051095962524414,452
0.2209470272064209,453
0.2213611602783203,454
0.22188901901245117,455
0.22232484817504883,456
0.2227160930633545,457
0.22318315505981445,458
0.22360587120056152,459
0.22399687767028809,460
0.22442102432250977,461
0.22480988502502441,462
0.22535181045532227,463
0.2257552146911621,464
0.22614693641662598,465
0.226578950881958,466
0.22716808319091797,467
0.22760605812072754,468
0.22799897193908691,469
0.22839021682739258,470
0.22887897491455078,471
0.2293241024017334,472
0.22997403144836426,473
0.23064494132995605,474
0.23110604286193848,475
0.23150110244750977,476
0.23189187049865723,477
0.23236918449401855,478
0.23282599449157715,479
0.233259916305542,480
0.2336580753326416,481
0.23404908180236816,482
0.23448896408081055,483
0.23503804206848145,484
0.23556804656982422,485
0.23597407341003418,486
0.23652410507202148,487
0.23692011833190918,488
0.23738694190979004,489
0.23808717727661133,490
0.23881220817565918,491
0.23932695388793945,492
0.23973917961120605,493
0.24012994766235352,494
0.24052000045776367,495
0.24090909957885742,496
0.24129986763000488,497
0.24169015884399414,498
0.24213504791259766,499
0.24257898330688477,500
0.24297690391540527,501
0.2434549331665039,502
0.24399614334106445,503
0.2444751262664795,504
0.2450559139251709,505
0.24558520317077637,506
0.24641704559326172,507
0.24685215950012207,508
0.24724411964416504,509
0.24767684936523438,510
0.2481248378753662,511
0.24857282638549805,512
0.2493739128112793,513
0.24996089935302734,514
0.2504398822784424,515
0.2509739398956299,516
0.2514050006866455,517
0.2519490718841553,518
0.252377986907959,519
0.25303006172180176,520
0.25354599952697754,521
0.2541849613189697,522
0.2545928955078125,523
0.2552518844604492,524
0.2556779384613037,525
0.2560710906982422,526
0.2564690113067627,527
0.2568812370300293,528
0.2573208808898926,529
0.25771307945251465,530
0.2581040859222412,531
0.25853681564331055,532
0.25906825065612793,533
0.25963592529296875,534
0.26018714904785156,535
0.2608180046081543,536
0.26123595237731934,537
0.2616281509399414,538
0.2621450424194336,539
0.26278090476989746,540
0.2632009983062744,541
0.2635948657989502,542
0.26398682594299316,543
0.2644779682159424,544
0.2648780345916748,545
0.2653369903564453,546
0.2657310962677002,547
0.266312837600708,548
0.2669041156768799,549
0.2674591541290283,550
0.26790595054626465,551
0.2684972286224365,552
0.269075870513916,553
0.2694880962371826,554
0.27026987075805664,555
0.2709310054779053,556
0.2713890075683594,557
0.27178382873535156,558
0.2722501754760742,559
0.2726409435272217,560
0.27303194999694824,561
0.2734220027923584,562
0.27381300926208496,563
0.2742030620574951,564
0.27459192276000977,565
0.2751491069793701,566
0.2757539749145508,567
0.2763819694519043,568
0.27687692642211914,569
0.2772700786590576,570
0.277662992477417,571
0.27805399894714355,572
0.2784450054168701,573
0.2789280414581299,574
0.2796139717102051,575
0.2802848815917969,576
0.2807438373565674,577
0.2811429500579834,578
0.2815358638763428,579
0.2820160388946533,580
0.2825939655303955,581
0.2830379009246826,582
0.2834749221801758,583
0.28389906883239746,584
0.284290075302124,585
0.2846808433532715,586
0.28516697883605957,587
0.285689115524292,588
0.28615283966064453,589
0.2866859436035156,590
0.2873671054840088,591
0.28777503967285156,592
0.28828907012939453,593
0.2888791561126709,594
0.2894918918609619,595
0.29000401496887207,596
0.2905590534210205,597
0.2910130023956299,598
0.2914140224456787,599
0.29184722900390625,600
0.29224109649658203,601
0.29267001152038574,602
0.29306483268737793,603
0.2934839725494385,604
0.29390406608581543,605
0.2944600582122803,606
0.29492807388305664,607
0.29540491104125977,608
0.2958049774169922,609
0.29619812965393066,610
0.2965879440307617,611
0.2969779968261719,612
0.2974581718444824,613
0.29790210723876953,614
0.2983989715576172,615
0.2988860607147217,616
0.2993321418762207,617
0.2997260093688965,618
0.30011892318725586,619
0.30051207542419434,620
0.3009049892425537,621
0.3012971878051758,622
0.30174994468688965,623
0.3023860454559326,624
0.30304718017578125,625
0.30346202850341797,626
0.30390191078186035,627
0.304293155670166,628
0.3046882152557373,629
0.30519700050354004,630
0.3058030605316162,631
0.30620694160461426,632
0.30660200119018555,633
0.30699706077575684,634
0.3073909282684326,635
0.3078320026397705,636
0.3082280158996582,637
0.3086252212524414,638
0.30936288833618164,639
0.30977511405944824,640
0.31018996238708496,641
0.31095290184020996,642
0.3114008903503418,643
0.3117990493774414,644
0.31229305267333984,645
0.312701940536499,646
0.31322693824768066,647
0.31366801261901855,648
0.31406307220458984,649
0.3144571781158447,650
0.3149528503417969,651
0.31538820266723633,652
0.3157958984375,653
0.3161909580230713,654
0.31658220291137695,655
0.3170139789581299,656
0.3174431324005127,657
0.31783509254455566,658
0.31832289695739746,659
0.3190319538116455,660
0.3194601535797119,661
0.3200380802154541,662
0.32048988342285156,663
0.32092905044555664,664
0.321321964263916,665
0.3217148780822754,666
0.3221089839935303,667
0.32250118255615234,668
0.3228940963745117,669
0.3232870101928711,670
0.32367992401123047,671
0.32410693168640137,672
0.3245360851287842,673
0.3250720500946045,674
0.32550811767578125,675
0.32590413093566895,676
0.3262960910797119,677
0.3268160820007324,678
0.32747316360473633,679
0.3280150890350342,680
0.32845520973205566,681
0.328963041305542,682
0.3295900821685791,683
0.3302628993988037,684
0.3308877944946289,685
0.3314180374145508,686
0.3321070671081543,687
0.33254289627075195,688
0.33293795585632324,689
0.333331823348999,690
0.3337240219116211,691
0.33411717414855957,692
0.33451008796691895,693
0.3352019786834717,694
0.33579111099243164,695
0.3362109661102295,696
0.3366060256958008,697
0.33711886405944824,698
0.33751797676086426,699
0.33791303634643555,700
0.3383040428161621,701
0.33880114555358887,702
0.3392601013183594,703
0.33971095085144043,704
0.34013891220092773,705
0.34071803092956543,706
0.34113097190856934,707
0.34153223037719727,708
0.34192514419555664,709
0.3423621654510498,710
0.3430049419403076,711
0.3437349796295166,712
0.3442668914794922,713
0.34466981887817383,714
0.34517908096313477,715
0.34558701515197754,716
0.3459901809692383,717
0.3464200496673584,718
0.3469820022583008,719
0.34747791290283203,720
0.34787607192993164,721
0.3482680320739746,722
0.3487520217895508,723
0.3492012023925781,724
0.34960508346557617,725
0.350039005279541,726
0.35054588317871094,727
0.35097384452819824,728
0.3515791893005371,729
0.3519890308380127,730
0.3524169921875,731
0.35299205780029297,732
0.35370802879333496,733
0.35451483726501465,734
0.35518407821655273,735
0.3556530475616455,736
0.3560791015625,737
0.3564720153808594,738
0.3569021224975586,739
0.357403039932251,740
0.3580210208892822,741
0.3584601879119873,742
0.35911107063293457,743
0.3596210479736328,744
0.36002612113952637,745
0.36041998863220215,746
0.36081504821777344,747
0.3612511157989502,748
0.3616459369659424,749
0.3620898723602295,750
0.3625919818878174,751
0.36298704147338867,752
0.36337995529174805,753
0.36377382278442383,754
0.3641650676727295,755
0.3645591735839844,756
0.36519598960876465,757
0.36583399772644043,758
0.3662450313568115,759
0.3666989803314209,760
0.36715006828308105,761
0.367933988571167,762
0.36848998069763184,763
0.3690450191497803,764
0.36952900886535645,765
0.36998701095581055,766
0.37038302421569824,767
0.3707759380340576,768
0.37120890617370605,769
0.3716011047363281,770
0.371995210647583,771
0.3724679946899414,772
0.3729679584503174,773
0.37350010871887207,774
0.37389588356018066,775
0.37428903579711914,776
0.3746821880340576,777
0.3753089904785156,778
0.3759729862213135,779
0.37645411491394043,780
0.37690305709838867,781
0.3773500919342041,782
0.3777451515197754,783
0.37813806533813477,784
0.3786439895629883,785
0.3792130947113037,786
0.3796679973602295,787
0.3803260326385498,788
0.38080787658691406,789
0.38139796257019043,790
0.381850004196167,791
0.3823668956756592,792
0.38278698921203613,793
0.3833909034729004,794
0.38406920433044434,795
0.3846700191497803,796
0.3852081298828125,797
0.38567495346069336,798
0.3863029479980469,799
0.38686203956604004,800
0.3875141143798828,801
0.38811397552490234,802
0.3886749744415283,803
0.3892238140106201,804
0.38964390754699707,805
0.39003896713256836,806
0.39043402671813965,807
0.390826940536499,808
0.39152002334594727,809
0.3921020030975342,810
0.39257001876831055,811
0.39296889305114746,812
0.39336299896240234,813
0.39375782012939453,814
0.3941512107849121,815
0.3948211669921875,816
0.3953840732574463,817
0.39586400985717773,818
0.39626216888427734,819
0.3967320919036865,820
0.3971550464630127,821
0.3978590965270996,822
0.398345947265625,823
0.39890098571777344,824
0.3995380401611328,825
0.40021300315856934,826
0.400698184967041,827
0.4013090133666992,828
0.4018208980560303,829
0.4023020267486572,830
0.4028971195220947,831
0.40335988998413086,832
0.40375804901123047,833
0.40415406227111816,834
0.4045529365539551,835
0.40512990951538086,836
0.40560007095336914,837
0.40601491928100586,838
0.40641307830810547,839
0.40680694580078125,840
0.40728211402893066,841
0.40811705589294434,842
0.40859103202819824,843
0.40920209884643555,844
0.40967607498168945,845
0.41010618209838867,846
0.410722017288208,847
0.41118502616882324,848
0.4116659164428711,849
0.4121060371398926,850
0.41249990463256836,851
0.4129369258880615,852
0.41342687606811523,853
0.4139251708984375,854
0.414355993270874,855
0.4148120880126953,856
0.4155540466308594,857
0.4161641597747803,858
0.4166290760040283,859
0.41702914237976074,860
0.4174618721008301,861
0.4179041385650635,862
0.418410062789917,863
0.41896796226501465,864
0.41958022117614746,865
0.4200000762939453,866
0.42040205001831055,867
0.4208030700683594,868
0.42127203941345215,869
0.421875,870
0.42227816581726074,871
0.42270684242248535,872
0.42312192916870117,873
0.42384886741638184,874
0.42438602447509766,875
0.42484617233276367,876
0.4253690242767334,877
0.4258580207824707,878
0.4262549877166748,879
0.4266500473022461,880
0.42716217041015625,881
0.42757201194763184,882
0.4279780387878418,883
0.4283790588378906,884
0.42888903617858887,885
0.4294710159301758,886
0.42987489700317383,887
0.4303100109100342,888
0.430706262588501,889
0.4312150478363037,890
0.43195199966430664,891
0.4324970245361328,892
0.4329490661621094,893
0.4334530830383301,894
0.4339029788970947,895
0.43430590629577637,896
0.43470001220703125,897
0.4352450370788574,898
0.4356989860534668,899
0.436237096786499,900
0.4366588592529297,901
0.4370548725128174,902
0.43744993209838867,903
0.4378988742828369,904
0.43831801414489746,905
0.4388542175292969,906
0.4395618438720703,907
0.44016098976135254,908
0.4407501220703125,909
0.4411580562591553,910
0.44155383110046387,911
0.44194889068603516,912
0.44234585762023926,913
0.44274091720581055,914
0.44329380989074707,915
0.44384312629699707,916
0.444350004196167,917
0.4447951316833496,918
0.4453701972961426,919
0.44577598571777344,920
0.44617486000061035,921
0.44657087326049805,922
0.44696903228759766,923
0.4475991725921631,924
0.4482848644256592,925
0.44888901710510254,926
0.44945311546325684,927
0.4499530792236328,928
0.45035314559936523,929
0.45075201988220215,930
0.45114994049072266,931
0.45175600051879883,932
0.452301025390625,933
0.4527730941772461,934
0.453171968460083,935
0.4535670280456543,936
0.4539618492126465,937
0.45439624786376953,938
0.4550058841705322,939
0.4555530548095703,940
0.45616888999938965,941
0.4567878246307373,942
0.4572148323059082,943
0.4576120376586914,944
0.4580070972442627,945
0.4584031105041504,946
0.4589200019836426,947
0.4593641757965088,948
0.4597969055175781,949
0.4601929187774658,950
0.46062421798706055,951
0.46116089820861816,952
0.4615931510925293,953
0.4619901180267334,954
0.4624171257019043,955
0.46288108825683594,956
0.46338987350463867,957
0.46401309967041016,958
0.46472811698913574,959
0.4653010368347168,960
0.46570324897766113,961
0.4661400318145752,962
0.4665350914001465,963
0.46696901321411133,964
0.46740198135375977,965
0.46779704093933105,966
0.46819186210632324,967
0.4685859680175781,968
0.4690430164337158,969
0.46959781646728516,970
0.4701850414276123,971
0.4706540107727051,972
0.47110700607299805,973
0.47158288955688477,974
0.47229599952697754,975
0.47285914421081543,976
0.47327113151550293,977
0.47366809844970703,978
0.4740631580352783,979
0.47452688217163086,980
0.4750800132751465,981
0.475492000579834,982
0.4758918285369873,983
0.47643208503723145,984
0.47701001167297363,985
0.4775831699371338,986
0.4781949520111084,987
0.4786381721496582,988
0.4790980815887451,989
0.4795520305633545,990
0.4802539348602295,991
0.4808628559112549,992
0.48131394386291504,993
0.481719970703125,994
0.48218703269958496,995
0.48259997367858887,996
0.48299694061279297,997
0.48343491554260254,998
0.48394203186035156,999
0.4844231605529785,1000
0.4850490093231201,1001
0.4856150150299072,1002
0.48636484146118164,1003
0.48693203926086426,1004
0.4874401092529297,1005
0.4881300926208496,1006
0.4886209964752197,1007
0.48912787437438965,1008
0.4896280765533447,1009
0.4900658130645752,1010
0.4904670715332031,1011
0.4909970760345459,1012
0.49140191078186035,1013
0.49180006980895996,1014
0.49226903915405273,1015
0.4927248954772949,1016
0.493211030960083,1017
0.4936070442199707,1018
0.4940028190612793,1019
0.4944000244140625,1020
0.4947969913482666,1021
0.4953799247741699,1022
0.49614906311035156,1023
0.4967641830444336,1024
0.4973130226135254,1025
0.49771595001220703,1026
0.49817800521850586,1027
0.4985990524291992,1028
0.49909305572509766,1029
0.49959301948547363,1030
0.5001840591430664,1031
0.5006508827209473,1032
0.5010969638824463,1033
0.501518964767456,1034
0.5020840167999268,1035
0.5025429725646973,1036
0.5031018257141113,1037
0.5036389827728271,1038
0.5044710636138916,1039
0.5050160884857178,1040
0.5054829120635986,1041
0.5060479640960693,1042
0.5065679550170898,1043
0.5069711208343506,1044
0.5075371265411377,1045
0.5080399513244629,1046
0.5084829330444336,1047
0.5089828968048096,1048
0.5097630023956299,1049
0.5101780891418457,1050
0.5105772018432617,1051
0.5109748840332031,1052
0.5114312171936035,1053
0.512092113494873,1054
0.5127899646759033,1055
0.5132110118865967,1056
0.5136129856109619,1057
0.5140111446380615,1058
0.5144078731536865,1059
0.514843225479126,1060
0.5153710842132568,1061
0.5158488750457764,1062
0.5162601470947266,1063
0.5166580677032471,1064
0.517056941986084,1065
0.5174541473388672,1066
0.5178511142730713,1067
0.5184390544891357,1068
0.5189218521118164,1069
0.5195140838623047,1070
0.5201468467712402,1071
0.5208938121795654,1072
0.5213959217071533,1073
0.5218942165374756,1074
0.5223431587219238,1075
0.5227460861206055,1076
0.5232250690460205,1077
0.523798942565918,1078
0.5242040157318115,1079
0.5246031284332275,1080
0.525123119354248,1081
0.5255322456359863,1082
0.5259339809417725,1083
0.5263321399688721,1084
0.5267300605773926,1085
0.5271890163421631,1086
0.5276210308074951,1087
0.5280208587646484,1088
0.5286080837249756,1089
0.5292160511016846,1090
0.5296299457550049,1091
0.5301470756530762,1092
0.5307040214538574,1093
0.531109094619751,1094
0.5315079689025879,1095
0.5319070816040039,1096
0.5323121547698975,1097
0.5327479839324951,1098
0.5333170890808105,1099
0.5337929725646973,1100
0.5342719554901123,1101
0.5348148345947266,1102
0.5355210304260254,1103
0.5363881587982178,1104
0.5368800163269043,1105
0.537369966506958,1106
0.5378069877624512,1107
0.5382981300354004,1108
0.5387911796569824,1109
0.5392801761627197,1110
0.5397469997406006,1111
0.5401468276977539,1112
0.5405659675598145,1113
0.5409829616546631,1114
0.5413801670074463,1115
0.5417771339416504,1116
0.5422189235687256,1117
0.5426490306854248,1118
0.5430529117584229,1119
0.5434491634368896,1120
0.5438470840454102,1121
0.5444059371948242,1122
0.5448529720306396,1123
0.5454599857330322,1124
0.545943021774292,1125
0.5464591979980469,1126
0.5469701290130615,1127
0.5474679470062256,1128
0.5478708744049072,1129
0.5482800006866455,1130
0.5487160682678223,1131
0.5492589473724365,1132
0.549720048904419,1133
0.5501220226287842,1134
0.550523042678833,1135
0.5509200096130371,1136
0.5513169765472412,1137
0.5517559051513672,1138
0.5522768497467041,1139
0.5530061721801758,1140
0.5535509586334229,1141
0.5539660453796387,1142
0.5543630123138428,1143
0.5548028945922852,1144
0.5553200244903564,1145
0.5557210445404053,1146
0.5561211109161377,1147
0.5565600395202637,1148
0.5569920539855957,1149
0.5573899745941162,1150
0.5577881336212158,1151
0.5581848621368408,1152
0.558582067489624,1153
0.559114933013916,1154
0.5595099925994873,1155
0.5599861145019531,1156
0.560701847076416,1157
0.561115026473999,1158
0.561586856842041,1159
0.561992883682251,1160
0.562432050704956,1161
0.5628290176391602,1162
0.5632259845733643,1163
0.5636951923370361,1164
0.5640912055969238,1165
0.5645279884338379,1166
0.5650930404663086,1167
0.5654940605163574,1168
0.5658848285675049,1169
0.5662739276885986,1170
0.5666611194610596,1171
0.5670509338378906,1172
0.5676050186157227,1173
0.5680902004241943,1174
0.568615198135376,1175
0.5691399574279785,1176
0.5696299076080322,1177
0.5701999664306641,1178
0.5707330703735352,1179
0.5711328983306885,1180
0.5715310573577881,1181
0.5719699859619141,1182
0.5724010467529297,1183
0.5727989673614502,1184
0.5732400417327881,1185
0.5736370086669922,1186
0.5740349292755127,1187
0.5744318962097168,1188
0.5748841762542725,1189
0.5754780769348145,1190
0.5759768486022949,1191
0.5763750076293945,1192
0.576941967010498,1193
0.5773491859436035,1194
0.5777709484100342,1195
0.5781700611114502,1196
0.5785889625549316,1197
0.579118013381958,1198
0.5795891284942627,1199
0.5800280570983887,1200
0.5805439949035645,1201
0.5809431076049805,1202
0.5813407897949219,1203
0.581794023513794,1204
0.5821921825408936,1205
0.5826270580291748,1206
0.5832219123840332,1207
0.5836279392242432,1208
0.5841360092163086,1209
0.5846319198608398,1210
0.5853419303894043,1211
0.5858421325683594,1212
0.5863890647888184,1213
0.5867929458618164,1214
0.587334156036377,1215
0.587867021560669,1216
0.5883729457855225,1217
0.588921070098877,1218
0.5893809795379639,1219
0.589897871017456,1220
0.5903558731079102,1221
0.590811014175415,1222
0.5912580490112305,1223
0.5916578769683838,1224
0.5920910835266113,1225
0.5927689075469971,1226
0.5932819843292236,1227
0.5938191413879395,1228
0.594419002532959,1229
0.5949089527130127,1230
0.5954091548919678,1231
0.5961132049560547,1232
0.596580982208252,1233
0.597114086151123,1234
0.5976119041442871,1235
0.5981969833374023,1236
0.5987749099731445,1237
0.5992310047149658,1238
0.5996358394622803,1239
0.6000711917877197,1240
0.6007130146026611,1241
0.6011271476745605,1242
0.6015338897705078,1243
0.6019740104675293,1244
0.6024630069732666,1245
0.6029520034790039,1246
0.6034140586853027,1247
0.6038141250610352,1248
0.6042129993438721,1249
0.6047110557556152,1250
0.6052908897399902,1251
0.6058170795440674,1252
0.6062178611755371,1253
0.6066150665283203,1254
0.6070129871368408,1255
0.607410192489624,1256
0.607806921005249,1257
0.6082038879394531,1258
0.6087751388549805,1259
0.6095380783081055,1260
0.6099541187286377,1261
0.6103532314300537,1262
0.610788106918335,1263
0.611191987991333,1264
0.6115901470184326,1265
0.611987829208374,1266
0.6124510765075684,1267
0.6128518581390381,1268
0.6134262084960938,1269
0.6139461994171143,1270
0.614361047744751,1271
0.6147608757019043,1272
0.6153478622436523,1273
0.6158339977264404,1274
0.6163060665130615,1275
0.6170370578765869,1276
0.6175940036773682,1277
0.6180028915405273,1278
0.6184020042419434,1279
0.6189072132110596,1280
0.6194391250610352,1281
0.6198470592498779,1282
0.6202471256256104,1283
0.6207020282745361,1284
0.6211590766906738,1285
0.6215670108795166,1286
0.6221060752868652,1287
0.6225740909576416,1288
0.6229748725891113,1289
0.6233730316162109,1290
0.6237728595733643,1291
0.6241719722747803,1292
0.6249442100524902,1293
0.6255731582641602,1294
0.6260731220245361,1295
0.6266169548034668,1296
0.6271212100982666,1297
0.6276018619537354,1298
0.628087043762207,1299
0.6285309791564941,1300
0.6290979385375977,1301
0.6295111179351807,1302
0.6299350261688232,1303
0.6304361820220947,1304
0.6309130191802979,1305
0.6313450336456299,1306
0.6318759918212891,1307
0.6323549747467041,1308
0.6329011917114258,1309
0.6335480213165283,1310
0.6340320110321045,1311
0.6344771385192871,1312
0.6350619792938232,1313
0.6356611251831055,1314
0.6361567974090576,1315
0.6366021633148193,1316
0.6370620727539062,1317
0.6375589370727539,1318
0.6379880905151367,1319
0.6384801864624023,1320
0.6389260292053223,1321
0.6394259929656982,1322
0.6399228572845459,1323
0.6404941082000732,1324
0.6409709453582764,1325
0.6416409015655518,1326
0.642387866973877,1327
0.642988920211792,1328
0.6435439586639404,1329
0.6440639495849609,1330
0.6444919109344482,1331
0.6449971199035645,1332
0.6454288959503174,1333
0.6458790302276611,1334
0.6463260650634766,1335
0.646780252456665,1336
0.6472198963165283,1337
0.6476190090179443,1338
0.6480178833007812,1339
0.6484651565551758,1340
0.6490271091461182,1341
0.6494488716125488,1342
0.6500489711761475,1343
0.6504650115966797,1344
0.6509649753570557,1345
0.6513700485229492,1346
0.6517910957336426,1347
0.6524112224578857,1348
0.6528959274291992,1349
0.6533019542694092,1350
0.6537032127380371,1351
0.6541030406951904,1352
0.6546590328216553,1353
0.6551821231842041,1354
0.6555860042572021,1355
0.6559758186340332,1356
0.6563661098480225,1357
0.6567559242248535,1358
0.6571969985961914,1359
0.6578779220581055,1360
0.6585919857025146,1361
0.6591880321502686,1362
0.6597900390625,1363
0.660210132598877,1364
0.6606130599975586,1365
0.6610128879547119,1366
0.6614131927490234,1367
0.6618630886077881,1368
0.6622982025146484,1369
0.6626980304718018,1370
0.6630990505218506,1371
0.6635000705718994,1372
0.6638991832733154,1373
0.664341926574707,1374
0.6647658348083496,1375
0.665553092956543,1376
0.6660289764404297,1377
0.6664409637451172,1378
0.6668479442596436,1379
0.6672539710998535,1380
0.6676578521728516,1381
0.6680619716644287,1382
0.6685638427734375,1383
0.6691720485687256,1384
0.6696271896362305,1385
0.6700279712677002,1386
0.670428991317749,1387
0.6708719730377197,1388
0.6713998317718506,1389
0.6718010902404785,1390
0.672234058380127,1391
0.6728971004486084,1392
0.6735060214996338,1393
0.6739130020141602,1394
0.6743159294128418,1395
0.6747162342071533,1396
0.6752309799194336,1397
0.6756410598754883,1398
0.6760439872741699,1399
0.6764450073242188,1400
0.6769919395446777,1401
0.6773931980133057,1402
0.6777920722961426,1403
0.678192138671875,1404
0.6785919666290283,1405
0.6791410446166992,1406
0.679581880569458,1407
0.6803188323974609,1408
0.6813070774078369,1409
0.6821060180664062,1410
0.6829409599304199,1411
0.6836879253387451,1412
0.6841731071472168,1413
0.6846940517425537,1414
0.685340166091919,1415
0.6859371662139893,1416
0.6864190101623535,1417
0.686877965927124,1418
0.6873149871826172,1419
0.6878230571746826,1420
0.688270092010498,1421
0.6887857913970947,1422
0.6894111633300781,1423
0.6898500919342041,1424
0.6902799606323242,1425
0.6907041072845459,1426
0.6911280155181885,1427
0.6915910243988037,1428
0.692086935043335,1429
0.6928071975708008,1430
0.6932790279388428,1431
0.693727970123291,1432
0.6941750049591064,1433
0.6946239471435547,1434
0.6952660083770752,1435
0.6957528591156006,1436
0.6962180137634277,1437
0.6966500282287598,1438
0.6970491409301758,1439
0.6975750923156738,1440
0.6980400085449219,1441
0.698566198348999,1442
0.6992781162261963,1443
0.6999189853668213,1444
0.7005198001861572,1445
0.7012679576873779,1446
0.7017509937286377,1447
0.7026770114898682,1448
0.7036621570587158,1449
0.704164981842041,1450
0.7047119140625,1451
0.7058310508728027,1452
0.706416130065918,1453
0.7069811820983887,1454
0.707711935043335,1455
0.7082509994506836,1456
0.7087538242340088,1457
0.7093949317932129,1458
0.7100830078125,1459
0.710949182510376,1460
0.7114968299865723,1461
0.7122139930725098,1462
0.7127211093902588,1463
0.7132720947265625,1464
0.7143018245697021,1465
0.7149538993835449,1466
0.7156710624694824,1467
0.716198205947876,1468
0.7168519496917725,1469
0.7175438404083252,1470
0.718919038772583,1471
0.7197439670562744,1472
0.7203052043914795,1473
0.7207789421081543,1474
0.7212579250335693,1475
0.7219808101654053,1476
0.7224318981170654,1477
0.7228379249572754,1478
0.7232370376586914,1479
0.7236349582672119,1480
0.7240340709686279,1481
0.7244338989257812,1482
0.7249140739440918,1483
0.7254369258880615,1484
0.7259829044342041,1485
0.7263941764831543,1486
0.7268431186676025,1487
0.7272460460662842,1488
0.7276499271392822,1489
0.7280528545379639,1490
0.7284550666809082,1491
0.728924036026001,1492
0.7294220924377441,1493
0.7298228740692139,1494
0.7305340766906738,1495
0.731377124786377,1496
0.7322590351104736,1497
0.7328870296478271,1498
0.7333738803863525,1499
0.7338190078735352,1500
0.7342500686645508,1501
0.7346501350402832,1502
0.7351789474487305,1503
0.7357339859008789,1504
0.7362630367279053,1505
0.7368910312652588,1506
0.7376089096069336,1507
0.7381010055541992,1508
0.7386491298675537,1509
0.7395608425140381,1510
0.7402479648590088,1511
0.74111008644104,1512
0.7417981624603271,1513
0.7426860332489014,1514
0.7433779239654541,1515
0.7442128658294678,1516
0.7450029850006104,1517
0.745481014251709,1518
0.7461409568786621,1519
0.7467670440673828,1520
0.7472500801086426,1521
0.7479920387268066,1522
0.7485589981079102,1523
0.7490739822387695,1524
0.7495229244232178,1525
0.7500331401824951,1526
0.7505519390106201,1527
0.7510190010070801,1528
0.751471996307373,1529
0.7520320415496826,1530
0.7525360584259033,1531
0.7529881000518799,1532
0.7536518573760986,1533
0.7541911602020264,1534
0.754835844039917,1535
0.7559289932250977,1536
0.7565779685974121,1537
0.7570061683654785,1538
0.7574279308319092,1539
0.7578480243682861,1540
0.7583129405975342,1541
0.7588629722595215,1542
0.7593159675598145,1543
0.759829044342041,1544
0.7602269649505615,1545
0.7606251239776611,1546
0.7610681056976318,1547
0.7614650726318359,1548
0.7618649005889893,1549
0.7625529766082764,1550
0.7632648944854736,1551
0.7641022205352783,1552
0.7645931243896484,1553
0.7652289867401123,1554
0.76568603515625,1555
0.7661471366882324,1556
0.7665500640869141,1557
0.7670321464538574,1558
0.7675399780273438,1559
0.768265962600708,1560
0.7688288688659668,1561
0.7694230079650879,1562
0.7698590755462646,1563
0.7702970504760742,1564
0.7709019184112549,1565
0.7716169357299805,1566
0.7720310688018799,1567
0.7724320888519287,1568
0.773129940032959,1569
0.7738280296325684,1570
0.7745101451873779,1571
0.7752110958099365,1572
0.775629997253418,1573
0.7760319709777832,1574
0.7765018939971924,1575
0.7769069671630859,1576
0.777306079864502,1577
0.7777040004730225,1578
0.7781932353973389,1579
0.7787950038909912,1580
0.7793760299682617,1581
0.7797880172729492,1582
0.7807211875915527,1583
0.7812840938568115,1584
0.7821171283721924,1585
0.7829139232635498,1586
0.7837328910827637,1587
0.7845449447631836,1588
0.7854599952697754,1589
0.7860238552093506,1590
0.7868931293487549,1591
0.7877728939056396,1592
0.7887320518493652,1593
0.7896108627319336,1594
0.7905550003051758,1595
0.7914271354675293,1596
0.792137861251831,1597
0.7926530838012695,1598
0.79311203956604,1599
0.793593168258667,1600
0.7940609455108643,1601
0.794482946395874,1602
0.7950561046600342,1603
0.7955429553985596,1604
0.7961058616638184,1605
0.7966599464416504,1606
0.7974882125854492,1607
0.7979681491851807,1608
0.7983741760253906,1609
0.7988500595092773,1610
0.799299955368042,1611
0.7997360229492188,1612
0.8002920150756836,1613
0.8009419441223145,1614
0.8013429641723633,1615
0.8019278049468994,1616
0.8025479316711426,1617
0.8029630184173584,1618
0.8033661842346191,1619
0.803765058517456,1620
0.8041629791259766,1621
0.8046059608459473,1622
0.8053081035614014,1623
0.8059120178222656,1624
0.8063359260559082,1625
0.8067350387573242,1626
0.8071322441101074,1627
0.8075661659240723,1628
0.8081021308898926,1629
0.8085780143737793,1630
0.809157133102417,1631
0.8095660209655762,1632
0.8099660873413086,1633
0.8104062080383301,1634
0.8108909130096436,1635
0.8113021850585938,1636
0.8117010593414307,1637
0.8121788501739502,1638
0.8126089572906494,1639
0.8130910396575928,1640
0.813770055770874,1641
0.8143179416656494,1642
0.8147592544555664,1643
0.8153519630432129,1644
0.8160040378570557,1645
0.8164148330688477,1646
0.8168540000915527,1647
0.8172540664672852,1648
0.8176529407501221,1649
0.81805419921875,1650
0.8185410499572754,1651
0.8193190097808838,1652
0.8201611042022705,1653
0.8211510181427002,1654
0.8218600749969482,1655
0.822829008102417,1656
0.8236668109893799,1657
0.8244071006774902,1658
0.8250679969787598,1659
0.8256471157073975,1660
0.8265070915222168,1661
0.8273110389709473,1662
0.8278090953826904,1663
0.8282370567321777,1664
0.8286581039428711,1665
0.8292520046234131,1666
0.8298749923706055,1667
0.8305730819702148,1668
0.8310141563415527,1669
0.8314428329467773,1670
0.8319909572601318,1671
0.8324511051177979,1672
0.8328828811645508,1673
0.8333280086517334,1674
0.8340981006622314,1675
0.8346550464630127,1676
0.8353798389434814,1677
0.8362269401550293,1678
0.8368051052093506,1679
0.837285041809082,1680
0.8379600048065186,1681
0.8387000560760498,1682
0.8393452167510986,1683
0.8397748470306396,1684
0.840177059173584,1685
0.8405780792236328,1686
0.841015100479126,1687
0.8414180278778076,1688
0.8418412208557129,1689
0.842299222946167,1690
0.8427009582519531,1691
0.8432230949401855,1692
0.843634843826294,1693
0.8440728187561035,1694
0.8445088863372803,1695
0.8450829982757568,1696
0.8456430435180664,1697
0.8462710380554199,1698
0.8468320369720459,1699
0.8472740650177002,1700
0.8476719856262207,1701
0.848071813583374,1702
0.8487260341644287,1703
0.8493008613586426,1704
0.8498280048370361,1705
0.8502790927886963,1706
0.8507339954376221,1707
0.8513190746307373,1708
0.8517470359802246,1709
0.8521928787231445,1710
0.8527119159698486,1711
0.8533880710601807,1712
0.8542840480804443,1713
0.8547451496124268,1714
0.8553121089935303,1715
0.8557150363922119,1716
0.8561038970947266,1717
0.8564929962158203,1718
0.8569860458374023,1719
0.8576171398162842,1720
0.8580679893493652,1721
0.8584601879119873,1722
0.858961820602417,1723
0.8596401214599609,1724
0.8600759506225586,1725
0.8605990409851074,1726
0.8610529899597168,1727
0.861497163772583,1728
0.8623080253601074,1729
0.8627760410308838,1730
0.8631811141967773,1731
0.8635802268981934,1732
0.8639769554138184,1733
0.8644070625305176,1734
0.8650109767913818,1735
0.8659539222717285,1736
0.8665039539337158,1737
0.8670949935913086,1738
0.8676321506500244,1739
0.8682632446289062,1740
0.8688349723815918,1741
0.8695962429046631,1742
0.870323896408081,1743
0.8707911968231201,1744
0.8711988925933838,1745
0.8715949058532715,1746
0.8720779418945312,1747
0.8725402355194092,1748
0.873054027557373,1749
0.8734619617462158,1750
0.8738610744476318,1751
0.8742599487304688,1752
0.8746809959411621,1753
0.8753321170806885,1754
0.8758740425109863,1755
0.8763320446014404,1756
0.8767459392547607,1757
0.8771429061889648,1758
0.8775432109832764,1759
0.8783071041107178,1760
0.8789210319519043,1761
0.8794770240783691,1762
0.8798990249633789,1763
0.8806798458099365,1764
0.8813118934631348,1765
0.8819320201873779,1766
0.8828070163726807,1767
0.8834290504455566,1768
0.8839380741119385,1769
0.884376049041748,1770
0.8848171234130859,1771
0.8854200839996338,1772
0.886070966720581,1773
0.8866350650787354,1774
0.8871400356292725,1775
0.8875460624694824,1776
0.8879580497741699,1777
0.8883700370788574,1778
0.8888900279998779,1779
0.8895950317382812,1780
0.890139102935791,1781
0.8908660411834717,1782
0.8914458751678467,1783
0.8923141956329346,1784
0.8928298950195312,1785
0.8932769298553467,1786
0.8936989307403564,1787
0.8943979740142822,1788
0.8949418067932129,1789
0.8954670429229736,1790
0.8959040641784668,1791
0.8963251113891602,1792
0.8967568874359131,1793
0.8971900939941406,1794
0.8976430892944336,1795
0.898245096206665,1796
0.8986742496490479,1797
0.8991379737854004,1798
0.8995912075042725,1799
0.9000098705291748,1800
0.9004101753234863,1801
0.900846004486084,1802
0.9014320373535156,1803
0.901900053024292,1804
0.9026379585266113,1805
0.9031968116760254,1806
0.9036238193511963,1807
0.9040250778198242,1808
0.9044249057769775,1809
0.9049389362335205,1810
0.9055778980255127,1811
0.9060299396514893,1812
0.906588077545166,1813
0.9070100784301758,1814
0.907412052154541,1815
0.9078121185302734,1816
0.9082119464874268,1817
0.9086120128631592,1818
0.909135103225708,1819
0.9096131324768066,1820
0.9102990627288818,1821
0.9109408855438232,1822
0.9113550186157227,1823
0.9117538928985596,1824
0.9123592376708984,1825
0.9127700328826904,1826
0.9135069847106934,1827
0.9139189720153809,1828
0.9143218994140625,1829
0.9147231578826904,1830
0.9152750968933105,1831
0.9156877994537354,1832
0.9160890579223633,1833
0.9164910316467285,1834
0.9169199466705322,1835
0.9173710346221924,1836
0.9178621768951416,1837
0.918665885925293,1838
0.919389009475708,1839
0.9198849201202393,1840
0.9202859401702881,1841
0.9207940101623535,1842
0.921191930770874,1843
0.9215929508209229,1844
0.9219930171966553,1845
0.9224481582641602,1846
0.9228551387786865,1847
0.9233300685882568,1848
0.9238979816436768,1849
0.9243619441986084,1850
0.9250538349151611,1851
0.9255650043487549,1852
0.9259710311889648,1853
0.926663875579834,1854
0.9273350238800049,1855
0.9281079769134521,1856
0.9285638332366943,1857
0.9292469024658203,1858
0.9296669960021973,1859
0.930109977722168,1860
0.9305882453918457,1861
0.9309959411621094,1862
0.9314999580383301,1863
0.9320230484008789,1864
0.9324889183044434,1865
0.9328920841217041,1866
0.9332940578460693,1867
0.9336938858032227,1868
0.9340951442718506,1869
0.9347848892211914,1870
0.9354209899902344,1871
0.9359338283538818,1872
0.9364240169525146,1873
0.9368300437927246,1874
0.9372332096099854,1875
0.9376330375671387,1876
0.9381208419799805,1877
0.9385111331939697,1878
0.939039945602417,1879
0.9394919872283936,1880
0.9399831295013428,1881
0.9403891563415527,1882
0.940824031829834,1883
0.9412150382995605,1884
0.9416079521179199,1885
0.9420390129089355,1886
0.9426648616790771,1887
0.9432802200317383,1888
0.943720817565918,1889
0.9441149234771729,1890
0.9445040225982666,1891
0.9449400901794434,1892
0.9454100131988525,1893
0.9458069801330566,1894
0.9462571144104004,1895
0.9467160701751709,1896
0.9471988677978516,1897
0.9475891590118408,1898
0.9479780197143555,1899
0.948369026184082,1900
0.9489080905914307,1901
0.9493591785430908,1902
0.9498229026794434,1903
0.9502320289611816,1904
0.9512100219726562,1905
0.9517810344696045,1906
0.9522490501403809,1907
0.9526400566101074,1908
0.9530849456787109,1909
0.9534718990325928,1910
0.9538989067077637,1911
0.9544110298156738,1912
0.9548640251159668,1913
0.9553678035736084,1914
0.9557890892028809,1915
0.9563350677490234,1916
0.95676589012146,1917
0.9571702480316162,1918
0.9576029777526855,1919
0.958122968673706,1920
0.9588420391082764,1921
0.9593358039855957,1922
0.9597408771514893,1923
0.9601399898529053,1924
0.9605381488800049,1925
0.960935115814209,1926
0.9613361358642578,1927
0.9618940353393555,1928
0.9624078273773193,1929
0.962893009185791,1930
0.963292121887207,1931
0.9636878967285156,1932
0.9642889499664307,1933
0.9649100303649902,1934
0.9653739929199219,1935
0.9657998085021973,1936
0.9661979675292969,1937
0.9666810035705566,1938
0.9672119617462158,1939
0.9676761627197266,1940
0.9681010246276855,1941
0.9685051441192627,1942
0.969027042388916,1943
0.9695470333099365,1944
0.9700279235839844,1945
0.9704618453979492,1946
0.9708621501922607,1947
0.9712619781494141,1948
0.9717710018157959,1949
0.9722440242767334,1950
0.9727110862731934,1951
0.9733130931854248,1952
0.9737269878387451,1953
0.9741308689117432,1954
0.9745309352874756,1955
0.9751720428466797,1956
0.9755880832672119,1957
0.97599196434021,1958
0.9764809608459473,1959
0.9769258499145508,1960
0.9773759841918945,1961
0.9777741432189941,1962
0.9782278537750244,1963
0.9787781238555908,1964
0.9792280197143555,1965
0.9796249866485596,1966
0.9801678657531738,1967
0.9806790351867676,1968
0.9810831546783447,1969
0.9814820289611816,1970
0.9818799495697021,1971
0.9823379516601562,1972
0.9829339981079102,1973
0.9834311008453369,1974
0.9838321208953857,1975
0.984468936920166,1976
0.9848928451538086,1977
0.985436201095581,1978
0.9860248565673828,1979
0.9865090847015381,1980
0.9869821071624756,1981
0.9874858856201172,1982
0.9879570007324219,1983
0.9884309768676758,1984
0.9889898300170898,1985
0.9896669387817383,1986
0.9900860786437988,1987
0.9906480312347412,1988
0.9912149906158447,1989
0.9916260242462158,1990
0.9920670986175537,1991
0.9926578998565674,1992
0.9931080341339111,1993
0.9936609268188477,1994
0.9941501617431641,1995
0.9947628974914551,1996
0.995776891708374,1997
0.9965040683746338,1998
0.9969980716705322,1999
0.9974992275238037,2000
0.997931957244873,2001
0.9983539581298828,2002
0.9989781379699707,2003
0.9997460842132568,2004
1.000546932220459,2005
1.0013270378112793,2006
1.0020122528076172,2007
1.0027399063110352,2008
1.0035219192504883,2009
1.004249095916748,2010
1.0049450397491455,2011
1.0056540966033936,2012
1.0063960552215576,2013
1.0070950984954834,2014
1.0077869892120361,2015
1.0082721710205078,2016
1.0088071823120117,2017
1.0094151496887207,2018
1.009904146194458,2019
1.0103421211242676,2020
1.0110180377960205,2021
1.0116479396820068,2022
1.0121359825134277,2023
1.012580156326294,2024
1.0129971504211426,2025
1.0135819911956787,2026
1.014132022857666,2027
1.0146210193634033,2028
1.015166997909546,2029
1.0157930850982666,2030
1.0162639617919922,2031
1.0167279243469238,2032
1.0171470642089844,2033
1.0175669193267822,2034
1.017989158630371,2035
1.0184261798858643,2036
1.0189850330352783,2037
1.0196080207824707,2038
1.020165205001831,2039
1.0207090377807617,2040
1.0213251113891602,2041
1.0218470096588135,2042
1.0223190784454346,2043
1.0227560997009277,2044
1.0233080387115479,2045
1.0237832069396973,2046
1.0242748260498047,2047
1.0247962474822998,2048
1.0253419876098633,2049
1.0259041786193848,2050
1.026357889175415,2051
1.0267891883850098,2052
1.0271861553192139,2053
1.0275912284851074,2054
1.0279769897460938,2055
1.0283639430999756,2056
1.0288240909576416,2057
1.0293219089508057,2058
1.0297610759735107,2059
1.0303130149841309,2060
1.030824899673462,2061
1.0314621925354004,2062
1.0321650505065918,2063
1.0327138900756836,2064
1.0332300662994385,2065
1.0336711406707764,2066
1.034066915512085,2067
1.0344581604003906,2068
1.0349760055541992,2069
1.0355651378631592,2070
1.0360040664672852,2071
1.036440134048462,2072
1.0368859767913818,2073
1.0374279022216797,2074
1.037827968597412,2075
1.0382258892059326,2076
1.038646936416626,2077
1.039473056793213,2078
1.0401101112365723,2079
1.0405869483947754,2080
1.0411131381988525,2081
1.0416271686553955,2082
1.042024850845337,2083
1.0424199104309082,2084
1.043015956878662,2085
1.0434191226959229,2086
1.0438129901885986,2087
1.0442092418670654,2088
1.044693946838379,2089
1.0452899932861328,2090
1.0456969738006592,2091
1.0460951328277588,2092
1.04649019241333,2093
1.0468850135803223,2094
1.0475928783416748,2095
1.0482850074768066,2096
1.0487821102142334,2097
1.0492541790008545,2098
1.0496571063995361,2099
1.050050973892212,2100
1.0504469871520996,2101
1.0508430004119873,2102
1.0512380599975586,2103
1.0516331195831299,2104
1.0520730018615723,2105
1.052645206451416,2106
1.0531730651855469,2107
1.0536160469055176,2108
1.0541629791259766,2109
1.0545709133148193,2110
1.0551140308380127,2111
1.0555698871612549,2112
1.0563960075378418,2113
1.0568509101867676,2114
1.0572478771209717,2115
1.0576910972595215,2116
1.0580878257751465,2117
1.0584828853607178,2118
1.0589611530303955,2119
1.0597920417785645,2120
1.0603859424591064,2121
1.060866117477417,2122
1.0617311000823975,2123
1.0622739791870117,2124
1.0627140998840332,2125
1.0633909702301025,2126
1.06386399269104,2127
1.0642650127410889,2128
1.0647320747375488,2129
1.0653119087219238,2130
1.065721035003662,2131
1.0661518573760986,2132
1.0665500164031982,2133
1.0669901371002197,2134
1.0674209594726562,2135
1.0678188800811768,2136
1.0682520866394043,2137
1.068647861480713,2138
1.0692028999328613,2139
1.0696659088134766,2140
1.0702269077301025,2141
1.070720911026001,2142
1.0711679458618164,2143
1.071800947189331,2144
1.0722081661224365,2145
1.0726048946380615,2146
1.0729992389678955,2147
1.0733940601348877,2148
1.0737898349761963,2149
1.0741839408874512,2150
1.0746209621429443,2151
1.0752320289611816,2152
1.0756630897521973,2153
1.0760600566864014,2154
1.0764551162719727,2155
1.076850175857544,2156
1.0772669315338135,2157
1.0776770114898682,2158
1.0781149864196777,2159
1.0785541534423828,2160
1.079057216644287,2161
1.079491138458252,2162
1.0801670551300049,2163
1.080801010131836,2164
1.0814368724822998,2165
1.0820519924163818,2166
1.0826389789581299,2167
1.08306884765625,2168
1.0835599899291992,2169
1.084054946899414,2170
1.084542989730835,2171
1.085137128829956,2172
1.0859220027923584,2173
1.0864179134368896,2174
1.0868558883666992,2175
1.087292194366455,2176
1.0878078937530518,2177
1.088263988494873,2178
1.0888171195983887,2179
1.0892729759216309,2180
1.0898411273956299,2181
1.0902378559112549,2182
1.0906522274017334,2183
1.0911390781402588,2184
1.0916972160339355,2185
1.0921998023986816,2186
1.0927889347076416,2187
1.093214988708496,2188
1.0937011241912842,2189
1.0942120552062988,2190
1.0946950912475586,2191
1.0952470302581787,2192
1.0956568717956543,2193
1.0960519313812256,2194
1.0966520309448242,2195
1.0971970558166504,2196
1.097602128982544,2197
1.097999095916748,2198
1.0983941555023193,2199
1.0989208221435547,2200
1.0993762016296387,2201
1.0998141765594482,2202
1.1002709865570068,2203
1.100822925567627,2204
1.1012458801269531,2205
1.1017510890960693,2206
1.1022729873657227,2207
1.1026859283447266,2208
1.1030809879302979,2209
1.1034748554229736,2210
1.1038670539855957,2211
1.1044659614562988,2212
1.10487699508667,2213
1.1053290367126465,2214
1.1057660579681396,2215
1.1061580181121826,2216
1.106553077697754,2217
1.1069440841674805,2218
1.10760498046875,2219
1.1080670356750488,2220
1.1085050106048584,2221
1.1090271472930908,2222
1.1094350814819336,2223
1.1098361015319824,2224
1.1102299690246582,2225
1.1106219291687012,2226
1.1110169887542725,2227
1.111410140991211,2228
1.1120209693908691,2229
1.1124310493469238,2230
1.1129038333892822,2231
1.1133790016174316,2232
1.1137750148773193,2233
1.1141679286956787,2234
1.1145610809326172,2235
1.115164041519165,2236
1.1156110763549805,2237
1.1160409450531006,2238
1.1164348125457764,2239
1.116828203201294,2240
1.1172220706939697,2241
1.1176230907440186,2242
1.1180810928344727,2243
1.1184728145599365,2244
1.1190578937530518,2245
1.1196091175079346,2246
1.1200051307678223,2247
1.1205830574035645,2248
1.120976209640503,2249
1.1213600635528564,2250
1.1217420101165771,2251
1.1221261024475098,2252
1.1225090026855469,2253
1.1230521202087402,2254
1.1235480308532715,2255
1.1239349842071533,2256
1.1243619918823242,2257
1.1249089241027832,2258
1.1253728866577148,2259
1.125762939453125,2260
1.126150131225586,2261
1.1265740394592285,2262
1.1270020008087158,2263
1.1274490356445312,2264
1.1278431415557861,2265
1.1283950805664062,2266
1.1289401054382324,2267
1.1293950080871582,2268
1.12990403175354,2269
1.1304738521575928,2270
1.1309900283813477,2271
1.1313819885253906,2272
1.1317739486694336,2273
1.132167100906372,2274
1.1325581073760986,2275
1.1329882144927979,2276
1.1333801746368408,2277
1.1337740421295166,2278
1.1341660022735596,2279
1.134599208831787,2280
1.1352019309997559,2281
1.1356148719787598,2282
1.1362910270690918,2283
1.136855125427246,2284
1.1373050212860107,2285
1.1376979351043701,2286
1.1381947994232178,2287
1.1386370658874512,2288
1.139176845550537,2289
1.1395900249481201,2290
1.139991044998169,2291
1.1404640674591064,2292
1.1408560276031494,2293
1.1412489414215088,2294
1.1416409015655518,2295
1.1420741081237793,2296
1.1425001621246338,2297
1.1428921222686768,2298
1.1432850360870361,2299
1.1437220573425293,2300
1.1444640159606934,2301
1.1451120376586914,2302
1.1455841064453125,2303
1.1460239887237549,2304
1.1464929580688477,2305
1.147062063217163,2306
1.1475162506103516,2307
1.1479120254516602,2308
1.1483068466186523,2309
1.1488430500030518,2310
1.1493380069732666,2311
1.149785041809082,2312
1.1501832008361816,2313
1.1506099700927734,2314
1.1510350704193115,2315
1.151582956314087,2316
1.1520938873291016,2317
1.1526579856872559,2318
1.1532127857208252,2319
1.153630018234253,2320
1.154029130935669,2321
1.1544420719146729,2322
1.154987096786499,2323
1.1554059982299805,2324
1.1558010578155518,2325
1.1561939716339111,2326
1.1566400527954102,2327
1.157249927520752,2328
1.1576671600341797,2329
1.158141851425171,2330
1.1585321426391602,2331
1.1590650081634521,2332
1.1594760417938232,2333
1.159959077835083,2334
1.1606719493865967,2335
1.1611371040344238,2336
1.1615359783172607,2337
1.1619288921356201,2338
1.1623191833496094,2339
1.1629810333251953,2340
1.1634669303894043,2341
1.1639249324798584,2342
1.1643381118774414,2343
1.1648271083831787,2344
1.1653199195861816,2345
1.1657600402832031,2346
1.1661510467529297,2347
1.1665430068969727,2348
1.1669340133666992,2349
1.1673240661621094,2350
1.167712926864624,2351
1.1681149005889893,2352
1.16886305809021,2353
1.1695599555969238,2354
1.1704151630401611,2355
1.1709659099578857,2356
1.1714460849761963,2357
1.1720781326293945,2358
1.172555923461914,2359
1.1730201244354248,2360
1.1734158992767334,2361
1.1738102436065674,2362
1.1742470264434814,2363
1.174793004989624,2364
1.1754419803619385,2365
1.1759028434753418,2366
1.1765491962432861,2367
1.1770169734954834,2368
1.1774251461029053,2369
1.1778209209442139,2370
1.1782150268554688,2371
1.1786081790924072,2372
1.1791448593139648,2373
1.1796181201934814,2374
1.1800289154052734,2375
1.1804239749908447,2376
1.1808178424835205,2377
1.1812081336975098,2378
1.1815989017486572,2379
1.182034969329834,2380
1.1824619770050049,2381
1.182854175567627,2382
1.1833672523498535,2383
1.1837728023529053,2384
1.1841981410980225,2385
1.1850290298461914,2386
1.185553789138794,2387
1.1860761642456055,2388
1.1866328716278076,2389
1.187087059020996,2390
1.1874799728393555,2391
1.1878700256347656,2392
1.1882600784301758,2393
1.1886930465698242,2394
1.1892139911651611,2395
1.1896271705627441,2396
1.190058946609497,2397
1.1906070709228516,2398
1.1910500526428223,2399
1.1914448738098145,2400
1.191838026046753,2401
1.1922318935394287,2402
1.1928539276123047,2403
1.1934590339660645,2404
1.1938550472259521,2405
1.1942970752716064,2406
1.1947262287139893,2407
1.1953010559082031,2408
1.1958179473876953,2409
1.1962940692901611,2410
1.1966969966888428,2411
1.1970880031585693,2412
1.1975150108337402,2413
1.197950839996338,2414
1.1984131336212158,2415
1.1989099979400635,2416
1.1993680000305176,2417
1.1997671127319336,2418
1.2001631259918213,2419
1.2006630897521973,2420
1.2010679244995117,2421
1.201465129852295,2422
1.2019619941711426,2423
1.2024009227752686,2424
1.202864170074463,2425
1.20334792137146,2426
1.2037429809570312,2427
1.204132080078125,2428
1.204521894454956,2429
1.2050721645355225,2430
1.2056570053100586,2431
1.2060999870300293,2432
1.2064990997314453,2433
1.2068898677825928,2434
1.2073309421539307,2435
1.2077240943908691,2436
1.2081148624420166,2437
1.2085440158843994,2438
1.209319829940796,2439
1.2097930908203125,2440
1.2101891040802002,2441
1.2105820178985596,2442
1.2109770774841309,2443
1.2113699913024902,2444
1.2119560241699219,2445
1.2124810218811035,2446
1.2131168842315674,2447
1.2136459350585938,2448
1.2141361236572266,2449
1.214595079421997,2450
1.2151000499725342,2451
1.2155001163482666,2452
1.215890884399414,2453
1.216278076171875,2454
1.2167432308197021,2455
1.2174279689788818,2456
1.2178738117218018,2457
1.2182660102844238,2458
1.2187671661376953,2459
1.2193310260772705,2460
1.2197728157043457,2461
1.2201809883117676,2462
1.220628023147583,2463
1.2210731506347656,2464
1.221472978591919,2465
1.221987009048462,2466
1.2224440574645996,2467
1.2228400707244873,2468
1.2232308387756348,2469
1.2237319946289062,2470
1.224128007888794,2471
1.2245700359344482,2472
1.2252111434936523,2473
1.2256581783294678,2474
1.2260520458221436,2475
1.2264392375946045,2476
1.2268259525299072,2477
1.2272131443023682,2478
1.2276458740234375,2479
1.2281169891357422,2480
1.2285430431365967,2481
1.2290630340576172,2482
1.2294840812683105,2483
1.2298669815063477,2484
1.2303311824798584,2485
1.230713129043579,2486
1.2310950756072998,2487
1.2315409183502197,2488
1.2320680618286133,2489
1.2326431274414062,2490
1.2330732345581055,2491
1.2335071563720703,2492
1.2339520454406738,2493
1.2343740463256836,2494
1.2348520755767822,2495
1.2353169918060303,2496
1.2359910011291504,2497
1.2365128993988037,2498
1.236903190612793,2499
1.237281084060669,2500
1.2378039360046387,2501
1.2382571697235107,2502
1.2387199401855469,2503
1.2394750118255615,2504
1.239980936050415,2505
1.2404611110687256,2506
1.241028070449829,2507
1.241480827331543,2508
1.2418739795684814,2509
1.242300033569336,2510
1.2426910400390625,2511
1.2431700229644775,2512
1.2436211109161377,2513
1.2440190315246582,2514
1.2444090843200684,2515
1.244800090789795,2516
1.2453601360321045,2517
1.2457590103149414,2518
1.2461481094360352,2519
1.2465970516204834,2520
1.247164249420166,2521
1.247560977935791,2522
1.2479560375213623,2523
1.2483439445495605,2524
1.2488210201263428,2525
1.2493062019348145,2526
1.2497780323028564,2527
1.2501590251922607,2528
1.2507569789886475,2529
1.2511630058288574,2530
1.2515461444854736,2531
1.2519280910491943,2532
1.2524521350860596,2533
1.2529640197753906,2534
1.2534730434417725,2535
1.2539451122283936,2536
1.254331111907959,2537
1.2547900676727295,2538
1.255312204360962,2539
1.2557671070098877,2540
1.2562570571899414,2541
1.2566399574279785,2542
1.2570228576660156,2543
1.2576041221618652,2544
1.2581291198730469,2545
1.258573055267334,2546
1.2591111660003662,2547
1.2595109939575195,2548
1.2598991394042969,2549
1.2602870464324951,2550
1.2606749534606934,2551
1.2610630989074707,2552
1.2615091800689697,2553
1.26192307472229,2554
1.262362003326416,2555
1.2627499103546143,2556
1.2631380558013916,2557
1.263524055480957,2558
1.2639129161834717,2559
1.2643001079559326,2560
1.2646901607513428,2561
1.2653989791870117,2562
1.265873908996582,2563
1.2662620544433594,2564
1.2666490077972412,2565
1.2670750617980957,2566
1.267549991607666,2567
1.267930030822754,2568
1.2683110237121582,2569
1.268752098083496,2570
1.269270896911621,2571
1.2697100639343262,2572
1.27012300491333,2573
1.2705020904541016,2574
1.270880937576294,2575
1.2712600231170654,2576
1.271639108657837,2577
1.2720189094543457,2578
1.2724909782409668,2579
1.2729289531707764,2580
1.2735538482666016,2581
1.2739839553833008,2582
1.2743642330169678,2583
1.2747440338134766,2584
1.2752912044525146,2585
1.2756831645965576,2586
1.2760639190673828,2587
1.2764430046081543,2588
1.2769241333007812,2589
1.2773959636688232,2590
1.2777750492095947,2591
1.2782390117645264,2592
1.2786190509796143,2593
1.2791202068328857,2594
1.2795040607452393,2595
1.280217170715332,2596
1.2807509899139404,2597
1.2812039852142334,2598
1.2818491458892822,2599
1.2822399139404297,2600
1.282620906829834,2601
1.282999038696289,2602
1.2833781242370605,2603
1.283829927444458,2604
1.284210205078125,2605
1.2846360206604004,2606
1.2851519584655762,2607
1.2855420112609863,2608
1.286046028137207,2609
1.2865169048309326,2610
1.2869291305541992,2611
1.2874000072479248,2612
1.287931203842163,2613
1.288403034210205,2614
1.2890071868896484,2615
1.2897999286651611,2616
1.2903931140899658,2617
1.2908878326416016,2618
1.291306972503662,2619
1.2917191982269287,2620
1.2921710014343262,2621
1.2926220893859863,2622
1.2932751178741455,2623
1.2936680316925049,2624
1.294057846069336,2625
1.294550895690918,2626
1.2951858043670654,2627
1.2957110404968262,2628
1.2961540222167969,2629
1.2965500354766846,2630
1.2969369888305664,2631
1.2973251342773438,2632
1.2979152202606201,2633
1.2983028888702393,2634
1.298802137374878,2635
1.2992970943450928,2636
1.2998631000518799,2637
1.3002450466156006,2638
1.3006250858306885,2639
1.3010039329528809,2640
1.301382064819336,2641
1.3017590045928955,2642
1.302138090133667,2643
1.3026421070098877,2644
1.3031768798828125,2645
1.3036022186279297,2646
1.3039801120758057,2647
1.3043570518493652,2648
1.3047640323638916,2649
1.305527925491333,2650
1.3062121868133545,2651
1.3066601753234863,2652
1.3070809841156006,2653
1.3075120449066162,2654
1.3078980445861816,2655
1.3082849979400635,2656
1.3088021278381348,2657
1.3092751502990723,2658
1.3096740245819092,2659
1.3101470470428467,2660
1.3107719421386719,2661
1.3113059997558594,2662
1.3116979598999023,2663
1.3120901584625244,2664
1.312479019165039,2665
1.3128681182861328,2666
1.313256025314331,2667
1.3138279914855957,2668
1.3142261505126953,2669
1.3146579265594482,2670
1.3152661323547363,2671
1.3156700134277344,2672
1.3162438869476318,2673
1.316636085510254,2674
1.3170280456542969,2675
1.3174540996551514,2676
1.3178439140319824,2677
1.3183448314666748,2678
1.3189489841461182,2679
1.319432020187378,2680
1.3198320865631104,2681
1.320220947265625,2682
1.3206090927124023,2683
1.321040153503418,2684
1.3216660022735596,2685
1.3221070766448975,2686
1.3224968910217285,2687
1.3228862285614014,2688
1.3232719898223877,2689
1.3236589431762695,2690
1.3240461349487305,2691
1.3244349956512451,2692
1.3248810768127441,2693
1.3253810405731201,2694
1.325835943222046,2695
1.326268196105957,2696
1.3266980648040771,2697
1.3270902633666992,2698
1.327481985092163,2699
1.3278751373291016,2700
1.3282649517059326,2701
1.3286550045013428,2702
1.3291640281677246,2703
1.3297500610351562,2704
1.3302230834960938,2705
1.3306169509887695,2706
1.331010103225708,2707
1.3314039707183838,2708
1.3317930698394775,2709
1.332261085510254,2710
1.3327610492706299,2711
1.3333489894866943,2712
1.3337490558624268,2713
1.3341410160064697,2714
1.3345370292663574,2715
1.3350179195404053,2716
1.3354370594024658,2717
1.3358268737792969,2718
1.336238145828247,2719
1.3368160724639893,2720
1.3373610973358154,2721
1.3381402492523193,2722
1.3386049270629883,2723
1.3391358852386475,2724
1.3395378589630127,2725
1.3400070667266846,2726
1.3403971195220947,2727
1.3408551216125488,2728
1.3412821292877197,2729
1.341670036315918,2730
1.3420579433441162,2731
1.3424460887908936,2732
1.342834234237671,2733
1.3432738780975342,2734
1.3436620235443115,2735
1.344048023223877,2736
1.3444762229919434,2737
1.3450829982757568,2738
1.345487117767334,2739
1.3458750247955322,2740
1.3464720249176025,2741
1.3469469547271729,2742
1.3473708629608154,2743
1.3477611541748047,2744
1.3483362197875977,2745
1.3488199710845947,2746
1.3492531776428223,2747
1.3496451377868652,2748
1.3500339984893799,2749
1.3504209518432617,2750
1.350809097290039,2751
1.3511979579925537,2752
1.3515870571136475,2753
1.3520171642303467,2754
1.3524651527404785,2755
1.3529179096221924,2756
1.3533120155334473,2757
1.353701114654541,2758
1.3544909954071045,2759
1.3551609516143799,2760
1.3557369709014893,2761
1.3561289310455322,2762
1.3565192222595215,2763
1.356909990310669,2764
1.357300043106079,2765
1.357738971710205,2766
1.3582699298858643,2767
1.3588459491729736,2768
1.3594980239868164,2769
1.3599019050598145,2770
1.3602931499481201,2771
1.3609020709991455,2772
1.3618061542510986,2773
1.362598180770874,2774
1.3631532192230225,2775
1.3635730743408203,2776
1.3640618324279785,2777
1.3644609451293945,2778
1.364861011505127,2779
1.365441083908081,2780
1.3658621311187744,2781
1.3663432598114014,2782
1.3670110702514648,2783
1.3674778938293457,2784
1.367893934249878,2785
1.368312120437622,2786
1.369049072265625,2787
1.3698580265045166,2788
1.370732069015503,2789
1.3713479042053223,2790
1.3717858791351318,2791
1.3721778392791748,2792
1.3725659847259521,2793
1.3729541301727295,2794
1.3733439445495605,2795
1.3737330436706543,2796
1.3741569519042969,2797
1.374587059020996,2798
1.3751499652862549,2799
1.375560998916626,2800
1.3760502338409424,2801
1.376451015472412,2802
1.3768408298492432,2803
1.377267837524414,2804
1.3776960372924805,2805
1.3783800601959229,2806
1.3788609504699707,2807
1.379310131072998,2808
1.379723072052002,2809
1.3803279399871826,2810
1.3809289932250977,2811
1.3813960552215576,2812
1.3821170330047607,2813
1.3826391696929932,2814
1.3832221031188965,2815
1.3836579322814941,2816
1.3840491771697998,2817
1.3844850063323975,2818
1.3850460052490234,2819
1.385650873184204,2820
1.386220932006836,2821
1.3866350650787354,2822
1.3870251178741455,2823
1.3875200748443604,2824
1.3879139423370361,2825
1.3883030414581299,2826
1.3887019157409668,2827
1.3891990184783936,2828
1.3896710872650146,2829
1.3900988101959229,2830
1.390489101409912,2831
1.390876054763794,2832
1.3913068771362305,2833
1.391697883605957,2834
1.392085075378418,2835
1.392514944076538,2836
1.3929588794708252,2837
1.3934080600738525,2838
1.3939261436462402,2839
1.3943641185760498,2840
1.3947560787200928,2841
1.395298957824707,2842
1.3957030773162842,2843
1.3960938453674316,2844
1.396481990814209,2845
1.396960973739624,2846
1.3973510265350342,2847
1.3977468013763428,2848
1.3981249332427979,2849
1.3985040187835693,2850
1.3989930152893066,2851
1.3994190692901611,2852
1.3998961448669434,2853
1.4003901481628418,2854
1.4009010791778564,2855
1.4012961387634277,2856
1.4016859531402588,2857
1.4020910263061523,2858
1.4027152061462402,2859
1.4031329154968262,2860
1.4035160541534424,2861
1.4038949012756348,2862
1.4043121337890625,2863
1.4047589302062988,2864
1.4053690433502197,2865
1.4060070514678955,2866
1.4064052104949951,2867
1.4067912101745605,2868
1.4072120189666748,2869
1.4076600074768066,2870
1.4082438945770264,2871
1.4087090492248535,2872
1.4091720581054688,2873
1.409607172012329,2874
1.4101080894470215,2875
1.4106311798095703,2876
1.4110331535339355,2877
1.4114229679107666,2878
1.4119069576263428,2879
1.4123330116271973,2880
1.4128241539001465,2881
1.4133720397949219,2882
1.4138269424438477,2883
1.4142179489135742,2884
1.4146289825439453,2885
1.4151630401611328,2886
1.415714979171753,2887
1.4161350727081299,2888
1.4165658950805664,2889
1.4169971942901611,2890
1.41756010055542,2891
1.417999029159546,2892
1.418440818786621,2893
1.419368028640747,2894
1.4198930263519287,2895
1.420316219329834,2896
1.420741081237793,2897
1.4211399555206299,2898
1.4215669631958008,2899
1.4219582080841064,2900
1.4224188327789307,2901
1.4228432178497314,2902
1.4234280586242676,2903
1.4238388538360596,2904
1.4243130683898926,2905
1.4247632026672363,2906
1.4252500534057617,2907
1.4256508350372314,2908
1.426042079925537,2909
1.4268410205841064,2910
1.427367925643921,2911
1.4277639389038086,2912
1.428152084350586,2913
1.4285409450531006,2914
1.4291441440582275,2915
1.4295530319213867,2916
1.4301061630249023,2917
1.430621862411499,2918
1.4310598373413086,2919
1.431452989578247,2920
1.4318420886993408,2921
1.4322311878204346,2922
1.4326629638671875,2923
1.433053970336914,2924
1.4334981441497803,2925
1.4343008995056152,2926
1.4347879886627197,2927
1.4353539943695068,2928
1.4358420372009277,2929
1.436241865158081,2930
1.4366309642791748,2931
1.4370958805084229,2932
1.4375228881835938,2933
1.4380121231079102,2934
1.4384818077087402,2935
1.4390590190887451,2936
1.439507007598877,2937
1.4399001598358154,2938
1.4402899742126465,2939
1.4409358501434326,2940
1.4415841102600098,2941
1.4420900344848633,2942
1.4424800872802734,2943
1.44287109375,2944
1.4432601928710938,2945
1.443647861480713,2946
1.4440360069274902,2947
1.4444239139556885,2948
1.4448530673980713,2949
1.4454209804534912,2950
1.4459030628204346,2951
1.44635009765625,2952
1.4467830657958984,2953
1.4471721649169922,2954
1.4475598335266113,2955
1.4479501247406006,2956
1.4483389854431152,2957
1.4488129615783691,2958
1.4496428966522217,2959
1.4502379894256592,2960
1.4507520198822021,2961
1.451228141784668,2962
1.4518120288848877,2963
1.4522621631622314,2964
1.4528298377990723,2965
1.4534809589385986,2966
1.4539530277252197,2967
1.4545772075653076,2968
1.4550771713256836,2969
1.4554719924926758,2970
1.4559071063995361,2971
1.456299066543579,2972
1.4567270278930664,2973
1.4574899673461914,2974
1.457974910736084,2975
1.4583740234375,2976
1.4588909149169922,2977
1.459338903427124,2978
1.4598650932312012,2979
1.4602632522583008,2980
1.4607250690460205,2981
1.4611902236938477,2982
1.461583137512207,2983
1.461972951889038,2984
1.4623630046844482,2985
1.462895154953003,2986
1.4632899761199951,2987
1.4637839794158936,2988
1.4642291069030762,2989
1.4648182392120361,2990
1.4655649662017822,2991
1.466027021408081,2992
1.4664182662963867,2993
1.4668071269989014,2994
1.4671969413757324,2995
1.4676640033721924,2996
1.4682109355926514,2997
1.4686639308929443,2998
1.4691839218139648,2999
1.4695978164672852,3000
1.4699900150299072,3001
1.4703800678253174,3002
1.4707670211791992,3003
1.4713149070739746,3004
1.4718620777130127,3005
1.4724421501159668,3006
1.472877025604248,3007
1.4734790325164795,3008
1.473949909210205,3009
1.4743931293487549,3010
1.4748320579528809,3011
1.4753589630126953,3012
1.475841999053955,3013
1.4762680530548096,3014
1.4766571521759033,3015
1.4770469665527344,3016
1.4774341583251953,3017
1.4778218269348145,3018
1.4782111644744873,3019
1.4786019325256348,3020
1.479093074798584,3021
1.4796550273895264,3022
1.480194091796875,3023
1.4806439876556396,3024
1.4811408519744873,3025
1.4816360473632812,3026
1.4820411205291748,3027
1.4824750423431396,3028
1.4830310344696045,3029
1.4835209846496582,3030
1.483922004699707,3031
1.4843220710754395,3032
1.4847180843353271,3033
1.4851839542388916,3034
1.485584020614624,3035
1.4859728813171387,3036
1.4865100383758545,3037
1.4870760440826416,3038
1.4875130653381348,3039
1.4879028797149658,3040
1.488295078277588,3041
1.4887669086456299,3042
1.48921799659729,3043
1.4899377822875977,3044
1.4905600547790527,3045
1.491020917892456,3046
1.4914109706878662,3047
1.4918010234832764,3048
1.4921908378601074,3049
1.4925789833068848,3050
1.4929678440093994,3051
1.4933559894561768,3052
1.493786096572876,3053
1.494175910949707,3054
1.4946019649505615,3055
1.4951889514923096,3056
1.4955918788909912,3057
1.4959831237792969,3058
1.496372938156128,3059
1.4967610836029053,3060
1.4971990585327148,3061
1.497873067855835,3062
1.4983549118041992,3063
1.4989280700683594,3064
1.4993751049041748,3065
1.4997670650482178,3066
1.5001552104949951,3067
1.5005419254302979,3068
1.500931978225708,3069
1.5014960765838623,3070
1.5019850730895996,3071
1.502377986907959,3072
1.5028011798858643,3073
1.503377914428711,3074
1.5038399696350098,3075
1.5042328834533691,3076
1.5047149658203125,3077
1.5053880214691162,3078
1.5058989524841309,3079
1.506302833557129,3080
1.5066990852355957,3081
1.5070960521697998,3082
1.5074841976165771,3083
1.5078730583190918,3084
1.5082612037658691,3085
1.5087270736694336,3086
1.5092310905456543,3087
1.5096690654754639,3088
1.5101261138916016,3089
1.5105211734771729,3090
1.5109119415283203,3091
1.5113441944122314,3092
1.511733055114746,3093
1.5121209621429443,3094
1.5125930309295654,3095
1.5130670070648193,3096
1.5135679244995117,3097
1.5139679908752441,3098
1.5143611431121826,3099
1.5147790908813477,3100
1.5156199932098389,3101
1.516118049621582,3102
1.516510009765625,3103
1.5169870853424072,3104
1.5174100399017334,3105
1.5177981853485107,3106
1.5183861255645752,3107
1.5190091133117676,3108
1.5195069313049316,3109
1.5199599266052246,3110
1.5204150676727295,3111
1.520923137664795,3112
1.5213239192962646,3113
1.5217249393463135,3114
1.522118091583252,3115
1.5225799083709717,3116
1.5232701301574707,3117
1.5238099098205566,3118
1.5242040157318115,3119
1.5246379375457764,3120
1.5252480506896973,3121
1.5256519317626953,3122
1.526047945022583,3123
1.5264408588409424,3124
1.5268311500549316,3125
1.527224063873291,3126
1.5277290344238281,3127
1.5283229351043701,3128
1.5288019180297852,3129
1.5292479991912842,3130
1.5296430587768555,3131
1.5300610065460205,3132
1.5304839611053467,3133
1.530879020690918,3134
1.531601905822754,3135
1.5321760177612305,3136
1.5325710773468018,3137
1.5329608917236328,3138
1.5333900451660156,3139
1.533931016921997,3140
1.5343210697174072,3141
1.5347099304199219,3142
1.5352251529693604,3143
1.5357589721679688,3144
1.5363121032714844,3145
1.5367040634155273,3146
1.537095069885254,3147
1.537485122680664,3148
1.5378749370574951,3149
1.5382640361785889,3150
1.5386550426483154,3151
1.539402961730957,3152
1.5399541854858398,3153
1.5406908988952637,3154
1.5413260459899902,3155
1.5417368412017822,3156
1.542140245437622,3157
1.5426108837127686,3158
1.543323040008545,3159
1.543766975402832,3160
1.5443661212921143,3161
1.544996976852417,3162
1.5454158782958984,3163
1.5458779335021973,3164
1.546294927597046,3165
1.546717882156372,3166
1.5471742153167725,3167
1.547847032546997,3168
1.5482821464538574,3169
1.5486741065979004,3170
1.549103021621704,3171
1.5495450496673584,3172
1.5499708652496338,3173
1.5503630638122559,3174
1.5507628917694092,3175
1.5511589050292969,3176
1.551548957824707,3177
1.5519399642944336,3178
1.5523309707641602,3179
1.5527260303497314,3180
1.5531251430511475,3181
1.5535202026367188,3182
1.5541720390319824,3183
1.5547010898590088,3184
1.5552408695220947,3185
1.555995225906372,3186
1.5565118789672852,3187
1.5569121837615967,3188
1.557305097579956,3189
1.5576980113983154,3190
1.5582001209259033,3191
1.558603048324585,3192
1.5590689182281494,3193
1.5595929622650146,3194
1.5600581169128418,3195
1.5604510307312012,3196
1.5608928203582764,3197
1.561290979385376,3198
1.5616819858551025,3199
1.5620989799499512,3200
1.562492847442627,3201
1.5628840923309326,3202
1.5633740425109863,3203
1.5637738704681396,3204
1.564164161682129,3205
1.564551830291748,3206
1.5651299953460693,3207
1.5655810832977295,3208
1.566150188446045,3209
1.5665500164031982,3210
1.5669400691986084,3211
1.5673301219940186,3212
1.5677180290222168,3213
1.5681068897247314,3214
1.5684950351715088,3215
1.568965196609497,3216
1.5695018768310547,3217
1.5700039863586426,3218
1.570404052734375,3219
1.5708000659942627,3220
1.5711920261383057,3221
1.5717740058898926,3222
1.572432041168213,3223
1.5728309154510498,3224
1.573263168334961,3225
1.573685884475708,3226
1.5740740299224854,3227
1.574462890625,3228
1.5748751163482666,3229
1.5753469467163086,3230
1.5757420063018799,3231
1.5761380195617676,3232
1.5765249729156494,3233
1.5769462585449219,3234
1.5773429870605469,3235
1.577735185623169,3236
1.578125,3237
1.578514814376831,3238
1.5789921283721924,3239
1.5795178413391113,3240
1.5801751613616943,3241
1.580780029296875,3242
1.581179141998291,3243
1.5815751552581787,3244
1.581968069076538,3245
1.582360029220581,3246
1.5829071998596191,3247
1.5833179950714111,3248
1.583724021911621,3249
1.5841131210327148,3250
1.5845081806182861,3251
1.5850090980529785,3252
1.585456132888794,3253
1.5858469009399414,3254
1.5862362384796143,3255
1.5867910385131836,3256
1.5873498916625977,3257
1.587846040725708,3258
1.5884358882904053,3259
1.5890591144561768,3260
1.5894629955291748,3261
1.5898549556732178,3262
1.5902431011199951,3263
1.5907042026519775,3264
1.5910959243774414,3265
1.5914878845214844,3266
1.5918951034545898,3267
1.5922930240631104,3268
1.5926830768585205,3269
1.5930700302124023,3270
1.5934581756591797,3271
1.5938680171966553,3272
1.5942599773406982,3273
1.5946481227874756,3274
1.5951111316680908,3275
1.5956981182098389,3276
1.5963640213012695,3277
1.596850872039795,3278
1.5972440242767334,3279
1.5976381301879883,3280
1.5980300903320312,3281
1.5984208583831787,3282
1.598829984664917,3283
1.5993800163269043,3284
1.599776029586792,3285
1.6001641750335693,3286
1.6005539894104004,3287
1.6009409427642822,3288
1.6013450622558594,3289
1.6017358303070068,3290
1.6021230220794678,3291
1.602518081665039,3292
1.6029610633850098,3293
1.6034910678863525,3294
1.603938102722168,3295
1.6045639514923096,3296
1.6050660610198975,3297
1.6055080890655518,3298
1.6058969497680664,3299
1.6062870025634766,3300
1.6066789627075195,3301
1.6070928573608398,3302
1.607483148574829,3303
1.607896089553833,3304
1.6082842350006104,3305
1.6086790561676025,3306
1.6091439723968506,3307
1.6095380783081055,3308
1.6099720001220703,3309
1.6104190349578857,3310
1.6108310222625732,3311
1.6112298965454102,3312
1.6116788387298584,3313
1.612145185470581,3314
1.612649917602539,3315
1.6131141185760498,3316
1.613509178161621,3317
1.6138958930969238,3318
1.6142818927764893,3319
1.6146721839904785,3320
1.6151270866394043,3321
1.6155219078063965,3322
1.6159169673919678,3323
1.616312026977539,3324
1.6167001724243164,3325
1.6170899868011475,3326
1.6174790859222412,3327
1.6178710460662842,3328
1.6182589530944824,3329
1.6186769008636475,3330
1.619171142578125,3331
1.6197760105133057,3332
1.6201882362365723,3333
1.6205780506134033,3334
1.620971918106079,3335
1.6213629245758057,3336
1.621751070022583,3337
1.6221439838409424,3338
1.6225881576538086,3339
1.6229901313781738,3340
1.623377799987793,3341
1.623769998550415,3342
1.6241579055786133,3343
1.6245460510253906,3344
1.6250941753387451,3345
1.6255171298980713,3346
1.6259970664978027,3347
1.6263868808746338,3348
1.6267750263214111,3349
1.6271648406982422,3350
1.6276190280914307,3351
1.6282942295074463,3352
1.6288659572601318,3353
1.6293060779571533,3354
1.6297430992126465,3355
1.6301722526550293,3356
1.6307690143585205,3357
1.6312789916992188,3358
1.6317059993743896,3359
1.6320970058441162,3360
1.632483959197998,3361
1.6328840255737305,3362
1.6333439350128174,3363
1.6337389945983887,3364
1.6341300010681152,3365
1.6345179080963135,3366
1.63493013381958,3367
1.6353960037231445,3368
1.635939121246338,3369
1.636526107788086,3370
1.636949062347412,3371
1.6373538970947266,3372
1.6377530097961426,3373
1.6381518840789795,3374
1.6385488510131836,3375
1.6390421390533447,3376
1.6394941806793213,3377
1.639922857284546,3378
1.6403119564056396,3379
1.6407191753387451,3380
1.641117811203003,3381
1.6415181159973145,3382
1.641916036605835,3383
1.6423149108886719,3384
1.642714023590088,3385
1.643111228942871,3386
1.643507957458496,3387
1.6439931392669678,3388
1.6443991661071777,3389
1.644798994064331,3390
1.6452510356903076,3391
1.6456480026245117,3392
1.6460390090942383,3393
1.6464271545410156,3394
1.6468360424041748,3395
1.6472370624542236,3396
1.6476409435272217,3397
1.6480481624603271,3398
1.648461103439331,3399
1.6489341259002686,3400
1.6493430137634277,3401
1.6497550010681152,3402
1.6501538753509521,3403
1.6505510807037354,3404
1.6509571075439453,3405
1.65134596824646,3406
1.6517329216003418,3407
1.6523640155792236,3408
1.6528382301330566,3409
1.65323805809021,3410
1.653637170791626,3411
1.654033899307251,3412
1.654430866241455,3413
1.6548950672149658,3414
1.6553900241851807,3415
1.655822992324829,3416
1.6562421321868896,3417
1.6566720008850098,3418
1.6570899486541748,3419
1.6575019359588623,3420
1.657914161682129,3421
1.658322811126709,3422
1.6587650775909424,3423
1.6591899394989014,3424
1.6596400737762451,3425
1.6600968837738037,3426
1.6605160236358643,3427
1.6609530448913574,3428
1.6613738536834717,3429
1.6618049144744873,3430
1.6622319221496582,3431
1.6626529693603516,3432
1.6631040573120117,3433
1.6635360717773438,3434
1.6639580726623535,3435
1.6643791198730469,3436
1.6647980213165283,3437
1.6653060913085938,3438
1.6657090187072754,3439
1.6661198139190674,3440
1.6665289402008057,3441
1.666961908340454,3442
1.6673870086669922,3443
1.6678059101104736,3444
1.6682260036468506,3445
1.668760061264038,3446
1.669328212738037,3447
1.6697630882263184,3448
1.6701879501342773,3449
1.67061185836792,3450
1.671030044555664,3451
1.671447992324829,3452
1.6718859672546387,3453
1.6723179817199707,3454
1.6728181838989258,3455
1.6732721328735352,3456
1.673713207244873,3457
1.6741750240325928,3458
1.6746318340301514,3459
1.6751668453216553,3460
1.6755571365356445,3461
1.6759369373321533,3462
1.6764020919799805,3463
1.6768460273742676,3464
1.6772840023040771,3465
1.6777300834655762,3466
1.6781749725341797,3467
1.6786911487579346,3468
1.6792089939117432,3469
1.6797192096710205,3470
1.680176019668579,3471
1.6806221008300781,3472
1.6810669898986816,3473
1.6815128326416016,3474
1.6819581985473633,3475
1.6824030876159668,3476
1.682861089706421,3477
1.6832959651947021,3478
1.6837291717529297,3479
1.6842401027679443,3480
1.6847569942474365,3481
1.6852879524230957,3482
1.6859581470489502,3483
1.6864120960235596,3484
1.6868720054626465,3485
1.687309980392456,3486
1.6878199577331543,3487
1.6882669925689697,3488
1.6887381076812744,3489
1.6891720294952393,3490
1.6896510124206543,3491
1.690096139907837,3492
1.6905279159545898,3493
1.690958023071289,3494
1.691390037536621,3495
1.6918189525604248,3496
1.6923210620880127,3497
1.6927790641784668,3498
1.6932358741760254,3499
1.6936640739440918,3500
1.6940851211547852,3501
1.6945099830627441,3502
1.6950290203094482,3503
1.6954700946807861,3504
1.6959221363067627,3505
1.696363925933838,3506
1.6968271732330322,3507
1.6972730159759521,3508
1.6977109909057617,3509
1.6981470584869385,3510
1.698580026626587,3511
1.69907808303833,3512
1.6995229721069336,3513
1.6999759674072266,3514
1.7005670070648193,3515
1.7011399269104004,3516
1.7015831470489502,3517
1.7020180225372314,3518
1.702437162399292,3519
1.7028570175170898,3520
1.7032780647277832,3521
1.7036988735198975,3522
1.7041170597076416,3523
1.7045469284057617,3524
1.705075979232788,3525
1.7054641246795654,3526
1.7059409618377686,3527
1.7063579559326172,3528
1.7067830562591553,3529
1.7072010040283203,3530
1.7076201438903809,3531
1.7080528736114502,3532
1.7085108757019043,3533
1.7090528011322021,3534
1.7094829082489014,3535
1.7098720073699951,3536
1.7102899551391602,3537
1.7107150554656982,3538
1.7111330032348633,3539
1.7116479873657227,3540
1.7120811939239502,3541
1.7125070095062256,3542
1.7129380702972412,3543
1.713346004486084,3544
1.7137529850006104,3545
1.7141590118408203,3546
1.7145671844482422,3547
1.7151081562042236,3548
1.71555495262146,3549
1.7159640789031982,3550
1.7163739204406738,3551
1.7169020175933838,3552
1.717362880706787,3553
1.7178130149841309,3554
1.7182252407073975,3555
1.7186570167541504,3556
1.7192120552062988,3557
1.7198970317840576,3558
1.7203681468963623,3559
1.7207920551300049,3560
1.721189022064209,3561
1.721587896347046,3562
1.7219910621643066,3563
1.7226412296295166,3564
1.7231879234313965,3565
1.723646879196167,3566
1.724086046218872,3567
1.7244789600372314,3568
1.7251570224761963,3569
1.7257850170135498,3570
1.7261931896209717,3571
1.7265830039978027,3572
1.7270121574401855,3573
1.7274348735809326,3574
1.72782301902771,3575
1.7283110618591309,3576
1.7288031578063965,3577
1.729259967803955,3578
1.7296509742736816,3579
1.7301161289215088,3580
1.730647087097168,3581
1.7310740947723389,3582
1.731462001800537,3583
1.7318499088287354,3584
1.7322371006011963,3585
1.7326240539550781,3586
1.7332611083984375,3587
1.7337851524353027,3588
1.734255075454712,3589
1.7346959114074707,3590
1.7352559566497803,3591
1.7356550693511963,3592
1.7361798286437988,3593
1.7366631031036377,3594
1.7371068000793457,3595
1.7375359535217285,3596
1.7379231452941895,3597
1.7383930683135986,3598
1.7389681339263916,3599
1.7393882274627686,3600
1.7397770881652832,3601
1.740333080291748,3602
1.7407329082489014,3603
1.7413880825042725,3604
1.7418930530548096,3605
1.7422981262207031,3606
1.7426848411560059,3607
1.7430720329284668,3608
1.7434601783752441,3609
1.7438478469848633,3610
1.7442359924316406,3611
1.744624137878418,3612
1.7452380657196045,3613
1.7458181381225586,3614
1.7462708950042725,3615
1.7466630935668945,3616
1.7470519542694092,3617
1.7474391460418701,3618
1.747826099395752,3619
1.7482140064239502,3620
1.7486021518707275,3621
1.7491319179534912,3622
1.7497620582580566,3623
1.7501590251922607,3624
1.7505550384521484,3625
1.7509889602661133,3626
1.7513790130615234,3627
1.7518031597137451,3628
1.7522339820861816,3629
1.7527940273284912,3630
1.7533738613128662,3631
1.7537798881530762,3632
1.754173994064331,3633
1.7545678615570068,3634
1.7550649642944336,3635
1.7554569244384766,3636
1.7558379173278809,3637
1.7562150955200195,3638
1.7565958499908447,3639
1.7571940422058105,3640
1.757843017578125,3641
1.7582440376281738,3642
1.7586522102355957,3643
1.7592079639434814,3644
1.7596120834350586,3645
1.7600440979003906,3646
1.760613203048706,3647
1.761047124862671,3648
1.7614362239837646,3649
1.7618439197540283,3650
1.7622520923614502,3651
1.7626659870147705,3652
1.7630729675292969,3653
1.7634589672088623,3654
1.7638461589813232,3655
1.7642340660095215,3656
1.7647480964660645,3657
1.7654781341552734,3658
1.7659809589385986,3659
1.7663769721984863,3660
1.76676607131958,3661
1.7671558856964111,3662
1.767672061920166,3663
1.7681291103363037,3664
1.7685580253601074,3665
1.7690329551696777,3666
1.7695112228393555,3667
1.7699041366577148,3668
1.7702901363372803,3669
1.7706811428070068,3670
1.7711129188537598,3671
1.7715020179748535,3672
1.7719321250915527,3673
1.7723541259765625,3674
1.7727758884429932,3675
1.7735779285430908,3676
1.7740139961242676,3677
1.7744088172912598,3678
1.7749569416046143,3679
1.7754590511322021,3680
1.7759370803833008,3681
1.7763240337371826,3682
1.7767119407653809,3683
1.7771000862121582,3684
1.77748703956604,3685
1.7779910564422607,3686
1.778378963470459,3687
1.7788920402526855,3688
1.7793679237365723,3689
1.7798099517822266,3690
1.7802820205688477,3691
1.7807090282440186,3692
1.7812342643737793,3693
1.7816259860992432,3694
1.7820138931274414,3695
1.7824392318725586,3696
1.7829320430755615,3697
1.7834081649780273,3698
1.7838001251220703,3699
1.7841870784759521,3700
1.784614086151123,3701
1.7851309776306152,3702
1.7855279445648193,3703
1.785916805267334,3704
1.7864549160003662,3705
1.7870268821716309,3706
1.7875151634216309,3707
1.7879018783569336,3708
1.7882909774780273,3709
1.7887589931488037,3710
1.7894420623779297,3711
1.7900431156158447,3712
1.790503978729248,3713
1.790984869003296,3714
1.7913830280303955,3715
1.7917749881744385,3716
1.7921662330627441,3717
1.7925560474395752,3718
1.792949914932251,3719
1.7933430671691895,3720
1.7937331199645996,3721
1.7941720485687256,3722
1.7946019172668457,3723
1.7951757907867432,3724
1.7955961227416992,3725
1.7961430549621582,3726
1.7967967987060547,3727
1.7972509860992432,3728
1.7977139949798584,3729
1.798184871673584,3730
1.7986109256744385,3731
1.7991759777069092,3732
1.7995820045471191,3733
1.7999742031097412,3734
1.8003649711608887,3735
1.8007969856262207,3736
1.8011879920959473,3737
1.8015799522399902,3738
1.8020122051239014,3739
1.802536964416504,3740
1.8030500411987305,3741
1.803441047668457,3742
1.8041820526123047,3743
1.8048701286315918,3744
1.8054089546203613,3745
1.8058900833129883,3746
1.8062782287597656,3747
1.8066658973693848,3748
1.807054042816162,3749
1.807441234588623,3750
1.8078489303588867,3751
1.8082520961761475,3752
1.8086578845977783,3753
1.8092169761657715,3754
1.8096492290496826,3755
1.8100359439849854,3756
1.8104240894317627,3757
1.810819149017334,3758
1.8112120628356934,3759
1.811739206314087,3760
1.8124079704284668,3761
1.8129100799560547,3762
1.8133749961853027,3763
1.8137710094451904,3764
1.8141601085662842,3765
1.814546823501587,3766
1.815011978149414,3767
1.8154690265655518,3768
1.8160820007324219,3769
1.8166451454162598,3770
1.8172268867492676,3771
1.817655086517334,3772
1.8180489540100098,3773
1.8184821605682373,3774
1.8190219402313232,3775
1.8194489479064941,3776
1.8200609683990479,3777
1.8207321166992188,3778
1.8211429119110107,3779
1.8215339183807373,3780
1.8219211101531982,3781
1.822572946548462,3782
1.823645830154419,3783
1.8244600296020508,3784
1.8251838684082031,3785
1.8259289264678955,3786
1.8263731002807617,3787
1.8267829418182373,3788
1.827193021774292,3789
1.8277621269226074,3790
1.828307867050171,3791
1.8289430141448975,3792
1.8296380043029785,3793
1.8301141262054443,3794
1.8306660652160645,3795
1.8312029838562012,3796
1.8316540718078613,3797
1.8322081565856934,3798
1.8326709270477295,3799
1.8331830501556396,3800
1.833975076675415,3801
1.8347911834716797,3802
1.8356750011444092,3803
1.8364779949188232,3804
1.8372070789337158,3805
1.8380370140075684,3806
1.8388569355010986,3807
1.8395581245422363,3808
1.8403189182281494,3809
1.8411271572113037,3810
1.8419451713562012,3811
1.8427331447601318,3812
1.8434710502624512,3813
1.8442649841308594,3814
1.8450140953063965,3815
1.845447063446045,3816
1.8460590839385986,3817
1.8466989994049072,3818
1.847154140472412,3819
1.8475890159606934,3820
1.8479790687561035,3821
1.8483669757843018,3822
1.8488550186157227,3823
1.849320888519287,3824
1.8497140407562256,3825
1.8501501083374023,3826
1.850632905960083,3827
1.8511040210723877,3828
1.851517915725708,3829
1.8519270420074463,3830
1.8524680137634277,3831
1.8528649806976318,3832
1.853407859802246,3833
1.8541271686553955,3834
1.8548099994659424,3835
1.855468988418579,3836
1.8560099601745605,3837
1.8564400672912598,3838
1.857017993927002,3839
1.8576979637145996,3840
1.8582971096038818,3841
1.8589880466461182,3842
1.8595550060272217,3843
1.8601300716400146,3844
1.860821008682251,3845
1.8612709045410156,3846
1.8616619110107422,3847
1.8622829914093018,3848
1.86269211769104,3849
1.8630881309509277,3850
1.863476037979126,3851
1.8638629913330078,3852
1.8642489910125732,3853
1.865049123764038,3854
1.865894079208374,3855
1.8664309978485107,3856
1.8668279647827148,3857
1.8673889636993408,3858
1.8677880764007568,3859
1.8683969974517822,3860
1.869032859802246,3861
1.8696980476379395,3862
1.8701550960540771,3863
1.870548963546753,3864
1.870939016342163,3865
1.8713290691375732,3866
1.8717191219329834,3867
1.8721089363098145,3868
1.8725371360778809,3869
1.872926950454712,3870
1.8733670711517334,3871
1.8737940788269043,3872
1.8741822242736816,3873
1.8745689392089844,3874
1.8750331401824951,3875
1.8754470348358154,3876
1.8758771419525146,3877
1.876507043838501,3878
1.8771541118621826,3879
1.877561092376709,3880
1.8779480457305908,3881
1.8783988952636719,3882
1.8789191246032715,3883
1.8793761730194092,3884
1.8798110485076904,3885
1.880453109741211,3886
1.8811278343200684,3887
1.8816890716552734,3888
1.8821449279785156,3889
1.8829419612884521,3890
1.8837440013885498,3891
1.8845739364624023,3892
1.885261058807373,3893
1.8860950469970703,3894
1.886909008026123,3895
1.8877129554748535,3896
1.88857102394104,3897
1.8895328044891357,3898
1.8904540538787842,3899
1.8912789821624756,3900
1.892082929611206,3901
1.893021821975708,3902
1.8938429355621338,3903
1.8947041034698486,3904
1.8954510688781738,3905
1.8963088989257812,3906
1.8967962265014648,3907
1.8971920013427734,3908
1.8976030349731445,3909
1.8980069160461426,3910
1.89839506149292,3911
1.898911952972412,3912
1.8994181156158447,3913
1.8999550342559814,3914
1.9004127979278564,3915
1.9011671543121338,3916
1.9016170501708984,3917
1.9020071029663086,3918
1.9026391506195068,3919
1.903217077255249,3920
1.9036731719970703,3921
1.9040629863739014,3922
1.9044499397277832,3923
1.9048559665679932,3924
1.9054021835327148,3925
1.9057939052581787,3926
1.906191110610962,3927
1.9065699577331543,3928
1.907013177871704,3929
1.9074389934539795,3930
1.9078269004821777,3931
1.9082841873168945,3932
1.90903902053833,3933
1.909585952758789,3934
1.910066843032837,3935
1.9105148315429688,3936
1.911026954650879,3937
1.911417007446289,3938
1.9118049144744873,3939
1.9121899604797363,3940
1.912658929824829,3941
1.9130570888519287,3942
1.9134461879730225,3943
1.9138329029083252,3944
1.9142189025878906,3945
1.9146599769592285,3946
1.9152100086212158,3947
