0.00010895729064941406,1
0.00012803077697753906,2
0.0001437664031982422,3
0.00015878677368164062,4
0.00017404556274414062,5
0.0001888275146484375,6
0.00020384788513183594,7
0.00021886825561523438,8
0.00023293495178222656,9
0.00024700164794921875,10
0.0002617835998535156,11
0.0002758502960205078,12
0.0002911090850830078,13
0.00030493736267089844,14
0.0003199577331542969,15
0.00033402442932128906,16
0.0003478527069091797,17
0.0003619194030761719,18
0.00037598609924316406,19
0.00039076805114746094,20
0.0004069805145263672,21
0.0004239082336425781,22
0.0004379749298095703,23
0.00045180320739746094,24
0.0004658699035644531,25
0.0004799365997314453,26
0.0004940032958984375,27
0.0005118846893310547,28
0.0005538463592529297,29
0.0005729198455810547,30
0.0005879402160644531,31
0.0006039142608642578,32
0.0006210803985595703,33
0.0006499290466308594,34
0.0006639957427978516,35
0.0006799697875976562,36
0.0007138252258300781,37
0.0007290840148925781,38
0.0007569789886474609,39
0.0007710456848144531,40
0.0007848739624023438,41
0.0007998943328857422,42
0.0008139610290527344,43
0.0008287429809570312,44
0.0008628368377685547,45
0.0008780956268310547,46
0.0008919239044189453,47
0.0009059906005859375,48
0.0009217262268066406,49
0.0009357929229736328,50
0.000949859619140625,51
0.0009777545928955078,52
0.0009918212890625,53
0.0010058879852294922,54
0.0010187625885009766,55
0.0010340213775634766,56
0.0010480880737304688,57
0.0010800361633300781,58
0.001094818115234375,59
0.0011098384857177734,60
0.0011239051818847656,61
0.001138925552368164,62
0.0011599063873291016,63
0.0011897087097167969,64
0.0012378692626953125,65
0.001271963119506836,66
0.0012879371643066406,67
0.00131988525390625,68
0.0013349056243896484,69
0.0013499259948730469,70
0.001363992691040039,71
0.0013768672943115234,72
0.0013918876647949219,73
0.001405954360961914,74
0.0014200210571289062,75
0.0014348030090332031,76
0.001447916030883789,77
0.001461029052734375,78
0.0014739036560058594,79
0.0014889240264892578,80
0.00150299072265625,81
0.0015158653259277344,82
0.001529693603515625,83
0.001542806625366211,84
0.0015559196472167969,85
0.0015690326690673828,86
0.0015819072723388672,87
0.0015947818756103516,88
0.0016088485717773438,89
0.001622915267944336,90
0.0016367435455322266,91
0.0016520023345947266,92
0.001664876937866211,93
0.0016779899597167969,94
0.0016918182373046875,95
0.0017049312591552734,96
0.0017180442810058594,97
0.00173187255859375,98
0.0017437934875488281,99
0.0017578601837158203,100
0.0017709732055664062,101
0.0017840862274169922,102
0.001796722412109375,103
0.0018107891082763672,104
0.0018239021301269531,105
0.0018379688262939453,106
0.0018508434295654297,107
0.0018649101257324219,108
0.001878976821899414,109
0.00189208984375,110
0.0019037723541259766,111
0.0019178390502929688,112
0.0019309520721435547,113
0.0019428730010986328,114
0.0019567012786865234,115
0.0019707679748535156,116
0.0019838809967041016,117
0.0019969940185546875,118
0.0020117759704589844,119
0.0020227432250976562,120
0.0020368099212646484,121
0.002051115036010742,122
0.0020647048950195312,123
0.002079010009765625,124
0.002090930938720703,125
0.0021028518676757812,126
0.002116680145263672,127
0.0021309852600097656,128
0.002145051956176758,129
0.002157926559448242,130
0.0021708011627197266,131
0.0021827220916748047,132
0.0021958351135253906,133
0.0022068023681640625,134
0.0022199153900146484,135
0.002240896224975586,136
0.002260923385620117,137
0.002282857894897461,138
0.0023059844970703125,139
0.00232696533203125,140
0.0023479461669921875,141
0.002368927001953125,142
0.0023889541625976562,143
0.0024089813232421875,144
0.002427816390991211,145
0.0024869441986083984,146
0.0025238990783691406,147
0.0025420188903808594,148
0.0025649070739746094,149
0.0025777816772460938,150
0.0025987625122070312,151
0.002633810043334961,152
0.002653837203979492,153
0.002680063247680664,154
0.0027027130126953125,155
0.002724885940551758,156
0.0027458667755126953,157
0.002767801284790039,158
0.0027887821197509766,159
0.0028638839721679688,160
