0.0006260871887207031,1
0.0007050037384033203,2
0.0007970333099365234,3
0.0008780956268310547,4
0.0009598731994628906,5
0.0010690689086914062,6
0.0011560916900634766,7
0.0012369155883789062,8
0.0013170242309570312,9
0.0013980865478515625,10
0.0014781951904296875,11
0.0015568733215332031,12
0.0016369819641113281,13
0.0017168521881103516,14
0.0018100738525390625,15
0.001886129379272461,16
0.001962900161743164,17
0.0020380020141601562,18
0.002115011215209961,19
0.002190113067626953,20
0.0022661685943603516,21
0.0023431777954101562,22
0.002418041229248047,23
0.0024940967559814453,24
0.002569913864135742,25
0.002646923065185547,26
0.0027229785919189453,27
0.00279998779296875,28
0.0028760433197021484,29
0.0029511451721191406,30
0.003027200698852539,31
0.003103017807006836,32
0.0031800270080566406,33
0.0032548904418945312,34
0.0033330917358398438,35
0.003409147262573242,36
0.0034880638122558594,37
0.0036079883575439453,38
0.003731250762939453,39
0.003901243209838867,40
0.004052162170410156,41
0.004146099090576172,42
0.004257917404174805,43
0.004358053207397461,44
0.004450082778930664,45
0.004528045654296875,46
0.004668235778808594,47
0.00484919548034668,48
0.004948854446411133,49
0.005026102066040039,50
0.005101919174194336,51
0.005177974700927734,52
0.005257129669189453,53
0.005370140075683594,54
0.0054471492767333984,55
0.005522251129150391,56
0.005642890930175781,57
0.005721092224121094,58
0.005797147750854492,59
0.005873203277587891,60
0.005949258804321289,61
0.006025075912475586,62
0.006102085113525391,63
0.0061779022216796875,64
0.006253957748413086,65
0.006330013275146484,66
0.006406068801879883,67
0.006482124328613281,68
0.00655817985534668,69
0.0066339969635009766,70
0.006747007369995117,71
0.0068242549896240234,72
0.0069010257720947266,73
0.006977081298828125,74
0.007052898406982422,75
0.00712895393371582,76
0.007205009460449219,77
0.007281064987182617,78
0.007358074188232422,79
0.007433176040649414,80
0.007509946823120117,81
0.007586002349853516,82
0.007662057876586914,83
0.007752180099487305,84
0.007898092269897461,85
0.007985115051269531,86
0.008068084716796875,87
0.008149862289428711,88
0.00823211669921875,89
0.00831294059753418,90
0.008400201797485352,91
0.008481025695800781,92
0.008562088012695312,93
0.008655071258544922,94
0.008730173110961914,95
0.008805990219116211,96
0.008881092071533203,97
0.00899505615234375,98
0.00909113883972168,99
0.009168148040771484,100
0.009245157241821289,101
0.00934290885925293,102
0.009495019912719727,103
0.009620904922485352,104
0.009762048721313477,105
0.009860038757324219,106
0.009961843490600586,107
0.010055065155029297,108
0.010152101516723633,109
0.01022791862487793,110
0.010400056838989258,111
0.010503053665161133,112
0.010617971420288086,113
0.01070094108581543,114
0.010777950286865234,115
0.010856151580810547,116
0.01093292236328125,117
0.011047124862670898,118
0.011126995086669922,119
0.011204957962036133,120
0.011282205581665039,121
0.011358976364135742,122
0.011436939239501953,123
0.011515140533447266,124
0.011681079864501953,125
0.011860132217407227,126
0.01202702522277832,127
0.012162923812866211,128
0.012332916259765625,129
0.012450933456420898,130
0.012532949447631836,131
0.012610912322998047,132
0.012721061706542969,133
0.012797117233276367,134
0.01287388801574707,135
0.012950897216796875,136
0.013026952743530273,137
0.013103008270263672,138
0.013180017471313477,139
0.013256072998046875,140
0.013332843780517578,141
0.013410091400146484,142
0.013486146926879883,143
0.013563156127929688,144
0.013641119003295898,145
0.013716936111450195,146
0.0137939453125,147
0.013870954513549805,148
0.013948202133178711,149
0.014044046401977539,150
0.014136075973510742,151
0.014213085174560547,152
0.014290094375610352,153
0.01436614990234375,154
0.014477014541625977,155
0.014612197875976562,156
0.014736175537109375,157
0.01481318473815918,158
0.01488804817199707,159
0.014963865280151367,160
0.01503896713256836,161
0.015113115310668945,162
0.015188932418823242,163
0.015264034271240234,164
0.015338897705078125,165
0.015413999557495117,166
0.015488862991333008,167
0.01556396484375,168
0.015639066696166992,169
0.015713930130004883,170
0.015789031982421875,171
0.015864133834838867,172
0.015938997268676758,173
0.016015052795410156,174
0.016091108322143555,175
0.016166210174560547,176
0.016241073608398438,177
0.01631617546081543,178
0.01639103889465332,179
0.016466140747070312,180
0.01656484603881836,181
0.016654014587402344,182
0.016729116439819336,183
0.016803979873657227,184
0.016900062561035156,185
0.01699090003967285,186
0.017066001892089844,187
0.017140865325927734,188
0.017215967178344727,189
0.01729106903076172,190
0.017366886138916016,191
0.017441987991333008,192
0.01751708984375,193
0.01759195327758789,194
0.017667055130004883,195
0.01774311065673828,196
0.01781916618347168,197
0.01789402961730957,198
0.017972946166992188,199
0.01804804801940918,200
0.018124103546142578,201
0.01819896697998047,202
0.01827406883239746,203
0.01836681365966797,204
0.018527984619140625,205
0.018604040145874023,206
0.018698930740356445,207
0.018792152404785156,208
0.018867969512939453,209
0.018942832946777344,210
0.019018888473510742,211
0.01914525032043457,212
0.019277095794677734,213
0.01935887336730957,214
0.01944112777709961,215
0.01953601837158203,216
0.019665002822875977,217
0.01979684829711914,218
0.019953012466430664,219
0.02010512351989746,220
0.020267963409423828,221
0.02041006088256836,222
0.02050018310546875,223
0.02060103416442871,224
0.020679235458374023,225
0.020756244659423828,226
0.020833969116210938,227
0.02091217041015625,228
0.021025896072387695,229
0.02115917205810547,230
0.021255016326904297,231
0.021332263946533203,232
0.0214078426361084,233
0.021523237228393555,234
0.021603107452392578,235
0.021680116653442383,236
0.02179408073425293,237
0.02187204360961914,238
0.021949052810668945,239
0.022027015686035156,240
0.02210402488708496,241
0.022181034088134766,242
0.022281169891357422,243
0.022378921508789062,244
0.02245807647705078,245
0.02257084846496582,246
0.022648096084594727,247
0.022743940353393555,248
0.02283787727355957,249
0.02291703224182129,250
0.0229952335357666,251
0.023073911666870117,252
0.02315211296081543,253
0.023229122161865234,254
0.02332615852355957,255
0.02341914176940918,256
0.023499011993408203,257
0.023576974868774414,258
0.02365398406982422,259
0.023732900619506836,260
0.023873090744018555,261
0.023972034454345703,262
0.024049043655395508,263
0.024148225784301758,264
0.024276256561279297,265
0.024354934692382812,266
0.024468183517456055,267
0.024592161178588867,268
0.02473902702331543,269
0.024842023849487305,270
0.024934053421020508,271
0.02502298355102539,272
0.025111913681030273,273
0.025201082229614258,274
0.025289058685302734,275
0.025388002395629883,276
0.02550220489501953,277
0.025583982467651367,278
0.02566695213317871,279
0.02574896812438965,280
0.025832176208496094,281
0.025943994522094727,282
0.02604508399963379,283
0.026135921478271484,284
0.026226043701171875,285
0.026318073272705078,286
0.02640986442565918,287
0.02654099464416504,288
0.02667403221130371,289
0.026798009872436523,290
0.02695012092590332,291
0.027058124542236328,292
0.02719712257385254,293
0.027318954467773438,294
0.027442216873168945,295
0.027569055557250977,296
0.027673959732055664,297
0.027773141860961914,298
0.027964115142822266,299
0.028188228607177734,300
0.028723955154418945,301
0.028892040252685547,302
0.029033899307250977,303
0.029201030731201172,304
0.029317140579223633,305
0.029429912567138672,306
0.029531002044677734,307
0.029645919799804688,308
0.029746055603027344,309
0.029825925827026367,310
0.02990412712097168,311
0.030004024505615234,312
0.030086040496826172,313
0.030167102813720703,314
0.030248165130615234,315
0.030328989028930664,316
0.0304110050201416,317
0.030492067337036133,318
0.03057408332824707,319
0.0306549072265625,320
0.03078603744506836,321
0.030930042266845703,322
0.031070232391357422,323
0.031229257583618164,324
0.03132009506225586,325
0.03141903877258301,326
0.03152608871459961,327
0.03162217140197754,328
0.031713008880615234,329
0.03180098533630371,330
0.03188920021057129,331
0.03197622299194336,332
0.032063961029052734,333
0.03216195106506348,334
0.032243967056274414,335
0.032325029373168945,336
0.03240609169006348,337
0.03248715400695801,338
0.03258109092712402,339
0.03265714645385742,340
0.03273415565490723,341
0.03281092643737793,342
0.032887935638427734,343
0.03296613693237305,344
0.03304314613342285,345
0.03314399719238281,346
0.033245086669921875,347
0.03336310386657715,348
0.03350210189819336,349
0.0335850715637207,350
0.03366398811340332,351
0.033740997314453125,352
0.03381800651550293,353
0.03389620780944824,354
0.03397393226623535,355
0.034075021743774414,356
0.03416800498962402,357
0.03424406051635742,358
0.034342050552368164,359
0.034423112869262695,360
0.03450322151184082,361
0.03460502624511719,362
0.03475022315979004,363
0.03492903709411621,364
0.03510713577270508,365
0.03525185585021973,366
0.035372018814086914,367
0.03549003601074219,368
0.03560996055603027,369
0.03572797775268555,370
0.03588509559631348,371
0.03606915473937988,372
0.03623604774475098,373
0.03638601303100586,374
0.036498069763183594,375
0.03665494918823242,376
0.03679990768432617,377
0.03688311576843262,378
0.03695988655090332,379
0.03703808784484863,380
0.03711414337158203,381
0.037191152572631836,382
0.03726816177368164,383
0.037344932556152344,384
0.03742098808288574,385
0.037499189376831055,386
0.03757500648498535,387
0.03765225410461426,388
0.03772902488708496,389
0.03780508041381836,390
0.037882089614868164,391
0.03795909881591797,392
0.03803515434265137,393
0.03811192512512207,394
0.03820610046386719,395
0.03828716278076172,396
0.03836798667907715,397
0.038514137268066406,398
0.038680076599121094,399
0.03885006904602051,400
0.03896689414978027,401
0.03908801078796387,402
0.03920912742614746,403
0.03932785987854004,404
0.03944587707519531,405
0.039565086364746094,406
0.03968310356140137,407
0.03980112075805664,408
0.0399169921875,409
0.04003286361694336,410
0.04014992713928223,411
0.040266990661621094,412
0.04038405418395996,413
0.04049992561340332,414
0.040617942810058594,415
0.04073500633239746,416
0.04085111618041992,417
0.040966033935546875,418
0.04108405113220215,419
0.041201114654541016,420
0.04131603240966797,421
0.04143404960632324,422
0.04157614707946777,423
0.04171895980834961,424
0.04190993309020996,425
0.042135000228881836,426
0.04227185249328613,427
0.04245305061340332,428
0.04259610176086426,429
0.04271292686462402,430
0.04289817810058594,431
0.04308009147644043,432
0.0431971549987793,433
0.043314218521118164,434
0.04343104362487793,435
0.0435481071472168,436
0.043665170669555664,437
0.04380607604980469,438
0.044030189514160156,439
0.044172048568725586,440
0.044338226318359375,441
0.04452800750732422,442
0.04472494125366211,443
0.04483604431152344,444
0.04492521286010742,445
0.045024871826171875,446
0.04510211944580078,447
0.04517817497253418,448
0.04527616500854492,449
0.04536604881286621,450
0.04544496536254883,451
0.04552102088928223,452
0.045597076416015625,453
0.04567313194274902,454
0.045747995376586914,455
0.04582500457763672,456
0.04590010643005371,457
0.04597592353820801,458
0.046051979064941406,459
0.04616427421569824,460
0.04623985290527344,461
0.04631495475769043,462
0.04639315605163574,463
0.04649209976196289,464
0.0465850830078125,465
0.0466611385345459,466
0.0467371940612793,467
0.04684305191040039,468
0.04694008827209473,469
0.04701805114746094,470
0.04709601402282715,471
0.04717206954956055,472
0.04724907875061035,473
0.04732513427734375,474
0.04740190505981445,475
0.04747796058654785,476
0.04755401611328125,477
0.047631025314331055,478
0.04774117469787598,479
0.04781794548034668,480
0.04789400100708008,481
0.04797005653381348,482
0.04804706573486328,483
0.048124074935913086,484
0.04820108413696289,485
0.048297882080078125,486
0.048403263092041016,487
0.048490047454833984,488
0.048571109771728516,489
0.04865097999572754,490
0.04874110221862793,491
0.048818111419677734,492
0.04889416694641113,493
0.048969268798828125,494
0.04904484748840332,495
0.04912090301513672,496
0.04922890663146973,497
0.04933810234069824,498
0.04942607879638672,499
0.049530029296875,500
0.049691200256347656,501
0.049822092056274414,502
0.04998588562011719,503
0.050080060958862305,504
0.05016899108886719,505
0.050282955169677734,506
0.05042910575866699,507
0.050560951232910156,508
0.050637006759643555,509
0.05073189735412598,510
0.05081605911254883,511
0.05090904235839844,512
0.050985097885131836,513
0.051095008850097656,514
0.051171064376831055,515
0.05124711990356445,516
0.05132317543029785,517
0.05139803886413574,518
0.05147409439086914,519
0.05154919624328613,520
0.05162405967712402,521
0.05172014236450195,522
0.051817893981933594,523
0.051892995834350586,524
0.051969051361083984,525
0.05205798149108887,526
0.05221700668334961,527
0.05235099792480469,528
0.05244898796081543,529
0.05259203910827637,530
0.0527799129486084,531
0.052935123443603516,532
0.05304694175720215,533
0.05315804481506348,534
0.05327105522155762,535
0.053382158279418945,536
0.05349397659301758,537
0.05360603332519531,538
0.05371809005737305,539
0.053832054138183594,540
0.05394411087036133,541
0.05409502983093262,542
0.05421304702758789,543
0.054327964782714844,544
0.05447697639465332,545
0.05463218688964844,546
0.054717063903808594,547
0.05481219291687012,548
0.054888248443603516,549
0.05496382713317871,550
0.05503988265991211,551
0.05511593818664551,552
0.055191993713378906,553
0.055268049240112305,554
0.0553441047668457,555
0.0554201602935791,556
0.0555109977722168,557
0.055590152740478516,558
0.0556788444519043,559
0.0557711124420166,560
0.05584716796875,561
0.05592203140258789,562
0.05599808692932129,563
0.056073904037475586,564
0.05614900588989258,565
0.05622601509094238,566
0.056301116943359375,567
0.05641007423400879,568
0.056487083435058594,569
0.05656313896179199,570
0.05663895606994629,571
0.05671405792236328,572
0.05678987503051758,573
0.05689215660095215,574
0.05698394775390625,575
0.05705904960632324,576
0.057153940200805664,577
0.05723404884338379,578
0.05734395980834961,579
0.057447195053100586,580
0.057523250579833984,581
0.05759882926940918,582
0.05767488479614258,583
0.05775094032287598,584
0.05782604217529297,585
0.05790209770202637,586
0.05797696113586426,587
0.05805206298828125,588
0.05812811851501465,589
0.05820298194885254,590
0.05827903747558594,591
0.05838298797607422,592
0.05850100517272949,593
0.05863499641418457,594
0.05872201919555664,595
0.05880308151245117,596
0.058882951736450195,597
0.058962106704711914,598
0.05904412269592285,599
0.059123992919921875,600
0.0592041015625,601
0.059284210205078125,602
0.05936408042907715,603
0.059458017349243164,604
0.05953407287597656,605
0.05962705612182617,606
0.0597071647644043,607
0.05978703498840332,608
0.059884071350097656,609
0.06002497673034668,610
0.06016397476196289,611
0.060378074645996094,612
0.06055808067321777,613
0.06068110466003418,614
0.06078195571899414,615
0.060868024826049805,616
0.060948848724365234,617
0.06102919578552246,618
0.061109066009521484,619
0.06118917465209961,620
0.06126809120178223,621
0.06134796142578125,622
0.06146097183227539,623
0.061566829681396484,624
0.061691999435424805,625
0.06177496910095215,626
0.06190204620361328,627
0.06198406219482422,628
0.06206107139587402,629
0.06213712692260742,630
0.06221318244934082,631
0.06228804588317871,632
0.06236410140991211,633
0.0624392032623291,634
0.06260204315185547,635
0.06270885467529297,636
0.0627889633178711,637
0.06286501884460449,638
0.06294107437133789,639
0.06301617622375488,640
0.06309199333190918,641
0.06316804885864258,642
0.06324410438537598,643
0.06331992149353027,644
0.06339502334594727,645
0.06347107887268066,646
0.06354713439941406,647
0.06362318992614746,648
0.06369805335998535,649
0.06377410888671875,650
0.06384992599487305,651
0.06392598152160645,652
0.06400394439697266,653
0.06409311294555664,654
0.06416988372802734,655
0.06424593925476074,656
0.06435513496398926,657
0.06443095207214355,658
0.06450700759887695,659
0.06462502479553223,660
0.06472110748291016,661
0.06488895416259766,662
0.06498098373413086,663
0.06505703926086426,664
0.06513404846191406,665
0.06524109840393066,666
0.0654141902923584,667
0.06554198265075684,668
0.06563496589660645,669
0.06571006774902344,670
0.06578612327575684,671
0.06586098670959473,672
0.06597113609313965,673
0.06604695320129395,674
0.06612205505371094,675
0.06619787216186523,676
0.06627392768859863,677
0.06634998321533203,678
0.06642508506774902,679
0.06650209426879883,680
0.06657910346984863,681
0.06665420532226562,682
0.06673002243041992,683
0.06680488586425781,684
0.06688094139099121,685
0.0669560432434082,686
0.0670320987701416,687
0.06710696220397949,688
0.0671839714050293,689
0.06725907325744629,690
0.06733512878417969,691
0.06741023063659668,692
0.06748604774475098,693
0.06756114959716797,694
0.06763696670532227,695
0.06771206855773926,696
0.06778693199157715,697
0.06786298751831055,698
0.06793808937072754,699
0.06801414489746094,700
0.06810903549194336,701
0.06821393966674805,702
0.0684058666229248,703
0.0684971809387207,704
0.06860518455505371,705
0.06870222091674805,706
0.0688328742980957,707
0.06897997856140137,708
0.0691370964050293,709
0.06925106048583984,710
0.06936812400817871,711
0.06948399543762207,712
0.0696401596069336,713
0.06977295875549316,714
0.06991720199584961,715
0.07006621360778809,716
0.07018208503723145,717
0.0702979564666748,718
0.07045125961303711,719
0.07059288024902344,720
0.07070517539978027,721
0.0708160400390625,722
0.07093119621276855,723
0.0710439682006836,724
0.07116007804870605,725
0.0712740421295166,726
0.07140302658081055,727
0.07155704498291016,728
0.07172393798828125,729
0.07184100151062012,730
0.07201099395751953,731
0.0721280574798584,732
0.07224488258361816,733
0.07237601280212402,734
0.07254695892333984,735
0.07266020774841309,736
0.07279396057128906,737
0.07292509078979492,738
0.07303810119628906,739
0.07315397262573242,740
0.07327103614807129,741
0.07338690757751465,742
0.07350397109985352,743
0.07361912727355957,744
0.07373213768005371,745
0.07386422157287598,746
0.07403111457824707,747
0.07421112060546875,748
0.0743248462677002,749
0.07447504997253418,750
0.07469511032104492,751
0.0747981071472168,752
0.0748751163482666,753
0.07497215270996094,754
0.07506203651428223,755
0.07513809204101562,756
0.0752720832824707,757
0.07535505294799805,758
0.07543206214904785,759
0.07550883293151855,760
0.07558488845825195,761
0.07566094398498535,762
0.07573795318603516,763
0.07581520080566406,764
0.07589197158813477,765
0.07596802711486816,766
0.0760660171508789,767
0.07615208625793457,768
0.07623004913330078,769
0.07645726203918457,770
0.07658505439758301,771
0.07670211791992188,772
0.07679986953735352,773
0.0769190788269043,774
0.07700014114379883,775
0.07709884643554688,776
0.07719111442565918,777
0.07726716995239258,778
0.07734298706054688,779
0.07741904258728027,780
0.07749509811401367,781
0.07756996154785156,782
0.07764601707458496,783
0.07772207260131836,784
0.07779812812805176,785
0.07787299156188965,786
0.07794809341430664,787
0.07802414894104004,788
0.07810020446777344,789
0.07817697525024414,790
0.07825303077697754,791
0.07834410667419434,792
0.07845592498779297,793
0.0785360336303711,794
0.07861590385437012,795
0.07869791984558105,796
0.07879114151000977,797
0.07886719703674316,798
0.07894301414489746,799
0.07905721664428711,800
0.07915306091308594,801
0.07923197746276855,802
0.07930994033813477,803
0.07939004898071289,804
0.0794670581817627,805
0.0795450210571289,806
0.07962203025817871,807
0.07970094680786133,808
0.07977890968322754,809
0.07985806465148926,810
0.07995319366455078,811
0.08003711700439453,812
0.08011507987976074,813
0.08019399642944336,814
0.08027219772338867,815
0.08037805557250977,816
0.08045792579650879,817
0.08053803443908691,818
0.0806272029876709,819
0.08071327209472656,820
0.08079314231872559,821
0.08087396621704102,822
0.08095407485961914,823
0.08103394508361816,824
0.08111405372619629,825
0.08119320869445801,826
0.08127403259277344,827
0.08135485649108887,828
0.08143401145935059,829
0.08151388168334961,830
0.08159399032592773,831
0.08167386054992676,832
0.08175301551818848,833
0.0818331241607666,834
0.08191299438476562,835
0.08199214935302734,836
0.08207201957702637,837
0.0821530818939209,838
0.08223199844360352,839
0.08231210708618164,840
0.08239102363586426,841
0.08247017860412598,842
0.082550048828125,843
0.08262896537780762,844
0.08270883560180664,845
0.08278918266296387,846
0.08286786079406738,847
0.08294796943664551,848
0.08302712440490723,849
0.08310604095458984,850
0.08318614959716797,851
0.08326506614685059,852
0.0833439826965332,853
0.08342385292053223,854
0.08350419998168945,855
0.08358407020568848,856
0.0836641788482666,857
0.08374285697937012,858
0.08382296562194824,859
0.08390212059020996,860
0.08400201797485352,861
0.08408403396606445,862
0.08416414260864258,863
0.08424496650695801,864
0.0843350887298584,865
0.08442115783691406,866
0.08453202247619629,867
0.08464908599853516,868
0.08474993705749512,869
0.08485007286071777,870
0.08504390716552734,871
0.0852041244506836,872
0.08532404899597168,873
0.08545923233032227,874
0.08554911613464355,875
0.08565020561218262,876
0.08573412895202637,877
0.0858149528503418,878
0.08589720726013184,879
0.08599209785461426,880
0.08611512184143066,881
0.08620786666870117,882
0.0862891674041748,883
0.08638405799865723,884
0.08649587631225586,885
0.0865929126739502,886
0.08667993545532227,887
0.0867612361907959,888
0.08687806129455566,889
0.08696103096008301,890
0.08703994750976562,891
0.08712601661682129,892
0.08720612525939941,893
0.08730602264404297,894
0.08740806579589844,895
0.08749198913574219,896
0.08757400512695312,897
0.08765625953674316,898
0.08775711059570312,899
