0.0,2265
0.15,2264
0.32,2263
0.47,2262
0.61,2261
0.8,2260
0.95,2259
1.1,2258
1.24,2257
1.38,2256
1.52,2255
1.67,2254
1.84,2253
2.0,2252
2.15,2251
2.29,2250
2.42,2249
2.7,2248
2.86,2247
3.07,2246
3.24,2245
3.42,2244
3.58,2243
3.72,2242
3.98,2241
4.13,2240
4.31,2239
4.45,2238
4.66,2237
4.84,2236
4.99,2235
5.14,2234
5.31,2233
5.5,2232
5.67,2231
5.9,2230
6.11,2229
6.44,2228
6.84,2227
7.18,2226
7.44,2225
7.62,2224
7.76,2223
7.96,2222
8.17,2221
8.94,2220
9.31,2219
10.28,2218
10.61,2217
10.85,2216
11.21,2215
11.68,2214
12.01,2213
12.75,2212
13.04,2211
13.84,2210
15.76,2209
19.46,2208
20.51,2207
21.58,2206
26.39,2205
26.75,2204
