0.0,2265
0.07,2263
11.19,2262
12.85,2261
19.27,2260
21.64,2259
22.62,2258
25.57,2257
28.54,2256
31.16,2255
31.57,2254
33.78,2253
38.21,2252
50.36,2251
70.06,2250
72.17,2249
80.32,2248
85.51,2247
103.52,2246
106.62,2245
125.31,2244
128.34,2243
129.89,2242
131.42,2241
132.44,2240
138.13,2239
155.12,2238
157.85,2237
164.96,2236
187.46,2235
229.69,2234
242.43,2233
243.77,2232
249.37,2231
263.46,2230
264.25,2229
267.03,2228
294.6,2227
296.75,2226
305.77,2225
309.14,2224
312.36,2223
320.13,2222
323.55,2221
329.29,2220
345.7,2219
349.54,2218
399.61,2217
449.95,2216
465.46,2215
547.54,2214
558.39,2213
