0.0,2265
0.19,2264
0.48,2263
0.87,2262
1.04,2261
1.32,2260
1.5,2259
2.2,2258
2.67,2257
3.01,2256
3.31,2255
3.69,2254
4.12,2253
4.35,2252
4.67,2251
5.24,2250
5.6,2249
5.86,2248
6.15,2247
6.64,2246
7.15,2245
7.64,2244
8.19,2243
9.0,2242
9.68,2241
10.42,2240
11.42,2239
12.18,2238
13.79,2237
14.93,2236
15.72,2235
16.02,2234
16.22,2233
16.41,2232
16.68,2231
16.85,2230
17.08,2229
17.25,2228
17.45,2227
17.65,2226
17.81,2225
18.1,2224
18.33,2223
18.59,2222
18.79,2221
19.05,2220
19.23,2219
19.4,2218
19.63,2217
19.88,2216
20.07,2215
20.24,2214
20.46,2213
21.93,2212
22.61,2211
24.83,2210
26.11,2209
27.08,2208
28.02,2207
28.35,2206
28.73,2205
28.87,2204
30.41,2203
