0.0,2265
0.12,2264
0.26,2263
0.39,2262
0.52,2261
0.62,2260
0.75,2259
0.89,2258
1.0,2257
1.15,2256
1.29,2255
1.41,2254
1.52,2253
1.7,2252
1.84,2251
1.99,2250
2.13,2249
2.27,2248
2.43,2247
2.61,2246
2.74,2245
2.87,2244
2.99,2243
3.12,2242
3.24,2241
3.46,2240
3.58,2239
3.74,2238
3.89,2237
4.0,2236
4.13,2235
4.32,2234
4.57,2233
4.71,2232
4.86,2231
5.04,2230
5.18,2229
5.34,2228
5.48,2227
5.6,2226
5.75,2225
6.0,2224
6.25,2223
6.42,2222
6.58,2221
6.74,2220
6.99,2219
7.19,2218
7.37,2217
7.7,2216
7.91,2215
8.1,2214
8.26,2213
8.7,2212
8.86,2211
9.17,2210
9.75,2209
