0.0,2265
0.08,2262
3.06,2261
11.09,2260
13.09,2259
22.86,2258
25.12,2257
35.25,2256
46.62,2255
49.61,2254
49.69,2253
50.79,2252
51.87,2251
53.62,2250
56.52,2249
59.54,2248
70.43,2247
85.29,2246
88.81,2245
96.1,2244
106.49,2243
108.07,2242
113.82,2241
115.8,2240
117.95,2239
120.15,2238
123.68,2237
126.28,2236
129.26,2235
143.92,2234
156.34,2233
157.38,2232
171.04,2231
173.03,2230
189.84,2229
196.14,2228
207.43,2227
209.55,2226
215.12,2225
217.82,2224
259.01,2223
277.02,2222
285.33,2221
290.22,2220
299.18,2219
303.63,2218
320.49,2217
329.38,2216
348.04,2215
360.42,2214
365.85,2213
404.52,2212
426.06,2211
461.48,2210
481.52,2209
499.43,2208
500.76,2207
532.81,2206
537.03,2205
579.7,2204
