0.0,2265
0.2,2264
0.43,2263
0.61,2262
0.78,2261
0.96,2260
1.2,2259
1.36,2258
1.54,2257
1.71,2256
1.87,2255
2.03,2254
2.2,2253
2.35,2252
2.52,2251
2.7,2250
2.89,2249
3.14,2248
3.53,2247
3.88,2246
4.03,2245
4.2,2244
4.41,2243
4.63,2242
4.82,2241
5.0,2240
5.17,2239
5.34,2238
5.52,2237
5.8,2236
5.95,2235
6.16,2234
6.34,2233
6.66,2232
6.81,2231
7.01,2230
7.28,2229
7.8,2228
8.06,2227
8.27,2226
8.48,2225
8.64,2224
8.87,2223
9.13,2222
9.48,2221
9.77,2220
9.93,2219
10.24,2218
10.45,2217
10.6,2216
10.89,2215
11.21,2214
11.57,2213
11.94,2212
14.48,2211
15.17,2210
17.39,2209
22.78,2208
23.13,2207
26.85,2206
28.15,2205
56.04,2204
