0.0,2265
0.15,2264
0.25,2263
0.37,2262
0.48,2261
0.59,2260
0.71,2259
0.83,2258
0.94,2257
1.12,2256
1.24,2255
1.36,2254
1.47,2253
1.62,2252
1.78,2251
1.94,2250
2.09,2249
2.24,2248
2.38,2247
2.56,2246
2.72,2245
2.88,2244
3.06,2243
3.22,2242
3.36,2241
3.52,2240
3.7,2239
3.86,2238
4.01,2237
4.16,2236
4.43,2235
4.6,2234
4.76,2233
4.94,2232
5.1,2231
5.3,2230
5.45,2229
5.6,2228
5.86,2227
6.0,2226
6.19,2225
6.4,2224
6.76,2223
7.01,2222
7.22,2221
7.49,2220
7.65,2219
7.82,2218
8.28,2217
8.45,2216
8.68,2215
9.09,2214
9.33,2213
9.6,2212
9.88,2211
10.3,2210
10.5,2209
11.07,2208
11.51,2207
14.14,2206
19.35,2205
20.33,2204
25.09,2203
