0.0,2265
0.07,2263
5.39,2262
10.68,2261
15.74,2260
18.02,2259
18.93,2258
19.97,2257
20.89,2256
24.15,2255
28.83,2254
29.84,2253
31.8,2252
37.45,2251
40.85,2250
43.83,2249
47.36,2248
47.78,2247
48.48,2246
50.48,2245
50.75,2244
52.28,2243
52.4,2242
68.19,2241
68.28,2240
73.79,2239
101.48,2238
105.84,2237
111.52,2236
118.29,2235
119.9,2234
138.84,2233
141.38,2232
145.66,2231
146.47,2230
151.22,2229
153.38,2228
175.32,2227
178.3,2226
182.11,2225
183.96,2224
200.39,2223
215.26,2222
226.76,2221
245.79,2220
257.42,2219
291.88,2218
293.99,2217
316.54,2216
342.01,2215
462.25,2214
463.73,2213
538.98,2212
