0.0,2265
0.19,2264
0.34,2263
0.5,2262
0.65,2261
0.89,2260
1.08,2259
1.27,2258
1.42,2257
1.58,2256
1.72,2255
1.87,2254
2.04,2253
2.19,2252
2.33,2251
2.51,2250
2.67,2249
2.83,2248
3.06,2247
3.21,2246
3.36,2245
3.54,2244
3.71,2243
3.87,2242
4.04,2241
4.22,2240
4.35,2239
4.52,2238
4.68,2237
4.9,2236
5.08,2235
5.23,2234
5.37,2233
5.57,2232
5.94,2231
6.11,2230
6.29,2229
6.48,2228
6.68,2227
7.31,2226
7.47,2225
7.67,2224
7.81,2223
8.02,2222
8.34,2221
8.83,2220
9.23,2219
9.94,2218
10.66,2217
11.11,2216
11.36,2215
11.66,2214
12.05,2213
12.23,2212
12.41,2211
12.59,2210
12.82,2209
13.08,2208
15.07,2207
18.57,2206
21.1,2205
42.53,2204
55.38,2203
