0.0,2265
0.07,2263
8.81,2262
16.87,2261
21.01,2260
21.36,2259
22.08,2258
22.29,2257
25.9,2256
27.17,2255
28.77,2254
34.1,2253
35.31,2252
37.28,2251
39.14,2250
39.52,2249
39.94,2248
40.92,2247
41.05,2246
41.47,2245
43.78,2244
45.96,2243
46.56,2242
46.71,2241
51.56,2240
52.71,2239
54.67,2238
55.77,2237
61.28,2236
63.97,2235
65.0,2234
66.24,2233
67.9,2232
68.97,2231
79.41,2230
83.4,2229
89.74,2228
90.97,2227
92.44,2226
97.17,2225
101.86,2224
105.7,2223
117.83,2222
118.25,2221
125.84,2220
143.91,2219
170.67,2218
193.17,2217
240.38,2216
253.75,2215
258.18,2214
259.43,2213
261.57,2212
273.59,2211
336.25,2210
381.05,2209
469.93,2208
