0.0,2265
0.16,2264
0.36,2263
0.55,2262
0.7,2261
0.86,2260
1.01,2259
1.2,2258
1.38,2257
1.6,2256
1.78,2255
1.94,2254
2.25,2253
2.45,2252
2.63,2251
2.78,2250
2.99,2249
3.16,2248
3.36,2247
3.55,2246
3.78,2245
3.97,2244
4.13,2243
4.34,2242
4.49,2241
4.67,2240
4.93,2239
5.15,2238
5.31,2237
5.5,2236
5.68,2235
5.85,2234
6.07,2233
6.26,2232
6.54,2231
6.79,2230
6.95,2229
7.1,2228
7.32,2227
7.58,2226
7.77,2225
8.25,2224
8.72,2223
9.27,2222
9.52,2221
10.18,2220
10.36,2219
10.58,2218
10.77,2217
10.94,2216
12.51,2215
12.77,2214
13.18,2213
14.63,2212
16.13,2211
16.33,2210
17.31,2209
17.56,2208
19.4,2207
22.35,2206
29.9,2205
30.6,2204
