0.002501964569091797,1
0.0027878284454345703,2
0.003059864044189453,3
0.0032868385314941406,4
0.003512859344482422,5
0.0037598609924316406,6
0.004000663757324219,7
0.004225730895996094,8
0.004451751708984375,9
0.004787921905517578,10
0.005224943161010742,11
0.005600690841674805,12
0.005963802337646484,13
0.006251811981201172,14
0.006532907485961914,15
0.0067598819732666016,16
0.006990909576416016,17
0.007325887680053711,18
0.007591962814331055,19
0.00781702995300293,20
0.008045673370361328,21
0.008271932601928711,22
0.008496761322021484,23
0.008720874786376953,24
0.008946895599365234,25
0.009346723556518555,26
0.009614706039428711,27
0.009946823120117188,28
0.010177850723266602,29
0.010403871536254883,30
0.01063084602355957,31
0.010856866836547852,32
0.011291980743408203,33
0.011632919311523438,34
0.012003898620605469,35
0.012230873107910156,36
0.012457847595214844,37
0.012683629989624023,38
0.013045787811279297,39
0.013474702835083008,40
0.013882875442504883,41
0.014184951782226562,42
0.014507055282592773,43
0.014742851257324219,44
0.01497197151184082,45
0.015231847763061523,46
0.015457868576049805,47
0.015684843063354492,48
0.01591181755065918,49
0.01613783836364746,50
0.016408681869506836,51
0.016667842864990234,52
0.01689291000366211,53
0.017139911651611328,54
0.0175018310546875,55
0.017734766006469727,56
0.017961978912353516,57
0.0181887149810791,58
0.01841592788696289,59
0.01875472068786621,60
0.019030094146728516,61
0.0192568302154541,62
0.019573688507080078,63
0.019806861877441406,64
0.020035743713378906,65
0.020262956619262695,66
0.020529985427856445,67
0.020792722702026367,68
0.021089792251586914,69
0.021524906158447266,70
0.021902799606323242,71
0.02231884002685547,72
0.02275991439819336,73
0.023065805435180664,74
0.023366928100585938,75
0.02359294891357422,76
0.023820877075195312,77
0.02407979965209961,78
0.0243227481842041,79
0.024600744247436523,80
0.024827957153320312,81
0.025053977966308594,82
0.025281667709350586,83
0.025507688522338867,84
0.02573394775390625,85
0.025960922241210938,86
0.026187658309936523,87
0.02652287483215332,88
0.026808738708496094,89
0.027357816696166992,90
0.02779865264892578,91
0.028082847595214844,92
0.028310775756835938,93
0.02853679656982422,94
0.028801679611206055,95
0.029028892517089844,96
0.029256820678710938,97
0.02948307991027832,98
0.029933691024780273,99
0.030305862426757812,100
0.030614852905273438,101
0.030925750732421875,102
0.03130602836608887,103
0.0315546989440918,104
0.03179287910461426,105
0.032022714614868164,106
0.03232002258300781,107
0.03257393836975098,108
0.03280067443847656,109
0.03302788734436035,110
0.03325486183166504,111
0.03348183631896973,112
0.03375387191772461,113
0.0340118408203125,114
0.03424477577209473,115
0.03447079658508301,116
0.034758806228637695,117
0.03498697280883789,118
0.03521370887756348,119
0.03548073768615723,120
0.035707950592041016,121
0.03596973419189453,122
0.03619670867919922,123
0.036424875259399414,124
0.0366518497467041,125
0.03687787055969238,126
0.0371546745300293,127
0.03752875328063965,128
0.03788280487060547,129
0.03818988800048828,130
0.038485050201416016,131
0.038713932037353516,132
0.03894186019897461,133
0.03918170928955078,134
0.03942084312438965,135
0.03965187072753906,136
0.03987884521484375,137
0.040107011795043945,138
0.04033470153808594,139
0.04056286811828613,140
0.04085993766784668,141
0.04121589660644531,142
0.041522979736328125,143
0.04175686836242676,144
0.04198479652404785,145
0.04224991798400879,146
0.04247784614562988,147
0.042825937271118164,148
0.04317188262939453,149
0.043495893478393555,150
0.043727874755859375,151
0.04395604133605957,152
0.044182777404785156,153
0.044409751892089844,154
0.04463696479797363,155
0.044899702072143555,156
0.04512786865234375,157
0.045355796813964844,158
0.045819759368896484,159
0.04627084732055664,160
0.04665780067443848,161
0.046936750411987305,162
0.04716801643371582,163
0.047478675842285156,164
0.04771280288696289,165
0.04795694351196289,166
0.0482330322265625,167
0.048459768295288086,168
0.04869198799133301,169
0.04896998405456543,170
0.04928898811340332,171
0.04956483840942383,172
0.04979276657104492,173
0.05005693435668945,174
0.05033683776855469,175
0.05061483383178711,176
0.05087590217590332,177
0.05122089385986328,178
0.05146980285644531,179
0.051698923110961914,180
0.05192685127258301,181
0.0521547794342041,182
0.0523838996887207,183
0.05261087417602539,184
0.052841901779174805,185
0.0530698299407959,186
0.053297996520996094,187
0.053607940673828125,188
0.05398988723754883,189
0.05443000793457031,190
0.05473184585571289,191
0.054991722106933594,192
0.055220842361450195,193
0.05544781684875488,194
0.05567598342895508,195
0.05590462684631348,196
0.05613279342651367,197
0.05647993087768555,198
0.056825876235961914,199
0.05710172653198242,200
0.057451725006103516,201
0.057686805725097656,202
0.05795788764953613,203
0.05820798873901367,204
0.05844998359680176,205
0.05867767333984375,206
0.058905839920043945,207
0.05917477607727051,208
0.05953478813171387,209
0.05987095832824707,210
0.06010699272155762,211
0.06033587455749512,212
0.06056499481201172,213
0.06079387664794922,214
0.061148881912231445,215
0.06161689758300781,216
0.06202077865600586,217
0.06236386299133301,218
0.06265664100646973,219
0.06289386749267578,220
0.06312394142150879,221
0.06335186958312988,222
0.06357979774475098,223
0.06395077705383301,224
0.06422877311706543,225
0.06451201438903809,226
0.06483578681945801,227
0.06506967544555664,228
0.06530380249023438,229
0.06557273864746094,230
0.06595897674560547,231
0.06619501113891602,232
0.06642484664916992,233
0.06665587425231934,234
0.06688594818115234,235
0.06737279891967773,236
0.06774187088012695,237
0.0679779052734375,238
0.06824183464050293,239
0.06847071647644043,240
0.06869983673095703,241
0.06892871856689453,242
0.06922388076782227,243
0.06949186325073242,244
0.0700078010559082,245
0.07039690017700195,246
0.07070803642272949,247
0.07110786437988281,248
0.07141566276550293,249
0.07165384292602539,250
0.0718836784362793,251
0.07221770286560059,252
0.07252287864685059,253
0.07275867462158203,254
0.07315587997436523,255
0.07350873947143555,256
0.07381391525268555,257
0.07404375076293945,258
0.07427382469177246,259
0.07450294494628906,260
0.07473278045654297,261
0.07496285438537598,262
0.07519078254699707,263
0.07542085647583008,264
0.07564878463745117,265
0.07587790489196777,266
0.07610702514648438,267
0.07641983032226562,268
0.07667374610900879,269
0.076995849609375,270
0.07755875587463379,271
0.07798194885253906,272
0.07856273651123047,273
0.07887387275695801,274
0.07914590835571289,275
0.07939672470092773,276
0.07971382141113281,277
0.07994484901428223,278
0.08017587661743164,279
0.08044600486755371,280
0.08071565628051758,281
0.08097100257873535,282
0.08127474784851074,283
0.0815889835357666,284
0.08184385299682617,285
0.08207488059997559,286
0.08234071731567383,287
0.08257794380187988,288
0.08285379409790039,289
0.08308291435241699,290
0.0833127498626709,291
0.0835418701171875,292
0.083770751953125,293
0.0839998722076416,294
0.08424782752990723,295
0.0844869613647461,296
0.0847177505493164,297
0.08494687080383301,298
0.08517575263977051,299
0.08540487289428711,300
0.08574390411376953,301
0.08610987663269043,302
0.08647990226745605,303
0.08678483963012695,304
0.0870358943939209,305
0.08738470077514648,306
0.08762502670288086,307
0.08794689178466797,308
0.08835792541503906,309
0.08859395980834961,310
0.0888528823852539,311
0.08919978141784668,312
0.0895528793334961,313
0.08978891372680664,314
0.09001970291137695,315
0.09025001525878906,316
0.09048080444335938,317
0.09085488319396973,318
0.09132599830627441,319
0.09161972999572754,320
0.09185099601745605,321
0.09208178520202637,322
0.09236979484558105,323
0.09268999099731445,324
0.09311389923095703,325
0.09361886978149414,326
0.09404683113098145,327
0.09447193145751953,328
0.09488987922668457,329
0.09512591361999512,330
0.09543395042419434,331
0.0957038402557373,332
0.0959477424621582,333
0.09617900848388672,334
0.09640979766845703,335
0.09671783447265625,336
0.09695267677307129,337
0.09727692604064941,338
0.09755086898803711,339
0.0978248119354248,340
0.09805583953857422,341
0.09828567504882812,342
0.09851598739624023,343
0.09874582290649414,344
0.09923887252807617,345
0.09947705268859863,346
0.09970784187316895,347
0.09993767738342285,348
0.10016894340515137,349
0.10039877891540527,350
0.10063004493713379,351
0.1008598804473877,352
0.10126376152038574,353
0.10159587860107422,354
0.10205078125,355
0.10245680809020996,356
0.1027679443359375,357
0.10310983657836914,358
0.1033468246459961,359
0.10357880592346191,360
0.10380864143371582,361
0.10403990745544434,362
0.10427188873291016,363
0.10450267791748047,364
0.10493087768554688,365
0.10516786575317383,366
0.10539984703063965,367
0.10563087463378906,368
0.10586190223693848,369
0.10609173774719238,370
0.10637283325195312,371
0.10676097869873047,372
0.1070709228515625,373
0.10742974281311035,374
0.10766887664794922,375
0.10790085792541504,376
0.10813188552856445,377
0.10836195945739746,378
0.10876584053039551,379
0.10915279388427734,380
0.10938882827758789,381
0.10965895652770996,382
0.10988974571228027,383
0.1102290153503418,384
0.11076569557189941,385
0.11117792129516602,386
0.1115117073059082,387
0.11174392700195312,388
0.11197590827941895,389
0.11220884323120117,390
0.11244082450866699,391
0.1126718521118164,392
0.11305880546569824,393
0.11329793930053711,394
0.11352872848510742,395
0.11375999450683594,396
0.11399197578430176,397
0.11427569389343262,398
0.11455583572387695,399
0.11478877067565918,400
0.1150197982788086,401
0.11525082588195801,402
0.11548376083374023,403
0.11571478843688965,404
0.11613583564758301,405
0.1164548397064209,406
0.11673665046691895,407
0.11699676513671875,408
0.11740589141845703,409
0.11764287948608398,410
0.11792898178100586,411
0.11825990676879883,412
0.11858177185058594,413
0.11881780624389648,414
0.1190500259399414,415
0.11928176879882812,416
0.11951279640197754,417
0.1197807788848877,418
0.12001276016235352,419
0.12024497985839844,420
0.12047576904296875,421
0.12070679664611816,422
0.12097287178039551,423
0.1213998794555664,424
0.12172579765319824,425
0.12195897102355957,426
0.12219071388244629,427
0.1224210262298584,428
0.12265396118164062,429
0.12288475036621094,430
0.12326979637145996,431
0.12357878684997559,432
0.12390685081481934,433
0.12413978576660156,434
0.12437200546264648,435
0.12462186813354492,436
0.12486886978149414,437
0.12510180473327637,438
0.12538695335388184,439
0.1259157657623291,440
0.12629294395446777,441
0.1267557144165039,442
0.12699484825134277,443
0.1273658275604248,444
0.12760496139526367,445
0.1278378963470459,446
0.1280689239501953,447
0.12830066680908203,448
0.12853193283081055,449
0.12885785102844238,450
0.12912988662719727,451
0.1293628215789795,452
0.12964296340942383,453
0.12987399101257324,454
0.13010573387145996,455
0.13033771514892578,456
0.1305689811706543,457
0.13080096244812012,458
0.13112497329711914,459
0.13146090507507324,460
0.13169479370117188,461
0.1319277286529541,462
0.13228869438171387,463
0.13256382942199707,464
0.1327970027923584,465
0.13306689262390137,466
0.13335084915161133,467
0.13363981246948242,468
0.13394999504089355,469
0.13419175148010254,470
0.13442587852478027,471
0.1346597671508789,472
0.13489389419555664,473
0.13512778282165527,474
0.13549184799194336,475
0.13573098182678223,476
0.13596391677856445,477
0.13619589805603027,478
0.13652682304382324,479
0.13684988021850586,480
0.13716363906860352,481
0.13748574256896973,482
0.13772082328796387,483
0.1379537582397461,484
0.13818693161010742,485
0.13841891288757324,486
0.13865089416503906,487
0.1389918327331543,488
0.13923263549804688,489
0.1395258903503418,490
0.1398930549621582,491
0.1401968002319336,492
0.1404707431793213,493
0.14070391654968262,494
0.14097166061401367,495
0.14127492904663086,496
0.1415259838104248,497
0.1419527530670166,498
0.1423938274383545,499
0.14284396171569824,500
0.14325976371765137,501
0.14359498023986816,502
0.14383578300476074,503
0.14406871795654297,504
0.14434576034545898,505
0.14480376243591309,506
0.14504384994506836,507
0.14527678489685059,508
0.14550995826721191,509
0.14574170112609863,510
0.14597463607788086,511
0.14623475074768066,512
0.14652085304260254,513
0.14675378799438477,514
0.1469869613647461,515
0.14734578132629395,516
0.14760088920593262,517
0.14786481857299805,518
0.14811182022094727,519
0.14838886260986328,520
0.1486217975616455,521
0.14888882637023926,522
0.1491227149963379,523
0.14935684204101562,524
0.14959001541137695,525
0.149946928024292,526
0.1502218246459961,527
0.15045571327209473,528
0.15069079399108887,529
0.15095877647399902,530
0.1513679027557373,531
0.15166687965393066,532
0.15190577507019043,533
0.15213966369628906,534
0.1523737907409668,535
0.15260791778564453,536
0.15288186073303223,537
0.15311574935913086,538
0.1533498764038086,539
0.15362882614135742,540
0.1539137363433838,541
0.15419387817382812,542
0.15447282791137695,543
0.15476083755493164,544
0.1549997329711914,545
0.15530967712402344,546
0.1555478572845459,547
0.15581488609313965,548
0.15604782104492188,549
0.1562817096710205,550
0.1566920280456543,551
0.15705299377441406,552
0.15739870071411133,553
0.1576399803161621,554
0.15787482261657715,555
0.15810775756835938,556
0.1583418846130371,557
0.15857577323913574,558
0.15880990028381348,559
0.1590428352355957,560
0.1593186855316162,561
0.15958666801452637,562
0.1598207950592041,563
0.16005468368530273,564
0.16028785705566406,565
0.1605219841003418,566
0.16075706481933594,567
0.16103768348693848,568
0.16134095191955566,569
0.1616377830505371,570
0.16204500198364258,571
0.16230201721191406,572
0.1625380516052246,573
0.16286492347717285,574
0.16317486763000488,575
0.16340994834899902,576
0.16364383697509766,577
0.16391992568969727,578
0.1641538143157959,579
0.16438770294189453,580
0.16462182998657227,581
0.164902925491333,582
0.16513681411743164,583
0.16536974906921387,584
0.165604829788208,585
0.16583991050720215,586
0.16607284545898438,587
0.166306734085083,588
0.1665637493133545,589
0.16681885719299316,590
0.16708683967590332,591
0.1674177646636963,592
0.16766071319580078,593
0.16789579391479492,594
0.16817784309387207,595
0.1684129238128662,596
0.16864800453186035,597
0.16892075538635254,598
0.16915678977966309,599
0.16942787170410156,600
0.16971182823181152,601
0.1699538230895996,602
0.17019176483154297,603
0.17048287391662598,604
0.17075085639953613,605
0.17105984687805176,606
0.17135882377624512,607
0.17159390449523926,608
0.171828031539917,609
0.17206287384033203,610
0.17233777046203613,611
0.17270779609680176,612
0.1730639934539795,613
0.17330002784729004,614
0.17353487014770508,615
0.17376995086669922,616
0.17404580116271973,617
0.17456889152526855,618
0.17481279373168945,619
0.175048828125,620
0.17528390884399414,621
0.17555475234985352,622
0.17579078674316406,623
0.1760258674621582,624
0.17626070976257324,625
0.17653298377990723,626
0.17676877975463867,627
0.17702484130859375,628
0.17742371559143066,629
0.17766284942626953,630
0.17794203758239746,631
0.17819595336914062,632
0.17848992347717285,633
0.1788618564605713,634
0.17910385131835938,635
0.17933964729309082,636
0.17957568168640137,637
0.1798107624053955,638
0.18004465103149414,639
0.18027973175048828,640
0.18051481246948242,641
0.18074989318847656,642
0.18111801147460938,643
0.18146204948425293,644
0.1817028522491455,645
0.18193793296813965,646
0.1821727752685547,647
0.18241000175476074,648
0.18264484405517578,649
0.18287992477416992,650
0.1831660270690918,651
0.18339991569519043,652
0.1837599277496338,653
0.18405485153198242,654
0.1843090057373047,655
0.18454384803771973,656
0.18482685089111328,657
0.18507075309753418,658
0.18530797958374023,659
0.18558287620544434,660
0.18588685989379883,661
0.18612885475158691,662
0.18636584281921387,663
0.18663573265075684,664
0.1868727207183838,665
0.18710994720458984,666
0.18745779991149902,667
0.18770098686218262,668
0.18793678283691406,669
0.1881716251373291,670
0.18840670585632324,671
0.1886427402496338,672
0.18911170959472656,673
0.18945097923278809,674
0.18976783752441406,675
0.1900019645690918,676
0.19027376174926758,677
0.19050884246826172,678
0.19074368476867676,679
0.19109678268432617,680
0.19153594970703125,681
0.19177985191345215,682
0.19206976890563965,683
0.19234371185302734,684
0.1925797462463379,685
0.19281697273254395,686
0.19309377670288086,687
0.19336390495300293,688
0.19359993934631348,689
0.19383573532104492,690
0.19407081604003906,691
0.1943056583404541,692
0.19454169273376465,693
0.1947767734527588,694
0.1950547695159912,695
0.19528889656066895,696
0.1955249309539795,697
0.19575977325439453,698
0.19599485397338867,699
0.1962299346923828,700
0.19646477699279785,701
0.19681572914123535,702
0.19709277153015137,703
0.19744181632995605,704
0.19768500328063965,705
0.1979207992553711,706
0.19815564155578613,707
0.19839167594909668,708
0.19862675666809082,709
0.19890284538269043,710
0.19913768768310547,711
0.1993718147277832,712
0.19962596893310547,713
0.1998889446258545,714
0.2001187801361084,715
0.2003929615020752,716
0.2006237506866455,717
0.20088672637939453,718
0.20120978355407715,719
0.2014918327331543,720
0.20172381401062012,721
0.20195269584655762,722
0.20218396186828613,723
0.20241475105285645,724
0.20269274711608887,725
0.20292305946350098,726
0.2032487392425537,727
0.20352387428283691,728
0.20381975173950195,729
0.2041149139404297,730
0.2043609619140625,731
0.20462799072265625,732
0.20485782623291016,733
0.20508790016174316,734
0.20531773567199707,735
0.2055509090423584,736
0.2057809829711914,737
0.2060108184814453,738
0.2063460350036621,739
0.20669174194335938,740
0.2070326805114746,741
0.20740675926208496,742
0.20768380165100098,743
0.20800375938415527,744
0.20842480659484863,745
0.20873284339904785,746
0.20897388458251953,747
0.2092118263244629,748
0.20957493782043457,749
0.2098686695098877,750
0.21010780334472656,751
0.21034502983093262,752
0.2106037139892578,753
0.211014986038208,754
0.21133685111999512,755
0.21161675453186035,756
0.21190667152404785,757
0.21216368675231934,758
0.2124009132385254,759
0.21263694763183594,760
0.2129528522491455,761
0.2133638858795166,762
0.21365880966186523,763
0.21393585205078125,764
0.2141728401184082,765
0.21440887451171875,766
0.21471786499023438,767
0.21495389938354492,768
0.21518993377685547,769
0.21550393104553223,770
0.21578192710876465,771
0.216019868850708,772
0.21625661849975586,773
0.21649384498596191,774
0.21672987937927246,775
0.2169647216796875,776
0.21727800369262695,777
0.21753597259521484,778
0.2177736759185791,779
0.21800971031188965,780
0.2182457447052002,781
0.21848297119140625,782
0.2187190055847168,783
0.21916699409484863,784
0.21943283081054688,785
0.21967005729675293,786
0.2199077606201172,787
0.22014284133911133,788
0.22042298316955566,789
0.2206590175628662,790
0.22089385986328125,791
0.22123193740844727,792
0.22151875495910645,793
0.22195100784301758,794
0.2222299575805664,795
0.22246670722961426,796
0.2227027416229248,797
0.2231438159942627,798
0.22347283363342285,799
0.22376394271850586,800
0.2239999771118164,801
0.22423768043518066,802
0.22450995445251465,803
0.22496485710144043,804
0.22522878646850586,805
0.22546982765197754,806
0.2257070541381836,807
0.22594380378723145,808
0.2261807918548584,809
0.22641777992248535,810
0.22670698165893555,811
0.22698688507080078,812
0.227341890335083,813
0.22757482528686523,814
0.22780585289001465,815
0.22803688049316406,816
0.22826886177062988,817
0.2285008430480957,818
0.228759765625,819
0.22906184196472168,820
0.22929883003234863,821
0.2295360565185547,822
0.22980880737304688,823
0.23004484176635742,824
0.23045086860656738,825
0.2308058738708496,826
0.23115086555480957,827
0.23145675659179688,828
0.23173093795776367,829
0.23196792602539062,830
0.23220467567443848,831
0.23252081871032715,832
0.23275971412658691,833
0.23299789428710938,834
0.23323392868041992,835
0.23347091674804688,836
0.23370766639709473,837
0.23394489288330078,838
0.2342216968536377,839
0.23449277877807617,840
0.23473000526428223,841
0.23496770858764648,842
0.23520374298095703,843
0.2354419231414795,844
0.23567891120910645,845
0.23593497276306152,846
0.23641681671142578,847
0.23666000366210938,848
0.23689770698547363,849
0.2373509407043457,850
0.2376699447631836,851
0.23794984817504883,852
0.2381877899169922,853
0.23842573165893555,854
0.2386617660522461,855
0.238966703414917,856
0.23922085762023926,857
0.2394578456878662,858
0.23969674110412598,859
0.23993396759033203,860
0.24017095565795898,861
0.24040770530700684,862
0.2407999038696289,863
0.2412109375,864
0.24158167839050293,865
0.24185872077941895,866
0.242095947265625,867
0.24233388900756836,868
0.24261689186096191,869
0.24285387992858887,870
0.24309086799621582,871
0.24332690238952637,872
0.24356293678283691,873
0.24383783340454102,874
0.24407672882080078,875
0.24431276321411133,876
0.24458694458007812,877
0.24482369422912598,878
0.24510693550109863,879
0.24537277221679688,880
0.24564480781555176,881
0.2458817958831787,882
0.24617886543273926,883
0.24643778800964355,884
0.2466750144958496,885
0.24693679809570312,886
0.24736595153808594,887
0.24761080741882324,888
0.2478499412536621,889
0.24808669090270996,890
0.24832487106323242,891
0.24856185913085938,892
0.2488389015197754,893
0.24909496307373047,894
0.24940967559814453,895
0.249647855758667,896
0.24988484382629395,897
0.2501218318939209,898
0.25035977363586426,899
0.25061678886413574,900
0.25102686882019043,901
0.25136470794677734,902
0.25163769721984863,903
0.25188684463500977,904
0.25226879119873047,905
0.25258708000183105,906
0.2528257369995117,907
0.25310277938842773,908
0.2533738613128662,909
0.25361084938049316,910
0.2538478374481201,911
0.25420284271240234,912
0.25444889068603516,913
0.2546868324279785,914
0.2549247741699219,915
0.25516176223754883,916
0.2553999423980713,917
0.25563693046569824,918
0.2558748722076416,919
0.25623083114624023,920
0.2565298080444336,921
0.25689077377319336,922
0.2572360038757324,923
0.2575979232788086,924
0.25787973403930664,925
0.2581298351287842,926
0.2583889961242676,927
0.2586398124694824,928
0.2589128017425537,929
0.2591848373413086,930
0.25946688652038574,931
0.2597179412841797,932
0.2599780559539795,933
0.26022791862487793,934
0.2605876922607422,935
0.26087498664855957,936
0.2613339424133301,937
0.2616457939147949,938
0.261920690536499,939
0.26217079162597656,940
0.2624199390411377,941
0.26266980171203613,942
0.26291894912719727,943
0.2631678581237793,944
0.26341676712036133,945
0.26366686820983887,946
0.2639167308807373,947
0.2642660140991211,948
0.2645528316497803,949
0.26485204696655273,950
0.26515674591064453,951
0.2654416561126709,952
0.26569175720214844,953
0.26594090461730957,954
0.2662217617034912,955
0.2664949893951416,956
0.2667667865753174,957
0.26705098152160645,958
0.267549991607666,959
0.2679259777069092,960
0.26821184158325195,961
0.26848483085632324,962
0.2687697410583496,963
0.26901984214782715,964
0.2693970203399658,965
0.26982784271240234,966
0.2702038288116455,967
0.27049970626831055,968
0.27077674865722656,969
0.27121782302856445,970
0.27152061462402344,971
0.27181077003479004,972
0.27211761474609375,973
0.2724637985229492,974
0.2729809284210205,975
0.27349090576171875,976
0.27408480644226074,977
0.27437591552734375,978
0.2747218608856201,979
0.2750098705291748,980
0.27526092529296875,981
0.2755248546600342,982
0.27579283714294434,983
0.2760467529296875,984
0.27629590034484863,985
0.27654576301574707,986
0.2767958641052246,987
0.27704668045043945,988
0.27739596366882324,989
0.277681827545166,990
0.27795982360839844,991
0.27820873260498047,992
0.2784578800201416,993
0.27870678901672363,994
0.27895569801330566,995
0.2792198657989502,996
0.2794947624206543,997
0.2797660827636719,998
0.28004884719848633,999
0.28029894828796387,1000
0.2805488109588623,1001
0.280855655670166,1002
0.28145790100097656,1003
0.2817838191986084,1004
0.2821156978607178,1005
0.2824547290802002,1006
0.2827298641204834,1007
0.2829906940460205,1008
0.28324365615844727,1009
0.2834937572479248,1010
0.28374385833740234,1011
0.2839949131011963,1012
0.28424596786499023,1013
0.2844967842102051,1014
0.284747838973999,1015
0.28499794006347656,1016
0.2852480411529541,1017
0.28549671173095703,1018
0.2857480049133301,1019
0.2859978675842285,1020
0.28638172149658203,1021
0.2866837978363037,1022
0.28696489334106445,1023
0.2873878479003906,1024
0.28772997856140137,1025
0.28810596466064453,1026
0.2885158061981201,1027
0.28882265090942383,1028
0.28911280632019043,1029
0.28945183753967285,1030
0.29000401496887207,1031
0.2904987335205078,1032
0.29126977920532227,1033
0.2915668487548828,1034
0.29181385040283203,1035
0.2920567989349365,1036
0.2923469543457031,1037
0.292590856552124,1038
0.292832612991333,1039
0.2930769920349121,1040
0.29335498809814453,1041
0.29362988471984863,1042
0.29389190673828125,1043
0.2941629886627197,1044
0.29445886611938477,1045
0.29472994804382324,1046
0.2949986457824707,1047
0.2952687740325928,1048
0.295623779296875,1049
0.29590463638305664,1050
0.29619264602661133,1051
0.29645800590515137,1052
0.2967207431793213,1053
0.2969827651977539,1054
0.2973177433013916,1055
0.29758286476135254,1056
0.29786181449890137,1057
0.29810166358947754,1058
0.2983708381652832,1059
0.29860782623291016,1060
0.2988917827606201,1061
0.29912877082824707,1062
0.299365758895874,1063
0.29960179328918457,1064
0.2998378276824951,1065
0.30007505416870117,1066
0.300311803817749,1067
0.30054783821105957,1068
0.3007848262786865,1069
0.3010597229003906,1070
0.3013439178466797,1071
0.3016209602355957,1072
0.3018770217895508,1073
0.30211877822875977,1074
0.30236172676086426,1075
0.30260372161865234,1076
0.30284595489501953,1077
0.30318474769592285,1078
0.30342888832092285,1079
0.3038358688354492,1080
0.30428385734558105,1081
0.3046269416809082,1082
0.30487990379333496,1083
0.3051168918609619,1084
0.30544185638427734,1085
0.30584096908569336,1086
0.30608677864074707,1087
0.3063228130340576,1088
0.30655884742736816,1089
0.3069179058074951,1090
0.3073296546936035,1091
0.30758190155029297,1092
0.3078129291534424,1093
0.3080437183380127,1094
0.3082737922668457,1095
0.3085179328918457,1096
0.30878186225891113,1097
0.30902886390686035,1098
0.3093099594116211,1099
0.3095879554748535,1100
0.3098440170288086,1101
0.31009888648986816,1102
0.3103518486022949,1103
0.31062769889831543,1104
0.31088900566101074,1105
0.3111698627471924,1106
0.3114948272705078,1107
0.31180691719055176,1108
0.31207990646362305,1109
0.31234192848205566,1110
0.3126039505004883,1111
0.3128688335418701,1112
0.31313085556030273,1113
0.31339287757873535,1114
0.31365299224853516,1115
0.31391382217407227,1116
0.3141798973083496,1117
0.3145468235015869,1118
0.31482386589050293,1119
0.315093994140625,1120
0.31537580490112305,1121
0.3156249523162842,1122
0.3158738613128662,1123
0.31612086296081543,1124
0.31638097763061523,1125
0.31665778160095215,1126
0.3168928623199463,1127
0.3172590732574463,1128
0.3175230026245117,1129
0.31775379180908203,1130
0.31798386573791504,1131
0.31821393966674805,1132
0.31844377517700195,1133
0.31867289543151855,1134
0.31912779808044434,1135
0.3196697235107422,1136
0.3201417922973633,1137
0.32056498527526855,1138
0.32080698013305664,1139
0.3211326599121094,1140
0.3214588165283203,1141
0.321713924407959,1142
0.3219490051269531,1143
0.32218384742736816,1144
0.3224198818206787,1145
0.32265400886535645,1146
0.32300281524658203,1147
0.32332873344421387,1148
0.32364583015441895,1149
0.3238818645477295,1150
0.3241598606109619,1151
0.3243999481201172,1152
0.32468080520629883,1153
0.3249168395996094,1154
0.3251519203186035,1155
0.3253898620605469,1156
0.3256258964538574,1157
0.32586073875427246,1158
0.3260958194732666,1159
0.3264126777648926,1160
0.3266477584838867,1161
0.32688283920288086,1162
0.32717084884643555,1163
0.3275289535522461,1164
0.3280298709869385,1165
0.32849788665771484,1166
0.32877087593078613,1167
0.3290128707885742,1168
0.32924795150756836,1169
0.3294830322265625,1170
0.32971978187561035,1171
0.3299558162689209,1172
0.3302297592163086,1173
0.33046579360961914,1174
0.3307008743286133,1175
0.3309948444366455,1176
0.3313438892364502,1177
0.3315877914428711,1178
0.3318808078765869,1179
0.33211588859558105,1180
0.33235788345336914,1181
0.33272576332092285,1182
0.33319973945617676,1183
0.3336467742919922,1184
0.3341248035430908,1185
0.3345308303833008,1186
0.3350858688354492,1187
0.33567285537719727,1188
0.33623671531677246,1189
0.3367009162902832,1190
0.3370668888092041,1191
0.33761096000671387,1192
0.33789587020874023,1193
0.3381466865539551,1194
0.3383939266204834,1195
0.3386397361755371,1196
0.33892369270324707,1197
0.3393397331237793,1198
0.3396139144897461,1199
0.33988475799560547,1200
0.3401327133178711,1201
0.34038472175598145,1202
0.3406548500061035,1203
0.340930700302124,1204
0.3412199020385742,1205
0.3415260314941406,1206
0.341782808303833,1207
0.3421609401702881,1208
0.3425588607788086,1209
0.3428537845611572,1210
0.34320068359375,1211
0.3434450626373291,1212
0.34376978874206543,1213
0.34417104721069336,1214
0.3445608615875244,1215
0.3448169231414795,1216
0.34505772590637207,1217
0.3452937602996826,1218
0.34552884101867676,1219
0.3457636833190918,1220
0.34599876403808594,1221
0.3462710380554199,1222
0.34650707244873047,1223
0.3468167781829834,1224
0.34709787368774414,1225
0.3474297523498535,1226
0.34772682189941406,1227
0.3480048179626465,1228
0.3485119342803955,1229
0.34884095191955566,1230
0.3491368293762207,1231
0.34940075874328613,1232
0.3496987819671631,1233
0.34996581077575684,1234
0.35024380683898926,1235
0.3505218029022217,1236
0.3507988452911377,1237
0.351104736328125,1238
0.3514068126678467,1239
0.35164594650268555,1240
0.3520698547363281,1241
0.35237979888916016,1242
0.35265278816223145,1243
0.3529636859893799,1244
0.3531978130340576,1245
0.35343289375305176,1246
0.353665828704834,1247
0.3538997173309326,1248
0.3541848659515381,1249
0.3544199466705322,1250
0.3546879291534424,1251
0.3549220561981201,1252
0.35515594482421875,1253
0.355388879776001,1254
0.3556227684020996,1255
0.35585784912109375,1256
0.356090784072876,1257
0.35647082328796387,1258
0.3568298816680908,1259
0.3571326732635498,1260
0.35744166374206543,1261
0.35778284072875977,1262
0.3580667972564697,1263
0.35829997062683105,1264
0.3585348129272461,1265
0.35876893997192383,1266
0.35900282859802246,1267
0.3592379093170166,1268
0.35947179794311523,1269
0.3597257137298584,1270
0.36020874977111816,1271
0.360609769821167,1272
0.3608849048614502,1273
0.36121177673339844,1274
0.36150670051574707,1275
0.36193108558654785,1276
0.3622257709503174,1277
0.3624598979949951,1278
0.36269378662109375,1279
0.362926721572876,1280
0.3631608486175537,1281
0.36339378356933594,1282
0.36362695693969727,1283
0.3639397621154785,1284
0.36417269706726074,1285
0.36442089080810547,1286
0.36469483375549316,1287
0.36493396759033203,1288
0.3651728630065918,1289
0.3654658794403076,1290
0.36572980880737305,1291
0.36598992347717285,1292
0.36623597145080566,1293
0.3664977550506592,1294
0.36675262451171875,1295
0.3671419620513916,1296
0.3674619197845459,1297
0.3677189350128174,1298
0.3679938316345215,1299
0.3683006763458252,1300
0.3686337471008301,1301
0.3688967227935791,1302
0.3691377639770508,1303
0.36937665939331055,1304
0.36969661712646484,1305
0.36994385719299316,1306
0.3701777458190918,1307
0.37041163444519043,1308
0.37064290046691895,1309
0.37087583541870117,1310
0.37122368812561035,1311
0.3715178966522217,1312
0.371798038482666,1313
0.3720529079437256,1314
0.3724229335784912,1315
0.3726637363433838,1316
0.372999906539917,1317
0.3733987808227539,1318
0.3737196922302246,1319
0.37395262718200684,1320
0.37418699264526367,1321
0.3744199275970459,1322
0.37465381622314453,1323
0.37488579750061035,1324
0.37511777877807617,1325
0.3753516674041748,1326
0.3755838871002197,1327
0.37581586837768555,1328
0.3760488033294678,1329
0.37650370597839355,1330
0.37677478790283203,1331
0.37700891494750977,1332
0.37747693061828613,1333
0.3778088092803955,1334
0.37804388999938965,1335
0.37827587127685547,1336
0.37854480743408203,1337
0.3788158893585205,1338
0.37904882431030273,1339
0.37928080558776855,1340
0.37953782081604004,1341
0.37979698181152344,1342
0.3800320625305176,1343
0.3802638053894043,1344
0.3805367946624756,1345
0.38080477714538574,1346
0.38107800483703613,1347
0.38137292861938477,1348
0.3816108703613281,1349
0.38184499740600586,1350
0.3820788860321045,1351
0.38233280181884766,1352
0.38269495964050293,1353
0.3829357624053955,1354
0.38316965103149414,1355
0.38340306282043457,1356
0.38364076614379883,1357
0.3840508460998535,1358
0.3842918872833252,1359
0.38452672958374023,1360
0.38476085662841797,1361
0.3849947452545166,1362
0.3852658271789551,1363
0.3854999542236328,1364
0.38573384284973145,1365
0.38596677780151367,1366
0.3862018585205078,1367
0.38651585578918457,1368
0.3867499828338623,1369
0.38698387145996094,1370
0.3873457908630371,1371
0.3875846862792969,1372
0.3878178596496582,1373
0.38829588890075684,1374
0.3885378837585449,1375
0.38876986503601074,1376
0.38900303840637207,1377
0.3892338275909424,1378
0.3894667625427246,1379
0.3901028633117676,1380
0.39040684700012207,1381
0.39069271087646484,1382
0.3909568786621094,1383
0.39130091667175293,1384
0.3915588855743408,1385
0.39192676544189453,1386
0.39232373237609863,1387
0.3925638198852539,1388
0.39279794692993164,1389
0.39302992820739746,1390
0.39335179328918457,1391
0.39369988441467285,1392
0.39397096633911133,1393
0.39420485496520996,1394
0.3944389820098877,1395
0.39471888542175293,1396
0.3949587345123291,1397
0.39519286155700684,1398
0.3954648971557617,1399
0.3957328796386719,1400
0.3959670066833496,1401
0.39620089530944824,1402
0.39643287658691406,1403
0.3966667652130127,1404
0.3968997001647949,1405
0.39714789390563965,1406
0.3974587917327881,1407
0.3976898193359375,1408
0.3979158401489258,1409
0.39814186096191406,1410
0.39836788177490234,1411
0.3986687660217285,1412
0.3989858627319336,1413
0.39925670623779297,1414
0.3994896411895752,1415
0.3997218608856201,1416
0.39995384216308594,1417
0.4004707336425781,1418
0.400709867477417,1419
0.40094494819641113,1420
0.4012417793273926,1421
0.40152573585510254,1422
0.4018077850341797,1423
0.4020419120788574,1424
0.40232181549072266,1425
0.4025590419769287,1426
0.40286898612976074,1427
0.40319180488586426,1428
0.40348386764526367,1429
0.40375399589538574,1430
0.40398693084716797,1431
0.4042177200317383,1432
0.40447068214416504,1433
0.4047207832336426,1434
0.4049527645111084,1435
0.4051847457885742,1436
0.40541696548461914,1437
0.40564894676208496,1438
0.40587878227233887,1439
0.4061110019683838,1440
0.4063417911529541,1441
0.40676307678222656,1442
0.40709567070007324,1443
0.4075047969818115,1444
0.4077446460723877,1445
0.4079780578613281,1446
0.40821099281311035,1447
0.4084458351135254,1448
0.4089338779449463,1449
0.4092388153076172,1450
0.4095168113708496,1451
0.40979790687561035,1452
0.4100308418273926,1453
0.4102609157562256,1454
0.41053175926208496,1455
0.4107956886291504,1456
0.4110867977142334,1457
0.4113898277282715,1458
0.4116249084472656,1459
0.41185593605041504,1460
0.41208672523498535,1461
0.4123198986053467,1462
0.4125509262084961,1463
0.4127817153930664,1464
0.4130129814147949,1465
0.41324377059936523,1466
0.41347479820251465,1467
0.41370487213134766,1468
0.41396093368530273,1469
0.41427087783813477,1470
0.4145359992980957,1471
0.414766788482666,1472
0.41499805450439453,1473
0.4152698516845703,1474
0.4155247211456299,1475
0.4157567024230957,1476
0.4159858226776123,1477
0.4162156581878662,1478
0.4166719913482666,1479
0.41709280014038086,1480
0.4174368381500244,1481
0.41767191886901855,1482
0.41794586181640625,1483
0.4182438850402832,1484
0.4184849262237549,1485
0.4187178611755371,1486
0.41894984245300293,1487
0.41918277740478516,1488
0.419414758682251,1489
0.41968274116516113,1490
0.41991567611694336,1491
0.4201478958129883,1492
0.4203789234161377,1493
0.4206106662750244,1494
0.42084288597106934,1495
0.42120885848999023,1496
0.42150282859802246,1497
0.4217798709869385,1498
0.4220139980316162,1499
0.4222438335418701,1500
0.42247486114501953,1501
0.42270588874816895,1502
0.42293572425842285,1503
0.4232950210571289,1504
0.42360496520996094,1505
0.42394185066223145,1506
0.4243049621582031,1507
0.42461681365966797,1508
0.4248478412628174,1509
0.425076961517334,1510
0.42536497116088867,1511
0.4255948066711426,1512
0.42586588859558105,1513
0.42609572410583496,1514
0.42632603645324707,1515
0.42655491828918457,1516
0.4268207550048828,1517
0.4270608425140381,1518
0.4274299144744873,1519
0.4276728630065918,1520
0.4278998374938965,1521
0.42812490463256836,1522
0.42834997177124023,1523
0.4285750389099121,1524
0.4288949966430664,1525
0.42916297912597656,1526
0.42940187454223633,1527
0.4296247959136963,1528
0.42986583709716797,1529
0.4300968647003174,1530
0.4303257465362549,1531
0.4305539131164551,1532
0.4307830333709717,1533
0.43105578422546387,1534
0.4313826560974121,1535
0.43167591094970703,1536
0.43216681480407715,1537
0.43249988555908203,1538
0.43294787406921387,1539
0.4333209991455078,1540
0.4335517883300781,1541
0.4337799549102783,1542
0.4340088367462158,1543
0.43427371978759766,1544
0.43450284004211426,1545
0.43473386764526367,1546
0.4349639415740967,1547
0.4351918697357178,1548
0.43546080589294434,1549
0.43569278717041016,1550
0.43592190742492676,1551
0.43615078926086426,1552
0.43638181686401367,1553
0.43669772148132324,1554
0.43697285652160645,1555
0.43729686737060547,1556
0.4375789165496826,1557
0.4378087520599365,1558
0.4380378723144531,1559
0.43826794624328613,1560
0.43849778175354004,1561
0.43878769874572754,1562
0.439227819442749,1563
0.4395427703857422,1564
0.43978381156921387,1565
0.4400157928466797,1566
0.4402477741241455,1567
0.4407808780670166,1568
0.44120192527770996,1569
0.44150781631469727,1570
0.4417378902435303,1571
0.4419667720794678,1572
0.44219493865966797,1573
0.44242382049560547,1574
0.44265174865722656,1575
0.44288063049316406,1576
0.44310879707336426,1577
0.44333600997924805,1578
0.44356465339660645,1579
0.44379281997680664,1580
0.44402384757995605,1581
0.44429492950439453,1582
0.44455671310424805,1583
0.44478583335876465,1584
0.44501399993896484,1585
0.44524192810058594,1586
0.44546985626220703,1587
0.4456977844238281,1588
0.4459269046783447,1589
0.4461557865142822,1590
0.44642186164855957,1591
0.44664978981018066,1592
0.44687986373901367,1593
0.4471297264099121,1594
0.4474906921386719,1595
0.4477267265319824,1596
0.4480268955230713,1597
0.44831371307373047,1598
0.4485819339752197,1599
0.44902777671813965,1600
0.4493896961212158,1601
0.4496419429779053,1602
0.44990968704223633,1603
0.45013976097106934,1604
0.45036983489990234,1605
0.45059895515441895,1606
0.45082783699035645,1607
0.4511117935180664,1608
0.4514179229736328,1609
0.45168590545654297,1610
0.45191287994384766,1611
0.45214176177978516,1612
0.45236897468566895,1613
0.45259594917297363,1614
0.4528238773345947,1615
0.4530508518218994,1616
0.45331382751464844,1617
0.45354294776916504,1618
0.45377373695373535,1619
0.4540398120880127,1620
0.4542679786682129,1621
0.45455384254455566,1622
0.45482969284057617,1623
0.4550657272338867,1624
0.45529675483703613,1625
0.4556858539581299,1626
0.4560067653656006,1627
0.456312894821167,1628
0.456561803817749,1629
0.4569389820098877,1630
0.4573087692260742,1631
0.45757174491882324,1632
0.45780205726623535,1633
0.45802879333496094,1634
0.4582557678222656,1635
0.4584839344024658,1636
0.4587118625640869,1637
0.4589838981628418,1638
0.45925283432006836,1639
0.45948076248168945,1640
0.45970797538757324,1641
0.45993494987487793,1642
0.460162878036499,1643
0.4603898525238037,1644
0.4606168270111084,1645
0.4608438014984131,1646
0.46112585067749023,1647
0.46140289306640625,1648
0.46163201332092285,1649
0.4619159698486328,1650
0.46219873428344727,1651
0.46242690086364746,1652
0.46265482902526855,1653
0.4629557132720947,1654
0.4632420539855957,1655
0.4634697437286377,1656
0.4636969566345215,1657
0.4639248847961426,1658
0.46415281295776367,1659
0.46437978744506836,1660
0.4648308753967285,1661
0.4652249813079834,1662
0.4654998779296875,1663
0.4657297134399414,1664
0.4659578800201416,1665
0.4661860466003418,1666
0.4664127826690674,1667
0.46670079231262207,1668
0.4669666290283203,1669
0.4671969413757324,1670
0.46748971939086914,1671
0.46771883964538574,1672
0.46795082092285156,1673
0.46817994117736816,1674
0.46840786933898926,1675
0.46863579750061035,1676
0.4689028263092041,1677
0.469132661819458,1678
0.4693617820739746,1679
0.46963977813720703,1680
0.46994686126708984,1681
0.47022581100463867,1682
0.470531702041626,1683
0.4707956314086914,1684
0.4711458683013916,1685
0.4714229106903076,1686
0.4716527462005615,1687
0.4718809127807617,1688
0.4721088409423828,1689
0.47234201431274414,1690
0.47261786460876465,1691
0.47302985191345215,1692
0.47336673736572266,1693
0.473599910736084,1694
0.4738287925720215,1695
0.4740569591522217,1696
0.4743537902832031,1697
0.4746577739715576,1698
0.4750509262084961,1699
0.4753248691558838,1700
0.4755878448486328,1701
0.47588300704956055,1702
0.47611069679260254,1703
0.47646069526672363,1704
0.4767727851867676,1705
0.47708582878112793,1706
0.47747087478637695,1707
0.4777059555053711,1708
0.4779846668243408,1709
0.47826170921325684,1710
0.47848987579345703,1711
0.47871899604797363,1712
0.4789457321166992,1713
0.4791748523712158,1714
0.4794018268585205,1715
0.479630708694458,1716
0.4799039363861084,1717
0.4801349639892578,1718
0.4803638458251953,1719
0.4806489944458008,1720
0.48098278045654297,1721
0.48126983642578125,1722
0.4815208911895752,1723
0.4817988872528076,1724
0.48206186294555664,1725
0.48229098320007324,1726
0.4825618267059326,1727
0.4827909469604492,1728
0.4830188751220703,1729
0.4832468032836914,1730
0.4834928512573242,1731
0.4837520122528076,1732
0.4840059280395508,1733
0.48424506187438965,1734
0.4845008850097656,1735
0.48479485511779785,1736
0.4850478172302246,1737
0.48529696464538574,1738
0.4855458736419678,1739
0.4858109951019287,1740
0.4860398769378662,1741
0.48638176918029785,1742
0.48671388626098633,1743
0.4869499206542969,1744
0.4873158931732178,1745
0.48756980895996094,1746
0.4878418445587158,1747
0.4880709648132324,1748
0.4882998466491699,1749
0.488527774810791,1750
0.4887559413909912,1751
0.489013671875,1752
0.48946380615234375,1753
0.48978281021118164,1754
0.49001598358154297,1755
0.4902467727661133,1756
0.490480899810791,1757
0.4907100200653076,1758
0.4909648895263672,1759
0.49130702018737793,1760
0.4915459156036377,1761
0.4917738437652588,1762
0.49204587936401367,1763
0.4923877716064453,1764
0.4926178455352783,1765
0.4928877353668213,1766
0.4931159019470215,1767
0.49338769912719727,1768
0.4936177730560303,1769
0.4938466548919678,1770
0.49407482147216797,1771
0.49430298805236816,1772
0.49453186988830566,1773
0.49475979804992676,1774
0.49498867988586426,1775
0.49521780014038086,1776
0.49544596672058105,1777
0.49567484855651855,1778
0.49590396881103516,1779
0.49613285064697266,1780
0.49645185470581055,1781
0.4967188835144043,1782
0.4970879554748535,1783
0.4974708557128906,1784
0.49777984619140625,1785
0.49801087379455566,1786
0.49823999404907227,1787
0.49846887588500977,1788
0.49874281883239746,1789
0.4990668296813965,1790
0.4993019104003906,1791
0.499647855758667,1792
0.49988365173339844,1793
0.5001187324523926,1794
0.5003740787506104,1795
0.5006189346313477,1796
0.5009946823120117,1797
0.5013108253479004,1798
0.5015597343444824,1799
0.5017898082733154,1800
0.5020186901092529,1801
0.502249002456665,1802
0.5024778842926025,1803
0.5028748512268066,1804
0.503126859664917,1805
0.5033559799194336,1806
0.5035858154296875,1807
0.5038127899169922,1808
0.5040647983551025,1809
0.5043079853057861,1810
0.5045697689056396,1811
0.5047988891601562,1812
0.5051589012145996,1813
0.5053918361663818,1814
0.5056219100952148,1815
0.5058507919311523,1816
0.5060780048370361,1817
0.5064358711242676,1818
0.5067338943481445,1819
0.5069818496704102,1820
0.5073537826538086,1821
0.5075857639312744,1822
0.5079078674316406,1823
0.5082619190216064,1824
0.5084948539733887,1825
0.5087239742279053,1826
0.5089516639709473,1827
0.5093157291412354,1828
0.5097568035125732,1829
0.5100319385528564,1830
0.510382890701294,1831
0.5107038021087646,1832
0.5111067295074463,1833
0.5115158557891846,1834
0.5118517875671387,1835
0.5121378898620605,1836
0.512455940246582,1837
0.5127906799316406,1838
0.5132639408111572,1839
0.5137360095977783,1840
0.5142087936401367,1841
0.514739990234375,1842
0.5150547027587891,1843
0.5153028964996338,1844
0.5155808925628662,1845
0.5158488750457764,1846
0.5160787105560303,1847
0.5163416862487793,1848
0.516791820526123,1849
0.5173988342285156,1850
0.5176520347595215,1851
0.5178928375244141,1852
0.5182719230651855,1853
0.5187747478485107,1854
0.5191969871520996,1855
0.5194509029388428,1856
0.5196917057037354,1857
0.5199317932128906,1858
0.5201709270477295,1859
0.5204107761383057,1860
0.5206608772277832,1861
0.5209097862243652,1862
0.5213127136230469,1863
0.5215778350830078,1864
0.5218508243560791,1865
0.5221328735351562,1866
0.5223608016967773,1867
0.5225889682769775,1868
0.5228679180145264,1869
0.5232689380645752,1870
0.523568868637085,1871
0.5240006446838379,1872
0.5243997573852539,1873
0.5247187614440918,1874
0.5250339508056641,1875
0.5253758430480957,1876
0.5256838798522949,1877
0.5259809494018555,1878
0.5262107849121094,1879
0.5264389514923096,1880
0.5267078876495361,1881
0.526958703994751,1882
0.527202844619751,1883
0.5275018215179443,1884
0.5277256965637207,1885
0.5279529094696045,1886
0.528174877166748,1887
0.528540849685669,1888
0.5288388729095459,1889
0.5291988849639893,1890
0.5296359062194824,1891
0.5300097465515137,1892
0.5303139686584473,1893
0.5306339263916016,1894
0.5308690071105957,1895
0.531181812286377,1896
0.5314507484436035,1897
0.531674861907959,1898
0.5320298671722412,1899
0.532390832901001,1900
0.5327088832855225,1901
0.5329380035400391,1902
0.5331647396087646,1903
0.5334699153900146,1904
0.5337328910827637,1905
0.5341088771820068,1906
0.5343668460845947,1907
0.5345957279205322,1908
0.5348947048187256,1909
0.5351238250732422,1910
0.5354008674621582,1911
0.5356638431549072,1912
0.5360348224639893,1913
0.5363409519195557,1914
0.5366189479827881,1915
0.5369107723236084,1916
0.5372378826141357,1917
0.5376358032226562,1918
0.5380208492279053,1919
0.5383718013763428,1920
0.5386567115783691,1921
0.5389430522918701,1922
0.5392589569091797,1923
0.5394880771636963,1924
0.5397167205810547,1925
0.5400428771972656,1926
0.5403249263763428,1927
0.540576696395874,1928
0.540806770324707,1929
0.5411016941070557,1930
0.5414509773254395,1931
0.5417239665985107,1932
0.541956901550293,1933
0.5421860218048096,1934
0.5424149036407471,1935
0.5426449775695801,1936
0.542975902557373,1937
0.5432577133178711,1938
0.5435807704925537,1939
0.5438168048858643,1940
0.5440866947174072,1941
0.5443687438964844,1942
0.544597864151001,1943
0.5448639392852783,1944
0.5450928211212158,1945
0.5453619956970215,1946
0.545792818069458,1947
0.5461697578430176,1948
0.5464856624603271,1949
0.5467729568481445,1950
0.5470027923583984,1951
0.5473270416259766,1952
0.5475637912750244,1953
0.5477938652038574,1954
0.5480227470397949,1955
0.5482509136199951,1956
0.5484788417816162,1957
0.5487358570098877,1958
0.5489788055419922,1959
0.5492408275604248,1960
0.5494699478149414,1961
0.5496976375579834,1962
0.5499629974365234,1963
0.550189733505249,1964
0.5504188537597656,1965
0.5506477355957031,1966
0.5508768558502197,1967
0.5511927604675293,1968
0.5515058040618896,1969
0.5517387390136719,1970
0.5519678592681885,1971
0.5522317886352539,1972
0.552459716796875,1973
0.5526888370513916,1974
0.5531730651855469,1975
0.55352783203125,1976
0.5539348125457764,1977
0.5542910099029541,1978
0.554560661315918,1979
0.5547919273376465,1980
0.555020809173584,1981
0.555250883102417,1982
0.5554788112640381,1983
0.5557079315185547,1984
0.5559368133544922,1985
0.5561668872833252,1986
0.5564217567443848,1987
0.5568177700042725,1988
0.557236909866333,1989
0.5575268268585205,1990
0.5577616691589355,1991
0.5579929351806641,1992
0.5582218170166016,1993
0.5584509372711182,1994
0.5586798191070557,1995
0.5590479373931885,1996
0.5592987537384033,1997
0.5596208572387695,1998
0.5598568916320801,1999
0.5600860118865967,2000
0.5603158473968506,2001
0.5605819225311279,2002
0.5608437061309814,2003
0.5612277984619141,2004
0.5616738796234131,2005
0.5620768070220947,2006
0.5623838901519775,2007
0.5626177787780762,2008
0.5628468990325928,2009
0.5630748271942139,2010
0.5633039474487305,2011
0.5635337829589844,2012
0.5638659000396729,2013
0.5641558170318604,2014
0.5645098686218262,2015
0.5647428035736084,2016
0.5649709701538086,2017
0.5652008056640625,2018
0.5654289722442627,2019
0.5656569004058838,2020
0.5659787654876709,2021
0.5662558078765869,2022
0.5665237903594971,2023
0.5667526721954346,2024
0.5669848918914795,2025
0.5673658847808838,2026
0.5676009654998779,2027
0.5678327083587646,2028
0.5681028366088867,2029
0.568382978439331,2030
0.5686118602752686,2031
0.5688397884368896,2032
0.5690686702728271,2033
0.5692968368530273,2034
0.5696797370910645,2035
0.5700349807739258,2036
0.5704419612884521,2037
0.5707697868347168,2038
0.5711288452148438,2039
0.5714046955108643,2040
0.571692705154419,2041
0.5719597339630127,2042
0.5721898078918457,2043
0.5724186897277832,2044
0.5726478099822998,2045
0.5729818344116211,2046
0.5733036994934082,2047
0.5736167430877686,2048
0.5738868713378906,2049
0.57411789894104,2050
0.5743486881256104,2051
0.5746378898620605,2052
0.5748767852783203,2053
0.5751118659973145,2054
0.5753836631774902,2055
0.5756149291992188,2056
0.5759978294372559,2057
0.5762538909912109,2058
0.5765466690063477,2059
0.576826810836792,2060
0.5770566463470459,2061
0.5773859024047852,2062
0.5777888298034668,2063
0.5781457424163818,2064
0.5785186290740967,2065
0.578833818435669,2066
0.5791029930114746,2067
0.5793318748474121,2068
0.5795619487762451,2069
0.579791784286499,2070
0.5800209045410156,2071
0.5802497863769531,2072
0.5804779529571533,2073
0.5807068347930908,2074
0.580970048904419,2075
0.5813708305358887,2076
0.5816268920898438,2077
0.581859827041626,2078
0.5821356773376465,2079
0.5824148654937744,2080
0.5826449394226074,2081
0.5829119682312012,2082
0.5831418037414551,2083
0.5834147930145264,2084
0.5837037563323975,2085
0.5839498043060303,2086
0.5841789245605469,2087
0.5844078063964844,2088
0.5846378803253174,2089
0.5848698616027832,2090
0.5850989818572998,2091
0.5853278636932373,2092
0.5856976509094238,2093
0.5860579013824463,2094
0.5864038467407227,2095
0.5867388248443604,2096
0.5869717597961426,2097
0.5872619152069092,2098
0.5875520706176758,2099
0.5877819061279297,2100
0.5880117416381836,2101
0.5882418155670166,2102
0.5884706974029541,2103
0.5887618064880371,2104
0.5891847610473633,2105
0.5894248485565186,2106
0.5896940231323242,2107
0.5899248123168945,2108
0.590155839920044,2109
0.5904908180236816,2110
0.5908398628234863,2111
0.5911507606506348,2112
0.5914287567138672,2113
0.5916628837585449,2114
0.5918920040130615,2115
0.592120885848999,2116
0.5923500061035156,2117
0.5925788879394531,2118
0.5929007530212402,2119
0.5931668281555176,2120
0.5934977531433105,2121
0.5939168930053711,2122
0.5943470001220703,2123
0.5946147441864014,2124
0.5948688983917236,2125
0.5950977802276611,2126
0.5953269004821777,2127
0.5955557823181152,2128
0.5957870483398438,2129
0.5960159301757812,2130
0.5962858200073242,2131
0.5965518951416016,2132
0.5967807769775391,2133
0.5970108509063721,2134
0.5973758697509766,2135
0.5976138114929199,2136
0.5978729724884033,2137
0.5981178283691406,2138
0.598383903503418,2139
0.5986130237579346,2140
0.598876953125,2141
0.5991199016571045,2142
0.5993478298187256,2143
0.5995767116546631,2144
0.5998568534851074,2145
0.6001229286193848,2146
0.6003508567810059,2147
0.6005818843841553,2148
0.6008110046386719,2149
0.6011300086975098,2150
0.6014108657836914,2151
0.601660966873169,2152
0.6019039154052734,2153
0.6021339893341064,2154
0.6024997234344482,2155
0.6030347347259521,2156
0.6033728122711182,2157
0.6036648750305176,2158
0.6041138172149658,2159
0.6044197082519531,2160
0.6047496795654297,2161
0.6049878597259521,2162
0.6053688526153564,2163
0.6056408882141113,2164
0.6058707237243652,2165
0.6061618328094482,2166
0.6064398288726807,2167
0.6066687107086182,2168
0.6068978309631348,2169
0.6071586608886719,2170
0.6074776649475098,2171
0.6077108383178711,2172
0.6079397201538086,2173
0.6081700325012207,2174
0.6084678173065186,2175
0.608759880065918,2176
0.6091127395629883,2177
0.6095659732818604,2178
0.6099917888641357,2179
0.6104116439819336,2180
0.6108307838439941,2181
0.6113076210021973,2182
0.6116049289703369,2183
0.6118369102478027,2184
0.6121158599853516,2185
0.6123538017272949,2186
0.6125860214233398,2187
0.6128766536712646,2188
0.6131677627563477,2189
0.6134929656982422,2190
0.6137716770172119,2191
0.6140007972717285,2192
0.6142299175262451,2193
0.6144640445709229,2194
0.6146998405456543,2195
0.6149859428405762,2196
0.6152298450469971,2197
0.6154649257659912,2198
0.6157000064849854,2199
0.6159539222717285,2200
0.6162829399108887,2201
0.616722822189331,2202
0.6170697212219238,2203
0.6174299716949463,2204
0.6177699565887451,2205
0.6180977821350098,2206
0.6185867786407471,2207
0.6190080642700195,2208
0.6192808151245117,2209
0.6195509433746338,2210
0.6197798252105713,2211
0.6200089454650879,2212
0.6202378273010254,2213
0.6205089092254639,2214
0.6207778453826904,2215
0.621079683303833,2216
0.6213457584381104,2217
0.6215980052947998,2218
0.621898889541626,2219
0.6221528053283691,2220
0.6224117279052734,2221
0.6227588653564453,2222
0.6230428218841553,2223
0.6233227252960205,2224
0.6235527992248535,2225
0.6237819194793701,2226
0.624011754989624,2227
0.6242928504943848,2228
0.6245558261871338,2229
0.6247859001159668,2230
0.6250157356262207,2231
0.6252448558807373,2232
0.6254737377166748,2233
0.6257050037384033,2234
0.6260519027709961,2235
0.6263308525085449,2236
0.6266148090362549,2237
0.6268470287322998,2238
0.6271758079528809,2239
0.6275548934936523,2240
0.6278316974639893,2241
0.6280620098114014,2242
0.628300666809082,2243
0.6285347938537598,2244
0.6287639141082764,2245
0.6289937496185303,2246
0.6292219161987305,2247
0.6294510364532471,2248
0.6296799182891846,2249
0.6299099922180176,2250
0.6301388740539551,2251
0.6303679943084717,2252
0.6306707859039307,2253
0.631079912185669,2254
0.6313669681549072,2255
0.6316380500793457,2256
0.6318988800048828,2257
0.6322028636932373,2258
0.6324899196624756,2259
0.6328749656677246,2260
0.6332716941833496,2261
0.6337018013000488,2262
0.6341650485992432,2263
0.6346719264984131,2264
0.6349120140075684,2265
0.6351428031921387,2266
0.6354808807373047,2267
0.6358108520507812,2268
0.6360418796539307,2269
0.6362717151641846,2270
0.6365020275115967,2271
0.636732816696167,2272
