0.0,4868
1.91,4867
4.46,4866
7.42,4865
11.17,4864
13.93,4863
16.93,4862
19.68,4861
22.44,4860
24.71,4859
27.18,4858
29.02,4857
30.69,4856
33.27,4855
36.02,4854
37.83,4853
39.71,4852
42.47,4851
45.12,4850
48.3,4849
50.74,4848
52.82,4847
55.25,4846
57.43,4845
59.74,4844
61.98,4843
65.5,4842
67.67,4841
70.36,4840
72.75,4839
75.6,4838
78.09,4837
80.68,4836
83.37,4835
85.65,4834
87.39,4833
90.19,4832
92.51,4831
95.71,4830
98.36,4829
100.6,4828
103.23,4827
106.76,4826
109.05,4825
111.33,4824
113.73,4823
116.13,4822
118.8,4821
121.15,4820
123.74,4819
126.12,4818
128.53,4817
130.52,4816
133.72,4815
135.87,4814
138.41,4813
141.89,4812
144.06,4811
146.23,4810
148.15,4809
149.83,4808
151.42,4807
153.17,4806
155.05,4805
157.03,4804
159.37,4803
161.58,4802
163.97,4801
166.29,4800
168.59,4799
171.08,4798
173.6,4797
176.03,4796
178.14,4795
181.5,4794
184.47,4793
187.37,4792
189.98,4791
192.37,4790
194.93,4789
197.34,4788
199.52,4787
201.82,4786
204.13,4785
206.01,4784
209.91,4783
212.22,4782
214.32,4781
217.91,4780
220.2,4779
222.56,4778
224.47,4777
226.56,4776
229.88,4775
232.06,4774
234.51,4773
237.35,4772
240.5,4771
242.61,4770
245.52,4769
247.6,4768
250.21,4767
252.26,4766
254.68,4765
256.79,4764
259.46,4763
263.05,4762
265.21,4761
267.86,4760
269.75,4759
272.76,4758
275.19,4757
277.44,4756
280.7,4755
283.42,4754
285.98,4753
288.33,4752
292.11,4751
294.37,4750
297.69,4749
299.8,4748
302.31,4747
304.51,4746
307.81,4745
311.0,4744
313.04,4743
315.48,4742
318.04,4741
320.84,4740
323.23,4739
325.43,4738
328.8,4737
331.01,4736
333.11,4735
334.89,4734
337.89,4733
340.4,4732
344.02,4731
345.92,4730
349.7,4729
351.79,4728
354.07,4727
357.04,4726
359.43,4725
361.93,4724
364.22,4723
366.17,4722
368.25,4721
372.2,4720
374.11,4719
377.24,4718
379.29,4717
382.18,4716
384.8,4715
387.52,4714
390.66,4713
393.48,4712
395.76,4711
398.87,4710
401.68,4709
405.8,4708
409.14,4707
411.4,4706
413.34,4705
415.06,4704
416.97,4703
418.96,4702
421.37,4701
423.2,4700
425.29,4699
427.39,4698
429.28,4697
431.11,4696
432.73,4695
434.59,4694
437.76,4693
439.85,4692
441.88,4691
443.96,4690
446.29,4689
448.59,4688
450.82,4687
453.85,4686
456.95,4685
460.27,4684
463.13,4683
465.76,4682
468.67,4681
472.36,4680
474.83,4679
477.2,4678
479.75,4677
482.1,4676
484.56,4675
487.54,4674
490.38,4673
492.91,4672
494.88,4671
498.35,4670
502.76,4669
506.03,4668
508.33,4667
510.62,4666
513.45,4665
515.33,4664
517.37,4663
519.16,4662
520.98,4661
522.66,4660
524.37,4659
526.48,4658
528.31,4657
530.02,4656
531.75,4655
533.53,4654
535.27,4653
537.18,4652
539.04,4651
540.78,4650
542.46,4649
544.11,4648
545.75,4647
548.0,4646
549.86,4645
551.88,4644
553.76,4643
555.53,4642
557.59,4641
559.31,4640
561.08,4639
562.73,4638
564.46,4637
566.8,4636
568.64,4635
570.26,4634
571.98,4633
573.87,4632
575.42,4631
577.12,4630
578.75,4629
580.55,4628
582.27,4627
583.89,4626
585.64,4625
587.72,4624
589.38,4623
591.66,4622
593.55,4621
595.9,4620
597.51,4619
599.11,4618
