0.0,7088
1.01,7087
2.17,7086
3.27,7085
4.31,7084
5.35,7083
6.43,7082
7.55,7081
8.58,7080
9.66,7079
10.57,7078
11.6,7077
12.72,7076
13.76,7075
14.72,7074
15.72,7073
16.75,7072
17.74,7071
18.76,7070
19.66,7069
20.53,7068
21.61,7067
22.61,7066
23.7,7065
24.92,7064
26.07,7063
27.05,7062
28.12,7061
29.17,7060
30.23,7059
31.18,7058
32.44,7057
33.5,7056
34.53,7055
35.72,7054
36.76,7053
37.85,7052
38.91,7051
40.04,7050
41.39,7049
42.42,7048
43.64,7047
44.83,7046
46.06,7045
47.42,7044
48.73,7043
50.11,7042
51.52,7041
52.82,7040
53.93,7039
55.31,7038
56.35,7037
57.4,7036
58.9,7035
60.18,7034
61.14,7033
62.61,7032
63.85,7031
65.43,7030
66.6,7029
67.6,7028
68.92,7027
70.23,7026
71.54,7025
72.81,7024
73.79,7023
74.89,7022
76.53,7021
78.17,7020
79.46,7019
80.73,7018
82.69,7017
83.87,7016
85.3,7015
86.53,7014
87.9,7013
89.55,7012
90.95,7011
92.43,7010
93.65,7009
94.76,7008
95.97,7007
97.18,7006
99.16,7005
100.42,7004
102.42,7003
103.94,7002
105.41,7001
107.23,7000
108.79,6999
109.75,6998
110.95,6997
112.16,6996
113.36,6995
114.5,6994
116.16,6993
117.4,6992
120.01,6991
121.48,6990
123.06,6989
124.26,6988
125.5,6987
126.87,6986
128.25,6985
129.46,6984
131.38,6983
132.93,6982
134.59,6981
135.91,6980
137.27,6979
138.29,6978
139.85,6977
141.05,6976
142.52,6975
152.2,6974
155.13,6973
156.82,6972
157.87,6971
163.79,6970
165.03,6969
167.28,6968
169.24,6967
172.56,6966
174.73,6965
176.12,6964
178.94,6963
183.8,6962
185.33,6961
188.76,6960
191.74,6959
194.8,6958
196.2,6957
200.13,6956
201.94,6955
206.23,6954
207.87,6953
211.07,6952
213.52,6951
216.44,6950
219.54,6949
226.07,6948
227.65,6947
230.31,6946
