0.0,7088
1.11,7087
2.13,7086
3.11,7085
4.08,7084
5.16,7083
6.28,7082
7.54,7081
8.68,7080
9.79,7079
10.9,7078
11.93,7077
13.09,7076
14.15,7075
15.07,7074
16.16,7073
17.32,7072
18.46,7071
19.47,7070
20.56,7069
21.72,7068
22.77,7067
23.69,7066
24.7,7065
25.81,7064
26.74,7063
27.68,7062
28.64,7061
29.8,7060
31.35,7059
32.7,7058
33.85,7057
34.97,7056
35.86,7055
36.88,7054
38.19,7053
39.41,7052
40.79,7051
42.01,7050
43.22,7049
44.64,7048
46.09,7047
47.27,7046
48.39,7045
49.61,7044
50.78,7043
52.08,7042
53.61,7041
54.94,7040
55.98,7039
57.15,7038
58.26,7037
59.66,7036
61.1,7035
62.44,7034
64.02,7033
65.25,7032
66.33,7031
67.27,7030
68.22,7029
69.65,7028
70.77,7027
72.09,7026
73.27,7025
74.48,7024
75.78,7023
76.99,7022
78.25,7021
79.43,7020
81.19,7019
82.53,7018
83.76,7017
85.05,7016
86.34,7015
88.31,7014
89.59,7013
90.91,7012
92.11,7011
93.42,7010
94.81,7009
96.68,7008
98.48,7007
99.76,7006
101.06,7005
102.32,7004
104.15,7003
105.5,7002
106.82,7001
108.58,7000
110.47,6999
111.98,6998
113.05,6997
114.05,6996
115.41,6995
117.42,6994
118.64,6993
120.65,6992
122.08,6991
123.65,6990
125.63,6989
126.62,6988
128.18,6987
129.21,6986
130.63,6985
132.14,6984
135.9,6983
138.18,6982
140.24,6981
143.48,6980
145.37,6979
146.94,6978
148.51,6977
150.05,6976
151.54,6975
153.98,6974
155.12,6973
156.44,6972
157.82,6971
159.42,6970
160.99,6969
162.76,6968
164.3,6967
167.45,6966
170.38,6965
171.93,6964
173.64,6963
175.17,6962
177.98,6961
180.51,6960
183.33,6959
187.11,6958
202.13,6957
204.47,6956
206.35,6955
209.13,6954
217.84,6953
218.87,6952
222.0,6951
223.91,6950
231.0,6949
239.21,6948
242.25,6947
246.69,6946
