0.0,4868
0.85,4858
91.84,4857
101.53,4856
147.45,4855
174.05,4854
174.88,4853
183.17,4852
197.77,4851
199.23,4850
212.24,4849
237.53,4848
246.23,4847
249.2,4846
256.47,4845
258.85,4844
270.91,4843
279.57,4842
318.93,4841
326.41,4840
338.04,4839
343.92,4838
365.63,4837
406.11,4836
435.7,4835
441.95,4834
443.71,4833
447.45,4832
461.87,4831
464.36,4830
492.5,4829
504.4,4828
508.75,4827
511.43,4826
511.99,4825
515.35,4824
519.18,4823
520.82,4822
526.28,4821
528.53,4820
529.26,4819
530.89,4818
532.53,4817
533.08,4816
533.67,4815
534.72,4814
539.1,4813
541.9,4812
544.07,4811
546.95,4810
552.62,4809
554.41,4808
557.51,4807
566.74,4806
567.47,4805
569.98,4804
581.29,4803
583.53,4802
592.03,4801
597.66,4800
598.97,4799
