0.0,7088
0.99,7087
1.76,7086
2.72,7085
3.8,7084
4.84,7083
5.67,7082
6.8,7081
7.58,7080
8.57,7079
9.68,7078
10.68,7077
11.82,7076
12.63,7075
13.5,7074
14.61,7073
15.77,7072
16.88,7071
17.98,7070
18.9,7069
19.9,7068
20.92,7067
21.91,7066
23.08,7065
24.15,7064
25.37,7063
26.53,7062
27.7,7061
28.88,7060
29.99,7059
31.28,7058
32.35,7057
33.58,7056
34.91,7055
36.09,7054
37.31,7053
38.55,7052
39.8,7051
40.98,7050
42.1,7049
42.98,7048
43.99,7047
45.43,7046
46.66,7045
47.99,7044
49.11,7043
50.13,7042
51.07,7041
52.23,7040
53.14,7039
54.19,7038
55.53,7037
56.98,7036
58.22,7035
59.63,7034
61.14,7033
62.58,7032
63.96,7031
65.13,7030
66.32,7029
67.78,7028
69.11,7027
70.7,7026
72.13,7025
73.4,7024
74.91,7023
76.0,7022
77.28,7021
78.41,7020
79.62,7019
80.71,7018
82.26,7017
83.25,7016
84.23,7015
85.69,7014
87.0,7013
88.27,7012
89.52,7011
92.16,7010
93.69,7009
94.93,7008
95.94,7007
97.6,7006
99.18,7005
100.75,7004
102.4,7003
103.91,7002
106.07,7001
107.46,7000
109.21,6999
110.61,6998
112.03,6997
113.47,6996
115.25,6995
116.46,6994
118.16,6993
119.37,6992
120.41,6991
121.43,6990
122.87,6989
124.17,6988
125.89,6987
127.92,6986
129.67,6985
132.38,6984
133.88,6983
135.34,6982
136.64,6981
137.87,6980
141.22,6979
143.22,6978
144.33,6977
146.29,6976
147.34,6975
149.5,6974
152.77,6973
154.58,6972
161.11,6971
162.76,6970
164.21,6969
166.32,6968
169.11,6967
172.37,6966
174.66,6965
177.62,6964
181.14,6963
184.73,6962
186.5,6961
188.37,6960
192.54,6959
196.53,6958
197.88,6957
203.82,6956
205.74,6955
207.25,6954
215.08,6953
219.74,6952
220.82,6951
225.8,6950
234.31,6949
236.18,6948
238.75,6947
239.81,6946
247.06,6945
248.8,6944
269.1,6943
270.78,6942
308.45,6941
332.16,6940
334.63,6939
337.01,6938
