0.0,7088
1.01,7087
1.97,7086
2.8,7085
3.69,7084
4.7,7083
5.5,7082
6.42,7081
7.42,7080
8.55,7079
9.33,7078
10.32,7077
11.38,7076
12.48,7075
13.59,7074
14.66,7073
15.68,7072
16.68,7071
17.72,7070
18.98,7069
20.1,7068
21.17,7067
22.26,7066
23.34,7065
24.38,7064
25.79,7063
26.93,7062
27.9,7061
29.08,7060
30.14,7059
31.26,7058
32.41,7057
33.48,7056
34.57,7055
35.83,7054
36.94,7053
37.9,7052
38.81,7051
39.85,7050
40.72,7049
41.73,7048
42.63,7047
43.51,7046
44.83,7045
45.74,7044
46.83,7043
47.96,7042
48.87,7041
49.98,7040
51.03,7039
52.15,7038
53.32,7037
54.58,7036
55.99,7035
57.52,7034
58.82,7033
60.09,7032
61.59,7031
62.74,7030
63.89,7029
65.07,7028
66.2,7027
67.59,7026
68.79,7025
69.81,7024
70.79,7023
72.03,7022
73.51,7021
74.93,7020
76.09,7019
77.23,7018
78.48,7017
79.54,7016
80.89,7015
82.16,7014
83.33,7013
84.73,7012
85.93,7011
87.23,7010
88.43,7009
89.92,7008
91.32,7007
92.76,7006
93.83,7005
94.91,7004
96.28,7003
97.7,7002
99.07,7001
100.53,7000
101.51,6999
103.05,6998
104.5,6997
105.73,6996
107.95,6995
110.86,6994
112.16,6993
113.63,6992
114.91,6991
116.1,6990
117.11,6989
118.76,6988
120.17,6987
121.27,6986
122.93,6985
125.23,6984
126.5,6983
127.85,6982
129.25,6981
131.36,6980
133.82,6979
137.75,6978
139.02,6977
140.11,6976
141.43,6975
144.18,6974
146.17,6973
148.09,6972
149.56,6971
151.26,6970
153.24,6969
154.78,6968
156.58,6967
158.05,6966
159.77,6965
161.73,6964
164.12,6963
168.75,6962
169.99,6961
171.71,6960
182.68,6959
184.95,6958
187.51,6957
192.48,6956
193.78,6955
195.58,6954
197.09,6953
199.24,6952
202.15,6951
205.35,6950
207.82,6949
211.3,6948
215.79,6947
217.64,6946
223.57,6945
228.27,6944
229.94,6943
241.49,6942
243.29,6941
260.43,6940
271.42,6939
276.3,6938
277.8,6937
285.13,6936
289.01,6935
290.67,6934
294.05,6933
297.32,6932
304.7,6931
306.15,6930
