0.0,4868
3.16,4867
6.99,4866
13.3,4865
17.66,4864
21.2,4863
24.48,4862
29.36,4861
32.34,4860
35.81,4859
39.18,4858
43.42,4857
46.52,4856
49.34,4855
52.6,4854
55.32,4853
59.56,4852
61.82,4851
64.14,4850
66.31,4849
70.95,4848
76.46,4847
86.88,4846
92.62,4845
96.63,4844
100.02,4843
103.52,4842
105.72,4841
109.08,4840
111.99,4839
114.28,4838
116.41,4837
118.36,4836
120.3,4835
122.31,4834
124.41,4833
126.43,4832
130.11,4831
132.66,4830
134.88,4829
137.0,4828
143.61,4827
147.17,4826
151.63,4825
155.0,4824
158.45,4823
161.27,4822
164.34,4821
166.91,4820
171.57,4819
174.72,4818
178.87,4817
182.88,4816
192.47,4815
195.79,4814
197.83,4813
199.99,4812
203.54,4811
206.2,4810
209.32,4809
211.78,4808
213.45,4807
215.18,4806
216.83,4805
218.52,4804
220.32,4803
222.07,4802
223.81,4801
225.48,4800
228.39,4799
230.21,4798
232.12,4797
234.37,4796
236.73,4795
238.88,4794
240.91,4793
242.75,4792
246.94,4791
249.37,4790
252.23,4789
259.2,4788
262.66,4787
264.52,4786
266.23,4785
267.98,4784
269.75,4783
271.55,4782
273.14,4781
274.99,4780
277.2,4779
279.43,4778
282.06,4777
284.27,4776
286.37,4775
288.58,4774
290.95,4773
294.98,4772
297.49,4771
299.93,4770
302.63,4769
304.61,4768
306.8,4767
310.5,4766
312.93,4765
314.68,4764
316.63,4763
318.28,4762
320.2,4761
323.08,4760
325.18,4759
327.9,4758
329.73,4757
331.9,4756
333.74,4755
335.38,4754
337.16,4753
339.29,4752
343.44,4751
346.91,4750
349.07,4749
352.19,4748
355.38,4747
358.64,4746
360.79,4745
362.83,4744
364.81,4743
366.89,4742
369.27,4741
371.69,4740
375.18,4739
378.07,4738
380.4,4737
382.52,4736
384.66,4735
386.73,4734
388.65,4733
390.61,4732
392.62,4731
394.69,4730
397.09,4729
399.03,4728
400.99,4727
402.66,4726
404.51,4725
406.14,4724
407.92,4723
409.61,4722
411.38,4721
413.15,4720
414.9,4719
416.64,4718
418.34,4717
420.12,4716
421.85,4715
423.58,4714
425.29,4713
426.99,4712
428.83,4711
430.63,4710
432.36,4709
434.02,4708
435.71,4707
437.55,4706
439.16,4705
440.93,4704
442.54,4703
444.4,4702
446.1,4701
447.67,4700
449.47,4699
451.19,4698
452.81,4697
454.53,4696
456.24,4695
457.93,4694
459.65,4693
461.37,4692
463.12,4691
464.97,4690
466.54,4689
468.16,4688
469.84,4687
471.48,4686
472.96,4685
474.6,4684
476.36,4683
478.02,4682
479.66,4681
481.31,4680
483.01,4679
484.84,4678
486.48,4677
489.56,4676
491.42,4675
493.41,4674
495.27,4673
497.66,4672
499.78,4671
501.85,4670
503.78,4669
505.41,4668
507.16,4667
508.77,4666
510.59,4665
512.28,4664
514.03,4663
517.05,4662
519.4,4661
521.18,4660
523.38,4659
525.03,4658
526.7,4657
528.41,4656
531.1,4655
535.61,4654
538.95,4653
542.93,4652
546.01,4651
548.18,4650
550.15,4649
552.4,4648
554.72,4647
556.8,4646
558.49,4645
560.23,4644
561.95,4643
563.71,4642
565.5,4641
567.21,4640
569.26,4639
571.07,4638
572.64,4637
574.45,4636
576.51,4635
578.51,4634
580.75,4633
583.21,4632
585.09,4631
587.04,4630
589.09,4629
591.81,4628
594.73,4627
598.74,4626
