0.0,7088
0.99,7087
1.87,7086
2.89,7085
4.0,7084
5.14,7083
6.23,7082
7.2,7081
8.25,7080
9.5,7079
10.65,7078
11.82,7077
12.8,7076
13.83,7075
14.93,7074
15.96,7073
17.05,7072
18.19,7071
19.26,7070
20.35,7069
21.6,7068
22.76,7067
23.61,7066
24.71,7065
25.9,7064
27.1,7063
28.25,7062
29.23,7061
30.5,7060
31.62,7059
32.53,7058
33.4,7057
34.46,7056
35.64,7055
36.85,7054
37.82,7053
38.78,7052
40.37,7051
41.7,7050
42.87,7049
44.27,7048
45.41,7047
46.62,7046
47.69,7045
48.71,7044
49.84,7043
50.93,7042
52.3,7041
53.64,7040
54.89,7039
56.01,7038
57.05,7037
58.05,7036
59.7,7035
61.05,7034
62.4,7033
63.62,7032
64.78,7031
66.29,7030
67.65,7029
68.99,7028
69.97,7027
71.08,7026
72.19,7025
73.73,7024
75.16,7023
76.84,7022
78.11,7021
79.73,7020
81.1,7019
82.1,7018
83.28,7017
84.54,7016
85.6,7015
86.75,7014
88.27,7013
89.58,7012
90.63,7011
91.93,7010
93.24,7009
94.47,7008
96.09,7007
97.49,7006
98.96,7005
100.24,7004
101.49,7003
103.04,7002
104.64,7001
106.1,7000
107.56,6999
109.2,6998
110.53,6997
111.7,6996
112.89,6995
114.2,6994
116.1,6993
118.78,6992
120.5,6991
122.38,6990
124.51,6989
127.0,6988
128.32,6987
129.99,6986
131.47,6985
133.37,6984
134.8,6983
136.31,6982
138.05,6981
139.74,6980
140.93,6979
144.58,6978
147.16,6977
148.65,6976
151.96,6975
153.97,6974
156.12,6973
158.29,6972
159.36,6971
162.52,6970
165.41,6969
167.24,6968
169.22,6967
172.38,6966
174.25,6965
179.25,6964
184.77,6963
187.68,6962
188.95,6961
190.32,6960
191.96,6959
201.27,6958
202.73,6957
206.21,6956
207.62,6955
213.9,6954
215.29,6953
220.39,6952
221.69,6951
223.71,6950
225.99,6949
229.61,6948
233.34,6947
234.74,6946
236.46,6945
240.5,6944
242.68,6943
245.25,6942
257.71,6941
260.45,6940
263.52,6939
268.73,6938
