0.0,7088
0.79,7087
1.47,7086
2.12,7085
2.75,7084
3.44,7083
4.12,7082
4.8,7081
5.43,7080
6.27,7079
6.99,7078
7.62,7077
8.38,7076
9.13,7075
9.82,7074
10.63,7073
11.46,7072
12.26,7071
13.2,7070
14.16,7069
15.1,7068
15.93,7067
16.8,7066
17.81,7065
18.69,7064
19.67,7063
20.61,7062
21.53,7061
22.4,7060
23.47,7059
24.39,7058
25.27,7057
26.26,7056
27.13,7055
28.05,7054
28.99,7053
29.94,7052
30.87,7051
31.84,7050
32.72,7049
33.6,7048
34.62,7047
35.54,7046
36.56,7045
37.57,7044
38.54,7043
39.44,7042
40.37,7041
41.36,7040
42.28,7039
43.19,7038
44.12,7037
45.18,7036
46.1,7035
47.09,7034
48.2,7033
49.16,7032
50.27,7031
51.19,7030
52.14,7029
53.18,7028
54.22,7027
55.63,7026
56.68,7025
57.68,7024
58.66,7023
59.77,7022
60.98,7021
62.87,7020
64.25,7019
65.38,7018
66.38,7017
67.38,7016
68.41,7015
69.43,7014
70.62,7013
71.72,7012
72.88,7011
74.17,7010
76.64,7009
77.76,7008
78.89,7007
80.02,7006
81.09,7005
82.19,7004
84.02,7003
85.46,7002
86.43,7001
87.75,7000
88.76,6999
90.23,6998
91.33,6997
92.86,6996
94.05,6995
95.55,6994
96.54,6993
97.63,6992
98.63,6991
100.2,6990
101.25,6989
102.72,6988
103.93,6987
105.49,6986
107.48,6985
109.13,6984
110.71,6983
111.8,6982
113.82,6981
115.7,6980
116.92,6979
117.95,6978
119.6,6977
121.89,6976
122.92,6975
124.04,6974
126.06,6973
127.42,6972
129.32,6971
131.42,6970
132.95,6969
134.1,6968
137.05,6967
140.04,6966
142.44,6965
143.8,6964
145.41,6963
146.44,6962
149.2,6961
151.25,6960
155.81,6959
158.54,6958
167.02,6957
169.94,6956
171.72,6955
173.11,6954
176.8,6953
178.0,6952
181.21,6951
183.08,6950
202.82,6949
205.8,6948
207.34,6947
208.73,6946
212.61,6945
241.54,6944
243.1,6943
