0.0,7088
1.0,7087
2.0,7086
2.89,7085
3.97,7084
5.07,7083
6.14,7082
7.21,7081
8.38,7080
9.43,7079
10.46,7078
11.89,7077
13.06,7076
14.13,7075
15.23,7074
16.26,7073
17.41,7072
18.62,7071
19.88,7070
21.05,7069
22.09,7068
23.24,7067
24.48,7066
25.67,7065
26.52,7064
27.69,7063
28.86,7062
30.04,7061
30.95,7060
32.15,7059
33.04,7058
34.01,7057
35.07,7056
36.25,7055
37.42,7054
38.6,7053
39.85,7052
40.99,7051
42.16,7050
43.26,7049
44.46,7048
45.4,7047
46.42,7046
47.8,7045
49.01,7044
50.29,7043
51.32,7042
52.54,7041
53.89,7040
55.22,7039
56.33,7038
57.78,7037
59.3,7036
60.66,7035
61.95,7034
63.05,7033
64.3,7032
65.32,7031
66.31,7030
67.32,7029
68.45,7028
69.59,7027
71.04,7026
72.13,7025
73.38,7024
74.75,7023
76.12,7022
77.6,7021
78.86,7020
79.93,7019
81.25,7018
82.23,7017
83.52,7016
85.06,7015
86.52,7014
87.89,7013
89.06,7012
90.54,7011
91.83,7010
93.33,7009
94.58,7008
96.02,7007
97.1,7006
98.44,7005
99.65,7004
101.36,7003
102.64,7002
103.89,7001
105.03,7000
106.56,6999
108.81,6998
109.93,6997
111.15,6996
112.69,6995
114.2,6994
115.39,6993
117.8,6992
119.35,6991
120.66,6990
122.4,6989
124.14,6988
125.6,6987
126.76,6986
127.76,6985
129.51,6984
131.56,6983
133.56,6982
137.06,6981
139.01,6980
140.69,6979
142.33,6978
143.47,6977
144.92,6976
146.49,6975
148.29,6974
150.47,6973
152.58,6972
155.52,6971
158.48,6970
168.52,6969
170.25,6968
174.22,6967
176.52,6966
181.26,6965
183.96,6964
185.14,6963
187.01,6962
197.11,6961
203.03,6960
206.62,6959
209.92,6958
214.74,6957
217.0,6956
227.0,6955
229.92,6954
236.04,6953
240.71,6952
242.77,6951
