0.0,7088
1.58,7087
2.98,7086
4.13,7085
5.22,7084
6.41,7083
7.44,7082
8.57,7081
9.67,7080
10.78,7079
11.8,7078
12.79,7077
13.77,7076
14.94,7075
15.88,7074
17.02,7073
18.28,7072
19.33,7071
20.32,7070
21.24,7069
22.1,7068
23.16,7067
24.22,7066
25.3,7065
26.68,7064
27.77,7063
29.01,7062
29.93,7061
30.86,7060
32.09,7059
33.39,7058
34.58,7057
35.57,7056
36.48,7055
37.57,7054
38.66,7053
39.78,7052
40.93,7051
42.21,7050
43.51,7049
44.68,7048
45.92,7047
47.08,7046
48.15,7045
49.57,7044
50.79,7043
51.95,7042
53.21,7041
54.41,7040
55.72,7039
56.73,7038
57.99,7037
59.27,7036
60.74,7035
62.14,7034
63.13,7033
64.31,7032
65.68,7031
66.89,7030
67.98,7029
69.35,7028
70.6,7027
71.7,7026
73.16,7025
74.44,7024
75.51,7023
76.76,7022
78.48,7021
79.69,7020
80.95,7019
82.3,7018
83.46,7017
84.8,7016
86.17,7015
87.37,7014
88.83,7013
90.11,7012
91.46,7011
92.59,7010
93.69,7009
95.29,7008
96.59,7007
98.14,7006
99.42,7005
100.83,7004
102.41,7003
103.71,7002
105.07,7001
106.52,7000
107.81,6999
109.44,6998
110.75,6997
112.36,6996
113.71,6995
114.83,6994
116.65,6993
118.06,6992
119.04,6991
121.51,6990
123.28,6989
124.45,6988
125.91,6987
127.14,6986
128.42,6985
129.59,6984
131.88,6983
133.72,6982
135.42,6981
137.64,6980
139.29,6979
141.18,6978
142.79,6977
144.14,6976
145.89,6975
147.73,6974
152.56,6973
153.95,6972
155.33,6971
156.79,6970
158.73,6969
160.08,6968
162.3,6967
164.17,6966
165.71,6965
167.17,6964
168.48,6963
170.92,6962
173.5,6961
179.13,6960
182.75,6959
184.38,6958
185.84,6957
187.23,6956
188.52,6955
198.32,6954
199.93,6953
201.15,6952
203.49,6951
208.11,6950
209.84,6949
233.76,6948
