0.0,4868
1.72,4867
3.31,4866
4.81,4865
6.46,4864
7.99,4863
9.54,4862
11.29,4861
12.93,4860
14.77,4859
16.52,4858
18.56,4857
20.3,4856
22.22,4855
23.85,4854
25.44,4853
27.11,4852
28.72,4851
30.49,4850
32.15,4849
33.81,4848
35.72,4847
37.4,4846
39.05,4845
40.74,4844
42.3,4843
43.84,4842
45.56,4841
47.38,4840
49.15,4839
50.94,4838
52.72,4837
54.4,4836
56.07,4835
57.71,4834
59.42,4833
61.0,4832
62.59,4831
64.16,4830
65.87,4829
67.53,4828
69.13,4827
70.76,4826
72.61,4825
74.23,4824
75.83,4823
77.58,4822
79.41,4821
81.08,4820
82.93,4819
84.72,4818
86.46,4817
88.17,4816
89.69,4815
91.29,4814
92.92,4813
94.69,4812
96.45,4811
98.23,4810
99.91,4809
101.59,4808
103.31,4807
105.07,4806
106.75,4805
108.51,4804
110.24,4803
111.89,4802
113.58,4801
115.25,4800
116.92,4799
119.04,4798
120.81,4797
122.54,4796
128.72,4795
133.89,4794
135.93,4793
140.71,4792
143.82,4791
145.74,4790
147.58,4789
149.21,4788
151.01,4787
153.06,4786
154.72,4785
156.41,4784
158.11,4783
159.82,4782
161.43,4781
164.71,4780
169.38,4779
171.63,4778
174.17,4777
176.13,4776
178.08,4775
180.92,4774
184.67,4773
190.52,4772
194.21,4771
197.76,4770
200.56,4769
202.45,4768
204.44,4767
206.36,4766
209.12,4765
212.49,4764
217.62,4763
219.43,4762
221.74,4761
223.99,4760
226.91,4759
230.82,4758
234.59,4757
236.96,4756
241.6,4755
243.66,4754
247.17,4753
249.63,4752
253.6,4751
257.39,4750
260.45,4749
262.83,4748
265.73,4747
267.75,4746
271.18,4745
274.42,4744
276.41,4743
279.6,4742
281.53,4741
284.61,4740
287.23,4739
289.55,4738
291.35,4737
293.14,4736
294.95,4735
296.94,4734
299.28,4733
301.09,4732
303.95,4731
306.23,4730
308.75,4729
312.17,4728
314.33,4727
317.78,4726
319.44,4725
321.24,4724
323.45,4723
325.04,4722
326.93,4721
328.67,4720
330.98,4719
333.17,4718
335.59,4717
337.33,4716
339.03,4715
340.79,4714
342.63,4713
344.45,4712
346.18,4711
347.91,4710
349.57,4709
351.24,4708
353.07,4707
354.7,4706
356.51,4705
358.15,4704
359.78,4703
361.37,4702
363.11,4701
364.82,4700
366.42,4699
368.11,4698
369.84,4697
371.59,4696
373.27,4695
376.75,4694
379.34,4693
382.51,4692
385.19,4691
388.03,4690
392.2,4689
395.42,4688
399.62,4687
401.97,4686
413.14,4685
416.42,4684
418.26,4683
419.96,4682
421.73,4681
423.61,4680
425.49,4679
427.15,4678
428.78,4677
430.5,4676
432.41,4675
434.09,4674
435.79,4673
437.78,4672
440.54,4671
443.03,4670
445.46,4669
447.21,4668
448.94,4667
452.97,4666
456.01,4665
458.5,4664
461.92,4663
464.66,4662
466.62,4661
468.99,4660
471.36,4659
474.13,4658
477.23,4657
480.46,4656
482.17,4655
484.19,4654
486.67,4653
488.35,4652
490.27,4651
493.42,4650
496.04,4649
498.31,4648
500.31,4647
504.05,4646
506.26,4645
510.68,4644
513.0,4643
514.99,4642
517.29,4641
519.58,4640
521.92,4639
524.45,4638
526.7,4637
528.85,4636
530.48,4635
532.65,4634
535.22,4633
538.22,4632
540.76,4631
542.67,4630
544.76,4629
547.91,4628
550.12,4627
552.91,4626
555.55,4625
557.48,4624
559.35,4623
561.58,4622
564.33,4621
566.44,4620
568.1,4619
569.77,4618
571.41,4617
573.23,4616
574.95,4615
576.83,4614
578.45,4613
580.57,4612
582.26,4611
584.33,4610
586.37,4609
588.2,4608
591.03,4607
592.93,4606
596.23,4605
598.87,4604
