0.0,4868
0.79,4867
1.74,4866
2.55,4865
3.4,4864
4.36,4863
5.17,4862
5.97,4861
6.8,4860
7.62,4859
8.44,4858
9.34,4857
10.14,4856
10.97,4855
11.83,4854
12.63,4853
13.43,4852
14.3,4851
15.17,4850
16.03,4849
16.86,4848
17.67,4847
18.49,4846
19.31,4845
20.16,4844
21.65,4843
23.24,4842
24.42,4841
25.59,4840
26.76,4839
28.01,4838
29.05,4837
30.06,4836
31.31,4835
32.99,4834
34.37,4833
36.03,4832
37.16,4831
38.18,4830
39.2,4829
40.21,4828
41.31,4827
42.31,4826
43.35,4825
44.41,4824
45.43,4823
46.43,4822
47.43,4821
48.45,4820
49.45,4819
50.47,4818
51.5,4817
52.52,4816
53.54,4815
54.55,4814
55.62,4813
56.65,4812
57.7,4811
58.7,4810
59.74,4809
60.78,4808
61.78,4807
62.79,4806
63.8,4805
64.93,4804
65.98,4803
67.01,4802
68.04,4801
69.28,4800
70.33,4799
71.36,4798
72.36,4797
73.41,4796
74.45,4795
75.49,4794
76.52,4793
77.53,4792
78.54,4791
79.59,4790
80.71,4789
81.75,4788
82.75,4787
83.8,4786
84.8,4785
85.83,4784
86.9,4783
87.98,4782
88.99,4781
89.99,4780
91.0,4779
92.09,4778
93.13,4777
94.13,4776
95.18,4775
96.21,4774
97.23,4773
98.33,4772
99.34,4771
100.38,4770
101.47,4769
102.48,4768
103.5,4767
104.55,4766
105.58,4765
106.67,4764
107.68,4763
108.72,4762
109.76,4761
110.81,4760
111.86,4759
113.1,4758
114.1,4757
115.23,4756
116.25,4755
117.27,4754
118.27,4753
119.3,4752
120.32,4751
121.4,4750
122.44,4749
123.5,4748
124.58,4747
125.66,4746
126.7,4745
127.69,4744
128.8,4743
129.83,4742
130.83,4741
131.86,4740
132.89,4739
133.96,4738
135.09,4737
136.13,4736
137.13,4735
138.15,4734
139.22,4733
140.24,4732
141.41,4731
142.58,4730
143.59,4729
144.6,4728
145.61,4727
146.63,4726
147.67,4725
148.67,4724
149.69,4723
150.72,4722
151.72,4721
152.73,4720
153.74,4719
154.74,4718
155.77,4717
156.82,4716
157.88,4715
158.91,4714
159.95,4713
160.97,4712
162.0,4711
163.04,4710
164.08,4709
165.1,4708
166.18,4707
167.21,4706
168.24,4705
169.27,4704
170.27,4703
171.27,4702
172.28,4701
173.32,4700
174.32,4699
175.33,4698
176.35,4697
177.37,4696
178.37,4695
179.4,4694
180.59,4693
181.6,4692
182.6,4691
183.6,4690
184.63,4689
185.64,4688
186.64,4687
187.8,4686
188.89,4685
189.97,4684
190.99,4683
191.97,4682
193.1,4681
194.09,4680
195.09,4679
196.08,4678
197.11,4677
198.26,4676
199.3,4675
200.41,4674
201.46,4673
202.54,4672
203.6,4671
204.59,4670
205.83,4669
206.82,4668
207.89,4667
208.91,4666
209.9,4665
211.1,4664
212.09,4663
213.39,4662
214.4,4661
215.47,4660
216.57,4659
217.56,4658
218.56,4657
219.58,4656
220.59,4655
221.79,4654
222.86,4653
223.88,4652
224.94,4651
225.94,4650
226.96,4649
227.97,4648
229.13,4647
230.22,4646
231.67,4645
232.71,4644
233.84,4643
234.82,4642
235.82,4641
236.83,4640
237.94,4639
239.26,4638
240.66,4637
241.85,4636
242.85,4635
243.89,4634
244.9,4633
245.92,4632
247.07,4631
248.05,4630
249.53,4629
250.74,4628
251.89,4627
253.1,4626
254.4,4625
255.44,4624
257.24,4623
258.23,4622
259.5,4621
260.54,4620
261.78,4619
262.8,4618
263.99,4617
265.29,4616
266.53,4615
267.65,4614
268.8,4613
269.96,4612
270.99,4611
272.04,4610
273.32,4609
274.64,4608
275.71,4607
276.72,4606
278.06,4605
279.34,4604
280.67,4603
281.64,4602
282.69,4601
283.78,4600
285.05,4599
286.15,4598
287.3,4597
288.27,4596
289.38,4595
290.64,4594
291.76,4593
293.08,4592
294.07,4591
295.35,4590
296.39,4589
297.38,4588
298.54,4587
300.42,4586
302.17,4585
303.28,4584
304.43,4583
305.87,4582
306.95,4581
307.97,4580
309.39,4579
311.72,4578
312.81,4577
314.95,4576
316.42,4575
318.37,4574
319.51,4573
320.48,4572
321.45,4571
323.69,4570
325.76,4569
328.73,4568
331.36,4567
339.28,4566
342.11,4565
351.98,4564
353.57,4563
360.63,4562
365.25,4561
371.23,4560
374.02,4559
375.34,4558
384.68,4557
389.6,4556
391.93,4555
393.09,4554
415.22,4553
442.91,4552
445.29,4551
447.63,4550
