0.0,4868
1.56,4867
3.25,4866
4.83,4865
6.67,4864
8.31,4863
9.87,4862
11.76,4861
14.75,4860
17.06,4859
18.97,4858
20.91,4857
23.48,4856
25.4,4855
27.49,4854
30.15,4853
32.29,4852
34.01,4851
35.99,4850
38.13,4849
40.21,4848
42.17,4847
44.33,4846
46.31,4845
49.09,4844
50.98,4843
53.36,4842
55.73,4841
57.93,4840
60.28,4839
62.38,4838
64.34,4837
66.24,4836
68.11,4835
70.03,4834
72.11,4833
74.05,4832
76.21,4831
78.03,4830
79.96,4829
82.12,4828
83.91,4827
87.54,4826
90.16,4825
92.45,4824
94.28,4823
96.55,4822
99.2,4821
101.97,4820
104.02,4819
106.63,4818
110.46,4817
112.92,4816
115.11,4815
117.39,4814
119.15,4813
120.95,4812
123.27,4811
125.39,4810
127.19,4809
130.35,4808
133.37,4807
135.93,4806
139.24,4805
141.53,4804
143.67,4803
146.08,4802
148.31,4801
150.41,4800
152.17,4799
153.93,4798
155.67,4797
157.46,4796
159.91,4795
162.42,4794
164.68,4793
166.79,4792
169.7,4791
172.57,4790
174.6,4789
176.63,4788
179.46,4787
181.85,4786
183.96,4785
185.88,4784
188.72,4783
191.72,4782
194.62,4781
196.62,4780
199.89,4779
202.44,4778
206.27,4777
208.62,4776
211.67,4775
214.05,4774
217.3,4773
221.16,4772
223.98,4771
225.73,4770
227.73,4769
229.78,4768
231.97,4767
233.98,4766
236.61,4765
238.76,4764
241.3,4763
244.32,4762
247.72,4761
250.48,4760
252.82,4759
256.23,4758
258.09,4757
260.75,4756
263.13,4755
265.18,4754
267.62,4753
270.52,4752
273.83,4751
276.9,4750
279.22,4749
281.43,4748
283.91,4747
287.04,4746
289.51,4745
291.55,4744
293.79,4743
295.99,4742
298.23,4741
300.74,4740
303.76,4739
306.05,4738
308.25,4737
310.95,4736
313.61,4735
316.0,4734
317.79,4733
319.72,4732
322.09,4731
324.59,4730
327.12,4729
329.82,4728
332.65,4727
335.59,4726
338.19,4725
340.36,4724
342.66,4723
345.34,4722
347.03,4721
348.73,4720
350.75,4719
354.3,4718
357.04,4717
359.57,4716
362.04,4715
364.31,4714
366.71,4713
368.58,4712
370.86,4711
373.3,4710
376.64,4709
378.39,4708
380.21,4707
383.31,4706
385.89,4705
387.68,4704
389.43,4703
391.39,4702
393.49,4701
395.7,4700
397.96,4699
399.88,4698
404.03,4697
407.97,4696
413.2,4695
419.07,4694
422.07,4693
424.57,4692
429.25,4691
431.56,4690
434.32,4689
438.21,4688
440.39,4687
442.53,4686
444.43,4685
446.18,4684
448.38,4683
450.79,4682
452.63,4681
454.46,4680
456.71,4679
458.66,4678
460.52,4677
462.44,4676
465.6,4675
468.67,4674
472.28,4673
474.78,4672
476.66,4671
479.06,4670
481.14,4669
483.64,4668
486.0,4667
487.98,4666
490.15,4665
492.41,4664
495.35,4663
497.65,4662
499.78,4661
501.96,4660
503.67,4659
505.52,4658
507.5,4657
509.63,4656
512.08,4655
514.31,4654
516.73,4653
519.13,4652
522.28,4651
525.35,4650
527.57,4649
530.03,4648
532.23,4647
534.17,4646
537.31,4645
540.34,4644
542.43,4643
545.61,4642
548.57,4641
551.74,4640
553.85,4639
556.39,4638
558.95,4637
561.28,4636
563.83,4635
566.79,4634
569.69,4633
571.39,4632
573.19,4631
574.86,4630
576.57,4629
578.57,4628
580.74,4627
582.8,4626
584.71,4625
586.39,4624
589.65,4623
592.91,4622
595.78,4621
598.52,4620
