0.0,7088
1.01,7087
2.04,7086
3.08,7085
4.21,7084
5.24,7083
6.31,7082
7.57,7081
8.56,7080
9.55,7079
10.52,7078
11.7,7077
12.78,7076
13.78,7075
14.83,7074
15.91,7073
17.06,7072
18.26,7071
19.37,7070
20.42,7069
21.54,7068
22.61,7067
23.53,7066
24.72,7065
25.76,7064
27.09,7063
28.17,7062
29.42,7061
30.5,7060
31.47,7059
32.52,7058
33.62,7057
34.81,7056
35.97,7055
37.22,7054
38.6,7053
39.9,7052
40.98,7051
42.23,7050
43.57,7049
44.71,7048
46.02,7047
47.05,7046
48.02,7045
49.43,7044
50.45,7043
51.72,7042
52.82,7041
53.79,7040
54.81,7039
56.01,7038
57.22,7037
58.27,7036
59.2,7035
60.15,7034
61.74,7033
63.03,7032
64.39,7031
65.83,7030
67.09,7029
68.23,7028
69.89,7027
70.86,7026
72.32,7025
73.54,7024
74.54,7023
75.79,7022
76.9,7021
78.51,7020
79.88,7019
81.22,7018
82.73,7017
84.04,7016
85.33,7015
86.64,7014
87.63,7013
88.88,7012
90.42,7011
92.02,7010
93.32,7009
94.47,7008
96.0,7007
97.29,7006
98.5,7005
99.81,7004
101.27,7003
102.89,7002
104.77,7001
105.93,7000
107.06,6999
108.41,6998
109.44,6997
110.71,6996
112.12,6995
113.95,6994
115.33,6993
117.02,6992
118.4,6991
119.99,6990
121.46,6989
122.94,6988
124.86,6987
126.17,6986
128.42,6985
131.68,6984
133.43,6983
135.3,6982
137.05,6981
140.26,6980
142.47,6979
143.72,6978
145.51,6977
148.6,6976
151.68,6975
154.02,6974
155.96,6973
158.74,6972
160.39,6971
171.04,6970
173.63,6969
178.89,6968
180.21,6967
181.71,6966
183.7,6965
184.93,6964
187.76,6963
189.52,6962
193.6,6961
196.76,6960
199.4,6959
202.28,6958
204.72,6957
212.64,6956
215.11,6955
