0.0,7088
0.98,7087
1.99,7086
2.77,7085
3.69,7084
4.5,7083
5.49,7082
6.75,7081
7.8,7080
8.78,7079
9.74,7078
10.72,7077
11.83,7076
12.88,7075
13.76,7074
14.66,7073
15.61,7072
16.71,7071
17.84,7070
18.91,7069
20.03,7068
21.17,7067
22.0,7066
22.9,7065
23.9,7064
25.01,7063
26.41,7062
27.47,7061
28.57,7060
29.8,7059
30.97,7058
32.0,7057
32.95,7056
33.97,7055
35.1,7054
35.98,7053
36.91,7052
38.1,7051
39.35,7050
40.5,7049
41.58,7048
42.85,7047
43.78,7046
44.97,7045
46.54,7044
47.79,7043
49.05,7042
50.11,7041
51.43,7040
52.77,7039
54.24,7038
55.32,7037
56.53,7036
57.82,7035
59.22,7034
60.24,7033
61.35,7032
62.67,7031
63.82,7030
65.23,7029
66.47,7028
68.03,7027
68.99,7026
70.58,7025
71.97,7024
73.65,7023
74.85,7022
76.38,7021
77.89,7020
78.97,7019
80.3,7018
81.86,7017
83.12,7016
84.68,7015
86.16,7014
87.52,7013
88.91,7012
90.58,7011
92.14,7010
93.39,7009
94.65,7008
96.02,7007
97.22,7006
98.46,7005
99.85,7004
101.1,7003
102.16,7002
103.46,7001
104.67,7000
106.41,6999
107.66,6998
108.74,6997
110.47,6996
111.83,6995
113.46,6994
114.79,6993
115.81,6992
117.1,6991
118.85,6990
120.86,6989
122.76,6988
124.77,6987
125.9,6986
127.43,6985
128.84,6984
130.22,6983
131.3,6982
133.39,6981
137.14,6980
138.55,6979
141.21,6978
142.37,6977
143.52,6976
145.1,6975
148.42,6974
153.15,6973
154.86,6972
156.14,6971
160.83,6970
164.48,6969
166.06,6968
168.27,6967
169.94,6966
176.1,6965
179.06,6964
181.47,6963
186.4,6962
187.96,6961
200.84,6960
202.19,6959
205.0,6958
210.65,6957
212.36,6956
213.94,6955
215.4,6954
217.97,6953
228.24,6952
233.07,6951
236.71,6950
239.52,6949
242.42,6948
248.2,6947
252.69,6946
257.8,6945
261.14,6944
263.03,6943
265.21,6942
271.73,6941
273.83,6940
