0.0,7088
0.61,7087
1.19,7086
1.76,7085
2.37,7084
3.0,7083
3.68,7082
4.37,7081
5.0,7080
5.62,7079
6.24,7078
6.86,7077
7.5,7076
8.13,7075
8.78,7074
9.4,7073
10.04,7072
10.75,7071
11.45,7070
12.14,7069
12.81,7068
13.51,7067
14.28,7066
15.0,7065
15.73,7064
16.54,7063
17.46,7062
18.32,7061
19.22,7060
20.15,7059
21.05,7058
21.95,7057
22.85,7056
23.83,7055
24.75,7054
26.01,7053
27.15,7052
28.3,7051
29.28,7050
30.28,7049
31.22,7048
32.47,7047
33.48,7046
34.63,7045
36.05,7044
37.17,7043
38.78,7042
40.19,7041
41.96,7040
43.43,7039
44.55,7038
45.93,7037
47.51,7036
49.18,7035
51.01,7034
52.48,7033
54.01,7032
55.74,7031
57.38,7030
58.8,7029
60.13,7028
61.54,7027
63.07,7026
64.87,7025
66.23,7024
67.81,7023
69.27,7022
71.02,7021
72.51,7020
74.05,7019
75.39,7018
77.37,7017
78.73,7016
80.81,7015
82.66,7014
84.6,7013
85.91,7012
87.59,7011
89.11,7010
90.4,7009
92.05,7008
93.86,7007
96.22,7006
97.66,7005
99.03,7004
100.4,7003
101.95,7002
103.35,7001
105.13,7000
106.45,6999
107.84,6998
109.28,6997
110.61,6996
111.93,6995
113.28,6994
117.22,6993
118.84,6992
120.28,6991
121.79,6990
123.09,6989
124.26,6988
125.6,6987
127.29,6986
131.88,6985
133.21,6984
134.66,6983
136.65,6982
138.33,6981
140.61,6980
142.49,6979
145.36,6978
146.79,6977
148.39,6976
149.9,6975
151.19,6974
152.53,6973
153.98,6972
157.7,6971
159.08,6970
161.62,6969
162.95,6968
164.84,6967
167.23,6966
168.7,6965
170.44,6964
173.12,6963
175.43,6962
179.77,6961
181.52,6960
184.95,6959
188.95,6958
191.69,6957
195.18,6956
216.79,6955
223.22,6954
228.1,6953
231.72,6952
237.07,6951
244.58,6950
249.14,6949
270.94,6948
273.3,6947
285.79,6946
300.42,6945
302.56,6944
308.32,6943
316.44,6942
318.39,6941
322.29,6940
332.53,6939
359.42,6938
364.92,6937
380.08,6936
388.34,6935
