0.0,4868
0.8,4858
65.06,4857
95.22,4856
110.11,4855
121.09,4854
165.72,4853
169.83,4852
170.68,4851
180.42,4850
185.24,4849
197.35,4848
201.76,4847
206.18,4846
217.32,4845
235.56,4844
264.63,4843
270.14,4842
305.19,4841
312.46,4840
315.7,4839
321.16,4838
330.06,4837
341.45,4836
351.74,4835
353.05,4834
360.38,4833
365.15,4832
366.77,4831
379.35,4830
392.45,4829
401.55,4828
426.06,4827
457.74,4826
458.58,4825
472.45,4824
479.09,4823
479.8,4822
495.76,4821
496.62,4820
520.46,4819
550.16,4818
551.79,4817
553.45,4816
560.55,4815
562.16,4814
564.67,4813
568.75,4812
569.84,4811
583.91,4810
592.19,4809
593.8,4808
599.79,4807
