0.0,4868
2.57,4867
4.52,4866
6.97,4865
9.51,4864
11.72,4863
14.03,4862
16.38,4861
18.68,4860
21.12,4859
23.55,4858
25.99,4857
28.11,4856
31.47,4855
33.72,4854
37.05,4853
39.44,4852
41.56,4851
43.85,4850
46.14,4849
48.56,4848
50.79,4847
53.19,4846
55.54,4845
58.11,4844
60.5,4843
62.53,4842
65.73,4841
67.84,4840
70.51,4839
73.02,4838
75.89,4837
78.51,4836
80.82,4835
83.24,4834
85.56,4833
87.95,4832
90.26,4831
92.64,4830
95.08,4829
97.48,4828
99.59,4827
101.35,4826
104.65,4825
106.67,4824
109.24,4823
112.31,4822
114.77,4821
117.02,4820
119.12,4819
121.39,4818
123.39,4817
125.32,4816
127.39,4815
129.46,4814
132.65,4813
134.65,4812
136.93,4811
140.61,4810
143.08,4809
145.57,4808
147.44,4807
150.15,4806
153.25,4805
156.13,4804
158.28,4803
160.9,4802
163.22,4801
165.44,4800
168.22,4799
170.24,4798
172.36,4797
174.56,4796
177.56,4795
179.81,4794
182.24,4793
185.51,4792
187.61,4791
190.18,4790
192.13,4789
194.34,4788
196.53,4787
199.64,4786
201.81,4785
204.22,4784
207.54,4783
209.43,4782
211.79,4781
213.86,4780
216.76,4779
218.88,4778
221.39,4777
224.93,4776
227.24,4775
229.15,4774
232.23,4773
234.62,4772
237.18,4771
240.58,4770
242.9,4769
244.72,4768
247.4,4767
250.31,4766
252.68,4765
255.24,4764
257.97,4763
260.31,4762
262.8,4761
265.0,4760
267.1,4759
269.86,4758
272.0,4757
275.06,4756
277.63,4755
281.83,4754
284.36,4753
286.6,4752
289.0,4751
290.8,4750
293.55,4749
295.7,4748
297.41,4747
299.18,4746
300.89,4745
302.6,4744
304.4,4743
306.09,4742
308.31,4741
310.74,4740
312.54,4739
314.52,4738
316.39,4737
318.33,4736
320.56,4735
322.58,4734
324.76,4733
326.67,4732
328.85,4731
330.71,4730
332.41,4729
334.21,4728
336.33,4727
338.08,4726
339.88,4725
341.64,4724
343.35,4723
345.56,4722
347.98,4721
350.5,4720
352.52,4719
355.4,4718
359.06,4717
360.85,4716
362.49,4715
364.53,4714
366.14,4713
367.69,4712
369.29,4711
370.83,4710
372.69,4709
374.44,4708
376.14,4707
378.2,4706
379.95,4705
381.57,4704
385.78,4703
389.33,4702
392.65,4701
394.34,4700
396.1,4699
397.85,4698
399.49,4697
401.36,4696
403.11,4695
404.87,4694
406.6,4693
408.26,4692
410.01,4691
411.76,4690
413.38,4689
415.06,4688
416.7,4687
418.39,4686
420.25,4685
422.0,4684
423.79,4683
425.47,4682
427.23,4681
428.76,4680
430.44,4679
432.21,4678
433.77,4677
435.41,4676
437.11,4675
438.9,4674
440.54,4673
442.22,4672
444.01,4671
445.94,4670
447.69,4669
449.41,4668
451.04,4667
452.6,4666
455.01,4665
459.4,4664
461.84,4663
465.02,4662
468.59,4661
470.73,4660
472.62,4659
474.41,4658
476.15,4657
477.74,4656
479.43,4655
481.34,4654
483.07,4653
485.19,4652
486.98,4651
488.78,4650
490.56,4649
492.81,4648
494.75,4647
496.79,4646
499.06,4645
501.15,4644
502.92,4643
504.74,4642
507.0,4641
508.64,4640
510.33,4639
512.72,4638
515.64,4637
518.71,4636
521.06,4635
522.84,4634
525.51,4633
527.57,4632
529.4,4631
531.25,4630
533.72,4629
535.5,4628
537.48,4627
539.66,4626
543.83,4625
545.72,4624
548.9,4623
552.01,4622
556.62,4621
558.46,4620
560.25,4619
562.09,4618
563.8,4617
565.66,4616
567.79,4615
569.5,4614
571.37,4613
573.56,4612
575.63,4611
578.02,4610
580.53,4609
583.57,4608
586.87,4607
589.2,4606
592.19,4605
594.29,4604
595.86,4603
597.57,4602
599.65,4601
