0.0,2265
0.19,2264
0.34,2263
0.53,2262
0.67,2261
0.82,2260
0.97,2259
1.19,2258
1.36,2257
1.54,2256
1.69,2255
1.85,2254
2.0,2253
2.17,2252
2.31,2251
2.47,2250
2.62,2249
2.76,2248
2.92,2247
3.1,2246
3.25,2245
3.39,2244
3.55,2243
3.76,2242
3.94,2241
4.1,2240
4.25,2239
4.42,2238
4.59,2237
4.77,2236
4.98,2235
5.14,2234
5.29,2233
5.47,2232
5.65,2231
5.91,2230
6.12,2229
6.26,2228
6.42,2227
6.65,2226
6.8,2225
7.08,2224
7.32,2223
7.5,2222
7.67,2221
7.93,2220
8.73,2219
8.92,2218
9.21,2217
9.37,2216
10.02,2215
10.44,2214
10.83,2213
11.23,2212
12.82,2211
13.56,2210
14.18,2209
14.44,2208
17.16,2207
19.97,2206
27.81,2205
33.72,2204
43.58,2203
