0.0,2265
0.23,2264
0.51,2263
0.85,2262
1.1,2261
1.44,2260
1.72,2259
2.28,2258
2.95,2257
3.13,2256
3.33,2255
3.5,2254
3.73,2253
4.03,2252
4.24,2251
4.5,2250
4.65,2249
4.8,2248
4.95,2247
5.29,2246
5.73,2245
5.88,2244
6.05,2243
6.22,2242
6.41,2241
6.6,2240
6.78,2239
7.0,2238
7.24,2237
7.39,2236
7.62,2235
7.86,2234
8.11,2233
8.35,2232
8.52,2231
8.7,2230
8.9,2229
9.06,2228
9.25,2227
9.6,2226
9.83,2225
10.09,2224
10.46,2223
10.66,2222
11.03,2221
11.33,2220
11.55,2219
11.7,2218
12.01,2217
12.16,2216
12.33,2215
12.78,2214
13.49,2213
13.63,2212
14.29,2211
14.49,2210
15.85,2209
16.82,2208
17.12,2207
17.32,2206
18.33,2205
42.12,2204
