0.0,2265
0.18,2264
0.59,2263
1.06,2262
1.32,2261
1.49,2260
1.66,2259
1.85,2258
2.02,2257
2.22,2256
2.38,2255
2.56,2254
2.74,2253
2.92,2252
3.1,2251
3.29,2250
3.47,2249
3.62,2248
3.81,2247
3.97,2246
4.16,2245
4.37,2244
4.52,2243
4.68,2242
4.92,2241
5.17,2240
5.34,2239
5.53,2238
5.74,2237
5.92,2236
6.11,2235
6.29,2234
6.58,2233
6.87,2232
7.04,2231
7.62,2230
7.97,2229
8.18,2228
8.5,2227
8.74,2226
8.98,2225
9.21,2224
9.6,2223
9.86,2222
10.07,2221
10.67,2220
11.07,2219
11.42,2218
11.68,2217
11.93,2216
12.51,2215
12.67,2214
13.09,2213
13.54,2212
14.04,2211
14.28,2210
15.01,2209
15.39,2208
15.87,2207
21.76,2206
21.97,2205
57.83,2204
