0.0,2265
0.17,2264
0.37,2263
0.59,2262
0.86,2261
1.03,2260
1.27,2259
1.58,2258
1.79,2257
1.99,2256
2.21,2255
2.37,2254
2.54,2253
2.71,2252
2.9,2251
3.1,2250
3.31,2249
3.47,2248
3.96,2247
4.21,2246
4.36,2245
4.53,2244
4.87,2243
5.1,2242
5.34,2241
5.57,2240
5.97,2239
6.16,2238
6.34,2237
6.53,2236
6.71,2235
7.34,2234
8.03,2233
8.22,2232
8.41,2231
8.75,2230
8.96,2229
9.2,2228
9.45,2227
9.65,2226
9.88,2225
10.18,2224
10.33,2223
10.73,2222
11.08,2221
11.23,2220
11.45,2219
11.86,2218
12.88,2217
13.16,2216
15.28,2215
16.38,2214
16.74,2213
17.34,2212
18.55,2211
19.35,2210
19.87,2209
20.74,2208
28.74,2207
34.38,2206
34.61,2205
39.23,2204
