0.0,2265
0.2,2264
0.35,2263
0.52,2262
0.79,2261
1.05,2260
1.21,2259
1.48,2258
1.75,2257
1.93,2256
2.12,2255
2.29,2254
2.47,2253
2.67,2252
2.85,2251
3.08,2250
3.26,2249
3.42,2248
3.67,2247
3.9,2246
4.12,2245
4.56,2244
4.9,2243
5.05,2242
5.28,2241
5.48,2240
5.68,2239
5.84,2238
6.03,2237
6.29,2236
6.46,2235
6.72,2234
6.88,2233
7.07,2232
7.34,2231
7.58,2230
7.73,2229
7.89,2228
8.17,2227
8.53,2226
8.76,2225
9.34,2224
10.1,2223
10.35,2222
10.62,2221
11.41,2220
11.61,2219
11.8,2218
12.01,2217
12.77,2216
12.98,2215
13.15,2214
13.62,2213
14.18,2212
14.54,2211
15.03,2210
15.51,2209
16.59,2208
16.86,2207
18.13,2206
19.98,2205
24.37,2204
25.69,2203
