0.0,4868
3.49,4867
6.68,4866
9.82,4865
12.39,4864
14.88,4863
17.23,4862
19.81,4861
21.55,4860
23.55,4859
26.71,4858
29.16,4857
32.12,4856
34.81,4855
37.47,4854
39.51,4853
42.21,4852
44.88,4851
47.21,4850
50.02,4849
52.1,4848
54.48,4847
57.16,4846
59.76,4845
62.97,4844
66.13,4843
70.33,4842
73.17,4841
75.55,4840
77.42,4839
79.3,4838
81.74,4837
83.74,4836
85.83,4835
87.84,4834
90.1,4833
92.72,4832
95.67,4831
98.38,4830
101.87,4829
104.79,4828
107.47,4827
110.88,4826
113.69,4825
115.64,4824
118.0,4823
119.79,4822
121.9,4821
124.69,4820
126.82,4819
129.82,4818
132.19,4817
135.24,4816
138.32,4815
142.05,4814
144.99,4813
147.92,4812
149.66,4811
152.82,4810
154.99,4809
157.74,4808
160.24,4807
163.28,4806
166.87,4805
169.33,4804
172.04,4803
175.05,4802
177.88,4801
180.36,4800
181.99,4799
183.73,4798
185.49,4797
187.28,4796
189.19,4795
191.13,4794
193.43,4793
195.61,4792
198.22,4791
200.28,4790
203.69,4789
207.87,4788
210.03,4787
212.16,4786
215.41,4785
218.26,4784
221.53,4783
224.26,4782
226.05,4781
229.34,4780
231.63,4779
233.56,4778
235.44,4777
237.36,4776
239.26,4775
241.01,4774
242.79,4773
244.73,4772
246.94,4771
250.62,4770
253.24,4769
256.99,4768
259.74,4767
262.63,4766
265.24,4765
268.05,4764
270.3,4763
273.25,4762
275.73,4761
277.85,4760
280.42,4759
282.69,4758
285.1,4757
287.64,4756
289.63,4755
292.57,4754
294.69,4753
297.24,4752
299.28,4751
301.26,4750
303.1,4749
305.08,4748
306.97,4747
309.17,4746
312.31,4745
315.65,4744
317.91,4743
319.96,4742
321.81,4741
323.73,4740
325.7,4739
327.43,4738
329.22,4737
331.12,4736
333.4,4735
336.0,4734
338.27,4733
340.21,4732
343.55,4731
346.15,4730
348.28,4729
350.32,4728
352.09,4727
353.89,4726
355.75,4725
357.92,4724
359.88,4723
361.88,4722
364.26,4721
367.15,4720
369.35,4719
372.03,4718
374.07,4717
376.06,4716
378.45,4715
380.49,4714
383.1,4713
385.11,4712
387.61,4711
390.98,4710
393.5,4709
396.03,4708
398.79,4707
400.96,4706
402.72,4705
404.41,4704
406.11,4703
407.76,4702
410.47,4701
412.96,4700
415.68,4699
418.55,4698
421.14,4697
422.98,4696
424.71,4695
426.3,4694
428.15,4693
429.97,4692
432.3,4691
434.87,4690
436.67,4689
438.56,4688
440.37,4687
442.19,4686
444.07,4685
445.86,4684
447.75,4683
449.62,4682
451.38,4681
453.16,4680
454.79,4679
456.48,4678
458.17,4677
459.86,4676
461.62,4675
463.37,4674
465.72,4673
467.37,4672
468.94,4671
471.4,4670
473.57,4669
475.87,4668
479.52,4667
482.18,4666
484.4,4665
486.33,4664
488.99,4663
491.04,4662
493.93,4661
495.94,4660
497.89,4659
500.26,4658
502.76,4657
505.37,4656
508.89,4655
512.65,4654
515.46,4653
517.79,4652
520.03,4651
522.1,4650
524.5,4649
526.4,4648
528.53,4647
531.25,4646
533.54,4645
536.23,4644
538.8,4643
541.21,4642
543.21,4641
545.85,4640
548.04,4639
550.08,4638
552.42,4637
554.69,4636
557.95,4635
562.03,4634
565.18,4633
567.41,4632
570.4,4631
572.68,4630
575.78,4629
578.22,4628
580.62,4627
583.28,4626
587.61,4625
590.94,4624
593.88,4623
597.32,4622
599.64,4621
