0.0,4868
1.03,4867
2.08,4866
3.27,4865
4.56,4864
5.71,4863
7.17,4862
8.27,4861
9.33,4860
10.36,4859
11.37,4858
12.38,4857
13.48,4856
14.68,4855
15.79,4854
16.84,4853
17.9,4852
18.99,4851
20.05,4850
21.25,4849
22.29,4848
23.55,4847
24.58,4846
25.58,4845
26.67,4844
27.95,4843
28.96,4842
29.98,4841
31.13,4840
32.34,4839
33.38,4838
34.42,4837
35.49,4836
36.57,4835
37.61,4834
38.67,4833
39.74,4832
40.76,4831
41.81,4830
42.87,4829
43.98,4828
45.03,4827
46.12,4826
47.21,4825
48.25,4824
49.34,4823
50.39,4822
51.43,4821
52.57,4820
54.01,4819
55.13,4818
56.3,4817
57.38,4816
58.68,4815
59.84,4814
61.01,4813
62.08,4812
63.2,4811
64.33,4810
65.43,4809
66.5,4808
67.67,4807
68.88,4806
70.08,4805
71.13,4804
72.37,4803
73.55,4802
76.22,4801
77.84,4800
79.25,4799
80.39,4798
81.45,4797
82.56,4796
83.71,4795
85.06,4794
86.94,4793
88.12,4792
90.04,4791
91.61,4790
92.64,4789
93.67,4788
94.71,4787
95.73,4786
96.82,4785
97.9,4784
98.98,4783
100.22,4782
101.49,4781
102.54,4780
104.03,4779
105.25,4778
106.32,4777
107.36,4776
108.43,4775
109.49,4774
110.54,4773
111.65,4772
112.69,4771
113.83,4770
114.88,4769
115.96,4768
117.04,4767
118.09,4766
119.09,4765
120.14,4764
121.15,4763
122.17,4762
123.22,4761
124.41,4760
125.5,4759
127.5,4758
128.75,4757
130.24,4756
131.52,4755
132.86,4754
134.07,4753
135.17,4752
136.51,4751
137.91,4750
139.46,4749
140.93,4748
142.43,4747
143.7,4746
145.28,4745
146.71,4744
148.19,4743
149.84,4742
151.4,4741
153.43,4740
154.58,4739
155.8,4738
157.19,4737
158.5,4736
159.85,4735
161.36,4734
162.76,4733
164.19,4732
165.48,4731
166.78,4730
167.93,4729
169.13,4728
170.31,4727
172.11,4726
174.24,4725
176.21,4724
179.07,4723
181.36,4722
184.09,4721
185.92,4720
187.62,4719
189.36,4718
191.07,4717
193.58,4716
196.48,4715
199.53,4714
201.45,4713
204.11,4712
207.33,4711
209.47,4710
212.53,4709
218.19,4708
223.38,4707
225.63,4706
227.96,4705
230.5,4704
232.16,4703
234.63,4702
237.22,4701
240.17,4700
241.9,4699
244.47,4698
246.56,4697
248.55,4696
251.43,4695
253.23,4694
255.13,4693
257.36,4692
259.1,4691
260.99,4690
262.74,4689
264.52,4688
266.86,4687
269.04,4686
271.06,4685
273.13,4684
275.21,4683
278.9,4682
282.28,4681
285.67,4680
289.83,4679
292.72,4678
295.72,4677
299.41,4676
301.34,4675
303.14,4674
305.37,4673
307.09,4672
308.72,4671
310.81,4670
312.49,4669
314.18,4668
315.88,4667
318.72,4666
320.89,4665
323.26,4664
325.55,4663
327.65,4662
330.63,4661
333.9,4660
336.9,4659
338.99,4658
340.71,4657
342.55,4656
344.77,4655
347.78,4654
349.64,4653
351.58,4652
353.44,4651
355.62,4650
357.95,4649
360.03,4648
362.94,4647
365.24,4646
367.29,4645
369.4,4644
371.2,4643
373.38,4642
375.99,4641
378.84,4640
381.98,4639
384.59,4638
386.95,4637
390.07,4636
391.78,4635
393.54,4634
397.83,4633
399.92,4632
403.2,4631
406.68,4630
408.56,4629
410.69,4628
412.5,4627
415.38,4626
417.98,4625
420.94,4624
424.67,4623
428.33,4622
431.57,4621
434.96,4620
436.63,4619
438.37,4618
440.43,4617
443.05,4616
445.05,4615
446.73,4614
448.48,4613
450.14,4612
453.39,4611
455.17,4610
457.79,4609
459.51,4608
461.27,4607
463.17,4606
464.88,4605
466.79,4604
468.6,4603
470.25,4602
472.24,4601
474.47,4600
476.54,4599
478.29,4598
480.87,4597
482.88,4596
486.35,4595
489.62,4594
493.48,4593
496.88,4592
499.2,4591
502.42,4590
505.47,4589
507.16,4588
509.09,4587
510.82,4586
514.31,4585
521.11,4584
523.38,4583
527.05,4582
529.18,4581
531.01,4580
533.54,4579
535.6,4578
537.26,4577
539.93,4576
542.57,4575
544.58,4574
548.73,4573
551.57,4572
556.32,4571
558.58,4570
561.83,4569
565.95,4568
574.02,4567
578.61,4566
580.82,4565
584.01,4564
587.49,4563
