0.0,4868
2.02,4867
4.67,4866
7.79,4865
9.63,4864
11.81,4863
15.01,4862
17.48,4861
20.63,4860
22.32,4859
23.92,4858
26.33,4857
30.01,4856
32.8,4855
34.52,4854
36.23,4853
38.07,4852
39.93,4851
41.82,4850
43.89,4849
46.0,4848
49.25,4847
51.78,4846
54.21,4845
55.87,4844
58.07,4843
59.81,4842
61.53,4841
63.21,4840
65.17,4839
67.43,4838
70.06,4837
72.14,4836
74.22,4835
76.77,4834
78.65,4833
81.06,4832
83.03,4831
85.08,4830
87.24,4829
89.24,4828
91.28,4827
93.29,4826
95.99,4825
98.32,4824
101.09,4823
103.5,4822
105.36,4821
107.74,4820
109.82,4819
111.78,4818
114.13,4817
116.27,4816
119.06,4815
121.41,4814
123.62,4813
126.01,4812
128.57,4811
130.93,4810
133.06,4809
134.87,4808
137.01,4807
139.35,4806
141.9,4805
143.9,4804
146.13,4803
148.54,4802
150.76,4801
153.07,4800
156.08,4799
158.69,4798
160.84,4797
162.61,4796
164.47,4795
166.64,4794
168.75,4793
170.54,4792
173.2,4791
175.98,4790
178.09,4789
180.05,4788
183.16,4787
185.17,4786
187.49,4785
189.31,4784
191.1,4783
193.37,4782
195.76,4781
198.11,4780
200.83,4779
203.34,4778
205.54,4777
208.34,4776
211.07,4775
214.16,4774
216.16,4773
218.36,4772
220.51,4771
222.67,4770
226.1,4769
228.74,4768
231.91,4767
234.09,4766
236.03,4765
238.71,4764
241.17,4763
243.11,4762
245.01,4761
246.86,4760
248.79,4759
252.04,4758
254.45,4757
256.81,4756
258.72,4755
260.48,4754
262.23,4753
263.91,4752
265.65,4751
267.46,4750
269.2,4749
270.85,4748
272.7,4747
274.45,4746
276.29,4745
278.09,4744
279.86,4743
281.66,4742
283.34,4741
285.12,4740
286.89,4739
288.62,4738
290.3,4737
292.11,4736
293.84,4735
295.7,4734
297.36,4733
298.97,4732
300.6,4731
302.27,4730
304.03,4729
305.57,4728
307.38,4727
309.03,4726
310.7,4725
312.66,4724
314.34,4723
316.05,4722
317.95,4721
319.63,4720
321.38,4719
323.1,4718
324.72,4717
326.34,4716
327.96,4715
329.63,4714
331.28,4713
333.29,4712
335.01,4711
336.87,4710
338.75,4709
340.31,4708
342.5,4707
344.38,4706
345.93,4705
347.74,4704
349.84,4703
351.69,4702
353.43,4701
355.22,4700
356.91,4699
358.53,4698
360.23,4697
362.27,4696
363.92,4695
365.57,4694
367.09,4693
368.75,4692
370.84,4691
372.4,4690
374.1,4689
375.7,4688
377.69,4687
379.31,4686
380.96,4685
382.63,4684
384.17,4683
385.88,4682
387.7,4681
389.69,4680
391.33,4679
393.06,4678
394.61,4677
396.28,4676
398.09,4675
399.73,4674
401.37,4673
403.04,4672
404.67,4671
406.3,4670
407.95,4669
409.57,4668
411.51,4667
414.23,4666
416.38,4665
418.54,4664
420.44,4663
422.6,4662
424.45,4661
426.99,4660
429.61,4659
432.59,4658
434.84,4657
437.28,4656
438.93,4655
440.73,4654
442.41,4653
444.08,4652
445.87,4651
449.36,4650
451.3,4649
453.58,4648
455.71,4647
458.15,4646
461.28,4645
463.57,4644
466.64,4643
469.59,4642
471.69,4641
473.59,4640
476.06,4639
478.15,4638
480.15,4637
482.3,4636
484.79,4635
487.14,4634
489.97,4633
492.44,4632
496.25,4631
498.53,4630
500.79,4629
503.79,4628
506.51,4627
509.38,4626
511.92,4625
514.69,4624
517.29,4623
520.74,4622
522.92,4621
525.68,4620
528.21,4619
530.92,4618
533.14,4617
536.83,4616
539.52,4615
542.82,4614
545.31,4613
547.45,4612
551.42,4611
554.24,4610
557.87,4609
561.58,4608
563.63,4607
566.39,4606
568.92,4605
571.67,4604
574.68,4603
577.32,4602
579.96,4601
582.49,4600
585.69,4599
587.63,4598
590.91,4597
593.11,4596
595.69,4595
598.39,4594
