0.0,4868
1.58,4867
3.17,4866
5.02,4865
6.75,4864
8.42,4863
10.06,4862
12.08,4861
13.75,4860
15.6,4859
17.24,4858
18.96,4857
20.93,4856
22.54,4855
24.27,4854
25.9,4853
27.51,4852
29.29,4851
30.94,4850
32.63,4849
34.4,4848
36.04,4847
37.64,4846
39.29,4845
40.91,4844
42.49,4843
44.09,4842
45.95,4841
47.72,4840
49.73,4839
51.75,4838
53.44,4837
55.16,4836
56.79,4835
58.42,4834
60.19,4833
61.86,4832
63.49,4831
65.13,4830
66.77,4829
68.4,4828
70.13,4827
71.96,4826
73.67,4825
75.31,4824
77.03,4823
78.74,4822
80.41,4821
82.19,4820
83.82,4819
85.52,4818
87.15,4817
88.87,4816
90.62,4815
92.34,4814
93.98,4813
95.6,4812
97.24,4811
98.88,4810
100.5,4809
102.14,4808
103.73,4807
105.36,4806
107.0,4805
108.68,4804
110.45,4803
112.2,4802
113.92,4801
115.68,4800
117.41,4799
119.19,4798
120.92,4797
122.6,4796
124.2,4795
125.95,4794
127.71,4793
129.33,4792
131.05,4791
132.7,4790
134.3,4789
136.02,4788
137.77,4787
139.67,4786
141.65,4785
143.64,4784
145.3,4783
146.93,4782
148.67,4781
150.25,4780
151.88,4779
153.57,4778
155.35,4777
157.1,4776
158.74,4775
160.62,4774
162.38,4773
164.1,4772
165.8,4771
167.44,4770
169.2,4769
170.85,4768
172.56,4767
174.28,4766
175.9,4765
177.54,4764
179.29,4763
180.98,4762
182.67,4761
184.35,4760
186.04,4759
187.69,4758
189.36,4757
191.15,4756
192.81,4755
194.41,4754
196.23,4753
197.91,4752
199.6,4751
201.39,4750
203.24,4749
204.95,4748
206.52,4747
208.36,4746
210.0,4745
211.68,4744
213.46,4743
215.17,4742
216.79,4741
218.56,4740
220.33,4739
222.21,4738
223.9,4737
225.62,4736
227.32,4735
229.0,4734
230.73,4733
232.59,4732
234.32,4731
235.98,4730
237.69,4729
239.4,4728
241.1,4727
242.96,4726
244.61,4725
246.28,4724
247.99,4723
249.59,4722
251.17,4721
252.95,4720
254.74,4719
256.37,4718
258.03,4717
259.77,4716
261.48,4715
263.14,4714
264.89,4713
266.62,4712
268.35,4711
270.14,4710
271.75,4709
273.33,4708
275.12,4707
278.69,4706
282.23,4705
284.23,4704
286.56,4703
288.47,4702
290.59,4701
292.26,4700
294.09,4699
296.25,4698
298.48,4697
300.54,4696
303.96,4695
311.96,4694
322.66,4693
332.28,4692
344.09,4691
356.84,4690
363.86,4689
368.46,4688
377.57,4687
381.24,4686
384.71,4685
387.99,4684
390.68,4683
393.21,4682
396.12,4681
398.91,4680
404.74,4679
409.43,4678
412.66,4677
416.08,4676
418.84,4675
421.36,4674
424.31,4673
427.01,4672
429.87,4671
437.26,4670
440.02,4669
448.1,4668
449.96,4667
451.65,4666
453.41,4665
459.32,4664
472.02,4663
475.86,4662
489.08,4661
491.57,4660
493.52,4659
495.86,4658
498.05,4657
500.86,4656
502.85,4655
505.02,4654
507.45,4653
509.36,4652
512.18,4651
514.55,4650
516.59,4649
518.53,4648
520.51,4647
522.42,4646
524.8,4645
526.63,4644
528.59,4643
530.43,4642
533.94,4641
539.55,4640
549.05,4639
554.18,4638
557.33,4637
560.81,4636
563.25,4635
565.87,4634
567.86,4633
570.23,4632
572.44,4631
574.48,4630
576.45,4629
578.26,4628
580.67,4627
583.95,4626
586.04,4625
588.31,4624
590.36,4623
592.3,4622
594.45,4621
596.32,4620
