0.0,4868
1.56,4867
4.31,4866
7.51,4865
9.6,4864
11.71,4863
13.87,4862
16.01,4861
19.2,4860
22.84,4859
25.55,4858
28.38,4857
30.99,4856
34.44,4855
36.45,4854
38.48,4853
40.69,4852
42.83,4851
45.89,4850
47.98,4849
51.4,4848
54.4,4847
56.41,4846
58.71,4845
61.12,4844
62.91,4843
65.98,4842
68.06,4841
70.42,4840
74.03,4839
76.0,4838
78.11,4837
80.7,4836
82.92,4835
84.63,4834
86.55,4833
89.9,4832
92.14,4831
94.66,4830
97.9,4829
100.11,4828
102.47,4827
104.72,4826
106.86,4825
110.04,4824
112.11,4823
114.89,4822
117.89,4821
120.04,4820
122.36,4819
124.33,4818
127.45,4817
129.79,4816
131.77,4815
134.29,4814
137.79,4813
139.89,4812
142.29,4811
144.69,4810
147.6,4809
149.82,4808
152.12,4807
155.59,4806
157.68,4805
160.11,4804
162.33,4803
164.25,4802
167.42,4801
169.56,4800
172.24,4799
175.39,4798
177.85,4797
180.39,4796
182.81,4795
185.52,4794
187.5,4793
189.95,4792
191.93,4791
194.84,4790
196.77,4789
199.62,4788
202.59,4787
205.03,4786
207.0,4785
209.42,4784
211.46,4783
213.43,4782
215.62,4781
217.76,4780
220.16,4779
222.14,4778
224.17,4777
226.09,4776
229.15,4775
231.43,4774
234.71,4773
236.38,4772
238.39,4771
240.56,4770
242.85,4769
244.99,4768
247.18,4767
248.93,4766
250.64,4765
253.64,4764
255.77,4763
258.0,4762
260.17,4761
261.9,4760
263.63,4759
266.02,4758
268.18,4757
269.96,4756
271.67,4755
273.36,4754
275.69,4753
277.61,4752
280.09,4751
282.29,4750
284.09,4749
286.04,4748
288.42,4747
290.48,4746
292.67,4745
294.65,4744
296.47,4743
298.43,4742
300.61,4741
303.53,4740
306.43,4739
308.37,4738
310.19,4737
314.03,4736
317.34,4735
320.12,4734
322.0,4733
323.7,4732
325.62,4731
327.54,4730
329.55,4729
331.81,4728
334.73,4727
336.54,4726
338.89,4725
341.63,4724
343.52,4723
345.87,4722
347.83,4721
349.94,4720
352.13,4719
354.16,4718
356.55,4717
358.63,4716
360.38,4715
362.11,4714
363.73,4713
365.44,4712
367.15,4711
368.99,4710
371.57,4709
373.53,4708
375.24,4707
376.93,4706
378.74,4705
380.45,4704
382.19,4703
386.53,4702
390.46,4701
392.69,4700
394.81,4699
396.8,4698
399.01,4697
400.98,4696
402.7,4695
404.7,4694
406.37,4693
408.26,4692
410.18,4691
412.7,4690
415.84,4689
417.77,4688
421.52,4687
423.25,4686
425.61,4685
427.36,4684
429.13,4683
430.85,4682
432.48,4681
434.84,4680
436.61,4679
438.25,4678
440.01,4677
441.68,4676
443.38,4675
445.17,4674
446.97,4673
448.84,4672
450.59,4671
452.28,4670
454.03,4669
455.73,4668
457.6,4667
459.2,4666
460.86,4665
462.78,4664
464.51,4663
466.24,4662
468.01,4661
469.64,4660
471.52,4659
473.2,4658
474.85,4657
476.62,4656
478.31,4655
480.05,4654
481.69,4653
483.38,4652
485.02,4651
486.6,4650
488.45,4649
490.33,4648
492.59,4647
494.42,4646
496.0,4645
497.8,4644
499.78,4643
501.62,4642
503.3,4641
505.72,4640
507.59,4639
509.49,4638
511.3,4637
513.25,4636
514.92,4635
516.98,4634
518.64,4633
520.23,4632
522.11,4631
523.73,4630
525.4,4629
527.33,4628
529.12,4627
532.94,4626
534.95,4625
537.05,4624
538.83,4623
540.52,4622
542.13,4621
543.86,4620
545.5,4619
547.55,4618
550.03,4617
552.24,4616
554.24,4615
555.96,4614
557.76,4613
559.78,4612
561.64,4611
564.0,4610
566.35,4609
568.08,4608
569.8,4607
571.47,4606
573.49,4605
575.67,4604
577.52,4603
579.4,4602
581.92,4601
583.62,4600
585.29,4599
587.62,4598
589.56,4597
591.41,4596
593.33,4595
595.32,4594
597.79,4593
599.49,4592
